============================= test session starts =============================
platform win32 -- Python 3.11.9, pytest-7.4.3, pluggy-1.6.0 -- C:\Users\User\AppData\Local\Programs\Python\Python311\python.exe
cachedir: .pytest_cache
rootdir: C:\Projects\ma-saas-platform\M-S-SaaS-apex-deliver
configfile: pytest.ini
plugins: anyio-3.7.1, asyncio-0.21.1, cov-7.0.0
asyncio: mode=Mode.STRICT
collecting ... collected 1278 items

tests\test_additional_ratios.py::test_asset_turnover PASSED              [  0%]
tests\test_additional_ratios.py::test_inventory_turnover PASSED          [  0%]
tests\test_additional_ratios.py::test_receivables_turnover PASSED        [  0%]
tests\test_additional_ratios.py::test_days_sales_outstanding PASSED      [  0%]
tests\test_additional_ratios.py::test_cash_conversion_cycle PASSED       [  0%]
tests\test_additional_ratios.py::test_price_to_earnings PASSED           [  0%]
tests\test_additional_ratios.py::test_ev_to_ebitda PASSED                [  0%]
tests\test_additional_ratios.py::test_dividend_yield PASSED              [  0%]
tests\test_additional_ratios.py::test_revenue_growth_yoy PASSED          [  0%]
tests\test_additional_ratios.py::test_ebitda_growth_yoy PASSED           [  0%]
tests\test_additional_ratios.py::test_cagr PASSED                        [  0%]
tests\test_additional_ratios.py::test_operating_cf_margin PASSED         [  0%]
tests\test_additional_ratios.py::test_free_cash_flow PASSED              [  1%]
tests\test_additional_ratios.py::test_cf_to_debt PASSED                  [  1%]
tests\test_additional_ratios.py::test_cash_conversion_rate PASSED        [  1%]
tests\test_api_middleware.py::TestRequireFeatureProfessionalTier::test_professional_tier_allowed_podcast_audio_access PASSED [  1%]
tests\test_api_middleware.py::TestRequireFeatureProfessionalTier::test_starter_tier_blocked_from_podcast_audio PASSED [  1%]
tests\test_api_middleware.py::TestRequireFeatureProfessionalTier::test_403_response_includes_upgrade_message PASSED [  1%]
tests\test_api_middleware.py::TestRequireFeatureProfessionalTier::test_403_includes_required_tier_header PASSED [  1%]
tests\test_api_middleware.py::TestRequireFeatureProfessionalTier::test_403_includes_upgrade_url_header PASSED [  1%]
tests\test_api_middleware.py::TestRequireFeatureVideoAccess::test_premium_tier_allowed_video_access PASSED [  1%]
tests\test_api_middleware.py::TestRequireFeatureVideoAccess::test_professional_tier_blocked_from_video PASSED [  1%]
tests\test_api_middleware.py::TestRequireFeatureYouTubeAccess::test_premium_tier_allowed_youtube_access PASSED [  1%]
tests\test_api_middleware.py::TestRequireFeatureYouTubeAccess::test_professional_tier_blocked_from_youtube PASSED [  1%]
tests\test_api_middleware.py::TestRequireFeatureLiveStreaming::test_enterprise_tier_allowed_live_streaming PASSED [  1%]
tests\test_api_middleware.py::TestRequireFeatureLiveStreaming::test_premium_tier_blocked_from_live_streaming PASSED [  2%]
tests\test_api_middleware.py::TestRequireFeatureEdgeCases::test_middleware_works_with_multiple_features PASSED [  2%]
tests\test_api_middleware.py::TestRequireFeatureEdgeCases::test_middleware_integrates_with_get_current_user PASSED [  2%]
tests\test_api_middleware.py::TestRequireFeatureEdgeCases::test_middleware_logs_blocked_requests PASSED [  2%]
tests\test_api_middleware.py::TestRequireFeatureEdgeCases::test_invalid_feature_raises_feature_not_found_error PASSED [  2%]
tests\test_audio_chunking_service.py::TestAudioChunkingServiceInitialization::test_service_initializes_with_default_settings PASSED [  2%]
tests\test_audio_chunking_service.py::TestAudioChunkingServiceInitialization::test_service_initializes_with_custom_settings PASSED [  2%]
tests\test_audio_chunking_service.py::TestAudioChunkingServiceFileValidation::test_needs_chunking_returns_false_for_small_file PASSED [  2%]
tests\test_audio_chunking_service.py::TestAudioChunkingServiceFileValidation::test_needs_chunking_returns_true_for_large_file PASSED [  2%]
tests\test_audio_chunking_service.py::TestAudioChunkingServiceFileValidation::test_needs_chunking_returns_false_at_exact_limit PASSED [  2%]
tests\test_audio_chunking_service.py::TestAudioChunkingServiceChunking::test_chunk_audio_file_creates_multiple_chunks PASSED [  2%]
tests\test_audio_chunking_service.py::TestAudioChunkingServiceChunking::test_chunk_audio_file_handles_mp3_format PASSED [  2%]
tests\test_audio_chunking_service.py::TestAudioChunkingServiceChunking::test_chunk_audio_file_handles_wav_format PASSED [  2%]
tests\test_audio_chunking_service.py::TestAudioChunkingServiceChunking::test_chunk_audio_file_applies_overlap PASSED [  3%]
tests\test_audio_chunking_service.py::TestAudioChunkingServiceChunking::test_chunk_audio_file_raises_error_for_missing_file PASSED [  3%]
tests\test_audio_chunking_service.py::TestAudioChunkingServiceTranscription::test_transcribe_chunks_combines_all_transcripts PASSED [  3%]
tests\test_audio_chunking_service.py::TestAudioChunkingServiceTranscription::test_transcribe_chunks_handles_empty_chunk_list PASSED [  3%]
tests\test_audio_chunking_service.py::TestAudioChunkingServiceTranscription::test_transcribe_chunks_raises_error_on_api_failure PASSED [  3%]
tests\test_audio_chunking_service.py::TestAudioChunkingServiceTranscription::test_transcribe_chunks_supports_custom_language PASSED [  3%]
tests\test_audio_chunking_service.py::TestAudioChunkingServiceCleanup::test_cleanup_chunks_deletes_all_files PASSED [  3%]
tests\test_audio_chunking_service.py::TestAudioChunkingServiceCleanup::test_cleanup_chunks_handles_missing_files PASSED [  3%]
tests\test_audio_chunking_service.py::TestAudioChunkingServiceCleanup::test_cleanup_chunks_handles_deletion_errors PASSED [  3%]
tests\test_auth_dependencies_edge_cases.py::TestExtractClaim::test_extract_claim_finds_first_key PASSED [  3%]
tests\test_auth_dependencies_edge_cases.py::TestExtractClaim::test_extract_claim_finds_second_key PASSED [  3%]
tests\test_auth_dependencies_edge_cases.py::TestExtractClaim::test_extract_claim_returns_none_when_no_match PASSED [  3%]
tests\test_auth_dependencies_edge_cases.py::TestExtractClaim::test_extract_claim_returns_none_when_value_is_falsy PASSED [  3%]
tests\test_auth_dependencies_edge_cases.py::TestExtractClaim::test_extract_claim_handles_nonexistent_keys PASSED [  4%]
tests\test_auth_dependencies_edge_cases.py::TestSanitizeClaims::test_sanitize_claims_keeps_allowed_keys PASSED [  4%]
tests\test_auth_dependencies_edge_cases.py::TestSanitizeClaims::test_sanitize_claims_handles_partial_claims PASSED [  4%]
tests\test_auth_dependencies_edge_cases.py::TestSanitizeClaims::test_sanitize_claims_handles_empty_claims PASSED [  4%]
tests\test_auth_dependencies_edge_cases.py::TestGetCurrentAdminUser::test_get_current_admin_user_returns_admin PASSED [  4%]
tests\test_auth_dependencies_edge_cases.py::TestGetCurrentAdminUser::test_get_current_admin_user_rejects_non_admin PASSED [  4%]
tests\test_auth_dependencies_edge_cases.py::TestGetCurrentAdminUser::test_get_current_admin_user_rejects_growth_role PASSED [  4%]
tests\test_auth_dependencies_edge_cases.py::TestRequireFeature::test_require_feature_grants_access_when_user_has_feature PASSED [  4%]
tests\test_auth_dependencies_edge_cases.py::TestRequireFeature::test_require_feature_denies_access_when_user_lacks_feature PASSED [  4%]
tests\test_auth_dependencies_edge_cases.py::TestRequireFeature::test_require_feature_handles_user_with_subscription_tier_attribute PASSED [  4%]
tests\test_auth_dependencies_edge_cases.py::TestRequireFeature::test_require_feature_fallback_message_when_no_tier_attribute PASSED [  4%]
tests\test_auth_helpers.py::test_extract_claim_with_single_key PASSED    [  4%]
tests\test_auth_helpers.py::test_extract_claim_with_multiple_keys_returns_first_found PASSED [  5%]
tests\test_auth_helpers.py::test_extract_claim_returns_none_when_not_found PASSED [  5%]
tests\test_auth_helpers.py::test_extract_claim_skips_empty_values PASSED [  5%]
tests\test_auth_helpers.py::test_extract_claim_handles_falsy_but_valid_values PASSED [  5%]
tests\test_auth_helpers.py::test_sanitize_claims_filters_allowed_keys PASSED [  5%]
tests\test_auth_helpers.py::test_sanitize_claims_handles_missing_allowed_keys PASSED [  5%]
tests\test_auth_helpers.py::test_sanitize_claims_returns_empty_dict_for_no_allowed_keys PASSED [  5%]
tests\test_auth_helpers.py::test_enforce_claim_integrity_validates_org_match PASSED [  5%]
tests\test_auth_helpers.py::test_enforce_claim_integrity_rejects_org_mismatch PASSED [  5%]
tests\test_auth_helpers.py::test_enforce_claim_integrity_rejects_missing_org_claim_when_user_has_org PASSED [  5%]
tests\test_auth_helpers.py::test_enforce_claim_integrity_creates_missing_org_from_clerk PASSED [  5%]
tests\test_auth_helpers.py::test_enforce_claim_integrity_validates_role_match PASSED [  5%]
tests\test_auth_helpers.py::test_enforce_claim_integrity_rejects_role_mismatch PASSED [  5%]
tests\test_auth_helpers.py::test_enforce_claim_integrity_rejects_unknown_role_claim PASSED [  6%]
tests\test_auth_helpers.py::test_enforce_claim_integrity_logs_claim_mismatches PASSED [  6%]
tests\test_auth_helpers.py::test_enforce_claim_integrity_allows_missing_role_claim PASSED [  6%]
tests\test_auth_helpers.py::test_get_current_user_enforces_claim_integrity PASSED [  6%]
tests\test_auth_helpers.py::test_get_current_user_requires_credentials PASSED [  6%]
tests\test_auth_helpers.py::test_require_feature_allows_access_with_sufficient_tier PASSED [  6%]
tests\test_auth_helpers.py::test_require_feature_blocks_access_with_insufficient_tier PASSED [  6%]
tests\test_billing_endpoints.py::test_create_checkout_session_success PASSED [  6%]
tests\test_billing_endpoints.py::test_create_checkout_session_invalid_tier PASSED [  6%]
tests\test_billing_endpoints.py::test_create_checkout_session_requires_auth PASSED [  6%]
tests\test_billing_endpoints.py::test_create_checkout_session_existing_subscription PASSED [  6%]
tests\test_billing_endpoints.py::test_create_checkout_session_with_trial PASSED [  6%]
tests\test_billing_endpoints.py::test_get_customer_portal_success PASSED [  6%]
tests\test_billing_endpoints.py::test_get_customer_portal_handles_value_errors PASSED [  7%]
tests\test_billing_endpoints.py::test_get_subscription_success PASSED    [  7%]
tests\test_billing_endpoints.py::test_get_subscription_not_found PASSED  [  7%]
tests\test_billing_endpoints.py::test_get_subscription_requires_auth PASSED [  7%]
tests\test_billing_endpoints.py::test_update_subscription_tier_upgrade PASSED [  7%]
tests\test_billing_endpoints.py::test_update_subscription_tier_downgrade PASSED [  7%]
tests\test_billing_endpoints.py::test_cancel_subscription_at_period_end PASSED [  7%]
tests\test_billing_endpoints.py::test_cancel_subscription_immediately PASSED [  7%]
tests\test_billing_endpoints.py::test_cancel_subscription_requires_active_subscription PASSED [  7%]
tests\test_billing_endpoints.py::test_customer_portal_redirect PASSED    [  7%]
tests\test_billing_simple.py::test_create_checkout_session_endpoint_exists PASSED [  7%]
tests\test_billing_simple.py::test_get_subscription_endpoint_exists PASSED [  7%]
tests\test_billing_simple.py::test_cancel_subscription_endpoint_exists PASSED [  7%]
tests\test_blog_api_errors.py::TestBlogAPIErrorPaths::test_get_blog_post_returns_404_when_not_found PASSED [  8%]
tests\test_blog_api_errors.py::TestBlogAPIErrorPaths::test_get_blog_post_by_slug_returns_404_when_not_found PASSED [  8%]
tests\test_blog_api_errors.py::TestBlogAPIErrorPaths::test_list_blog_posts_with_invalid_category PASSED [  8%]
tests\test_blog_api_errors.py::TestBlogAPIErrorPaths::test_list_blog_posts_with_search_term PASSED [  8%]
tests\test_blog_api_errors.py::TestBlogAPIErrorPaths::test_list_blog_posts_with_pagination PASSED [  8%]
tests\test_blog_api_errors.py::TestBlogAPIErrorPaths::test_list_blog_posts_with_draft_included PASSED [  8%]
tests\test_blog_api_errors.py::TestBlogAPIErrorPaths::test_list_blog_posts_with_large_offset PASSED [  8%]
tests\test_clerk_auth_complete.py::test_webhook_creates_user PASSED      [  8%]
tests\test_clerk_auth_complete.py::test_webhook_rejects_invalid_signature PASSED [  8%]
tests\test_clerk_auth_complete.py::test_webhook_rejects_missing_signature PASSED [  8%]
tests\test_clerk_auth_complete.py::test_webhook_updates_existing_user PASSED [  8%]
tests\test_clerk_auth_complete.py::test_webhook_update_creates_if_not_exists PASSED [  8%]
tests\test_clerk_auth_complete.py::test_webhook_soft_deletes_user PASSED [  8%]
tests\test_clerk_auth_complete.py::test_webhook_updates_last_login_on_session_created PASSED [  9%]
tests\test_clerk_auth_complete.py::test_webhook_handles_session_ended PASSED [  9%]
tests\test_clerk_auth_complete.py::test_webhook_handles_missing_email_addresses PASSED [  9%]
tests\test_clerk_auth_complete.py::test_webhook_upserts_organization_metadata PASSED [  9%]
tests\test_clerk_auth_complete.py::test_webhook_creates_organization_when_missing PASSED [  9%]
tests\test_clerk_auth_complete.py::test_webhook_deactivates_organization_on_delete PASSED [  9%]
tests\test_clerk_auth_complete.py::test_webhook_handles_invalid_role_gracefully PASSED [  9%]
tests\test_clerk_auth_complete.py::test_auth_me_returns_current_user PASSED [  9%]
tests\test_clerk_auth_complete.py::test_auth_me_requires_token PASSED    [  9%]
tests\test_clerk_auth_complete.py::test_auth_me_rejects_invalid_token PASSED [  9%]
tests\test_clerk_auth_complete.py::test_auth_me_rejects_token_for_nonexistent_user PASSED [  9%]
tests\test_clerk_auth_complete.py::test_auth_me_rejects_token_without_sub PASSED [  9%]
tests\test_clerk_auth_complete.py::test_auth_me_rejects_org_claim_mismatch PASSED [ 10%]
tests\test_clerk_auth_complete.py::test_auth_me_rejects_role_claim_mismatch PASSED [ 10%]
tests\test_clerk_auth_complete.py::test_auth_me_populates_missing_org_from_claim PASSED [ 10%]
tests\test_clerk_auth_complete.py::test_webhook_handles_empty_data_gracefully PASSED [ 10%]
tests\test_clerk_auth_complete.py::test_webhook_ignores_unknown_event_types PASSED [ 10%]
tests\test_clerk_auth_complete.py::test_user_creation_with_all_roles PASSED [ 10%]
tests\test_clerk_auth_complete.py::test_webhook_handles_invalid_timestamp_format PASSED [ 10%]
tests\test_clerk_auth_complete.py::test_full_user_lifecycle PASSED       [ 10%]
tests\test_community_api.py::test_create_post_returns_201 PASSED         [ 10%]
tests\test_community_api.py::test_list_posts_returns_200 PASSED          [ 10%]
tests\test_community_api.py::test_list_posts_with_filters PASSED         [ 10%]
tests\test_community_api.py::test_get_post_returns_200 PASSED            [ 10%]
tests\test_community_api.py::test_get_post_not_found_returns_404 PASSED  [ 10%]
tests\test_community_api.py::test_update_post_returns_200 PASSED         [ 11%]
tests\test_community_api.py::test_delete_post_returns_204 PASSED         [ 11%]
tests\test_community_api.py::test_list_posts_requires_authentication PASSED [ 11%]
tests\test_community_api.py::test_create_comment_returns_201 PASSED      [ 11%]
tests\test_community_api.py::test_list_comments_returns_200 PASSED       [ 11%]
tests\test_community_api.py::test_delete_comment_returns_204 PASSED      [ 11%]
tests\test_community_api.py::test_create_reaction_returns_201 PASSED     [ 11%]
tests\test_community_api.py::test_get_reactions_returns_200 PASSED       [ 11%]
tests\test_community_api.py::test_delete_reaction_returns_204 PASSED     [ 11%]
tests\test_community_api.py::test_follow_user_returns_201 PASSED         [ 11%]
tests\test_community_api.py::test_unfollow_user_returns_204 PASSED       [ 11%]
tests\test_community_api.py::test_get_follow_stats_returns_200 PASSED    [ 11%]
tests\test_community_api.py::test_get_followers_returns_200 PASSED       [ 11%]
tests\test_community_api.py::test_get_following_returns_200 PASSED       [ 12%]
tests\test_community_api.py::test_create_moderation_action_returns_201 PASSED [ 12%]
tests\test_community_api.py::test_get_flagged_content_returns_200 PASSED [ 12%]
tests\test_community_api.py::test_get_analytics_returns_200 PASSED       [ 12%]
tests\test_community_models.py::test_create_post PASSED                  [ 12%]
tests\test_community_models.py::test_post_with_tags PASSED               [ 12%]
tests\test_community_models.py::test_post_multi_tenancy PASSED           [ 12%]
tests\test_community_models.py::test_create_comment PASSED               [ 12%]
tests\test_community_models.py::test_nested_comments PASSED              [ 12%]
tests\test_community_models.py::test_post_comment_relationship PASSED    [ 12%]
tests\test_community_models.py::test_create_reaction PASSED              [ 12%]
tests\test_community_models.py::test_reaction_on_comment PASSED          [ 12%]
tests\test_community_models.py::test_unique_reaction_constraint PASSED   [ 12%]
tests\test_community_models.py::test_create_follow PASSED                [ 13%]
tests\test_community_models.py::test_unique_follow_constraint PASSED     [ 13%]
tests\test_community_models.py::test_create_moderation_action PASSED     [ 13%]
tests\test_community_models.py::test_moderation_action_types PASSED      [ 13%]
tests\test_community_service.py::test_create_post PASSED                 [ 13%]
tests\test_community_service.py::test_get_post_by_id PASSED              [ 13%]
tests\test_community_service.py::test_get_post_by_id_wrong_org PASSED    [ 13%]
tests\test_community_service.py::test_update_post PASSED                 [ 13%]
tests\test_community_service.py::test_update_post_unauthorized PASSED    [ 13%]
tests\test_community_service.py::test_delete_post PASSED                 [ 13%]
tests\test_community_service.py::test_delete_post_unauthorized PASSED    [ 13%]
tests\test_community_service.py::test_list_posts PASSED                  [ 13%]
tests\test_community_service.py::test_list_posts_filter_by_category PASSED [ 14%]
tests\test_community_service.py::test_list_posts_search PASSED           [ 14%]
tests\test_community_service.py::test_create_comment PASSED              [ 14%]
tests\test_community_service.py::test_create_comment_on_nonexistent_post PASSED [ 14%]
tests\test_community_service.py::test_create_nested_comment PASSED       [ 14%]
tests\test_community_service.py::test_delete_comment PASSED              [ 14%]
tests\test_community_service.py::test_delete_comment_unauthorized PASSED [ 14%]
tests\test_community_service.py::test_get_comments_for_post PASSED       [ 14%]
tests\test_community_service.py::test_add_reaction PASSED                [ 14%]
tests\test_community_service.py::test_add_reaction_duplicate PASSED      [ 14%]
tests\test_community_service.py::test_remove_reaction PASSED             [ 14%]
tests\test_community_service.py::test_get_reactions PASSED               [ 14%]
tests\test_community_service.py::test_follow_user PASSED                 [ 14%]
tests\test_community_service.py::test_follow_user_self PASSED            [ 15%]
tests\test_community_service.py::test_follow_user_duplicate PASSED       [ 15%]
tests\test_community_service.py::test_unfollow_user PASSED               [ 15%]
tests\test_community_service.py::test_get_follow_stats PASSED            [ 15%]
tests\test_community_service.py::test_moderate_content_flag PASSED       [ 15%]
tests\test_community_service.py::test_moderate_content_delete PASSED     [ 15%]
tests\test_community_service.py::test_get_flagged_content PASSED         [ 15%]
tests\test_community_service.py::test_get_community_analytics PASSED     [ 15%]
tests\test_dashboard_api.py::TestDashboardAPI::test_get_dashboard_summary PASSED [ 15%]
tests\test_dashboard_api.py::TestDashboardAPI::test_get_recent_activity PASSED [ 15%]
tests\test_dashboard_api.py::TestDashboardAPI::test_get_recent_activity_with_limit PASSED [ 15%]
tests\test_dashboard_api.py::TestDashboardAPI::test_get_upcoming_tasks PASSED [ 15%]
tests\test_dashboard_api.py::TestDashboardAPI::test_get_financial_insights PASSED [ 15%]
tests\test_dashboard_api.py::TestDashboardAPI::test_dashboard_endpoints_require_authentication PASSED [ 16%]
tests\test_database_infrastructure.py::test_init_engine_success PASSED   [ 16%]
tests\test_database_infrastructure.py::test_init_engine_sqlite_connect_args PASSED [ 16%]
tests\test_database_infrastructure.py::test_init_engine_postgresql_connect_args PASSED [ 16%]
tests\test_database_infrastructure.py::test_init_engine_idempotent PASSED [ 16%]
tests\test_database_infrastructure.py::test_get_db_yields_session PASSED [ 16%]
tests\test_database_infrastructure.py::test_get_db_commits_on_success PASSED [ 16%]
tests\test_database_infrastructure.py::test_get_db_rolls_back_on_exception PASSED [ 16%]
tests\test_database_infrastructure.py::test_get_db_closes_on_exception PASSED [ 16%]
tests\test_database_infrastructure.py::test_init_db_creates_tables PASSED [ 16%]
tests\test_database_infrastructure.py::test_close_db_disposes_engine PASSED [ 16%]
tests\test_database_infrastructure.py::test_close_db_no_engine PASSED    [ 16%]
tests\test_database_infrastructure.py::test_close_db_sets_engine_to_none_after_dispose PASSED [ 16%]
tests\test_database_reset.py::test_reset_metadata_restores_dropped_tables PASSED [ 17%]
tests\test_database_reset.py::test_safe_drop_schema_handles_drop_all_errors PASSED [ 17%]
tests\test_deal_endpoints.py::test_create_deal_success PASSED            [ 17%]
tests\test_deal_endpoints.py::test_create_deal_validation_errors PASSED  [ 17%]
tests\test_deal_endpoints.py::test_create_deal_sets_owner_and_org PASSED [ 17%]
tests\test_deal_endpoints.py::test_create_deal_requires_auth PASSED      [ 17%]
tests\test_deal_endpoints.py::test_create_deal_default_stage PASSED      [ 17%]
tests\test_deal_endpoints.py::test_list_deals_returns_org_deals_only PASSED [ 17%]
tests\test_deal_endpoints.py::test_list_deals_pagination_works PASSED    [ 17%]
tests\test_deal_endpoints.py::test_list_deals_filter_by_stage PASSED     [ 17%]
tests\test_deal_endpoints.py::test_list_deals_search_by_name PASSED      [ 17%]
tests\test_deal_endpoints.py::test_list_deals_sort_by_created_at PASSED  [ 17%]
tests\test_deal_endpoints.py::test_list_deals_excludes_archived PASSED   [ 17%]
tests\test_deal_endpoints.py::test_list_deals_requires_auth PASSED       [ 18%]
tests\test_deal_endpoints.py::test_get_deal_success PASSED               [ 18%]
tests\test_deal_endpoints.py::test_get_deal_not_found PASSED             [ 18%]
tests\test_deal_endpoints.py::test_get_deal_forbidden_other_org PASSED   [ 18%]
tests\test_deal_endpoints.py::test_get_deal_requires_auth PASSED         [ 18%]
tests\test_deal_endpoints.py::test_update_deal_success PASSED            [ 18%]
tests\test_deal_endpoints.py::test_update_deal_stage_change PASSED       [ 18%]
tests\test_deal_endpoints.py::test_update_deal_partial_update PASSED     [ 18%]
tests\test_deal_endpoints.py::test_update_deal_forbidden_other_org PASSED [ 18%]
tests\test_deal_endpoints.py::test_update_deal_validation_errors PASSED  [ 18%]
tests\test_deal_endpoints.py::test_archive_deal_success PASSED           [ 18%]
tests\test_deal_endpoints.py::test_archive_deal_forbidden_other_org PASSED [ 18%]
tests\test_deal_endpoints.py::test_unarchive_deal_success PASSED         [ 19%]
tests\test_deal_endpoints.py::test_unarchive_deal_forbidden_other_org PASSED [ 19%]
tests\test_deal_matching_api.py::TestDealMatchingCriteriaAPI::test_create_criteria_success PASSED [ 19%]
tests\test_deal_matching_api.py::TestDealMatchingCriteriaAPI::test_create_criteria_requires_auth PASSED [ 19%]
tests\test_deal_matching_api.py::TestDealMatchingCriteriaAPI::test_list_criteria PASSED [ 19%]
tests\test_deal_matching_api.py::TestDealMatchingAPI::test_find_matches_for_deal PASSED [ 19%]
tests\test_deal_matching_api.py::TestDealMatchingAPI::test_find_matches_requires_auth PASSED [ 19%]
tests\test_deal_matching_api.py::TestDealMatchingAPI::test_list_matches_for_deal PASSED [ 19%]
tests\test_deal_matching_api.py::TestDealMatchingAPI::test_list_matches_requires_auth PASSED [ 19%]
tests\test_deal_matching_api.py::TestDealMatchingAPI::test_list_matches_deal_not_found PASSED [ 19%]
tests\test_deal_matching_api.py::TestDealMatchingAPI::test_find_matches_deal_not_found PASSED [ 19%]
tests\test_deal_matching_api.py::TestDealMatchActionsAPI::test_record_match_action_view PASSED [ 19%]
tests\test_deal_matching_api.py::TestDealMatchActionsAPI::test_record_match_action_save PASSED [ 19%]
tests\test_deal_matching_api.py::TestDealMatchActionsAPI::test_record_match_action_pass PASSED [ 20%]
tests\test_deal_matching_api.py::TestDealMatchActionsAPI::test_record_match_action_request_intro PASSED [ 20%]
tests\test_deal_matching_api.py::TestDealMatchActionsAPI::test_record_match_action_requires_auth PASSED [ 20%]
tests\test_deal_matching_api.py::TestDealMatchActionsAPI::test_record_match_action_match_not_found PASSED [ 20%]
tests\test_deal_matching_api.py::TestDealMatchingIntegration::test_create_criteria_and_find_matches_workflow PASSED [ 20%]
tests\test_deal_matching_models.py::TestDealMatchCriteriaModel::test_create_deal_match_criteria_with_required_fields PASSED [ 20%]
tests\test_deal_matching_models.py::TestDealMatchCriteriaModel::test_create_criteria_with_optional_fields PASSED [ 20%]
tests\test_deal_matching_models.py::TestDealMatchCriteriaModel::test_criteria_enforces_organization_isolation PASSED [ 20%]
tests\test_deal_matching_models.py::TestDealMatchModel::test_create_deal_match PASSED [ 20%]
tests\test_deal_matching_models.py::TestDealMatchModel::test_match_score_validation PASSED [ 20%]
tests\test_deal_matching_models.py::TestDealMatchModel::test_match_status_tracking PASSED [ 20%]
tests\test_deal_matching_models.py::TestDealMatchActionModel::test_create_match_action PASSED [ 20%]
tests\test_deal_matching_models.py::TestDealMatchActionModel::test_track_multiple_actions_on_match PASSED [ 20%]
tests\test_deal_matching_service.py::TestDealMatchingService::test_calculate_industry_match_exact PASSED [ 21%]
tests\test_deal_matching_service.py::TestDealMatchingService::test_calculate_industry_match_partial PASSED [ 21%]
tests\test_deal_matching_service.py::TestDealMatchingService::test_calculate_industry_match_none PASSED [ 21%]
tests\test_deal_matching_service.py::TestDealMatchingService::test_calculate_size_match_within_range PASSED [ 21%]
tests\test_deal_matching_service.py::TestDealMatchingService::test_calculate_size_match_outside_range PASSED [ 21%]
tests\test_deal_matching_service.py::TestDealMatchingService::test_calculate_geography_match_exact PASSED [ 21%]
tests\test_deal_matching_service.py::TestDealMatchingService::test_calculate_geography_match_none PASSED [ 21%]
tests\test_deal_matching_service.py::TestDealMatchingService::test_calculate_semantic_similarity PASSED [ 21%]
tests\test_deal_matching_service.py::TestDealMatchingService::test_calculate_weighted_score PASSED [ 21%]
tests\test_deal_matching_service.py::TestDealMatchingService::test_determine_confidence_level_high PASSED [ 21%]
tests\test_deal_matching_service.py::TestDealMatchingService::test_determine_confidence_level_medium PASSED [ 21%]
tests\test_deal_matching_service.py::TestDealMatchingService::test_determine_confidence_level_low PASSED [ 21%]
tests\test_deal_matching_service.py::TestDealMatchingService::test_find_matches_returns_ranked_results PASSED [ 21%]
tests\test_deal_matching_service.py::TestDealMatchingService::test_find_matches_filters_low_scores PASSED [ 22%]
tests\test_deal_matching_service.py::TestDealMatchingService::test_match_result_contains_explanation PASSED [ 22%]
tests\test_document_ai_and_versions.py::TestAISuggestionEndpoints::test_fetch_ai_suggestions PASSED [ 22%]
tests\test_document_ai_and_versions.py::TestAISuggestionEndpoints::test_accept_ai_suggestion PASSED [ 22%]
tests\test_document_ai_and_versions.py::TestAISuggestionEndpoints::test_reject_ai_suggestion PASSED [ 22%]
tests\test_document_ai_and_versions.py::TestVersionHistoryEndpoints::test_list_document_versions PASSED [ 22%]
tests\test_document_ai_and_versions.py::TestVersionHistoryEndpoints::test_restore_document_version PASSED [ 22%]
tests\test_document_endpoints.py::test_create_folder_success PASSED      [ 22%]
tests\test_document_endpoints.py::test_upload_document_success PASSED    [ 22%]
tests\test_document_endpoints.py::test_upload_document_rejects_large_files PASSED [ 22%]
tests\test_document_endpoints.py::test_list_documents_filters_by_folder PASSED [ 22%]
tests\test_document_endpoints.py::test_download_document_records_access_log PASSED [ 22%]
tests\test_document_endpoints.py::test_set_document_permission PASSED    [ 23%]
tests\test_document_endpoints.py::test_list_folders_lazy_loading PASSED  [ 23%]
tests\test_document_endpoints.py::test_list_folders_supports_search PASSED [ 23%]
tests\test_document_endpoints.py::test_create_nested_folder PASSED       [ 23%]
tests\test_document_endpoints.py::test_rename_folder PASSED              [ 23%]
tests\test_document_endpoints.py::test_delete_empty_folder PASSED        [ 23%]
tests\test_document_endpoints.py::test_delete_non_empty_folder_fails PASSED [ 23%]
tests\test_document_endpoints.py::test_folder_requires_authentication FAILED [ 23%]
tests\test_document_endpoints.py::test_folder_organization_isolation PASSED [ 23%]
tests\test_document_endpoints.py::test_upload_multiple_documents PASSED  [ 23%]
tests\test_document_endpoints.py::test_upload_unsupported_file_type PASSED [ 23%]
tests\test_document_endpoints.py::test_upload_creates_audit_log PASSED   [ 23%]
tests\test_document_endpoints.py::test_search_documents_by_filename PASSED [ 23%]
tests\test_document_endpoints.py::test_filter_documents_by_file_type PASSED [ 24%]
tests\test_document_endpoints.py::test_upload_same_name_creates_new_version PASSED [ 24%]
tests\test_document_endpoints.py::test_list_document_versions PASSED     [ 24%]
tests\test_document_endpoints.py::test_download_specific_version PASSED  [ 24%]
tests\test_document_endpoints.py::test_restore_previous_version PASSED   [ 24%]
tests\test_document_endpoints.py::test_max_versions_enforced PASSED      [ 24%]
tests\test_document_endpoints.py::test_delete_document_archives_all_versions PASSED [ 24%]
tests\test_document_endpoints.py::test_viewer_cannot_delete_document PASSED [ 24%]
tests\test_document_endpoints.py::test_viewer_can_download_document PASSED [ 24%]
tests\test_document_endpoints.py::test_editor_can_upload_with_folder_permission PASSED [ 24%]
tests\test_document_endpoints.py::test_granting_folder_permission_creates_audit_log PASSED [ 24%]
tests\test_document_endpoints.py::test_revoking_folder_permission_creates_audit_log PASSED [ 24%]
tests\test_document_endpoints.py::test_revoking_document_permission_creates_audit_log PASSED [ 24%]
tests\test_document_endpoints.py::test_editor_cannot_delete_others_document PASSED [ 25%]
tests\test_document_endpoints.py::test_editor_can_delete_own_document PASSED [ 25%]
tests\test_document_endpoints.py::test_delete_document_requires_editor_permission PASSED [ 25%]
tests\test_document_endpoints.py::test_delete_document_records_audit_log PASSED [ 25%]
tests\test_document_endpoints.py::test_access_logs_include_user_name PASSED [ 25%]
tests\test_document_endpoints.py::test_bulk_download_documents PASSED    [ 25%]
tests\test_document_endpoints.py::test_bulk_download_requires_permission PASSED [ 25%]
tests\test_document_endpoints.py::test_bulk_delete_documents PASSED      [ 25%]
tests\test_document_endpoints.py::test_bulk_delete_requires_owner_permission PASSED [ 25%]
tests\test_document_endpoints.py::test_bulk_delete_partial_failure PASSED [ 25%]
tests\test_document_endpoints.py::test_document_question_workflow PASSED [ 25%]
tests\test_document_export_jobs_api.py::TestDocumentExportJobEndpoints::test_queue_export_job PASSED [ 25%]
tests\test_document_export_jobs_api.py::TestDocumentExportJobEndpoints::test_get_export_job_status PASSED [ 25%]
tests\test_document_export_jobs_api.py::TestDocumentExportJobEndpoints::test_list_export_jobs PASSED [ 26%]
tests\test_document_generation_api.py::TestDocumentTemplateEndpoints::test_create_template PASSED [ 26%]
tests\test_document_generation_api.py::TestDocumentTemplateEndpoints::test_create_template_forbidden_other_org PASSED [ 26%]
tests\test_document_generation_api.py::TestDocumentTemplateEndpoints::test_list_templates PASSED [ 26%]
tests\test_document_generation_api.py::TestDocumentTemplateEndpoints::test_list_templates_with_filters PASSED [ 26%]
tests\test_document_generation_api.py::TestDocumentTemplateEndpoints::test_get_template PASSED [ 26%]
tests\test_document_generation_api.py::TestDocumentTemplateEndpoints::test_get_template_not_found PASSED [ 26%]
tests\test_document_generation_api.py::TestDocumentTemplateEndpoints::test_update_template PASSED [ 26%]
tests\test_document_generation_api.py::TestDocumentTemplateEndpoints::test_delete_template PASSED [ 26%]
tests\test_document_generation_api.py::TestDocumentGenerationEndpoints::test_generate_document PASSED [ 26%]
tests\test_document_generation_api.py::TestDocumentGenerationEndpoints::test_generate_document_missing_variables PASSED [ 26%]
tests\test_document_generation_api.py::TestDocumentGenerationEndpoints::test_generate_document_template_not_found PASSED [ 26%]
tests\test_document_generation_api.py::TestGeneratedDocumentEndpoints::test_list_generated_documents PASSED [ 26%]
tests\test_document_generation_api.py::TestGeneratedDocumentEndpoints::test_get_generated_document PASSED [ 27%]
tests\test_document_generation_api.py::TestGeneratedDocumentEndpoints::test_update_document_status PASSED [ 27%]
tests\test_document_generation_api.py::TestGeneratedDocumentEndpoints::test_update_document_content PASSED [ 27%]
tests\test_document_generation_api.py::TestTemplateRenderingService::test_complex_template_rendering PASSED [ 27%]
tests\test_document_generation_api.py::TestDocumentExportEndpoints::test_export_document_as_pdf PASSED [ 27%]
tests\test_document_generation_api.py::TestDocumentExportEndpoints::test_export_document_as_docx PASSED [ 27%]
tests\test_document_generation_api.py::TestDocumentExportEndpoints::test_export_document_not_found PASSED [ 27%]
tests\test_document_generation_api_errors.py::TestDocumentGenerationAPIErrorPaths::test_create_template_returns_403_when_org_mismatch PASSED [ 27%]
tests\test_document_generation_api_errors.py::TestDocumentGenerationAPIErrorPaths::test_get_template_returns_404_when_not_found PASSED [ 27%]
tests\test_document_generation_api_errors.py::TestDocumentGenerationAPIErrorPaths::test_update_template_returns_404_when_not_found PASSED [ 27%]
tests\test_document_generation_api_errors.py::TestDocumentGenerationAPIErrorPaths::test_delete_template_returns_404_when_not_found PASSED [ 27%]
tests\test_document_generation_api_errors.py::TestDocumentGenerationAPIErrorPaths::test_render_template_returns_404_when_template_not_found PASSED [ 27%]
tests\test_document_generation_api_errors.py::TestDocumentGenerationAPIErrorPaths::test_get_generated_document_returns_404_when_not_found PASSED [ 28%]
tests\test_document_generation_api_errors.py::TestDocumentGenerationAPIErrorPaths::test_update_generated_document_returns_404_when_not_found PASSED [ 28%]
tests\test_document_generation_api_errors.py::TestDocumentGenerationAPIErrorPaths::test_update_document_status_returns_404_when_not_found PASSED [ 28%]
tests\test_document_generation_api_errors.py::TestDocumentGenerationAPIErrorPaths::test_list_export_jobs_returns_404_when_document_not_found PASSED [ 28%]
tests\test_document_generation_api_errors.py::TestDocumentGenerationAPIErrorPaths::test_queue_export_job_returns_404_when_document_not_found PASSED [ 28%]
tests\test_document_generation_api_errors.py::TestDocumentGenerationAPIErrorPaths::test_get_export_job_status_returns_404_when_job_not_found PASSED [ 28%]
tests\test_document_generation_api_errors.py::TestDocumentGenerationAPIErrorPaths::test_list_document_versions_returns_404_when_document_not_found PASSED [ 28%]
tests\test_document_generation_models.py::test_create_document_template PASSED [ 28%]
tests\test_document_generation_models.py::test_template_status_enum PASSED [ 28%]
tests\test_document_generation_models.py::test_template_version_tracking PASSED [ 28%]
tests\test_document_generation_models.py::test_template_repr PASSED      [ 28%]
tests\test_document_generation_models.py::test_create_generated_document PASSED [ 28%]
tests\test_document_generation_models.py::test_generated_document_status_enum PASSED [ 28%]
tests\test_document_generation_models.py::test_generated_document_timestamps PASSED [ 29%]
tests\test_document_generation_models.py::test_generated_document_file_path PASSED [ 29%]
tests\test_document_generation_models.py::test_template_document_relationship PASSED [ 29%]
tests\test_document_generation_models.py::test_template_variables_json_field PASSED [ 29%]
tests\test_document_service.py::test_trim_document_versions_keeps_latest_twenty PASSED [ 29%]
tests\test_document_service.py::test_trim_document_versions_noop_when_within_limit PASSED [ 29%]
tests\test_document_service.py::test_bulk_download_documents_logs_access PASSED [ 29%]
tests\test_document_service.py::test_bulk_download_documents_requires_viewer_permission PASSED [ 29%]
tests\test_document_service_error_paths.py::test_delete_folder_with_documents_raises_value_error PASSED [ 29%]
tests\test_document_service_error_paths.py::test_delete_folder_with_subfolders_raises_value_error PASSED [ 29%]
tests\test_document_service_error_paths.py::test_upload_document_unsupported_file_type PASSED [ 29%]
tests\test_document_service_error_paths.py::test_upload_document_file_size_exceeds_limit PASSED [ 29%]
tests\test_document_service_error_paths.py::test_create_folder_insufficient_permissions_for_subfolder PASSED [ 29%]
tests\test_document_service_error_paths.py::test_create_folder_non_owner_cannot_create_top_level PASSED [ 30%]
tests\test_document_service_error_paths.py::test_upload_document_non_owner_cannot_upload_to_root PASSED [ 30%]
tests\test_email_service.py::test_send_email_success PASSED              [ 30%]
tests\test_email_service.py::test_send_email_failure PASSED              [ 30%]
tests\test_email_service.py::test_render_template_success PASSED         [ 30%]
tests\test_email_service.py::test_render_template_not_found PASSED       [ 30%]
tests\test_email_service.py::test_queue_email_success PASSED             [ 30%]
tests\test_email_service.py::test_retry_failed_email_success PASSED      [ 30%]
tests\test_email_service.py::test_retry_failed_email_max_retries PASSED  [ 30%]
tests\test_entitlement.py::TestCheckFeatureAccess::test_professional_has_audio_podcast_access PASSED [ 30%]
tests\test_entitlement.py::TestCheckFeatureAccess::test_starter_no_audio_podcast_access PASSED [ 30%]
tests\test_entitlement.py::TestCheckFeatureAccess::test_professional_no_video_podcast_access PASSED [ 30%]
tests\test_entitlement.py::TestCheckFeatureAccess::test_premium_has_video_podcast_access PASSED [ 30%]
tests\test_entitlement.py::TestCheckFeatureAccess::test_premium_has_youtube_integration PASSED [ 31%]
tests\test_entitlement.py::TestCheckFeatureAccess::test_professional_no_youtube_integration PASSED [ 31%]
tests\test_entitlement.py::TestCheckFeatureAccess::test_enterprise_has_live_streaming PASSED [ 31%]
tests\test_entitlement.py::TestCheckFeatureAccess::test_premium_no_live_streaming PASSED [ 31%]
tests\test_entitlement.py::TestCheckFeatureAccess::test_enterprise_has_multi_language_transcription PASSED [ 31%]
tests\test_entitlement.py::TestCheckFeatureAccess::test_professional_has_basic_transcription PASSED [ 31%]
tests\test_entitlement.py::TestCheckFeatureAccess::test_professional_no_ai_enhanced_transcription PASSED [ 31%]
tests\test_entitlement.py::TestCheckFeatureAccess::test_raises_feature_not_found_for_invalid_feature PASSED [ 31%]
tests\test_entitlement.py::TestCheckFeatureAccess::test_all_tiers_have_core_features PASSED [ 31%]
tests\test_entitlement.py::TestGetFeaturesForTier::test_starter_tier_features PASSED [ 31%]
tests\test_entitlement.py::TestGetFeaturesForTier::test_professional_tier_features PASSED [ 31%]
tests\test_entitlement.py::TestGetFeaturesForTier::test_premium_tier_features PASSED [ 31%]
tests\test_entitlement.py::TestGetFeaturesForTier::test_enterprise_tier_features PASSED [ 32%]
tests\test_entitlement.py::TestFeatureEntitlementMatrix::test_feature_entitlement_matrix[starter-podcast_audio-False] PASSED [ 32%]
tests\test_entitlement.py::TestFeatureEntitlementMatrix::test_feature_entitlement_matrix[starter-podcast_video-False] PASSED [ 32%]
tests\test_entitlement.py::TestFeatureEntitlementMatrix::test_feature_entitlement_matrix[starter-youtube_integration-False] PASSED [ 32%]
tests\test_entitlement.py::TestFeatureEntitlementMatrix::test_feature_entitlement_matrix[starter-live_streaming-False] PASSED [ 32%]
tests\test_entitlement.py::TestFeatureEntitlementMatrix::test_feature_entitlement_matrix[starter-deal_management-True] PASSED [ 32%]
tests\test_entitlement.py::TestFeatureEntitlementMatrix::test_feature_entitlement_matrix[professional-podcast_audio-True] PASSED [ 32%]
tests\test_entitlement.py::TestFeatureEntitlementMatrix::test_feature_entitlement_matrix[professional-podcast_video-False] PASSED [ 32%]
tests\test_entitlement.py::TestFeatureEntitlementMatrix::test_feature_entitlement_matrix[professional-youtube_integration-False] PASSED [ 32%]
tests\test_entitlement.py::TestFeatureEntitlementMatrix::test_feature_entitlement_matrix[professional-live_streaming-False] PASSED [ 32%]
tests\test_entitlement.py::TestFeatureEntitlementMatrix::test_feature_entitlement_matrix[professional-transcription_basic-True] PASSED [ 32%]
tests\test_entitlement.py::TestFeatureEntitlementMatrix::test_feature_entitlement_matrix[professional-transcription_ai_enhanced-False] PASSED [ 32%]
tests\test_entitlement.py::TestFeatureEntitlementMatrix::test_feature_entitlement_matrix[premium-podcast_audio-True] PASSED [ 32%]
tests\test_entitlement.py::TestFeatureEntitlementMatrix::test_feature_entitlement_matrix[premium-podcast_video-True] PASSED [ 33%]
tests\test_entitlement.py::TestFeatureEntitlementMatrix::test_feature_entitlement_matrix[premium-youtube_integration-True] PASSED [ 33%]
tests\test_entitlement.py::TestFeatureEntitlementMatrix::test_feature_entitlement_matrix[premium-live_streaming-False] PASSED [ 33%]
tests\test_entitlement.py::TestFeatureEntitlementMatrix::test_feature_entitlement_matrix[premium-transcription_basic-True] PASSED [ 33%]
tests\test_entitlement.py::TestFeatureEntitlementMatrix::test_feature_entitlement_matrix[premium-transcription_ai_enhanced-True] PASSED [ 33%]
tests\test_entitlement.py::TestFeatureEntitlementMatrix::test_feature_entitlement_matrix[premium-transcription_multi_language-False] PASSED [ 33%]
tests\test_entitlement.py::TestFeatureEntitlementMatrix::test_feature_entitlement_matrix[enterprise-podcast_audio-True] PASSED [ 33%]
tests\test_entitlement.py::TestFeatureEntitlementMatrix::test_feature_entitlement_matrix[enterprise-podcast_video-True] PASSED [ 33%]
tests\test_entitlement.py::TestFeatureEntitlementMatrix::test_feature_entitlement_matrix[enterprise-youtube_integration-True] PASSED [ 33%]
tests\test_entitlement.py::TestFeatureEntitlementMatrix::test_feature_entitlement_matrix[enterprise-live_streaming-True] PASSED [ 33%]
tests\test_entitlement.py::TestFeatureEntitlementMatrix::test_feature_entitlement_matrix[enterprise-transcription_basic-True] PASSED [ 33%]
tests\test_entitlement.py::TestFeatureEntitlementMatrix::test_feature_entitlement_matrix[enterprise-transcription_ai_enhanced-True] PASSED [ 33%]
tests\test_entitlement.py::TestFeatureEntitlementMatrix::test_feature_entitlement_matrix[enterprise-transcription_multi_language-True] PASSED [ 33%]
tests\test_entitlement.py::TestFeatureNotFoundError::test_feature_not_found_error_message PASSED [ 34%]
tests\test_entitlement_service_complete.py::TestEntitlementServiceUtilities::test_get_tier_label_starter PASSED [ 34%]
tests\test_entitlement_service_complete.py::TestEntitlementServiceUtilities::test_get_tier_label_professional PASSED [ 34%]
tests\test_entitlement_service_complete.py::TestEntitlementServiceUtilities::test_get_tier_label_premium PASSED [ 34%]
tests\test_entitlement_service_complete.py::TestEntitlementServiceUtilities::test_get_tier_label_enterprise PASSED [ 34%]
tests\test_entitlement_service_complete.py::TestEntitlementServiceUtilities::test_get_tier_label_unknown PASSED [ 34%]
tests\test_entitlement_service_complete.py::TestEntitlementServiceUtilities::test_get_feature_upgrade_cta_existing_feature PASSED [ 34%]
tests\test_entitlement_service_complete.py::TestEntitlementServiceUtilities::test_get_feature_upgrade_cta_non_existing_feature PASSED [ 34%]
tests\test_entitlement_service_complete.py::TestEntitlementServiceUtilities::test_get_required_tier_starter_feature PASSED [ 34%]
tests\test_entitlement_service_complete.py::TestEntitlementServiceUtilities::test_get_required_tier_professional_feature PASSED [ 34%]
tests\test_entitlement_service_complete.py::TestEntitlementServiceUtilities::test_get_required_tier_premium_feature PASSED [ 34%]
tests\test_entitlement_service_complete.py::TestEntitlementServiceUtilities::test_get_required_tier_enterprise_feature PASSED [ 34%]
tests\test_entitlement_service_complete.py::TestEntitlementServiceUtilities::test_get_required_tier_raises_feature_not_found PASSED [ 34%]
tests\test_entitlement_service_complete.py::TestEntitlementServiceUtilities::test_get_feature_upgrade_message_starter_tier PASSED [ 35%]
tests\test_entitlement_service_complete.py::TestEntitlementServiceUtilities::test_get_feature_upgrade_message_professional_tier PASSED [ 35%]
tests\test_entitlement_service_complete.py::TestEntitlementServiceUtilities::test_get_feature_upgrade_message_premium_tier PASSED [ 35%]
tests\test_entitlement_service_complete.py::TestEntitlementServiceUtilities::test_get_feature_upgrade_message_enterprise_tier PASSED [ 35%]
tests\test_entitlement_service_complete.py::TestEntitlementServiceUtilities::test_get_feature_upgrade_message_same_tier_required PASSED [ 35%]
tests\test_entitlement_service_complete.py::TestEntitlementServiceUtilities::test_get_feature_upgrade_message_handles_unknown_feature PASSED [ 35%]
tests\test_event_models.py::TestEventModel::test_create_event PASSED     [ 35%]
tests\test_event_models.py::TestEventModel::test_event_requires_organization PASSED [ 35%]
tests\test_event_models.py::TestEventModel::test_event_location_types PASSED [ 35%]
tests\test_event_models.py::TestEventTicketModel::test_create_event_ticket PASSED [ 35%]
tests\test_event_models.py::TestEventTicketModel::test_ticket_requires_event PASSED [ 35%]
tests\test_event_models.py::TestEventReminderModel::test_create_event_reminder PASSED [ 35%]
tests\test_event_models.py::TestEventRegistrationModel::test_create_registration PASSED [ 35%]
tests\test_event_models.py::TestEventRegistrationModel::test_registration_requires_event_and_user PASSED [ 36%]
tests\test_event_models.py::TestEventSessionModel::test_create_event_session PASSED [ 36%]
tests\test_event_models.py::TestEventSessionModel::test_session_requires_event PASSED [ 36%]
tests\test_event_models.py::TestEventAnalyticsModel::test_create_event_analytics PASSED [ 36%]
tests\test_event_notification_service.py::test_send_registration_confirmation_email_no_sendgrid PASSED [ 36%]
tests\test_event_notification_service.py::test_send_registration_confirmation_email_sends_payload PASSED [ 36%]
tests\test_event_payment_api.py::test_initiate_purchase_success PASSED   [ 36%]
tests\test_event_payment_api.py::test_initiate_purchase_invalid_event PASSED [ 36%]
tests\test_event_payment_api.py::test_initiate_purchase_invalid_ticket_type PASSED [ 36%]
tests\test_event_payment_api.py::test_webhook_payment_succeeded PASSED   [ 36%]
tests\test_event_payment_api.py::test_webhook_invalid_signature PASSED   [ 36%]
tests\test_event_payment_api.py::test_get_receipt_success PASSED         [ 36%]
tests\test_event_payment_api.py::test_get_receipt_not_found PASSED       [ 37%]
tests\test_event_payment_service.py::test_create_checkout_session_success PASSED [ 37%]
tests\test_event_payment_service.py::test_create_checkout_session_invalid_ticket_type PASSED [ 37%]
tests\test_event_payment_service.py::test_create_checkout_session_sold_out_ticket PASSED [ 37%]
tests\test_event_payment_service.py::test_handle_webhook_payment_succeeded PASSED [ 37%]
tests\test_event_payment_service.py::test_handle_webhook_payment_failed PASSED [ 37%]
tests\test_event_payment_service.py::test_handle_webhook_invalid_signature PASSED [ 37%]
tests\test_event_payment_service.py::test_assign_tickets_success PASSED  [ 37%]
tests\test_event_payment_service.py::test_generate_receipt_success PASSED [ 37%]
tests\test_event_payment_service.py::test_process_refund_success PASSED  [ 37%]
tests\test_event_payment_service.py::test_process_refund_partial PASSED  [ 37%]
tests\test_event_reminder_service.py::TestEventReminderService::test_schedule_reminders_creates_entries PASSED [ 37%]
tests\test_event_reminder_service.py::TestEventReminderService::test_send_due_reminders_triggers_notifications PASSED [ 37%]
tests\test_event_service.py::TestEventService::test_create_event PASSED  [ 38%]
tests\test_event_service.py::TestEventService::test_get_event PASSED     [ 38%]
tests\test_event_service.py::TestEventService::test_get_event_wrong_organization PASSED [ 38%]
tests\test_event_service.py::TestEventService::test_list_events_pagination PASSED [ 38%]
tests\test_event_service.py::TestEventService::test_update_event PASSED  [ 38%]
tests\test_event_service.py::TestEventService::test_delete_event_soft_delete PASSED [ 38%]
tests\test_event_service.py::TestEventTicketService::test_create_ticket PASSED [ 38%]
tests\test_event_service.py::TestEventTicketService::test_create_ticket_invalid_event PASSED [ 38%]
tests\test_event_service.py::TestEventRegistrationService::test_create_registration PASSED [ 38%]
tests\test_event_service.py::TestEventRegistrationService::test_create_registration_with_ticket PASSED [ 38%]
tests\test_event_service.py::TestEventRegistrationService::test_create_registration_sold_out_ticket PASSED [ 38%]
tests\test_event_service.py::TestEventRegistrationService::test_cancel_registration_updates_ticket PASSED [ 38%]
tests\test_event_service.py::TestEventAnalyticsService::test_get_event_analytics PASSED [ 38%]
tests\test_event_service.py::TestEventAnalyticsService::test_analytics_with_sessions PASSED [ 39%]
tests\test_events_api_errors.py::TestEventsAPIErrorPaths::test_get_event_returns_404_when_not_found PASSED [ 39%]
tests\test_events_api_errors.py::TestEventsAPIErrorPaths::test_update_event_returns_404_when_not_found PASSED [ 39%]
tests\test_events_api_errors.py::TestEventsAPIErrorPaths::test_delete_event_returns_404_when_not_found PASSED [ 39%]
tests\test_events_api_errors.py::TestEventsAPIErrorPaths::test_get_event_returns_404_when_from_other_org PASSED [ 39%]
tests\test_events_api_errors.py::TestEventsAPIErrorPaths::test_update_event_returns_404_when_from_other_org PASSED [ 39%]
tests\test_events_api_errors.py::TestEventsAPIErrorPaths::test_delete_event_returns_404_when_from_other_org PASSED [ 39%]
tests\test_events_api_errors.py::TestEventsAPIErrorPaths::test_list_events_only_shows_own_org PASSED [ 39%]
tests\test_financial_api.py::test_calculate_financial_ratios_endpoint PASSED [ 39%]
tests\test_financial_api.py::test_calculate_ratios_requires_authentication PASSED [ 39%]
tests\test_financial_api.py::test_calculate_ratios_deal_not_found PASSED [ 39%]
tests\test_financial_api.py::test_calculate_ratios_with_partial_data PASSED [ 39%]
tests\test_financial_api.py::test_get_financial_connections_endpoint_returns_empty_list_when_no_connections PASSED [ 39%]
tests\test_financial_api.py::test_get_financial_connections_endpoint_returns_connections PASSED [ 40%]
tests\test_financial_api.py::test_get_financial_ratios_not_found PASSED  [ 40%]
tests\test_financial_api.py::test_get_financial_narrative_not_found PASSED [ 40%]
tests\test_financial_api.py::test_connect_xero_initiates_oauth_flow PASSED [ 40%]
tests\test_financial_api.py::test_connect_xero_with_invalid_deal PASSED  [ 40%]
tests\test_financial_api.py::test_xero_oauth_callback_success PASSED     [ 40%]
tests\test_financial_api.py::test_xero_oauth_callback_missing_code PASSED [ 40%]
tests\test_financial_api.py::test_sync_financial_data_success PASSED     [ 40%]
tests\test_financial_api.py::test_sync_financial_data_no_connection PASSED [ 40%]
tests\test_financial_api.py::test_connect_quickbooks_initiates_oauth_flow PASSED [ 40%]
tests\test_financial_api.py::test_connect_quickbooks_with_invalid_deal PASSED [ 40%]
tests\test_financial_api.py::test_quickbooks_oauth_callback_success PASSED [ 40%]
tests\test_financial_api.py::test_quickbooks_oauth_callback_missing_params PASSED [ 41%]
tests\test_financial_api.py::test_sync_quickbooks_financial_data_success PASSED [ 41%]
tests\test_financial_api.py::test_sync_quickbooks_financial_data_no_connection PASSED [ 41%]
tests\test_financial_api.py::test_quickbooks_connection_status PASSED    [ 41%]
tests\test_financial_api.py::test_disconnect_quickbooks_connection PASSED [ 41%]
tests\test_financial_api.py::test_connect_netsuite_initiates_oauth_flow PASSED [ 41%]
tests\test_financial_api.py::test_connect_netsuite_with_invalid_deal PASSED [ 41%]
tests\test_financial_api.py::test_netsuite_oauth_callback_success PASSED [ 41%]
tests\test_financial_api.py::test_sync_netsuite_financial_data_success PASSED [ 41%]
tests\test_financial_api.py::test_sync_netsuite_financial_data_no_connection PASSED [ 41%]
tests\test_financial_api.py::test_connect_sage_initiates_oauth_flow PASSED [ 41%]
tests\test_financial_api.py::test_connect_sage_with_invalid_deal PASSED  [ 41%]
tests\test_financial_api.py::test_sage_oauth_callback_success PASSED     [ 41%]
tests\test_financial_api.py::test_sync_sage_financial_data_success PASSED [ 42%]
tests\test_financial_api.py::test_sync_sage_financial_data_no_connection PASSED [ 42%]
tests\test_financial_api.py::test_get_readiness_score_success PASSED     [ 42%]
tests\test_financial_api.py::test_get_readiness_score_no_narrative PASSED [ 42%]
tests\test_financial_api_errors.py::TestFinancialAPIErrorPaths::test_calculate_ratios_returns_403_when_deal_in_other_org PASSED [ 42%]
tests\test_financial_api_errors.py::TestFinancialAPIErrorPaths::test_get_ratios_returns_403_when_deal_in_other_org PASSED [ 42%]
tests\test_financial_api_errors.py::TestFinancialAPIErrorPaths::test_get_connections_returns_403_when_deal_in_other_org PASSED [ 42%]
tests\test_financial_api_errors.py::TestFinancialAPIErrorPaths::test_get_narrative_returns_403_when_deal_in_other_org PASSED [ 42%]
tests\test_financial_api_errors.py::TestFinancialAPIErrorPaths::test_get_readiness_score_returns_403_when_deal_in_other_org PASSED [ 42%]
tests\test_financial_api_errors.py::TestFinancialAPIErrorPaths::test_connect_xero_returns_403_when_deal_in_other_org PASSED [ 42%]
tests\test_financial_api_errors.py::TestFinancialAPIErrorPaths::test_sync_financial_data_returns_403_when_deal_in_other_org PASSED [ 42%]
tests\test_financial_api_errors.py::TestFinancialAPIErrorPaths::test_disconnect_quickbooks_returns_403_when_deal_in_other_org PASSED [ 42%]
tests\test_financial_models_sync.py::test_create_financial_connection PASSED [ 42%]
tests\test_financial_models_sync.py::test_financial_connection_cascade_delete PASSED [ 43%]
tests\test_financial_models_sync.py::test_create_financial_statement_balance_sheet PASSED [ 43%]
tests\test_financial_models_sync.py::test_financial_statement_with_json_fields PASSED [ 43%]
tests\test_financial_models_sync.py::test_create_financial_ratios PASSED [ 43%]
tests\test_financial_models_sync.py::test_financial_ratio_nullable_fields PASSED [ 43%]
tests\test_financial_models_sync.py::test_create_financial_narrative PASSED [ 43%]
tests\test_financial_models_sync.py::test_financial_narrative_version_control PASSED [ 43%]
tests\test_financial_models_sync.py::test_complete_financial_data_chain PASSED [ 43%]
tests\test_financial_models_sync.py::test_cascade_delete_all_financial_data PASSED [ 43%]
tests\test_financial_narrative_service.py::test_build_narrative_prompt_with_complete_data PASSED [ 43%]
tests\test_financial_narrative_service.py::test_build_narrative_prompt_with_minimal_data PASSED [ 43%]
tests\test_financial_narrative_service.py::test_parse_narrative_response_with_complete_response PASSED [ 43%]
tests\test_financial_narrative_service.py::test_parse_narrative_response_with_red_flags PASSED [ 43%]
tests\test_financial_narrative_service.py::test_calculate_readiness_score_high_quality_deal PASSED [ 44%]
tests\test_financial_narrative_service.py::test_calculate_readiness_score_low_quality_deal PASSED [ 44%]
tests\test_financial_narrative_service.py::test_calculate_readiness_score_moderate_deal PASSED [ 44%]
tests\test_financial_narrative_service.py::test_generate_financial_narrative_success PASSED [ 44%]
tests\test_financial_narrative_service.py::test_generate_financial_narrative_returns_existing_by_default PASSED [ 44%]
tests\test_financial_narrative_service.py::test_generate_financial_narrative_raises_error_when_no_data PASSED [ 44%]
tests\test_financial_narrative_service.py::test_generate_financial_narrative_raises_error_when_deal_not_found PASSED [ 44%]
tests\test_financial_ratios.py::test_current_ratio_calculation PASSED    [ 44%]
tests\test_financial_ratios.py::test_current_ratio_with_zero_liabilities PASSED [ 44%]
tests\test_financial_ratios.py::test_quick_ratio_calculation PASSED      [ 44%]
tests\test_financial_ratios.py::test_quick_ratio_with_zero_liabilities PASSED [ 44%]
tests\test_financial_ratios.py::test_cash_ratio_calculation PASSED       [ 44%]
tests\test_financial_ratios.py::test_operating_cash_flow_ratio_calculation PASSED [ 44%]
tests\test_financial_ratios.py::test_defensive_interval_ratio_calculation PASSED [ 45%]
tests\test_financial_ratios.py::test_gross_profit_margin_calculation PASSED [ 45%]
tests\test_financial_ratios.py::test_gross_profit_margin_with_zero_revenue PASSED [ 45%]
tests\test_financial_ratios.py::test_operating_profit_margin_calculation PASSED [ 45%]
tests\test_financial_ratios.py::test_net_profit_margin_calculation PASSED [ 45%]
tests\test_financial_ratios.py::test_return_on_assets_calculation PASSED [ 45%]
tests\test_financial_ratios.py::test_return_on_equity_calculation PASSED [ 45%]
tests\test_financial_ratios.py::test_return_on_invested_capital_calculation PASSED [ 45%]
tests\test_financial_ratios.py::test_ebitda_margin_calculation PASSED    [ 45%]
tests\test_financial_ratios.py::test_ebit_margin_calculation PASSED      [ 45%]
tests\test_financial_ratios.py::test_debt_to_equity_calculation PASSED   [ 45%]
tests\test_financial_ratios.py::test_debt_to_equity_with_zero_equity PASSED [ 45%]
tests\test_financial_ratios.py::test_debt_to_assets_calculation PASSED   [ 46%]
tests\test_financial_ratios.py::test_equity_multiplier_calculation PASSED [ 46%]
tests\test_financial_ratios.py::test_interest_coverage_calculation PASSED [ 46%]
tests\test_financial_ratios.py::test_interest_coverage_with_zero_interest PASSED [ 46%]
tests\test_financial_ratios.py::test_debt_service_coverage_calculation PASSED [ 46%]
tests\test_financial_ratios.py::test_financial_leverage_calculation PASSED [ 46%]
tests\test_financial_ratios.py::test_calculate_all_ratios_comprehensive PASSED [ 46%]
tests\test_financial_ratios.py::test_calculate_all_ratios_with_missing_data PASSED [ 46%]
tests\test_financial_ratios.py::test_calculate_all_ratios_with_empty_data PASSED [ 46%]
tests\test_financial_xero_integration.py::test_placeholder_ratio_engine SKIPPED [ 46%]
tests\test_invite_service.py::test_invitation_error_initialization PASSED [ 46%]
tests\test_invite_service.py::test_invitation_error_default_status_code PASSED [ 46%]
tests\test_invite_service.py::test_get_clerk_client_success PASSED       [ 46%]
tests\test_invite_service.py::test_get_clerk_client_missing_secret_key PASSED [ 47%]
tests\test_invite_service.py::test_extract_error_message_with_long_message PASSED [ 47%]
tests\test_invite_service.py::test_extract_error_message_without_long_message PASSED [ 47%]
tests\test_invite_service.py::test_extract_error_message_no_data PASSED  [ 47%]
tests\test_invite_service.py::test_extract_error_message_no_errors PASSED [ 47%]
tests\test_invite_service.py::test_create_invitation_success PASSED      [ 47%]
tests\test_invite_service.py::test_create_invitation_with_minimal_params PASSED [ 47%]
tests\test_invite_service.py::test_create_invitation_clerk_errors PASSED [ 47%]
tests\test_invite_service.py::test_create_invitation_sdk_error PASSED    [ 47%]
tests\test_invite_service.py::test_list_pending_invitations_success PASSED [ 47%]
tests\test_invite_service.py::test_list_pending_invitations_default_params PASSED [ 47%]
tests\test_invite_service.py::test_list_pending_invitations_clerk_errors PASSED [ 47%]
tests\test_invite_service.py::test_list_pending_invitations_sdk_error PASSED [ 47%]
tests\test_isolation_guards.py::test_database_state_can_persist_within_test PASSED [ 48%]
tests\test_isolation_guards.py::test_database_is_clean_between_tests PASSED [ 48%]
tests\test_isolation_guards.py::test_stripe_mock_records_calls PASSED    [ 48%]
tests\test_isolation_guards.py::test_stripe_mock_is_reset_between_tests PASSED [ 48%]
tests\test_marketing_api_errors.py::TestMarketingAPIErrorPaths::test_subscribe_with_invalid_email PASSED [ 48%]
tests\test_marketing_api_errors.py::TestMarketingAPIErrorPaths::test_subscribe_with_missing_email PASSED [ 48%]
tests\test_marketing_api_errors.py::TestMarketingAPIErrorPaths::test_contact_with_invalid_data PASSED [ 48%]
tests\test_marketing_api_errors.py::TestMarketingAPIErrorPaths::test_contact_with_missing_fields PASSED [ 48%]
tests\test_marketing_api_errors.py::TestMarketingAPIErrorPaths::test_contact_with_too_long_message PASSED [ 48%]
tests\test_marketing_api_errors.py::TestMarketingAPIErrorPaths::test_contact_with_too_long_name PASSED [ 48%]
tests\test_marketing_api_errors.py::TestMarketingAPIErrorPaths::test_contact_success_with_minimal_data PASSED [ 48%]
tests\test_marketing_api_errors.py::TestMarketingAPIErrorPaths::test_subscribe_success PASSED [ 48%]
tests\test_marketing_api_errors.py::TestMarketingAPIErrorPaths::test_subscribe_duplicate_email PASSED [ 48%]
tests\test_master_admin_api.py::test_master_admin_requires_auth PASSED   [ 49%]
tests\test_master_admin_api.py::test_goal_crud_flow PASSED               [ 49%]
tests\test_master_admin_api.py::test_activity_crud_and_listing PASSED    [ 49%]
tests\test_master_admin_api.py::test_scores_and_dashboard_stats PASSED   [ 49%]
tests\test_master_admin_api.py::test_focus_session_flow PASSED           [ 49%]
tests\test_master_admin_api.py::test_nudge_management PASSED             [ 49%]
tests\test_master_admin_api.py::test_meeting_template_management PASSED  [ 49%]
tests\test_master_admin_api.py::test_prospect_crud_flow PASSED           [ 49%]
tests\test_master_admin_api.py::test_deal_pipeline_flow PASSED           [ 49%]
tests\test_master_admin_api.py::test_campaign_and_recipient_management PASSED [ 49%]
tests\test_master_admin_api.py::test_content_script_and_piece_flow PASSED [ 49%]
tests\test_master_admin_api.py::test_lead_capture_flow PASSED            [ 49%]
tests\test_master_admin_api.py::test_collateral_library_flow PASSED      [ 50%]
tests\test_master_admin_models.py::TestAdminGoalModel::test_create_admin_goal PASSED [ 50%]
tests\test_master_admin_models.py::TestAdminGoalModel::test_admin_goal_unique_constraint PASSED [ 50%]
tests\test_master_admin_models.py::TestAdminGoalModel::test_admin_goal_defaults PASSED [ 50%]
tests\test_master_admin_models.py::TestAdminGoalModel::test_admin_goal_repr PASSED [ 50%]
tests\test_master_admin_models.py::TestAdminActivityModel::test_create_admin_activity PASSED [ 50%]
tests\test_master_admin_models.py::TestAdminActivityModel::test_admin_activity_type_constraint SKIPPED [ 50%]
tests\test_master_admin_models.py::TestAdminActivityModel::test_admin_activity_status_constraint SKIPPED [ 50%]
tests\test_master_admin_models.py::TestAdminActivityModel::test_admin_activity_default_amount PASSED [ 50%]
tests\test_master_admin_models.py::TestAdminActivityModel::test_admin_activity_with_prospect PASSED [ 50%]
tests\test_master_admin_models.py::TestAdminScoreModel::test_create_admin_score PASSED [ 50%]
tests\test_master_admin_models.py::TestAdminScoreModel::test_admin_score_range_constraint PASSED [ 50%]
tests\test_master_admin_models.py::TestAdminScoreModel::test_admin_score_unique_constraint PASSED [ 50%]
tests\test_master_admin_models.py::TestAdminScoreModel::test_admin_score_defaults PASSED [ 51%]
tests\test_master_admin_models.py::TestAdminFocusSessionModel::test_create_focus_session PASSED [ 51%]
tests\test_master_admin_models.py::TestAdminFocusSessionModel::test_complete_focus_session PASSED [ 51%]
tests\test_master_admin_models.py::TestAdminFocusSessionModel::test_interrupted_focus_session PASSED [ 51%]
tests\test_master_admin_models.py::TestAdminNudgeModel::test_create_nudge PASSED [ 51%]
tests\test_master_admin_models.py::TestAdminNudgeModel::test_nudge_type_constraint SKIPPED [ 51%]
tests\test_master_admin_models.py::TestAdminNudgeModel::test_nudge_priority_constraint SKIPPED [ 51%]
tests\test_master_admin_models.py::TestAdminNudgeModel::test_mark_nudge_as_read PASSED [ 51%]
tests\test_master_admin_models.py::TestAdminMeetingModel::test_create_meeting_template PASSED [ 51%]
tests\test_master_admin_models.py::TestAdminMeetingModel::test_meeting_type_constraint SKIPPED [ 51%]
tests\test_master_admin_models.py::TestAdminMeetingModel::test_meeting_default_duration PASSED [ 51%]
tests\test_models_financial_connection.py::test_create_financial_connection PASSED [ 51%]
tests\test_models_financial_connection.py::test_financial_connection_with_optional_fields PASSED [ 51%]
tests\test_models_financial_connection.py::test_financial_connection_cascade_delete_with_deal PASSED [ 52%]
tests\test_models_financial_connection.py::test_financial_connection_relationship_to_deal PASSED [ 52%]
tests\test_models_financial_connection.py::test_financial_connection_soft_delete PASSED [ 52%]
tests\test_models_financial_connection.py::test_financial_connection_status_values PASSED [ 52%]
tests\test_netsuite_integration.py::test_netsuite_rest_api_client_can_be_imported SKIPPED [ 52%]
tests\test_netsuite_integration.py::test_real_netsuite_client_class_exists SKIPPED [ 52%]
tests\test_netsuite_integration.py::test_netsuite_oauth_url_uses_real_credentials SKIPPED [ 52%]
tests\test_netsuite_integration.py::test_netsuite_client_has_real_configuration SKIPPED [ 52%]
tests\test_netsuite_integration.py::test_token_exchange_structure_matches_netsuite_api SKIPPED [ 52%]
tests\test_netsuite_integration.py::test_get_connections_returns_real_company_structure SKIPPED [ 52%]
tests\test_netsuite_integration.py::test_balance_sheet_import_uses_real_netsuite_api_format SKIPPED [ 52%]
tests\test_netsuite_integration.py::test_netsuite_rest_api_error_handling SKIPPED [ 52%]
tests\test_netsuite_integration.py::test_netsuite_account_id_configuration SKIPPED [ 52%]
tests\test_netsuite_integration.py::test_full_netsuite_oauth_flow_with_real_api SKIPPED [ 53%]
tests\test_notification_service.py::test_check_preferences_returns_true_when_no_prefs_exist PASSED [ 53%]
tests\test_notification_service.py::test_check_preferences_returns_false_when_email_disabled PASSED [ 53%]
tests\test_notification_service.py::test_check_preferences_returns_false_when_type_disabled PASSED [ 53%]
tests\test_notification_service.py::test_check_preferences_returns_true_when_type_enabled PASSED [ 53%]
tests\test_notification_service.py::test_check_preferences_unknown_type_defaults_to_allowed PASSED [ 53%]
tests\test_notification_service.py::test_send_notification_skips_when_preference_disabled PASSED [ 53%]
tests\test_notification_service.py::test_send_notification_sends_email_when_allowed PASSED [ 53%]
tests\test_notification_service.py::test_send_notification_unsupported_channel PASSED [ 53%]
tests\test_notification_service.py::test_send_notification_template_error PASSED [ 53%]
tests\test_notification_service.py::test_send_notification_user_not_found PASSED [ 53%]
tests\test_notification_service.py::test_get_template_name_maps_correctly PASSED [ 53%]
tests\test_notification_service.py::test_get_template_name_defaults_for_unknown PASSED [ 53%]
tests\test_notification_service.py::test_get_email_subject_maps_correctly PASSED [ 54%]
tests\test_notification_service.py::test_get_email_subject_defaults_for_unknown PASSED [ 54%]
tests\test_notification_service.py::test_get_email_subject_handles_missing_event_name PASSED [ 54%]
tests\test_notifications_api.py::TestNotificationPreferencesAPI::test_get_preferences_returns_defaults_when_none_exist PASSED [ 54%]
tests\test_notifications_api.py::TestNotificationPreferencesAPI::test_get_preferences_returns_user_preferences PASSED [ 54%]
tests\test_notifications_api.py::TestNotificationPreferencesAPI::test_update_preferences_creates_new_preferences PASSED [ 54%]
tests\test_notifications_api.py::TestNotificationPreferencesAPI::test_update_preferences_updates_existing_preferences PASSED [ 54%]
tests\test_notifications_api.py::TestNotificationPreferencesAPI::test_update_preferences_partial_update PASSED [ 54%]
tests\test_notifications_api.py::TestNotificationPreferencesAPI::test_update_preferences_all_fields PASSED [ 54%]
tests\test_organization_service.py::TestOrganizationService::test_upsert_from_clerk_creates_with_defaults PASSED [ 54%]
tests\test_organization_service.py::TestOrganizationService::test_upsert_from_clerk_normalizes_subscription_tier PASSED [ 54%]
tests\test_organization_service.py::TestOrganizationService::test_upsert_from_clerk_falls_back_to_starter_on_invalid_tier PASSED [ 54%]
tests\test_organization_service.py::TestOrganizationService::test_upsert_from_clerk_generates_unique_slug PASSED [ 55%]
tests\test_organization_service.py::TestOrganizationService::test_deactivate_organization_marks_inactive PASSED [ 55%]
tests\test_path_safety.py::test_pytest_ignore_collect_delegates_to_path_safety PASSED [ 55%]
tests\test_path_safety.py::test_reserved_name_detection_handles_strings PASSED [ 55%]
tests\test_path_safety.py::test_reserved_name_detection_handles_py_path_like_objects PASSED [ 55%]
tests\test_path_safety.py::test_should_ignore_path_only_on_windows PASSED [ 55%]
tests\test_pipeline_template_api.py::test_create_and_list_pipeline_templates PASSED [ 55%]
tests\test_pipeline_template_api.py::test_update_pipeline_template PASSED [ 55%]
tests\test_pipeline_template_api.py::test_delete_pipeline_template PASSED [ 55%]
tests\test_pipeline_template_api_errors.py::TestPipelineTemplateAPIErrorPaths::test_get_template_returns_404_when_not_found PASSED [ 55%]
tests\test_pipeline_template_api_errors.py::TestPipelineTemplateAPIErrorPaths::test_update_template_returns_404_when_not_found PASSED [ 55%]
tests\test_pipeline_template_api_errors.py::TestPipelineTemplateAPIErrorPaths::test_delete_template_returns_404_when_not_found PASSED [ 55%]
tests\test_pipeline_template_api_errors.py::TestPipelineTemplateAPIErrorPaths::test_get_template_returns_404_when_from_other_org PASSED [ 55%]
tests\test_pipeline_template_api_errors.py::TestPipelineTemplateAPIErrorPaths::test_update_template_returns_404_when_from_other_org PASSED [ 56%]
tests\test_pipeline_template_api_errors.py::TestPipelineTemplateAPIErrorPaths::test_delete_template_returns_404_when_from_other_org PASSED [ 56%]
tests\test_pipeline_template_api_errors.py::TestPipelineTemplateAPIErrorPaths::test_list_templates_only_shows_own_org PASSED [ 56%]
tests\test_pipeline_template_schemas.py::test_stage_color_normalizes_to_uppercase_hex PASSED [ 56%]
tests\test_pipeline_template_schemas.py::test_stage_color_without_hash_gets_hash_prefix PASSED [ 56%]
tests\test_pipeline_template_schemas.py::test_stage_color_with_hash_preserves_hash_and_uppercases PASSED [ 56%]
tests\test_pipeline_template_schemas.py::test_template_requires_at_least_one_stage PASSED [ 56%]
tests\test_podcast_api.py::TestPodcastEpisodeCreation::test_starter_user_blocked_from_creating_episode PASSED [ 56%]
tests\test_podcast_api.py::TestPodcastEpisodeCreation::test_quota_service_passes_db_session PASSED [ 56%]
tests\test_podcast_api.py::TestPodcastEpisodeCreation::test_professional_user_can_create_episode PASSED [ 56%]
tests\test_podcast_api.py::TestPodcastEpisodeCreation::test_professional_user_quota_exceeded_returns_429 PASSED [ 56%]
tests\test_podcast_api.py::TestPodcastEpisodeCreation::test_professional_user_blocked_from_video_episode PASSED [ 56%]
tests\test_podcast_api.py::TestPodcastEpisodeCreation::test_premium_user_can_create_video_episode PASSED [ 56%]
tests\test_podcast_api.py::TestPodcastUsageEndpoint::test_usage_endpoint_returns_quota_summary_for_professional PASSED [ 57%]
tests\test_podcast_api.py::TestPodcastUsageEndpoint::test_usage_endpoint_reports_unlimited_for_premium PASSED [ 57%]
tests\test_podcast_api.py::TestPodcastUsageEndpoint::test_usage_endpoint_blocks_starter_tier PASSED [ 57%]
tests\test_podcast_api.py::TestPodcastUsageEndpoint::test_usage_endpoint_sets_warning_headers_when_near_limit PASSED [ 57%]
tests\test_podcast_api.py::TestPodcastUsageEndpoint::test_usage_endpoint_sets_upgrade_headers_when_quota_exceeded PASSED [ 57%]
tests\test_podcast_api.py::TestPodcastFeatureAccessEndpoint::test_feature_access_returns_true_for_authorized_tier PASSED [ 57%]
tests\test_podcast_api.py::TestPodcastFeatureAccessEndpoint::test_feature_access_returns_false_for_insufficient_tier PASSED [ 57%]
tests\test_podcast_api.py::TestPodcastFeatureAccessEndpoint::test_feature_access_returns_404_for_unknown_feature PASSED [ 57%]
tests\test_podcast_api.py::TestPodcastListEndpoint::test_list_episodes_returns_organizations_episodes PASSED [ 57%]
tests\test_podcast_api.py::TestPodcastListEndpoint::test_list_episodes_filters_by_status PASSED [ 57%]
tests\test_podcast_api.py::TestPodcastGetSingleEndpoint::test_get_single_episode_returns_episode PASSED [ 57%]
tests\test_podcast_api.py::TestPodcastGetSingleEndpoint::test_get_single_episode_returns_404_when_not_found PASSED [ 57%]
tests\test_podcast_api.py::TestPodcastUpdateEndpoint::test_update_episode_modifies_fields PASSED [ 57%]
tests\test_podcast_api.py::TestPodcastDeleteEndpoint::test_delete_episode_removes_episode PASSED [ 58%]
tests\test_podcast_api.py::TestPodcastDeleteEndpoint::test_delete_episode_returns_404_when_not_found PASSED [ 58%]
tests\test_podcast_api.py::TestPodcastYouTubeUpload::test_premium_user_can_publish_video_to_youtube PASSED [ 58%]
tests\test_podcast_api.py::TestPodcastYouTubeUpload::test_podcast_youtube_upload_requires_video_asset PASSED [ 58%]
tests\test_podcast_api.py::TestPodcastYouTubeUpload::test_youtube_upload_permission_error_returns_403 PASSED [ 58%]
tests\test_podcast_api.py::TestFeatureAccessEndpoint::test_feature_access_includes_labels_when_access_granted PASSED [ 58%]
tests\test_podcast_api.py::TestFeatureAccessEndpoint::test_feature_access_includes_upgrade_message_when_denied PASSED [ 58%]
tests\test_podcast_api.py::TestFeatureAccessEndpoint::test_feature_access_returns_404_for_unknown_feature PASSED [ 58%]
tests\test_podcast_api.py::TestAudioUpload::test_upload_audio_professional_success PASSED [ 58%]
tests\test_podcast_api.py::TestAudioUpload::test_upload_audio_starter_blocked PASSED [ 58%]
tests\test_podcast_api.py::TestAudioUpload::test_upload_audio_validates_file_format PASSED [ 58%]
tests\test_podcast_api.py::TestAudioUpload::test_upload_audio_validates_file_size PASSED [ 58%]
tests\test_podcast_api.py::TestAudioUpload::test_upload_audio_updates_episode_audio_url PASSED [ 58%]
tests\test_podcast_api.py::TestVideoUpload::test_upload_video_premium_success PASSED [ 59%]
tests\test_podcast_api.py::TestVideoUpload::test_upload_video_professional_blocked PASSED [ 59%]
tests\test_podcast_api.py::TestVideoUpload::test_upload_video_validates_file_format PASSED [ 59%]
tests\test_podcast_api.py::TestVideoUpload::test_upload_video_validates_file_size PASSED [ 59%]
tests\test_podcast_api.py::TestVideoUpload::test_upload_video_generates_thumbnail PASSED [ 59%]
tests\test_podcast_api.py::TestVideoUpload::test_upload_video_accepts_mov_format PASSED [ 59%]
tests\test_podcast_api.py::TestVideoUpload::test_upload_video_updates_episode_video_url PASSED [ 59%]
tests\test_podcast_api.py::TestTranscription::test_transcribe_audio_professional_success PASSED [ 59%]
tests\test_podcast_api.py::TestTranscription::test_transcribe_starter_blocked PASSED [ 59%]
tests\test_podcast_api.py::TestTranscription::test_transcribe_requires_audio_file PASSED [ 59%]
tests\test_podcast_api.py::TestTranscription::test_transcribe_updates_episode_transcript PASSED [ 59%]
tests\test_podcast_api.py::TestTranscription::test_transcribe_handles_whisper_api_error PASSED [ 59%]
tests\test_podcast_api.py::TestTranscription::test_transcribe_multi_language_requires_enterprise PASSED [ 60%]
tests\test_podcast_api.py::TestTranscription::test_transcribe_multi_language_enterprise_success PASSED [ 60%]
tests\test_podcast_api.py::TestTranscription::test_transcribe_response_includes_metadata PASSED [ 60%]
tests\test_podcast_api.py::TestTranscriptDownload::test_download_transcript_txt_success PASSED [ 60%]
tests\test_podcast_api.py::TestTranscriptDownload::test_download_transcript_srt_success PASSED [ 60%]
tests\test_podcast_api.py::TestTranscriptDownload::test_download_transcript_requires_transcript PASSED [ 60%]
tests\test_podcast_api.py::TestTranscriptDownload::test_download_transcript_starter_blocked PASSED [ 60%]
tests\test_podcast_api.py::TestThumbnailGeneration::test_generate_thumbnail_premium_success PASSED [ 60%]
tests\test_podcast_api.py::TestThumbnailGeneration::test_generate_thumbnail_requires_video PASSED [ 60%]
tests\test_podcast_api.py::TestThumbnailGeneration::test_generate_thumbnail_professional_blocked PASSED [ 60%]
tests\test_podcast_service.py::TestPodcastService::test_create_episode PASSED [ 60%]
tests\test_podcast_service.py::TestPodcastService::test_get_episodes_filters_by_status PASSED [ 60%]
tests\test_podcast_service.py::TestPodcastService::test_publish_episode_sets_timestamp PASSED [ 60%]
tests\test_podcast_service.py::TestPodcastService::test_transcribe_episode_uses_whisper PASSED [ 61%]
tests\test_podcast_service.py::TestPodcastService::test_transcribe_episode_requires_entitlement PASSED [ 61%]
tests\test_podcast_service.py::TestPodcastService::test_get_episode_analytics_aggregates_platform_totals PASSED [ 61%]
tests\test_podcast_service.py::TestPodcastService::test_generate_rss_feed_includes_published_episodes PASSED [ 61%]
tests\test_podcast_service.py::TestPodcastService::test_multi_tenant_isolation PASSED [ 61%]
tests\test_podcast_service.py::TestPodcastService::test_update_episode_mutates_fields PASSED [ 61%]
tests\test_podcast_service.py::TestPodcastService::test_delete_episode_removes_record PASSED [ 61%]
tests\test_podcast_service.py::TestPodcastService::test_transcribe_episode_missing_episode_raises PASSED [ 61%]
tests\test_quickbooks_integration.py::test_quickbooks_python_sdk_can_be_imported SKIPPED [ 61%]
tests\test_quickbooks_integration.py::test_real_quickbooks_client_class_exists SKIPPED [ 61%]
tests\test_quickbooks_integration.py::test_quickbooks_oauth_url_uses_real_credentials SKIPPED [ 61%]
tests\test_quickbooks_integration.py::test_quickbooks_client_has_real_configuration SKIPPED [ 61%]
tests\test_quickbooks_integration.py::test_token_exchange_structure_matches_quickbooks_api SKIPPED [ 61%]
tests\test_quickbooks_integration.py::test_get_connections_returns_real_company_structure SKIPPED [ 62%]
tests\test_quickbooks_integration.py::test_balance_sheet_import_uses_real_quickbooks_api_format SKIPPED [ 62%]
tests\test_quickbooks_integration.py::test_quickbooks_sdk_error_handling SKIPPED [ 62%]
tests\test_quickbooks_integration.py::test_full_quickbooks_oauth_flow_with_real_api SKIPPED [ 62%]
tests\test_quota_service.py::TestCheckEpisodeQuota::test_professional_tier_allows_creation_within_quota PASSED [ 62%]
tests\test_quota_service.py::TestCheckEpisodeQuota::test_professional_tier_blocks_creation_at_quota_limit PASSED [ 62%]
tests\test_quota_service.py::TestCheckEpisodeQuota::test_premium_tier_unlimited_never_blocks PASSED [ 62%]
tests\test_quota_service.py::TestCheckEpisodeQuota::test_enterprise_tier_unlimited_never_blocks PASSED [ 62%]
tests\test_quota_service.py::TestCheckEpisodeQuota::test_starter_tier_blocks_all_podcast_creation PASSED [ 62%]
tests\test_quota_service.py::TestGetRemainingQuota::test_professional_tier_returns_correct_remaining PASSED [ 62%]
tests\test_quota_service.py::TestGetRemainingQuota::test_premium_tier_returns_unlimited_indicator PASSED [ 62%]
tests\test_quota_service.py::TestGetRemainingQuota::test_returns_zero_when_quota_exhausted PASSED [ 62%]
tests\test_quota_service.py::TestIncrementEpisodeCount::test_increments_usage_count_in_database PASSED [ 62%]
tests\test_quota_service.py::TestIncrementEpisodeCount::test_sync_session_increments_usage PASSED [ 63%]
tests\test_quota_service.py::TestIncrementEpisodeCount::test_creates_new_usage_record_for_first_episode PASSED [ 63%]
tests\test_quota_service.py::TestGetMonthlyUsage::test_returns_current_month_usage_count PASSED [ 63%]
tests\test_quota_service.py::TestGetMonthlyUsage::test_sync_session_returns_usage PASSED [ 63%]
tests\test_quota_service.py::TestGetMonthlyUsage::test_returns_zero_when_no_usage_records PASSED [ 63%]
tests\test_quota_service.py::TestQuotaExceededError::test_quota_exceeded_error_has_clear_message PASSED [ 63%]
tests\test_quota_service.py::TestQuotaExceededError::test_quota_exceeded_error_includes_upgrade_guidance PASSED [ 63%]
tests\test_quota_service.py::TestGetQuotaSummary::test_returns_professional_summary PASSED [ 63%]
tests\test_quota_service.py::TestGetQuotaSummary::test_returns_unlimited_summary PASSED [ 63%]
tests\test_quota_service.py::TestGetQuotaSummary::test_sets_warning_status_when_usage_exceeds_eighty_percent PASSED [ 63%]
tests\test_quota_service.py::TestGetQuotaSummary::test_sets_critical_status_when_usage_exceeds_ninety_percent PASSED [ 63%]
tests\test_quota_service.py::TestGetQuotaSummary::test_includes_period_bounds_for_monthly_reset PASSED [ 63%]
tests\test_quota_service.py::TestGetQuotaSummary::test_usage_resets_when_new_month_starts PASSED [ 64%]
tests\test_quota_service.py::TestGetQuotaSummary::test_marks_quota_exceeded_as_upgrade_required PASSED [ 64%]
tests\test_quota_service.py::TestResetMonthlyUsage::test_reset_monthly_usage_helper_is_defined PASSED [ 64%]
tests\test_quota_service.py::TestResetMonthlyUsage::test_reset_monthly_usage_creates_zero_record PASSED [ 64%]
tests\test_quota_service.py::TestResetMonthlyUsage::test_reset_monthly_usage_is_idempotent PASSED [ 64%]
tests\test_quota_service.py::TestMonthlyQuotaReset::test_quota_resets_when_new_billing_cycle_starts PASSED [ 64%]
tests\test_quota_service.py::TestMonthlyQuotaReset::test_usage_count_returns_zero_in_new_month PASSED [ 64%]
tests\test_quota_service.py::TestMonthlyQuotaReset::test_remaining_quota_resets_after_month_boundary PASSED [ 64%]
tests\test_rbac.py::test_get_current_admin_user_with_admin PASSED        [ 64%]
tests\test_rbac.py::test_get_current_admin_user_with_non_admin PASSED    [ 64%]
tests\test_rbac.py::test_require_role_exact_match PASSED                 [ 64%]
tests\test_rbac.py::test_require_role_no_match PASSED                    [ 64%]
tests\test_rbac.py::test_require_role_admin_override PASSED              [ 64%]
tests\test_rbac.py::test_require_min_role_exact_match PASSED             [ 65%]
tests\test_rbac.py::test_require_min_role_higher_role PASSED             [ 65%]
tests\test_rbac.py::test_require_min_role_lower_role PASSED              [ 65%]
tests\test_rbac.py::test_require_min_role_admin_override PASSED          [ 65%]
tests\test_rbac.py::test_role_hierarchy PASSED                           [ 65%]
tests\test_rbac_imports.py::test_rbac_imports_success PASSED             [ 65%]
tests\test_rbac_imports.py::test_rbac_imports_match_auth_module PASSED   [ 65%]
tests\test_s3_storage_service.py::TestS3StorageServiceInitialization::test_initialization_with_valid_credentials SKIPPED [ 65%]
tests\test_s3_storage_service.py::TestS3StorageServiceInitialization::test_initialization_fails_without_credentials SKIPPED [ 65%]
tests\test_s3_storage_service.py::TestS3StorageServiceInitialization::test_initialization_fails_with_partial_credentials SKIPPED [ 65%]
tests\test_s3_storage_service.py::TestS3StorageServiceFileKey::test_generate_file_key_creates_unique_hash SKIPPED [ 65%]
tests\test_s3_storage_service.py::TestS3StorageServiceFileKey::test_generate_file_key_is_unique SKIPPED [ 65%]
tests\test_s3_storage_service.py::TestS3StorageServiceFileOperations::test_save_file_uploads_successfully SKIPPED [ 65%]
tests\test_s3_storage_service.py::TestS3StorageServiceFileOperations::test_save_file_includes_metadata SKIPPED [ 66%]
tests\test_s3_storage_service.py::TestS3StorageServiceFileOperations::test_save_file_handles_client_error SKIPPED [ 66%]
tests\test_s3_storage_service.py::TestS3StorageServiceFileOperations::test_get_file_path_returns_presigned_url SKIPPED [ 66%]
tests\test_s3_storage_service.py::TestS3StorageServiceFileOperations::test_get_file_path_raises_error_for_missing_file SKIPPED [ 66%]
tests\test_s3_storage_service.py::TestS3StorageServiceFileOperations::test_delete_file_removes_from_storage SKIPPED [ 66%]
tests\test_s3_storage_service.py::TestS3StorageServiceFileOperations::test_delete_file_returns_false_for_missing_file SKIPPED [ 66%]
tests\test_s3_storage_service.py::TestS3StorageServiceFileOperations::test_file_exists_returns_true_for_existing_file SKIPPED [ 66%]
tests\test_s3_storage_service.py::TestS3StorageServiceFileOperations::test_file_exists_returns_false_for_missing_file SKIPPED [ 66%]
tests\test_s3_storage_service.py::TestS3StorageServiceFileOperations::test_get_file_size_returns_content_length SKIPPED [ 66%]
tests\test_s3_storage_service.py::TestS3StorageServiceFileOperations::test_get_file_size_raises_error_for_missing_file SKIPPED [ 66%]
tests\test_s3_storage_service.py::TestS3StorageServicePresignedURLs::test_get_presigned_url_generates_valid_url SKIPPED [ 66%]
tests\test_s3_storage_service.py::TestS3StorageServicePresignedURLs::test_get_presigned_url_default_expiration SKIPPED [ 66%]
tests\test_s3_storage_service.py::TestS3StorageServiceContentTypes::test_guess_content_type_pdf SKIPPED [ 66%]
tests\test_s3_storage_service.py::TestS3StorageServiceContentTypes::test_guess_content_type_mp4 SKIPPED [ 67%]
tests\test_s3_storage_service.py::TestS3StorageServiceContentTypes::test_guess_content_type_unknown SKIPPED [ 67%]
tests\test_sage_integration.py::test_sage_rest_api_client_can_be_imported SKIPPED [ 67%]
tests\test_sage_integration.py::test_real_sage_client_class_exists SKIPPED [ 67%]
tests\test_sage_integration.py::test_sage_oauth_url_uses_real_credentials SKIPPED [ 67%]
tests\test_sage_integration.py::test_sage_client_has_real_configuration SKIPPED [ 67%]
tests\test_sage_integration.py::test_token_exchange_structure_matches_sage_api SKIPPED [ 67%]
tests\test_sage_integration.py::test_get_connections_returns_real_business_structure SKIPPED [ 67%]
tests\test_sage_integration.py::test_balance_sheet_import_uses_real_sage_api_format SKIPPED [ 67%]
tests\test_sage_integration.py::test_sage_rest_api_error_handling SKIPPED [ 67%]
tests\test_sage_integration.py::test_full_sage_oauth_flow_with_real_api SKIPPED [ 67%]
tests\test_security_utils.py::TestAuthError::test_auth_error_default_message PASSED [ 67%]
tests\test_security_utils.py::TestAuthError::test_auth_error_custom_message PASSED [ 67%]
tests\test_security_utils.py::TestVerifyWebhookSignature::test_verify_webhook_signature_valid PASSED [ 68%]
tests\test_security_utils.py::TestVerifyWebhookSignature::test_verify_webhook_signature_invalid PASSED [ 68%]
tests\test_security_utils.py::TestVerifyWebhookSignature::test_verify_webhook_signature_missing_secret PASSED [ 68%]
tests\test_security_utils.py::TestVerifyWebhookSignature::test_verify_webhook_signature_missing_signature PASSED [ 68%]
tests\test_security_utils.py::TestDecodeClerkJWT::test_decode_clerk_jwt_valid_token PASSED [ 68%]
tests\test_security_utils.py::TestDecodeClerkJWT::test_decode_clerk_jwt_invalid_token PASSED [ 68%]
tests\test_security_utils.py::TestDecodeClerkJWT::test_decode_clerk_jwt_wrong_secret PASSED [ 68%]
tests\test_security_utils.py::TestDecodeClerkJWT::test_decode_clerk_jwt_missing_secret_key PASSED [ 68%]
tests\test_security_utils.py::TestDecodeClerkJWT::test_decode_clerk_jwt_expired_token PASSED [ 68%]
tests\test_storage_factory.py::TestStorageServiceFactory::test_factory_returns_local_storage_by_default PASSED [ 68%]
tests\test_storage_factory.py::TestStorageServiceFactory::test_factory_returns_s3_storage_when_enabled SKIPPED [ 68%]
tests\test_storage_factory.py::TestStorageServiceFactory::test_factory_returns_singleton PASSED [ 68%]
tests\test_storage_factory.py::TestStorageServiceFactory::test_local_storage_implements_protocol PASSED [ 69%]
tests\test_storage_factory.py::TestStorageServiceFactory::test_s3_storage_implements_protocol SKIPPED [ 69%]
tests\test_subscription.py::TestGetOrganizationTier::test_returns_professional_tier_when_set_in_metadata PASSED [ 69%]
tests\test_subscription.py::TestGetOrganizationTier::test_returns_premium_tier_when_set_in_metadata PASSED [ 69%]
tests\test_subscription.py::TestGetOrganizationTier::test_returns_enterprise_tier_when_set_in_metadata PASSED [ 69%]
tests\test_subscription.py::TestGetOrganizationTier::test_defaults_to_starter_when_metadata_missing PASSED [ 69%]
tests\test_subscription.py::TestGetOrganizationTier::test_defaults_to_starter_when_metadata_is_none PASSED [ 69%]
tests\test_subscription.py::TestGetOrganizationTier::test_defaults_to_starter_when_tier_value_invalid PASSED [ 69%]
tests\test_subscription.py::TestGetOrganizationTier::test_raises_clerk_api_error_when_org_not_found PASSED [ 69%]
tests\test_subscription.py::TestGetOrganizationTier::test_raises_clerk_api_error_when_network_fails PASSED [ 69%]
tests\test_subscription.py::TestGetOrganizationTier::test_caches_tier_data_for_performance PASSED [ 69%]
tests\test_subscription.py::TestGetOrganizationTier::test_cache_respects_ttl PASSED [ 69%]
tests\test_subscription.py::TestSubscriptionTierEnum::test_starter_tier_exists PASSED [ 69%]
tests\test_subscription.py::TestSubscriptionTierEnum::test_professional_tier_exists PASSED [ 70%]
tests\test_subscription.py::TestSubscriptionTierEnum::test_premium_tier_exists PASSED [ 70%]
tests\test_subscription.py::TestSubscriptionTierEnum::test_enterprise_tier_exists PASSED [ 70%]
tests\test_subscription.py::TestSubscriptionTierEnum::test_tier_comparison PASSED [ 70%]
tests\test_subscription.py::TestClerkAPIError::test_clerk_api_error_message PASSED [ 70%]
tests\test_subscription.py::TestClerkAPIError::test_clerk_api_error_with_original_exception PASSED [ 70%]
tests\test_subscription_core.py::TestSubscriptionTierComparison::test_tier_less_than_comparison PASSED [ 70%]
tests\test_subscription_core.py::TestSubscriptionTierComparison::test_tier_not_less_than_same PASSED [ 70%]
tests\test_subscription_core.py::TestSubscriptionTierComparison::test_tier_not_less_than_higher PASSED [ 70%]
tests\test_subscription_core.py::TestSubscriptionTierComparison::test_tier_less_than_non_tier_returns_not_implemented PASSED [ 70%]
tests\test_subscription_core.py::TestGetOrganizationTier::test_get_organization_tier_with_valid_metadata PASSED [ 70%]
tests\test_subscription_core.py::TestGetOrganizationTier::test_get_organization_tier_defaults_to_starter_when_missing PASSED [ 70%]
tests\test_subscription_core.py::TestGetOrganizationTier::test_get_organization_tier_defaults_to_starter_when_invalid PASSED [ 70%]
tests\test_subscription_core.py::TestGetOrganizationTier::test_get_organization_tier_uses_cache PASSED [ 71%]
tests\test_subscription_core.py::TestGetOrganizationTier::test_get_organization_tier_refreshes_expired_cache PASSED [ 71%]
tests\test_subscription_core.py::TestGetOrganizationTier::test_get_organization_tier_raises_clerk_api_error_on_failure PASSED [ 71%]
tests\test_subscription_core.py::TestClearTierCache::test_clear_tier_cache_specific_org PASSED [ 71%]
tests\test_subscription_core.py::TestClearTierCache::test_clear_tier_cache_all PASSED [ 71%]
tests\test_subscription_core.py::TestClearTierCache::test_clear_tier_cache_nonexistent_org PASSED [ 71%]
tests\test_subscription_core.py::TestClerkAPIError::test_clerk_api_error_can_be_raised PASSED [ 71%]
tests\test_subscription_error_paths.py::test_create_checkout_session_value_error PASSED [ 71%]
tests\test_subscription_error_paths.py::test_create_checkout_session_general_exception PASSED [ 71%]
tests\test_subscription_error_paths.py::test_get_my_subscription_not_found PASSED [ 71%]
tests\test_subscription_error_paths.py::test_billing_dashboard_no_subscription PASSED [ 71%]
tests\test_subscription_error_paths.py::test_billing_dashboard_with_subscription PASSED [ 71%]
tests\test_subscription_error_paths.py::test_billing_dashboard_zero_counts PASSED [ 71%]
tests\test_subscription_error_paths.py::test_change_tier_value_error PASSED [ 72%]
tests\test_subscription_error_paths.py::test_change_tier_general_exception PASSED [ 72%]
tests\test_subscription_error_paths.py::test_cancel_subscription_value_error PASSED [ 72%]
tests\test_subscription_error_paths.py::test_cancel_subscription_general_exception PASSED [ 72%]
tests\test_subscription_error_paths.py::test_get_all_tiers_success PASSED [ 72%]
tests\test_subscription_error_paths.py::test_stripe_webhook_missing_secret PASSED [ 72%]
tests\test_subscription_error_paths.py::test_stripe_webhook_invalid_payload SKIPPED [ 72%]
tests\test_subscription_error_paths.py::test_stripe_webhook_invalid_signature SKIPPED [ 72%]
tests\test_subscription_error_paths.py::test_stripe_webhook_successful_events SKIPPED [ 72%]
tests\test_subscription_error_paths.py::test_stripe_webhook_handler_exception_caught SKIPPED [ 72%]
tests\test_subscription_error_paths.py::test_stripe_webhook_routes_events[checkout.session.completed-handle_checkout_completed] PASSED [ 72%]
tests\test_subscription_error_paths.py::test_stripe_webhook_routes_events[invoice.paid-handle_invoice_paid] PASSED [ 72%]
tests\test_subscription_error_paths.py::test_stripe_webhook_routes_events[customer.subscription.updated-handle_subscription_updated] PASSED [ 73%]
tests\test_subscription_error_paths.py::test_stripe_webhook_routes_events[customer.subscription.deleted-handle_subscription_deleted] PASSED [ 73%]
tests\test_subscription_model.py::test_create_subscription PASSED        [ 73%]
tests\test_subscription_model.py::test_subscription_defaults PASSED      [ 73%]
tests\test_subscription_model.py::test_subscription_tier_enum_values PASSED [ 73%]
tests\test_subscription_model.py::test_subscription_status_transitions PASSED [ 73%]
tests\test_subscription_model.py::test_subscription_cancellation_scheduling PASSED [ 73%]
tests\test_subscription_model.py::test_subscription_trial_period PASSED  [ 73%]
tests\test_subscription_model.py::test_subscription_unique_per_organization PASSED [ 73%]
tests\test_subscription_model.py::test_subscription_relationship_to_organization PASSED [ 73%]
tests\test_subscription_model.py::test_create_invoice PASSED             [ 73%]
tests\test_subscription_model.py::test_invoice_statuses PASSED           [ 73%]
tests\test_subscription_model.py::test_invoice_relationship_to_subscription PASSED [ 73%]
tests\test_subscription_model.py::test_invoice_pdf_url_storage PASSED    [ 74%]
tests\test_subscription_model.py::test_subscription_cascade_delete_invoices PASSED [ 74%]
tests\test_subscription_service_edge_cases.py::test_create_checkout_session_with_invalid_tier PASSED [ 74%]
tests\test_subscription_service_edge_cases.py::test_create_checkout_session_with_missing_organization PASSED [ 74%]
tests\test_subscription_service_edge_cases.py::test_create_checkout_session_with_none_db PASSED [ 74%]
tests\test_subscription_service_edge_cases.py::test_create_checkout_session_with_annual_billing PASSED [ 74%]
tests\test_subscription_service_edge_cases.py::test_create_checkout_session_reuses_existing_customer_id PASSED [ 74%]
tests\test_subscription_service_edge_cases.py::test_create_checkout_session_with_custom_urls PASSED [ 74%]
tests\test_subscription_service_edge_cases.py::test_update_subscription_tier_with_none_db PASSED [ 74%]
tests\test_subscription_service_edge_cases.py::test_update_subscription_tier_with_no_subscription PASSED [ 74%]
tests\test_subscription_service_edge_cases.py::test_update_subscription_tier_with_no_stripe_subscription_id PASSED [ 74%]
tests\test_subscription_service_edge_cases.py::test_update_subscription_tier_with_invalid_tier PASSED [ 74%]
tests\test_subscription_service_edge_cases.py::test_update_subscription_tier_without_proration PASSED [ 74%]
tests\test_subscription_service_edge_cases.py::test_update_subscription_tier_prorates_by_default PASSED [ 75%]
tests\test_subscription_service_edge_cases.py::test_cancel_subscription_with_none_db PASSED [ 75%]
tests\test_subscription_service_edge_cases.py::test_cancel_subscription_with_no_subscription PASSED [ 75%]
tests\test_subscription_service_edge_cases.py::test_cancel_subscription_with_no_stripe_subscription_id PASSED [ 75%]
tests\test_subscription_service_edge_cases.py::test_cancel_subscription_immediately PASSED [ 75%]
tests\test_subscription_service_edge_cases.py::test_cancel_subscription_at_period_end PASSED [ 75%]
tests\test_subscription_service_edge_cases.py::test_create_billing_portal_requires_db PASSED [ 75%]
tests\test_subscription_service_edge_cases.py::test_create_billing_portal_requires_active_subscription PASSED [ 75%]
tests\test_subscription_service_edge_cases.py::test_create_billing_portal_requires_customer_id PASSED [ 75%]
tests\test_subscription_service_edge_cases.py::test_create_billing_portal_session_success PASSED [ 75%]
tests\test_subscription_service_edge_cases.py::test_handle_checkout_completed_with_no_existing_subscription PASSED [ 75%]
tests\test_subscription_service_edge_cases.py::test_handle_invoice_paid_with_no_subscription PASSED [ 75%]
tests\test_subscription_service_edge_cases.py::test_handle_subscription_updated_with_no_subscription PASSED [ 75%]
tests\test_subscription_service_edge_cases.py::test_handle_subscription_deleted_with_no_subscription PASSED [ 76%]
tests\test_subscription_service_edge_cases.py::test_get_organization_subscription_returns_none_for_nonexistent_org PASSED [ 76%]
tests\test_subscription_service_edge_cases.py::test_tier_config_has_all_required_tiers PASSED [ 76%]
tests\test_subscription_service_edge_cases.py::test_tier_config_all_tiers_have_required_keys PASSED [ 76%]
tests\test_task_automation.py::test_enqueue_manual_rule_run_returns_when_log_missing PASSED [ 76%]
tests\test_task_automation.py::test_enqueue_manual_rule_run_marks_failed_when_rule_missing PASSED [ 76%]
tests\test_task_automation.py::test_enqueue_manual_rule_run_marks_failed_when_template_missing PASSED [ 76%]
tests\test_task_automation.py::test_enqueue_manual_rule_run_success_flow PASSED [ 76%]
tests\test_task_automation.py::test_enqueue_manual_rule_run_logs_exception_and_reraises PASSED [ 76%]
tests\test_task_crud.py::test_create_task_returns_201 PASSED             [ 76%]
tests\test_task_crud.py::test_list_tasks_scopes_to_deal PASSED           [ 76%]
tests\test_task_crud.py::test_update_task_allows_status_and_due_date_change PASSED [ 76%]
tests\test_task_crud.py::test_delete_task_returns_204 PASSED             [ 76%]
tests\test_task_crud.py::test_starter_tier_cannot_create_tasks PASSED    [ 77%]
tests\test_task_crud.py::test_cannot_access_tasks_from_other_org PASSED  [ 77%]
tests\test_tasks_api_complete.py::TestTaskTemplatesAPI::test_create_task_template PASSED [ 77%]
tests\test_tasks_api_complete.py::TestTaskTemplatesAPI::test_list_task_templates PASSED [ 77%]
tests\test_tasks_api_complete.py::TestTaskTemplatesAPI::test_create_template_requires_growth_role PASSED [ 77%]
tests\test_tasks_api_complete.py::TestTaskAutomationRulesAPI::test_create_automation_rule PASSED [ 77%]
tests\test_tasks_api_complete.py::TestTaskAutomationRulesAPI::test_create_automation_rule_template_not_found PASSED [ 77%]
tests\test_tasks_api_complete.py::TestTaskAutomationRulesAPI::test_list_automation_rules PASSED [ 77%]
tests\test_tasks_api_complete.py::TestTaskAutomationRulesAPI::test_run_automation_rule PASSED [ 77%]
tests\test_tasks_api_complete.py::TestTaskAutomationRulesAPI::test_run_automation_rule_not_found PASSED [ 77%]
tests\test_tasks_api_complete.py::TestTaskAutomationRulesAPI::test_run_automation_rule_eager_execution PASSED [ 77%]
tests\test_tasks_api_complete.py::TestTaskAutomationLogsAPI::test_list_automation_logs PASSED [ 77%]
tests\test_tasks_api_complete.py::TestTaskAPIErrorPaths::test_update_task_not_found PASSED [ 78%]
tests\test_tasks_api_complete.py::TestTaskAPIErrorPaths::test_update_task_wrong_deal PASSED [ 78%]
tests\test_tasks_api_complete.py::TestTaskAPIErrorPaths::test_delete_task_not_found PASSED [ 78%]
tests\test_tasks_api_complete.py::TestTaskAPIErrorPaths::test_delete_task_wrong_deal PASSED [ 78%]
tests\test_thumbnail_service.py::TestThumbnailServiceInitialization::test_service_initializes_with_default_settings PASSED [ 78%]
tests\test_thumbnail_service.py::TestThumbnailServiceInitialization::test_service_initializes_with_custom_settings PASSED [ 78%]
tests\test_thumbnail_service.py::TestThumbnailServiceFrameExtraction::test_extract_frame_from_video_success PASSED [ 78%]
tests\test_thumbnail_service.py::TestThumbnailServiceFrameExtraction::test_extract_frame_at_custom_timestamp PASSED [ 78%]
tests\test_thumbnail_service.py::TestThumbnailServiceFrameExtraction::test_extract_frame_raises_error_for_missing_file PASSED [ 78%]
tests\test_thumbnail_service.py::TestThumbnailServiceFrameExtraction::test_extract_frame_handles_ffmpeg_failure PASSED [ 78%]
tests\test_thumbnail_service.py::TestThumbnailServiceFrameExtraction::test_extract_frame_handles_ffmpeg_not_found PASSED [ 78%]
tests\test_thumbnail_service.py::TestThumbnailServiceImageProcessing::test_resize_and_compress_thumbnail PASSED [ 78%]
tests\test_thumbnail_service.py::TestThumbnailServiceImageProcessing::test_resize_maintains_aspect_ratio PASSED [ 78%]
tests\test_thumbnail_service.py::TestThumbnailServiceImageProcessing::test_compress_with_custom_quality PASSED [ 79%]
tests\test_thumbnail_service.py::TestThumbnailServiceStorageIntegration::test_save_thumbnail_to_storage PASSED [ 79%]
tests\test_thumbnail_service.py::TestThumbnailServiceStorageIntegration::test_save_thumbnail_generates_unique_key PASSED [ 79%]
tests\test_thumbnail_service.py::TestThumbnailServiceStorageIntegration::test_save_thumbnail_handles_storage_error PASSED [ 79%]
tests\test_thumbnail_service.py::TestThumbnailServiceEndToEnd::test_generate_thumbnail_complete_workflow PASSED [ 79%]
tests\test_thumbnail_service.py::TestThumbnailServiceEndToEnd::test_generate_thumbnail_with_custom_size PASSED [ 79%]
tests\test_thumbnail_service.py::TestThumbnailServiceEndToEnd::test_generate_thumbnail_cleans_up_temp_files PASSED [ 79%]
tests\test_valuation_api.py::TestValuationApi::test_growth_user_can_create_valuation PASSED [ 79%]
tests\test_valuation_api.py::TestValuationApi::test_solo_user_gets_forbidden PASSED [ 79%]
tests\test_valuation_api.py::TestValuationApi::test_get_valuation_returns_data PASSED [ 79%]
tests\test_valuation_api.py::TestValuationApi::test_update_valuation PASSED [ 79%]
tests\test_valuation_api.py::TestValuationApi::test_delete_valuation PASSED [ 79%]
tests\test_valuation_api.py::TestValuationApi::test_cannot_access_other_org_valuation PASSED [ 79%]
tests\test_valuation_api.py::TestValuationApi::test_add_comparable_via_api PASSED [ 80%]
tests\test_valuation_api.py::TestValuationApi::test_add_precedent_via_api PASSED [ 80%]
tests\test_valuation_api.py::TestValuationApi::test_create_scenario_via_api PASSED [ 80%]
tests\test_valuation_api.py::TestValuationApi::test_generate_export_creates_log PASSED [ 80%]
tests\test_valuation_api.py::TestValuationApi::test_generate_export_returns_log_id_and_persists_entry PASSED [ 80%]
tests\test_valuation_api.py::TestValuationApi::test_generate_export_allows_scenario_id PASSED [ 80%]
tests\test_valuation_api.py::TestValuationApi::test_generate_export_forbidden_for_solo PASSED [ 80%]
tests\test_valuation_api.py::TestValuationApi::test_generate_export_rejects_foreign_scenario PASSED [ 80%]
tests\test_valuation_api.py::TestValuationApi::test_list_exports_returns_recent_logs PASSED [ 80%]
tests\test_valuation_api.py::TestValuationApi::test_get_export_status_reflects_updates PASSED [ 80%]
tests\test_valuation_api.py::TestValuationApi::test_run_monte_carlo_simulation PASSED [ 80%]
tests\test_valuation_api.py::TestValuationApi::test_run_monte_carlo_validation PASSED [ 80%]
tests\test_valuation_api.py::TestValuationApi::test_get_scenario_summary_via_api PASSED [ 80%]
tests\test_valuation_api.py::TestValuationApi::test_get_scenario_summary_forbidden_for_solo_tier PASSED [ 81%]
tests\test_valuation_api_errors.py::TestValuationAPIErrorPaths::test_list_valuations_deal_not_found PASSED [ 81%]
tests\test_valuation_api_errors.py::TestValuationAPIErrorPaths::test_list_valuations_deal_from_other_org PASSED [ 81%]
tests\test_valuation_api_errors.py::TestValuationAPIErrorPaths::test_get_valuation_not_found PASSED [ 81%]
tests\test_valuation_api_errors.py::TestValuationAPIErrorPaths::test_get_valuation_deal_mismatch PASSED [ 81%]
tests\test_valuation_api_errors.py::TestValuationAPIErrorPaths::test_update_valuation_not_found PASSED [ 81%]
tests\test_valuation_api_errors.py::TestValuationAPIErrorPaths::test_delete_valuation_not_found PASSED [ 81%]
tests\test_valuation_api_errors.py::TestValuationAPIErrorPaths::test_add_comparable_valuation_not_found PASSED [ 81%]
tests\test_valuation_api_errors.py::TestValuationAPIErrorPaths::test_list_exports_valuation_not_found PASSED [ 81%]
tests\test_valuation_api_errors.py::TestValuationAPIErrorPaths::test_get_export_status_not_found PASSED [ 81%]
tests\test_valuation_api_errors.py::TestValuationAPIErrorPaths::test_monte_carlo_invalid_parameters PASSED [ 81%]
tests\test_valuation_api_errors.py::TestValuationAPISummaryEndpoints::test_get_comparable_summary PASSED [ 81%]
tests\test_valuation_api_errors.py::TestValuationAPISummaryEndpoints::test_get_transaction_summary PASSED [ 82%]
tests\test_valuation_api_errors.py::TestValuationAPISummaryEndpoints::test_get_valuation_summary PASSED [ 82%]
tests\test_valuation_crud.py::TestValuationCrudApi::test_create_valuation_creates_record PASSED [ 82%]
tests\test_valuation_crud.py::TestValuationCrudApi::test_create_valuation_requires_growth_tier PASSED [ 82%]
tests\test_valuation_crud.py::TestValuationCrudApi::test_update_valuation_modifies_record PASSED [ 82%]
tests\test_valuation_crud.py::TestValuationCrudApi::test_delete_valuation_returns_204 PASSED [ 82%]
tests\test_valuation_crud.py::TestValuationCrudApi::test_add_comparable_company PASSED [ 82%]
tests\test_valuation_crud.py::TestValuationCrudApi::test_add_precedent_transaction PASSED [ 82%]
tests\test_valuation_crud.py::TestValuationCrudApi::test_create_scenario_requires_growth_tier PASSED [ 82%]
tests\test_valuation_crud.py::TestValuationAccessControl::test_cannot_access_other_org_deal PASSED [ 82%]
tests\test_valuation_crud.py::TestValuationServiceOps::test_create_valuation_calculates_metrics PASSED [ 82%]
tests\test_valuation_crud.py::TestValuationServiceOps::test_update_valuation_recalculates PASSED [ 82%]
tests\test_valuation_crud.py::TestValuationServiceOps::test_add_comparable_records PASSED [ 82%]
tests\test_valuation_crud.py::TestValuationServiceOps::test_add_precedent_records PASSED [ 83%]
tests\test_valuation_crud.py::TestValuationServiceOps::test_create_scenario_persists PASSED [ 83%]
tests\test_valuation_crud.py::TestValuationServiceOps::test_generate_export_log_entry PASSED [ 83%]
tests\test_valuation_crud.py::TestValuationServiceOps::test_delete_valuation_cascades PASSED [ 83%]
tests\test_valuation_crud.py::TestValuationServiceOps::test_calculate_comparable_multiples PASSED [ 83%]
tests\test_valuation_crud.py::TestValuationServiceOps::test_calculate_precedent_multiples PASSED [ 83%]
tests\test_valuation_export_service.py::TestValuationExportService::test_export_to_pdf_creates_file SKIPPED [ 83%]
tests\test_valuation_export_service.py::TestValuationExportService::test_export_to_excel_creates_file SKIPPED [ 83%]
tests\test_valuation_export_service.py::TestValuationExportService::test_export_updates_export_log SKIPPED [ 83%]
tests\test_valuation_export_service.py::TestValuationExportService::test_export_includes_valuation_data SKIPPED [ 83%]
tests\test_valuation_service.py::TestDiscountedCashFlowCalculations::test_calculate_present_value_of_cash_flows PASSED [ 83%]
tests\test_valuation_service.py::TestTerminalValue::test_gordon_growth_terminal_value PASSED [ 83%]
tests\test_valuation_service.py::TestSensitivityMatrix::test_generate_sensitivity_matrix_dimensions_and_monotonicity PASSED [ 83%]
tests\test_valuation_service.py::TestExitMultipleTerminalValue::test_calculate_terminal_value_exit_multiple PASSED [ 84%]
tests\test_valuation_service.py::TestFullDCFValuation::test_complete_dcf_enterprise_value PASSED [ 84%]
tests\test_valuation_service.py::TestFullDCFValuation::test_dcf_with_zero_cash_flows PASSED [ 84%]
tests\test_valuation_service.py::TestFullDCFValuation::test_dcf_with_negative_cash_flows PASSED [ 84%]
tests\test_valuation_service.py::TestEdgeCasesAndValidation::test_discount_rate_must_be_positive PASSED [ 84%]
tests\test_valuation_service.py::TestEdgeCasesAndValidation::test_discount_rate_must_exceed_growth_rate PASSED [ 84%]
tests\test_valuation_service.py::TestEdgeCasesAndValidation::test_equal_discount_and_growth_rates_invalid PASSED [ 84%]
tests\test_valuation_service.py::TestMultiplesAndScenarioAnalytics::test_comparable_analysis_excludes_outliers_and_weighs_results PASSED [ 84%]
tests\test_valuation_service.py::TestMultiplesAndScenarioAnalytics::test_precedent_analysis_flags_stale_transactions PASSED [ 84%]
tests\test_valuation_service.py::TestMultiplesAndScenarioAnalytics::test_generate_tornado_chart_orders_by_impact PASSED [ 84%]
tests\test_valuation_service.py::TestMultiplesAndScenarioAnalytics::test_run_monte_carlo_simulation_returns_deterministic_summary PASSED [ 84%]
tests\test_valuation_service.py::TestScenarioAnalytics::test_calculate_scenario_summary_returns_expected_stats PASSED [ 84%]
tests\test_valuation_service.py::TestScenarioAnalytics::test_generate_tornado_chart_orders_by_impact PASSED [ 84%]
tests\test_valuation_service.py::TestScenarioAnalytics::test_run_monte_carlo_simulation_returns_deterministic_summary PASSED [ 85%]
tests\test_valuation_service.py::TestExportLogging::test_log_export_creates_audit_record PASSED [ 85%]
tests\test_valuation_service.py::TestValuationServiceOperations::test_calculate_enterprise_value_exit_multiple_path PASSED [ 85%]
tests\test_valuation_service.py::TestValuationServiceOperations::test_calculate_enterprise_value_exit_multiple_requires_multiple PASSED [ 85%]
tests\test_valuation_service.py::TestValuationServiceOperations::test_update_valuation_recalculates_metrics PASSED [ 85%]
tests\test_valuation_service.py::TestValuationServiceOperations::test_delete_valuation_removes_related_records PASSED [ 85%]
tests\test_valuation_service.py::TestValuationServiceOperations::test_calculate_precedent_multiples_handles_no_records PASSED [ 85%]
tests\test_valuation_service.py::TestValuationServiceOperations::test_list_helpers_return_entries PASSED [ 85%]
tests\test_valuation_service.py::TestValuationServiceOperations::test_trigger_export_task_returns_payload PASSED [ 85%]
tests\test_valuation_service.py::TestValuationServiceOperations::test_log_export_event_persists_document_reference PASSED [ 85%]
tests\test_valuation_service.py::TestValuationServiceOperations::test_log_export_event_rejects_foreign_document PASSED [ 85%]
tests\test_valuation_service.py::TestValuationServiceOperations::test_log_export_event_accepts_valid_scenario PASSED [ 85%]
tests\test_valuation_service.py::TestValuationServiceOperations::test_log_export_event_rejects_scenario_from_other_valuation PASSED [ 85%]
tests\test_valuation_service.py::TestGoToMarketKpis::test_calculate_go_to_market_kpis_matches_reference_spreadsheet PASSED [ 86%]
tests\test_valuation_service.py::TestGoToMarketKpis::test_calculate_go_to_market_kpis_handles_zero_inputs PASSED [ 86%]
tests\test_valuation_service.py::TestGoToMarketKpis::test_ensure_test_reference_entities_noop_when_not_test PASSED [ 86%]
tests\test_valuation_service.py::TestGoToMarketKpis::test_ensure_test_reference_entities_creates_placeholders PASSED [ 86%]
tests\test_xero_integration.py::test_xero_python_sdk_can_be_imported SKIPPED [ 86%]
tests\test_xero_integration.py::test_real_xero_client_class_exists SKIPPED [ 86%]
tests\test_xero_integration.py::test_xero_oauth_url_uses_real_credentials SKIPPED [ 86%]
tests\test_xero_integration.py::test_full_xero_oauth_flow_with_real_api SKIPPED [ 86%]
tests\test_xero_integration.py::test_xero_client_has_real_configuration SKIPPED [ 86%]
tests\test_xero_integration.py::test_token_exchange_structure_matches_xero_api SKIPPED [ 86%]
tests\test_xero_integration.py::test_get_connections_returns_real_tenant_structure SKIPPED [ 86%]
tests\test_xero_integration.py::test_balance_sheet_import_uses_real_xero_api_format SKIPPED [ 86%]
tests\test_xero_integration.py::test_xero_sdk_error_handling SKIPPED     [ 87%]
tests\test_xero_oauth_service.py::test_initiate_xero_oauth_generates_authorization_url PASSED [ 87%]
tests\test_xero_oauth_service.py::test_initiate_xero_oauth_with_invalid_deal PASSED [ 87%]
tests\test_xero_oauth_service.py::test_handle_xero_callback_success PASSED [ 87%]
tests\test_xero_oauth_service.py::test_handle_xero_callback_token_exchange_failure PASSED [ 87%]
tests\test_xero_oauth_service.py::test_refresh_xero_token_success PASSED [ 87%]
tests\test_xero_oauth_service.py::test_refresh_xero_token_when_refresh_fails PASSED [ 87%]
tests\test_xero_oauth_service.py::test_fetch_xero_statements_imports_balance_sheet PASSED [ 87%]
tests\test_xero_oauth_service.py::test_fetch_xero_statements_with_expired_token PASSED [ 87%]
tests\test_xero_oauth_service.py::test_disconnect_xero_removes_connection PASSED [ 87%]
tests\test_xero_oauth_service.py::test_get_xero_connection_status_active PASSED [ 87%]
tests\test_xero_oauth_service.py::test_get_xero_connection_status_not_connected PASSED [ 87%]
tests\test_youtube_service.py::test_upload_video_allowed_for_premium PASSED [ 87%]
tests\test_youtube_service.py::test_upload_video_rejected_for_professional PASSED [ 88%]
tests\test_youtube_service.py::test_upload_video_requires_file_path PASSED [ 88%]
tests\api\test_blog.py::test_list_blog_posts_default PASSED              [ 88%]
tests\api\test_blog.py::test_list_blog_posts_with_category_filter PASSED [ 88%]
tests\api\test_blog.py::test_list_blog_posts_with_search PASSED          [ 88%]
tests\api\test_blog.py::test_list_blog_posts_include_unpublished PASSED  [ 88%]
tests\api\test_blog.py::test_list_blog_posts_with_pagination PASSED      [ 88%]
tests\api\test_blog.py::test_list_blog_posts_empty_result PASSED         [ 88%]
tests\api\test_blog.py::test_get_blog_post_by_slug_success PASSED        [ 88%]
tests\api\test_blog.py::test_get_blog_post_by_slug_not_found PASSED      [ 88%]
tests\api\test_blog.py::test_get_unpublished_post_by_slug PASSED         [ 88%]
tests\api\test_blog.py::test_list_blog_categories PASSED                 [ 88%]
tests\api\test_blog.py::test_list_blog_categories_empty_database PASSED  [ 88%]
tests\api\test_blog.py::test_list_blog_posts_with_invalid_limit PASSED   [ 89%]
tests\api\test_blog.py::test_list_blog_posts_with_invalid_offset PASSED  [ 89%]
tests\api\test_blog.py::test_blog_post_response_schema PASSED            [ 89%]
tests\api\test_blog.py::test_blog_search_case_insensitive PASSED         [ 89%]
tests\api\test_blog.py::test_blog_list_ordering PASSED                   [ 89%]
tests\api\test_blog_api.py::test_list_blog_posts_returns_200 PASSED      [ 89%]
tests\api\test_blog_api.py::test_list_blog_posts_with_data PASSED        [ 89%]
tests\api\test_blog_api.py::test_list_blog_posts_category_filter PASSED  [ 89%]
tests\api\test_blog_api.py::test_list_blog_posts_search PASSED           [ 89%]
tests\api\test_blog_api.py::test_list_blog_posts_pagination PASSED       [ 89%]
tests\api\test_blog_api.py::test_list_blog_posts_published_only PASSED   [ 89%]
tests\api\test_document_sharing.py::test_create_share_link_for_document PASSED [ 89%]
tests\api\test_document_sharing.py::test_create_share_link_with_password PASSED [ 89%]
tests\api\test_document_sharing.py::test_access_shared_document_valid_link PASSED [ 90%]
tests\api\test_document_sharing.py::test_access_shared_document_expired_link PASSED [ 90%]
tests\api\test_document_sharing.py::test_access_shared_document_with_password PASSED [ 90%]
tests\api\test_document_sharing.py::test_list_active_share_links_for_document PASSED [ 90%]
tests\api\test_document_sharing.py::test_revoke_share_link PASSED        [ 90%]
tests\api\test_document_sharing.py::test_track_share_link_access_count PASSED [ 90%]
tests\api\test_event_api.py::test_create_event_returns_201 PASSED        [ 90%]
tests\api\test_event_api.py::test_create_event_wrong_organization_returns_403 PASSED [ 90%]
tests\api\test_event_api.py::test_list_events_returns_200 PASSED         [ 90%]
tests\api\test_event_api.py::test_list_events_with_status_filter PASSED  [ 90%]
tests\api\test_event_api.py::test_get_event_returns_200 PASSED           [ 90%]
tests\api\test_event_api.py::test_get_event_not_found_returns_404 PASSED [ 90%]
tests\api\test_event_api.py::test_update_event_returns_200 PASSED        [ 91%]
tests\api\test_event_api.py::test_delete_event_returns_204 PASSED        [ 91%]
tests\api\test_event_api.py::test_create_event_session_returns_201 PASSED [ 91%]
tests\api\test_event_api.py::test_list_event_sessions_returns_200 PASSED [ 91%]
tests\api\test_event_api.py::test_update_event_session_returns_200 PASSED [ 91%]
tests\api\test_event_api.py::test_delete_event_session_returns_204 PASSED [ 91%]
tests\api\test_event_api.py::test_create_event_ticket_returns_201 PASSED [ 91%]
tests\api\test_event_api.py::test_list_event_tickets_returns_200 PASSED  [ 91%]
tests\api\test_event_api.py::test_update_event_ticket_returns_200 PASSED [ 91%]
tests\api\test_event_api.py::test_delete_event_ticket_returns_204 PASSED [ 91%]
tests\api\test_event_api.py::test_create_event_registration_returns_201 PASSED [ 91%]
tests\api\test_event_api.py::test_list_event_registrations_returns_200 PASSED [ 91%]
tests\api\test_event_api.py::test_update_event_registration_returns_200 PASSED [ 91%]
tests\api\test_event_api.py::test_delete_event_registration_returns_204 PASSED [ 92%]
tests\api\test_event_api.py::test_get_event_analytics_returns_200 PASSED [ 92%]
tests\api\test_event_api.py::test_export_registrations_csv_returns_200 PASSED [ 92%]
tests\api\test_event_api.py::test_export_registrations_empty_event_returns_200 PASSED [ 92%]
tests\api\test_event_api.py::test_create_registration_sends_confirmation_email PASSED [ 92%]
tests\api\test_event_api.py::test_list_events_requires_authentication PASSED [ 92%]
tests\api\test_event_api.py::test_create_event_requires_authentication PASSED [ 92%]
tests\api\test_marketing.py::test_submit_contact_form_success PASSED     [ 92%]
tests\api\test_marketing.py::test_submit_contact_form_validation_error PASSED [ 92%]
tests\api\test_marketing.py::test_subscribe_newsletter_success PASSED    [ 92%]
tests\api\test_marketing.py::test_subscribe_newsletter_is_idempotent PASSED [ 92%]
tests\master_admin\test_models.py::TestAdminGoal::test_create_admin_goal PASSED [ 92%]
tests\master_admin\test_models.py::TestAdminGoal::test_admin_goal_unique_constraint PASSED [ 92%]
tests\master_admin\test_models.py::TestAdminGoal::test_admin_goal_repr PASSED [ 93%]
tests\master_admin\test_models.py::TestAdminGoal::test_admin_goal_default_targets PASSED [ 93%]
tests\master_admin\test_models.py::TestAdminActivity::test_create_admin_activity PASSED [ 93%]
tests\master_admin\test_models.py::TestAdminActivity::test_admin_activity_types PASSED [ 93%]
tests\master_admin\test_models.py::TestAdminActivity::test_admin_activity_statuses PASSED [ 93%]
tests\master_admin\test_models.py::TestAdminActivity::test_admin_activity_default_amount PASSED [ 93%]
tests\master_admin\test_models.py::TestAdminActivity::test_admin_activity_repr PASSED [ 93%]
tests\master_admin\test_models.py::TestAdminScore::test_create_admin_score PASSED [ 93%]
tests\master_admin\test_models.py::TestAdminScore::test_admin_score_unique_constraint PASSED [ 93%]
tests\master_admin\test_models.py::TestAdminScore::test_admin_score_valid_range PASSED [ 93%]
tests\master_admin\test_models.py::TestAdminScore::test_admin_score_default_values PASSED [ 93%]
tests\master_admin\test_models.py::TestAdminScore::test_admin_score_repr PASSED [ 93%]
tests\master_admin\test_models.py::TestAdminFocusSession::test_create_focus_session PASSED [ 93%]
tests\master_admin\test_models.py::TestAdminFocusSession::test_complete_focus_session PASSED [ 94%]
tests\master_admin\test_models.py::TestAdminFocusSession::test_focus_session_default_duration PASSED [ 94%]
tests\master_admin\test_models.py::TestAdminFocusSession::test_focus_session_repr PASSED [ 94%]
tests\master_admin\test_models.py::TestAdminNudge::test_create_nudge PASSED [ 94%]
tests\master_admin\test_models.py::TestAdminNudge::test_nudge_types PASSED [ 94%]
tests\master_admin\test_models.py::TestAdminNudge::test_nudge_priorities PASSED [ 94%]
tests\master_admin\test_models.py::TestAdminNudge::test_nudge_default_priority PASSED [ 94%]
tests\master_admin\test_models.py::TestAdminNudge::test_nudge_read_status PASSED [ 94%]
tests\master_admin\test_models.py::TestAdminNudge::test_nudge_repr PASSED [ 94%]
tests\master_admin\test_models.py::TestAdminMeeting::test_create_meeting PASSED [ 94%]
tests\master_admin\test_models.py::TestAdminMeeting::test_meeting_types PASSED [ 94%]
tests\master_admin\test_models.py::TestAdminMeeting::test_meeting_default_duration PASSED [ 94%]
tests\master_admin\test_models.py::TestAdminMeeting::test_meeting_repr PASSED [ 94%]
tests\master_admin\test_schemas.py::TestAdminGoalSchemas::test_goal_create_valid PASSED [ 95%]
tests\master_admin\test_schemas.py::TestAdminGoalSchemas::test_goal_create_defaults PASSED [ 95%]
tests\master_admin\test_schemas.py::TestAdminGoalSchemas::test_goal_create_negative_targets PASSED [ 95%]
tests\master_admin\test_schemas.py::TestAdminGoalSchemas::test_goal_update_partial PASSED [ 95%]
tests\master_admin\test_schemas.py::TestAdminGoalSchemas::test_goal_response_from_dict PASSED [ 95%]
tests\master_admin\test_schemas.py::TestAdminActivitySchemas::test_activity_create_valid PASSED [ 95%]
tests\master_admin\test_schemas.py::TestAdminActivitySchemas::test_activity_create_type_alias PASSED [ 95%]
tests\master_admin\test_schemas.py::TestAdminActivitySchemas::test_activity_create_default_amount PASSED [ 95%]
tests\master_admin\test_schemas.py::TestAdminActivitySchemas::test_activity_create_invalid_amount PASSED [ 95%]
tests\master_admin\test_schemas.py::TestAdminActivitySchemas::test_activity_update_partial PASSED [ 95%]
tests\master_admin\test_schemas.py::TestAdminActivitySchemas::test_activity_response_serialization PASSED [ 95%]
tests\master_admin\test_schemas.py::TestAdminScoreSchemas::test_score_create_valid PASSED [ 95%]
tests\master_admin\test_schemas.py::TestAdminScoreSchemas::test_score_create_boundaries PASSED [ 96%]
tests\master_admin\test_schemas.py::TestAdminScoreSchemas::test_score_create_defaults PASSED [ 96%]
tests\master_admin\test_schemas.py::TestAdminScoreSchemas::test_score_update_partial PASSED [ 96%]
tests\master_admin\test_schemas.py::TestAdminFocusSessionSchemas::test_focus_session_create_valid PASSED [ 96%]
tests\master_admin\test_schemas.py::TestAdminFocusSessionSchemas::test_focus_session_create_default_duration PASSED [ 96%]
tests\master_admin\test_schemas.py::TestAdminFocusSessionSchemas::test_focus_session_create_invalid_duration PASSED [ 96%]
tests\master_admin\test_schemas.py::TestAdminFocusSessionSchemas::test_focus_session_update_completion PASSED [ 96%]
tests\master_admin\test_schemas.py::TestAdminFocusSessionSchemas::test_focus_session_response PASSED [ 96%]
tests\master_admin\test_schemas.py::TestAdminNudgeSchemas::test_nudge_create_valid PASSED [ 96%]
tests\master_admin\test_schemas.py::TestAdminNudgeSchemas::test_nudge_create_type_alias PASSED [ 96%]
tests\master_admin\test_schemas.py::TestAdminNudgeSchemas::test_nudge_create_default_priority PASSED [ 96%]
tests\master_admin\test_schemas.py::TestAdminNudgeSchemas::test_nudge_create_empty_message PASSED [ 96%]
tests\master_admin\test_schemas.py::TestAdminNudgeSchemas::test_nudge_update_read_status PASSED [ 96%]
tests\master_admin\test_schemas.py::TestAdminNudgeSchemas::test_nudge_response_expiration PASSED [ 97%]
tests\master_admin\test_schemas.py::TestAdminMeetingSchemas::test_meeting_create_valid PASSED [ 97%]
tests\master_admin\test_schemas.py::TestAdminMeetingSchemas::test_meeting_create_type_alias PASSED [ 97%]
tests\master_admin\test_schemas.py::TestAdminMeetingSchemas::test_meeting_create_default_duration PASSED [ 97%]
tests\master_admin\test_schemas.py::TestAdminMeetingSchemas::test_meeting_create_invalid_title PASSED [ 97%]
tests\master_admin\test_schemas.py::TestAdminMeetingSchemas::test_meeting_create_long_title PASSED [ 97%]
tests\master_admin\test_schemas.py::TestAdminMeetingSchemas::test_meeting_update_partial PASSED [ 97%]
tests\master_admin\test_schemas.py::TestAdminMeetingSchemas::test_meeting_response PASSED [ 97%]
tests\master_admin\test_schemas.py::TestSchemaValidationEdgeCases::test_date_field_validation PASSED [ 97%]
tests\master_admin\test_schemas.py::TestSchemaValidationEdgeCases::test_datetime_field_validation PASSED [ 97%]
tests\master_admin\test_schemas.py::TestSchemaValidationEdgeCases::test_enum_validation PASSED [ 97%]
tests\master_admin\test_schemas.py::TestSchemaValidationEdgeCases::test_optional_fields_as_none PASSED [ 97%]
tests\master_admin\test_schemas.py::TestSchemaValidationEdgeCases::test_model_config_from_attributes PASSED [ 97%]
tests\services\test_rbac_permissions.py::TestRBACAuditServiceLogging::test_log_role_change_creates_audit_entry PASSED [ 98%]
tests\services\test_rbac_permissions.py::TestRBACAuditServiceLogging::test_log_role_change_captures_before_after_values PASSED [ 98%]
tests\services\test_rbac_permissions.py::TestRBACAuditServiceLogging::test_log_user_status_change_user_deleted PASSED [ 98%]
tests\services\test_rbac_permissions.py::TestRBACAuditServiceLogging::test_log_user_status_change_user_restored PASSED [ 98%]
tests\services\test_rbac_permissions.py::TestRBACAuditServiceLogging::test_log_user_status_change_rejects_invalid_action PASSED [ 98%]
tests\services\test_rbac_permissions.py::TestRBACAuditServiceLogging::test_log_claim_mismatch_sanitizes_claims PASSED [ 98%]
tests\services\test_rbac_permissions.py::TestRBACAuditServiceLogging::test_log_claim_mismatch_logs_org_and_user_ids PASSED [ 98%]
tests\services\test_rbac_permissions.py::TestAuthDependencyEnforcement::test_require_min_role_admin_always_passes PASSED [ 98%]
tests\services\test_rbac_permissions.py::TestAuthDependencyEnforcement::test_require_min_role_hierarchy_validation PASSED [ 98%]
tests\services\test_rbac_permissions.py::TestAuthDependencyEnforcement::test_enforce_claim_integrity_creates_missing_org SKIPPED [ 98%]
tests\services\test_rbac_permissions.py::TestAuthDependencyEnforcement::test_enforce_claim_integrity_logs_mismatch SKIPPED [ 98%]
tests\services\test_rbac_permissions.py::TestAuthDependencyEnforcement::test_get_current_user_rejects_missing_clerk_id SKIPPED [ 98%]
tests\services\test_rbac_permissions.py::TestPermissionHierarchy::test_role_level_function_returns_correct_values PASSED [ 98%]
tests\services\test_rbac_permissions.py::TestPermissionHierarchy::test_admin_override_bypasses_exact_role_requirement PASSED [ 99%]
tests\services\test_rbac_permissions.py::TestPermissionHierarchy::test_feature_access_respects_subscription_tier SKIPPED [ 99%]
tests\test_migrations\test_user_foreign_keys.py::TestUserForeignKeyTypes::test_users_id_column_is_string_type PASSED [ 99%]
tests\test_migrations\test_user_foreign_keys.py::TestUserForeignKeyTypes::test_all_user_foreign_key_columns_match_users_id_type PASSED [ 99%]
tests\test_migrations\test_user_foreign_keys.py::TestUserForeignKeyTypes::test_foreign_key_constraints_exist PASSED [ 99%]
tests\test_migrations\test_user_foreign_keys.py::TestForeignKeyIntegrity::test_folder_rejects_invalid_created_by SKIPPED [ 99%]
tests\test_migrations\test_user_foreign_keys.py::TestForeignKeyIntegrity::test_document_rejects_invalid_uploaded_by SKIPPED [ 99%]
tests\test_migrations\test_user_foreign_keys.py::TestForeignKeyIntegrity::test_document_permission_rejects_invalid_user_id SKIPPED [ 99%]
tests\test_migrations\test_user_foreign_keys.py::TestForeignKeyIntegrity::test_valid_user_references_succeed PASSED [ 99%]
tests\test_migrations\test_user_foreign_keys.py::TestModelSchemAlignment::test_folder_model_matches_database_schema PASSED [ 99%]
tests\test_migrations\test_user_foreign_keys.py::TestModelSchemAlignment::test_document_model_matches_database_schema PASSED [ 99%]
tests\test_migrations\test_user_foreign_keys.py::TestModelSchemAlignment::test_all_user_fk_columns_are_nullable_correct PASSED [ 99%]
tests\test_migrations\test_user_foreign_keys.py::TestMigrationRollback::test_downgrade_path_exists PASSED [100%]

================================== FAILURES ===================================
_____________________ test_folder_requires_authentication _____________________
tests\test_document_endpoints.py:412: in test_folder_requires_authentication
    assert response.status_code in [401, 403]
E   assert 201 in [401, 403]
E    +  where 201 = <Response [201 Created]>.status_code
============================== warnings summary ===============================
..\..\..\..\Users\User\AppData\Local\Programs\Python\Python311\Lib\site-packages\pydantic\_internal\_config.py:291
..\..\..\..\Users\User\AppData\Local\Programs\Python\Python311\Lib\site-packages\pydantic\_internal\_config.py:291
..\..\..\..\Users\User\AppData\Local\Programs\Python\Python311\Lib\site-packages\pydantic\_internal\_config.py:291
..\..\..\..\Users\User\AppData\Local\Programs\Python\Python311\Lib\site-packages\pydantic\_internal\_config.py:291
..\..\..\..\Users\User\AppData\Local\Programs\Python\Python311\Lib\site-packages\pydantic\_internal\_config.py:291
..\..\..\..\Users\User\AppData\Local\Programs\Python\Python311\Lib\site-packages\pydantic\_internal\_config.py:291
  C:\Users\User\AppData\Local\Programs\Python\Python311\Lib\site-packages\pydantic\_internal\_config.py:291: PydanticDeprecatedSince20: Support for class-based `config` is deprecated, use ConfigDict instead. Deprecated in Pydantic V2.0 to be removed in V3.0. See Pydantic V2 Migration Guide at https://errors.pydantic.dev/2.8/migration/
    warnings.warn(DEPRECATION_MESSAGE, DeprecationWarning)

tests\test_netsuite_integration.py:30
  C:\Projects\ma-saas-platform\M-S-SaaS-apex-deliver\backend\tests\test_netsuite_integration.py:30: PytestUnknownMarkWarning: Unknown pytest.mark.integration - is this a typo?  You can register custom marks to avoid this warning - for details, see https://docs.pytest.org/en/stable/how-to/mark.html
    @pytest.mark.integration

tests\test_netsuite_integration.py:42
  C:\Projects\ma-saas-platform\M-S-SaaS-apex-deliver\backend\tests\test_netsuite_integration.py:42: PytestUnknownMarkWarning: Unknown pytest.mark.integration - is this a typo?  You can register custom marks to avoid this warning - for details, see https://docs.pytest.org/en/stable/how-to/mark.html
    @pytest.mark.integration

tests\test_netsuite_integration.py:59
  C:\Projects\ma-saas-platform\M-S-SaaS-apex-deliver\backend\tests\test_netsuite_integration.py:59: PytestUnknownMarkWarning: Unknown pytest.mark.integration - is this a typo?  You can register custom marks to avoid this warning - for details, see https://docs.pytest.org/en/stable/how-to/mark.html
    @pytest.mark.integration

tests\test_netsuite_integration.py:97
  C:\Projects\ma-saas-platform\M-S-SaaS-apex-deliver\backend\tests\test_netsuite_integration.py:97: PytestUnknownMarkWarning: Unknown pytest.mark.integration - is this a typo?  You can register custom marks to avoid this warning - for details, see https://docs.pytest.org/en/stable/how-to/mark.html
    @pytest.mark.integration

tests\test_netsuite_integration.py:114
  C:\Projects\ma-saas-platform\M-S-SaaS-apex-deliver\backend\tests\test_netsuite_integration.py:114: PytestUnknownMarkWarning: Unknown pytest.mark.integration - is this a typo?  You can register custom marks to avoid this warning - for details, see https://docs.pytest.org/en/stable/how-to/mark.html
    @pytest.mark.integration

tests\test_netsuite_integration.py:132
  C:\Projects\ma-saas-platform\M-S-SaaS-apex-deliver\backend\tests\test_netsuite_integration.py:132: PytestUnknownMarkWarning: Unknown pytest.mark.integration - is this a typo?  You can register custom marks to avoid this warning - for details, see https://docs.pytest.org/en/stable/how-to/mark.html
    @pytest.mark.integration

tests\test_netsuite_integration.py:153
  C:\Projects\ma-saas-platform\M-S-SaaS-apex-deliver\backend\tests\test_netsuite_integration.py:153: PytestUnknownMarkWarning: Unknown pytest.mark.integration - is this a typo?  You can register custom marks to avoid this warning - for details, see https://docs.pytest.org/en/stable/how-to/mark.html
    @pytest.mark.integration

tests\test_netsuite_integration.py:209
  C:\Projects\ma-saas-platform\M-S-SaaS-apex-deliver\backend\tests\test_netsuite_integration.py:209: PytestUnknownMarkWarning: Unknown pytest.mark.integration - is this a typo?  You can register custom marks to avoid this warning - for details, see https://docs.pytest.org/en/stable/how-to/mark.html
    @pytest.mark.integration

tests\test_netsuite_integration.py:229
  C:\Projects\ma-saas-platform\M-S-SaaS-apex-deliver\backend\tests\test_netsuite_integration.py:229: PytestUnknownMarkWarning: Unknown pytest.mark.integration - is this a typo?  You can register custom marks to avoid this warning - for details, see https://docs.pytest.org/en/stable/how-to/mark.html
    @pytest.mark.integration

tests\test_netsuite_integration.py:249
  C:\Projects\ma-saas-platform\M-S-SaaS-apex-deliver\backend\tests\test_netsuite_integration.py:249: PytestUnknownMarkWarning: Unknown pytest.mark.integration - is this a typo?  You can register custom marks to avoid this warning - for details, see https://docs.pytest.org/en/stable/how-to/mark.html
    @pytest.mark.integration

tests\test_quickbooks_integration.py:29
  C:\Projects\ma-saas-platform\M-S-SaaS-apex-deliver\backend\tests\test_quickbooks_integration.py:29: PytestUnknownMarkWarning: Unknown pytest.mark.integration - is this a typo?  You can register custom marks to avoid this warning - for details, see https://docs.pytest.org/en/stable/how-to/mark.html
    @pytest.mark.integration

tests\test_quickbooks_integration.py:49
  C:\Projects\ma-saas-platform\M-S-SaaS-apex-deliver\backend\tests\test_quickbooks_integration.py:49: PytestUnknownMarkWarning: Unknown pytest.mark.integration - is this a typo?  You can register custom marks to avoid this warning - for details, see https://docs.pytest.org/en/stable/how-to/mark.html
    @pytest.mark.integration

tests\test_quickbooks_integration.py:66
  C:\Projects\ma-saas-platform\M-S-SaaS-apex-deliver\backend\tests\test_quickbooks_integration.py:66: PytestUnknownMarkWarning: Unknown pytest.mark.integration - is this a typo?  You can register custom marks to avoid this warning - for details, see https://docs.pytest.org/en/stable/how-to/mark.html
    @pytest.mark.integration

tests\test_quickbooks_integration.py:104
  C:\Projects\ma-saas-platform\M-S-SaaS-apex-deliver\backend\tests\test_quickbooks_integration.py:104: PytestUnknownMarkWarning: Unknown pytest.mark.integration - is this a typo?  You can register custom marks to avoid this warning - for details, see https://docs.pytest.org/en/stable/how-to/mark.html
    @pytest.mark.integration

tests\test_quickbooks_integration.py:121
  C:\Projects\ma-saas-platform\M-S-SaaS-apex-deliver\backend\tests\test_quickbooks_integration.py:121: PytestUnknownMarkWarning: Unknown pytest.mark.integration - is this a typo?  You can register custom marks to avoid this warning - for details, see https://docs.pytest.org/en/stable/how-to/mark.html
    @pytest.mark.integration

tests\test_quickbooks_integration.py:143
  C:\Projects\ma-saas-platform\M-S-SaaS-apex-deliver\backend\tests\test_quickbooks_integration.py:143: PytestUnknownMarkWarning: Unknown pytest.mark.integration - is this a typo?  You can register custom marks to avoid this warning - for details, see https://docs.pytest.org/en/stable/how-to/mark.html
    @pytest.mark.integration

tests\test_quickbooks_integration.py:164
  C:\Projects\ma-saas-platform\M-S-SaaS-apex-deliver\backend\tests\test_quickbooks_integration.py:164: PytestUnknownMarkWarning: Unknown pytest.mark.integration - is this a typo?  You can register custom marks to avoid this warning - for details, see https://docs.pytest.org/en/stable/how-to/mark.html
    @pytest.mark.integration

tests\test_quickbooks_integration.py:219
  C:\Projects\ma-saas-platform\M-S-SaaS-apex-deliver\backend\tests\test_quickbooks_integration.py:219: PytestUnknownMarkWarning: Unknown pytest.mark.integration - is this a typo?  You can register custom marks to avoid this warning - for details, see https://docs.pytest.org/en/stable/how-to/mark.html
    @pytest.mark.integration

tests\test_quickbooks_integration.py:238
  C:\Projects\ma-saas-platform\M-S-SaaS-apex-deliver\backend\tests\test_quickbooks_integration.py:238: PytestUnknownMarkWarning: Unknown pytest.mark.integration - is this a typo?  You can register custom marks to avoid this warning - for details, see https://docs.pytest.org/en/stable/how-to/mark.html
    @pytest.mark.integration

tests\test_sage_integration.py:28
  C:\Projects\ma-saas-platform\M-S-SaaS-apex-deliver\backend\tests\test_sage_integration.py:28: PytestUnknownMarkWarning: Unknown pytest.mark.integration - is this a typo?  You can register custom marks to avoid this warning - for details, see https://docs.pytest.org/en/stable/how-to/mark.html
    @pytest.mark.integration

tests\test_sage_integration.py:40
  C:\Projects\ma-saas-platform\M-S-SaaS-apex-deliver\backend\tests\test_sage_integration.py:40: PytestUnknownMarkWarning: Unknown pytest.mark.integration - is this a typo?  You can register custom marks to avoid this warning - for details, see https://docs.pytest.org/en/stable/how-to/mark.html
    @pytest.mark.integration

tests\test_sage_integration.py:57
  C:\Projects\ma-saas-platform\M-S-SaaS-apex-deliver\backend\tests\test_sage_integration.py:57: PytestUnknownMarkWarning: Unknown pytest.mark.integration - is this a typo?  You can register custom marks to avoid this warning - for details, see https://docs.pytest.org/en/stable/how-to/mark.html
    @pytest.mark.integration

tests\test_sage_integration.py:95
  C:\Projects\ma-saas-platform\M-S-SaaS-apex-deliver\backend\tests\test_sage_integration.py:95: PytestUnknownMarkWarning: Unknown pytest.mark.integration - is this a typo?  You can register custom marks to avoid this warning - for details, see https://docs.pytest.org/en/stable/how-to/mark.html
    @pytest.mark.integration

tests\test_sage_integration.py:112
  C:\Projects\ma-saas-platform\M-S-SaaS-apex-deliver\backend\tests\test_sage_integration.py:112: PytestUnknownMarkWarning: Unknown pytest.mark.integration - is this a typo?  You can register custom marks to avoid this warning - for details, see https://docs.pytest.org/en/stable/how-to/mark.html
    @pytest.mark.integration

tests\test_sage_integration.py:130
  C:\Projects\ma-saas-platform\M-S-SaaS-apex-deliver\backend\tests\test_sage_integration.py:130: PytestUnknownMarkWarning: Unknown pytest.mark.integration - is this a typo?  You can register custom marks to avoid this warning - for details, see https://docs.pytest.org/en/stable/how-to/mark.html
    @pytest.mark.integration

tests\test_sage_integration.py:151
  C:\Projects\ma-saas-platform\M-S-SaaS-apex-deliver\backend\tests\test_sage_integration.py:151: PytestUnknownMarkWarning: Unknown pytest.mark.integration - is this a typo?  You can register custom marks to avoid this warning - for details, see https://docs.pytest.org/en/stable/how-to/mark.html
    @pytest.mark.integration

tests\test_sage_integration.py:206
  C:\Projects\ma-saas-platform\M-S-SaaS-apex-deliver\backend\tests\test_sage_integration.py:206: PytestUnknownMarkWarning: Unknown pytest.mark.integration - is this a typo?  You can register custom marks to avoid this warning - for details, see https://docs.pytest.org/en/stable/how-to/mark.html
    @pytest.mark.integration

tests\test_sage_integration.py:226
  C:\Projects\ma-saas-platform\M-S-SaaS-apex-deliver\backend\tests\test_sage_integration.py:226: PytestUnknownMarkWarning: Unknown pytest.mark.integration - is this a typo?  You can register custom marks to avoid this warning - for details, see https://docs.pytest.org/en/stable/how-to/mark.html
    @pytest.mark.integration

tests\test_xero_integration.py:30
  C:\Projects\ma-saas-platform\M-S-SaaS-apex-deliver\backend\tests\test_xero_integration.py:30: PytestUnknownMarkWarning: Unknown pytest.mark.integration - is this a typo?  You can register custom marks to avoid this warning - for details, see https://docs.pytest.org/en/stable/how-to/mark.html
    @pytest.mark.integration

tests\test_xero_integration.py:47
  C:\Projects\ma-saas-platform\M-S-SaaS-apex-deliver\backend\tests\test_xero_integration.py:47: PytestUnknownMarkWarning: Unknown pytest.mark.integration - is this a typo?  You can register custom marks to avoid this warning - for details, see https://docs.pytest.org/en/stable/how-to/mark.html
    @pytest.mark.integration

tests\test_xero_integration.py:63
  C:\Projects\ma-saas-platform\M-S-SaaS-apex-deliver\backend\tests\test_xero_integration.py:63: PytestUnknownMarkWarning: Unknown pytest.mark.integration - is this a typo?  You can register custom marks to avoid this warning - for details, see https://docs.pytest.org/en/stable/how-to/mark.html
    @pytest.mark.integration

tests\test_xero_integration.py:104
  C:\Projects\ma-saas-platform\M-S-SaaS-apex-deliver\backend\tests\test_xero_integration.py:104: PytestUnknownMarkWarning: Unknown pytest.mark.integration - is this a typo?  You can register custom marks to avoid this warning - for details, see https://docs.pytest.org/en/stable/how-to/mark.html
    @pytest.mark.integration

tests\test_xero_integration.py:136
  C:\Projects\ma-saas-platform\M-S-SaaS-apex-deliver\backend\tests\test_xero_integration.py:136: PytestUnknownMarkWarning: Unknown pytest.mark.integration - is this a typo?  You can register custom marks to avoid this warning - for details, see https://docs.pytest.org/en/stable/how-to/mark.html
    @pytest.mark.integration

tests\test_xero_integration.py:153
  C:\Projects\ma-saas-platform\M-S-SaaS-apex-deliver\backend\tests\test_xero_integration.py:153: PytestUnknownMarkWarning: Unknown pytest.mark.integration - is this a typo?  You can register custom marks to avoid this warning - for details, see https://docs.pytest.org/en/stable/how-to/mark.html
    @pytest.mark.integration

tests\test_xero_integration.py:175
  C:\Projects\ma-saas-platform\M-S-SaaS-apex-deliver\backend\tests\test_xero_integration.py:175: PytestUnknownMarkWarning: Unknown pytest.mark.integration - is this a typo?  You can register custom marks to avoid this warning - for details, see https://docs.pytest.org/en/stable/how-to/mark.html
    @pytest.mark.integration

tests\test_xero_integration.py:196
  C:\Projects\ma-saas-platform\M-S-SaaS-apex-deliver\backend\tests\test_xero_integration.py:196: PytestUnknownMarkWarning: Unknown pytest.mark.integration - is this a typo?  You can register custom marks to avoid this warning - for details, see https://docs.pytest.org/en/stable/how-to/mark.html
    @pytest.mark.integration

tests\test_xero_integration.py:284
  C:\Projects\ma-saas-platform\M-S-SaaS-apex-deliver\backend\tests\test_xero_integration.py:284: PytestUnknownMarkWarning: Unknown pytest.mark.integration - is this a typo?  You can register custom marks to avoid this warning - for details, see https://docs.pytest.org/en/stable/how-to/mark.html
    @pytest.mark.integration

backend/tests/test_billing_endpoints.py: 16 warnings
backend/tests/test_billing_simple.py: 3 warnings
backend/tests/test_blog_api_errors.py: 7 warnings
backend/tests/test_clerk_auth_complete.py: 26 warnings
backend/tests/test_community_api.py: 22 warnings
backend/tests/test_dashboard_api.py: 6 warnings
backend/tests/test_deal_endpoints.py: 25 warnings
backend/tests/test_deal_matching_api.py: 16 warnings
backend/tests/test_document_ai_and_versions.py: 5 warnings
backend/tests/test_document_endpoints.py: 42 warnings
backend/tests/test_document_export_jobs_api.py: 3 warnings
backend/tests/test_document_generation_api.py: 19 warnings
backend/tests/test_document_generation_api_errors.py: 12 warnings
backend/tests/test_event_payment_api.py: 7 warnings
backend/tests/test_events_api_errors.py: 7 warnings
backend/tests/test_financial_api.py: 34 warnings
backend/tests/test_financial_api_errors.py: 8 warnings
backend/tests/test_marketing_api_errors.py: 9 warnings
backend/tests/test_master_admin_api.py: 13 warnings
backend/tests/test_notifications_api.py: 6 warnings
backend/tests/test_pipeline_template_api.py: 3 warnings
backend/tests/test_pipeline_template_api_errors.py: 7 warnings
backend/tests/test_podcast_api.py: 54 warnings
backend/tests/test_subscription_error_paths.py: 16 warnings
backend/tests/test_task_crud.py: 6 warnings
backend/tests/test_tasks_api_complete.py: 14 warnings
backend/tests/test_valuation_api.py: 20 warnings
backend/tests/test_valuation_api_errors.py: 13 warnings
backend/tests/test_valuation_crud.py: 8 warnings
backend/tests/api/test_blog.py: 16 warnings
backend/tests/api/test_blog_api.py: 6 warnings
backend/tests/api/test_document_sharing.py: 8 warnings
backend/tests/api/test_event_api.py: 26 warnings
backend/tests/api/test_marketing.py: 4 warnings
  C:\Users\User\AppData\Local\Programs\Python\Python311\Lib\site-packages\httpx\_client.py:680: DeprecationWarning: The 'app' shortcut is now deprecated. Use the explicit style 'transport=WSGITransport(app=...)' instead.
    warnings.warn(message, DeprecationWarning)

backend/tests/test_clerk_auth_complete.py: 24 warnings
  C:\Users\User\AppData\Local\Programs\Python\Python311\Lib\site-packages\httpx\_content.py:202: DeprecationWarning: Use 'content=<...>' to upload raw bytes/text content.
    warnings.warn(message, DeprecationWarning)

-- Docs: https://docs.pytest.org/en/stable/how-to/capture-warnings.html
=========================== short test summary info ===========================
SKIPPED [1] tests\test_financial_xero_integration.py:9: To be implemented in ratio engine phase
SKIPPED [1] tests\test_master_admin_models.py:134: SQLite doesn't enforce enum constraints - test with PostgreSQL
SKIPPED [1] tests\test_master_admin_models.py:148: SQLite doesn't enforce enum constraints - test with PostgreSQL
SKIPPED [1] tests\test_master_admin_models.py:335: SQLite doesn't enforce enum constraints - test with PostgreSQL
SKIPPED [1] tests\test_master_admin_models.py:348: SQLite doesn't enforce enum constraints - test with PostgreSQL
SKIPPED [1] tests\test_master_admin_models.py:405: SQLite doesn't enforce enum constraints - test with PostgreSQL
SKIPPED [1] tests\test_netsuite_integration.py:30: NetSuite credentials not configured (set NETSUITE_CLIENT_ID, NETSUITE_CLIENT_SECRET, NETSUITE_ACCOUNT_ID)
SKIPPED [1] tests\test_netsuite_integration.py:42: NetSuite credentials not configured (set NETSUITE_CLIENT_ID, NETSUITE_CLIENT_SECRET, NETSUITE_ACCOUNT_ID)
SKIPPED [1] tests\test_netsuite_integration.py:59: NetSuite credentials not configured (set NETSUITE_CLIENT_ID, NETSUITE_CLIENT_SECRET, NETSUITE_ACCOUNT_ID)
SKIPPED [1] tests\test_netsuite_integration.py:97: NetSuite credentials not configured (set NETSUITE_CLIENT_ID, NETSUITE_CLIENT_SECRET, NETSUITE_ACCOUNT_ID)
SKIPPED [1] tests\test_netsuite_integration.py:114: NetSuite credentials not configured (set NETSUITE_CLIENT_ID, NETSUITE_CLIENT_SECRET, NETSUITE_ACCOUNT_ID)
SKIPPED [1] tests\test_netsuite_integration.py:132: NetSuite credentials not configured (set NETSUITE_CLIENT_ID, NETSUITE_CLIENT_SECRET, NETSUITE_ACCOUNT_ID)
SKIPPED [1] tests\test_netsuite_integration.py:153: NetSuite credentials not configured (set NETSUITE_CLIENT_ID, NETSUITE_CLIENT_SECRET, NETSUITE_ACCOUNT_ID)
SKIPPED [1] tests\test_netsuite_integration.py:209: NetSuite credentials not configured (set NETSUITE_CLIENT_ID, NETSUITE_CLIENT_SECRET, NETSUITE_ACCOUNT_ID)
SKIPPED [1] tests\test_netsuite_integration.py:229: NetSuite credentials not configured (set NETSUITE_CLIENT_ID, NETSUITE_CLIENT_SECRET, NETSUITE_ACCOUNT_ID)
SKIPPED [1] tests\test_netsuite_integration.py:249: Requires real NetSuite sandbox OAuth flow - manual test
SKIPPED [1] tests\test_quickbooks_integration.py:29: QuickBooks credentials not configured (set QUICKBOOKS_CLIENT_ID and QUICKBOOKS_CLIENT_SECRET)
SKIPPED [1] tests\test_quickbooks_integration.py:49: QuickBooks credentials not configured (set QUICKBOOKS_CLIENT_ID and QUICKBOOKS_CLIENT_SECRET)
SKIPPED [1] tests\test_quickbooks_integration.py:66: QuickBooks credentials not configured (set QUICKBOOKS_CLIENT_ID and QUICKBOOKS_CLIENT_SECRET)
SKIPPED [1] tests\test_quickbooks_integration.py:104: QuickBooks credentials not configured (set QUICKBOOKS_CLIENT_ID and QUICKBOOKS_CLIENT_SECRET)
SKIPPED [1] tests\test_quickbooks_integration.py:121: QuickBooks credentials not configured (set QUICKBOOKS_CLIENT_ID and QUICKBOOKS_CLIENT_SECRET)
SKIPPED [1] tests\test_quickbooks_integration.py:143: QuickBooks credentials not configured (set QUICKBOOKS_CLIENT_ID and QUICKBOOKS_CLIENT_SECRET)
SKIPPED [1] tests\test_quickbooks_integration.py:164: QuickBooks credentials not configured (set QUICKBOOKS_CLIENT_ID and QUICKBOOKS_CLIENT_SECRET)
SKIPPED [1] tests\test_quickbooks_integration.py:219: QuickBooks credentials not configured (set QUICKBOOKS_CLIENT_ID and QUICKBOOKS_CLIENT_SECRET)
SKIPPED [1] tests\test_quickbooks_integration.py:238: Requires real QuickBooks sandbox OAuth flow - manual test
SKIPPED [1] tests\test_s3_storage_service.py:32: boto3 not installed (optional S3/R2 storage dependency)
SKIPPED [1] tests\test_s3_storage_service.py:54: boto3 not installed (optional S3/R2 storage dependency)
SKIPPED [1] tests\test_s3_storage_service.py:68: boto3 not installed (optional S3/R2 storage dependency)
SKIPPED [1] tests\test_s3_storage_service.py:86: boto3 not installed (optional S3/R2 storage dependency)
SKIPPED [1] tests\test_s3_storage_service.py:109: boto3 not installed (optional S3/R2 storage dependency)
SKIPPED [1] tests\test_s3_storage_service.py:136: boto3 not installed (optional S3/R2 storage dependency)
SKIPPED [1] tests\test_s3_storage_service.py:164: boto3 not installed (optional S3/R2 storage dependency)
SKIPPED [1] tests\test_s3_storage_service.py:194: boto3 not installed (optional S3/R2 storage dependency)
SKIPPED [1] tests\test_s3_storage_service.py:219: boto3 not installed (optional S3/R2 storage dependency)
SKIPPED [1] tests\test_s3_storage_service.py:249: boto3 not installed (optional S3/R2 storage dependency)
SKIPPED [1] tests\test_s3_storage_service.py:273: boto3 not installed (optional S3/R2 storage dependency)
SKIPPED [1] tests\test_s3_storage_service.py:304: boto3 not installed (optional S3/R2 storage dependency)
SKIPPED [1] tests\test_s3_storage_service.py:330: boto3 not installed (optional S3/R2 storage dependency)
SKIPPED [1] tests\test_s3_storage_service.py:355: boto3 not installed (optional S3/R2 storage dependency)
SKIPPED [1] tests\test_s3_storage_service.py:381: boto3 not installed (optional S3/R2 storage dependency)
SKIPPED [1] tests\test_s3_storage_service.py:406: boto3 not installed (optional S3/R2 storage dependency)
SKIPPED [1] tests\test_s3_storage_service.py:433: boto3 not installed (optional S3/R2 storage dependency)
SKIPPED [1] tests\test_s3_storage_service.py:465: boto3 not installed (optional S3/R2 storage dependency)
SKIPPED [1] tests\test_s3_storage_service.py:497: boto3 not installed (optional S3/R2 storage dependency)
SKIPPED [1] tests\test_s3_storage_service.py:516: boto3 not installed (optional S3/R2 storage dependency)
SKIPPED [1] tests\test_s3_storage_service.py:535: boto3 not installed (optional S3/R2 storage dependency)
SKIPPED [1] tests\test_sage_integration.py:28: Sage credentials not configured (set SAGE_CLIENT_ID and SAGE_CLIENT_SECRET)
SKIPPED [1] tests\test_sage_integration.py:40: Sage credentials not configured (set SAGE_CLIENT_ID and SAGE_CLIENT_SECRET)
SKIPPED [1] tests\test_sage_integration.py:57: Sage credentials not configured (set SAGE_CLIENT_ID and SAGE_CLIENT_SECRET)
SKIPPED [1] tests\test_sage_integration.py:95: Sage credentials not configured (set SAGE_CLIENT_ID and SAGE_CLIENT_SECRET)
SKIPPED [1] tests\test_sage_integration.py:112: Sage credentials not configured (set SAGE_CLIENT_ID and SAGE_CLIENT_SECRET)
SKIPPED [1] tests\test_sage_integration.py:130: Sage credentials not configured (set SAGE_CLIENT_ID and SAGE_CLIENT_SECRET)
SKIPPED [1] tests\test_sage_integration.py:151: Sage credentials not configured (set SAGE_CLIENT_ID and SAGE_CLIENT_SECRET)
SKIPPED [1] tests\test_sage_integration.py:206: Sage credentials not configured (set SAGE_CLIENT_ID and SAGE_CLIENT_SECRET)
SKIPPED [1] tests\test_sage_integration.py:226: Requires real Sage sandbox OAuth flow - manual test
SKIPPED [1] tests\test_storage_factory.py:48: boto3 not installed - S3 storage optional
SKIPPED [1] tests\test_storage_factory.py:116: boto3 not installed - S3 storage optional
SKIPPED [1] tests\test_subscription_error_paths.py:373: Stripe module imported inside function - mocking complex, error handling already verified in code
SKIPPED [1] tests\test_subscription_error_paths.py:397: Stripe module imported inside function - mocking complex, error handling already verified in code
SKIPPED [1] tests\test_subscription_error_paths.py:425: Stripe module imported inside function - mocking complex, event routing already verified in code
SKIPPED [1] tests\test_subscription_error_paths.py:468: Stripe module imported inside function - mocking complex, exception handling already verified in code
SKIPPED [1] tests\test_valuation_export_service.py:47: TDD RED phase - awaiting ValuationExportService implementation (DEV-011 Phase 5)
SKIPPED [1] tests\test_valuation_export_service.py:67: TDD RED phase - awaiting ValuationExportService implementation (DEV-011 Phase 5)
SKIPPED [1] tests\test_valuation_export_service.py:86: TDD RED phase - awaiting ValuationExportService implementation (DEV-011 Phase 5)
SKIPPED [1] tests\test_valuation_export_service.py:118: TDD RED phase - awaiting ValuationExportService implementation (DEV-011 Phase 5)
SKIPPED [1] tests\test_xero_integration.py:30: Xero credentials not configured (set XERO_CLIENT_ID and XERO_CLIENT_SECRET)
SKIPPED [1] tests\test_xero_integration.py:47: Xero credentials not configured (set XERO_CLIENT_ID and XERO_CLIENT_SECRET)
SKIPPED [1] tests\test_xero_integration.py:63: Xero credentials not configured (set XERO_CLIENT_ID and XERO_CLIENT_SECRET)
SKIPPED [1] tests\test_xero_integration.py:104: Requires real Xero sandbox OAuth flow - manual test
SKIPPED [1] tests\test_xero_integration.py:136: Xero credentials not configured (set XERO_CLIENT_ID and XERO_CLIENT_SECRET)
SKIPPED [1] tests\test_xero_integration.py:153: Xero credentials not configured (set XERO_CLIENT_ID and XERO_CLIENT_SECRET)
SKIPPED [1] tests\test_xero_integration.py:175: Xero credentials not configured (set XERO_CLIENT_ID and XERO_CLIENT_SECRET)
SKIPPED [1] tests\test_xero_integration.py:196: Xero credentials not configured (set XERO_CLIENT_ID and XERO_CLIENT_SECRET)
SKIPPED [1] tests\test_xero_integration.py:284: Xero credentials not configured (set XERO_CLIENT_ID and XERO_CLIENT_SECRET)
SKIPPED [1] tests\services\test_rbac_permissions.py:223: Auth dependency integration test - requires auth.py mocking
SKIPPED [1] tests\services\test_rbac_permissions.py:234: Auth dependency integration test - requires auth.py mocking
SKIPPED [1] tests\services\test_rbac_permissions.py:238: Auth dependency integration test - requires FastAPI request context
SKIPPED [1] tests\services\test_rbac_permissions.py:269: Entitlement service test - covered in test_entitlement.py
SKIPPED [1] tests\test_migrations\test_user_foreign_keys.py:150: SQLite doesn't enforce FK constraints by default - test requires PostgreSQL
SKIPPED [1] tests\test_migrations\test_user_foreign_keys.py:167: SQLite doesn't enforce FK constraints by default - test requires PostgreSQL
SKIPPED [1] tests\test_migrations\test_user_foreign_keys.py:189: SQLite doesn't enforce FK constraints by default - test requires PostgreSQL
FAILED tests\test_document_endpoints.py::test_folder_requires_authentication
==== 1 failed, 1196 passed, 81 skipped, 554 warnings in 274.83s (0:04:34) =====
