============================= test session starts =============================
platform win32 -- Python 3.11.9, pytest-7.4.3, pluggy-1.6.0
rootdir: C:\Projects\ma-saas-platform\M-S-SaaS-apex-deliver
configfile: pytest.ini
plugins: anyio-3.7.1, asyncio-0.21.1, cov-4.1.0
asyncio: mode=Mode.STRICT
collected 1832 items

tests\test_additional_ratios.py ...............                          [  0%]
tests\test_api_middleware.py ...............                             [  1%]
tests\test_audio_chunking_service.py .................                   [  2%]
tests\test_audit_event_sink.py ..                                        [  2%]
tests\test_auth_dependencies_edge_cases.py ...............               [  3%]
tests\test_auth_helpers.py .....................                         [  4%]
tests\test_billing_endpoints.py ..................                       [  5%]
tests\test_billing_simple.py ...                                         [  5%]
tests\test_blog_api_errors.py .......                                    [  6%]
tests\test_caching.py ...............                                    [  6%]
tests\test_campaign_schema_migration.py ......................s          [  8%]
tests\test_campaign_service.py .........                                 [  8%]
tests\test_clerk_auth_complete.py ..........................             [ 10%]
tests\test_community_api.py ........................                     [ 11%]
tests\test_community_models.py .............                             [ 12%]
tests\test_community_service.py .............................            [ 13%]
tests\test_core_edge_cases.py ...s...................                    [ 15%]
tests\test_dashboard_api.py ......                                       [ 15%]
tests\test_database_infrastructure.py ............                       [ 15%]
tests\test_database_reset.py ..                                          [ 16%]
tests\test_deal_endpoints.py .........................                   [ 17%]
tests\test_deal_matching_api.py ..................                       [ 18%]
tests\test_deal_matching_models.py ........                              [ 18%]
tests\test_deal_matching_service.py ...............                      [ 19%]
tests\test_document_ai_and_versions.py .