============================= test session starts =============================
platform win32 -- Python 3.11.9, pytest-7.4.3, pluggy-1.6.0
rootdir: C:\Projects\ma-saas-platform\M-S-SaaS-apex-deliver
configfile: pytest.ini
plugins: anyio-3.7.1, asyncio-0.21.1, cov-7.0.0
asyncio: mode=Mode.STRICT
collected 1885 items

tests\test_additional_ratios.py ...............                          [  0%]
tests\test_api_middleware.py ...............                             [  1%]
tests\test_audio_chunking_service.py .................                   [  2%]
tests\test_audit_event_sink.py ..                                        [  2%]
tests\test_auth_dependencies_edge_cases.py ...............               [  3%]
tests\test_auth_helpers.py .....................                         [  4%]
tests\test_billing_endpoints.py ..................                       [  5%]
tests\test_billing_simple.py ...                                         [  5%]
tests\test_blog_api_errors.py .......                                    [  5%]
tests\test_caching.py ...............                                    [  6%]
tests\test_campaign_schema_migration.py ......................s          [  8%]
tests\test_campaign_service.py .........                                 [  8%]
tests\test_clerk_auth_complete.py ..........................             [  9%]
tests\test_community_api.py ........................                     [ 11%]
tests\test_community_models.py .............                             [ 11%]
tests\test_community_service.py .............................            [ 13%]
tests\test_core_edge_cases.py ...s...................                    [ 14%]
tests\test_dashboard_api.py ......                                       [ 14%]
tests\test_database_infrastructure.py ............                       [ 15%]
tests\test_database_reset.py ..                                          [ 15%]
tests\test_deal_endpoints.py .........................                   [ 16%]
tests\test_deal_matching_api.py ..................                       [ 17%]
tests\test_deal_matching_models.py ........                              [ 18%]
tests\test_deal_matching_service.py ...............                      [ 19%]
tests\test_document_ai_and_versions.py .......                           [ 19%]
tests\test_document_endpoints.py ....................................... [ 21%]
.....                                                                    [ 21%]
tests\test_document_endpoints_additional.py ...........                  [ 22%]
tests\test_document_export_jobs_api.py ....                              [ 22%]
tests\test_document_generation_api.py ........................           [ 23%]
tests\test_document_generation_api_errors.py ............                [ 24%]
tests\test_document_generation_models.py ..........                      [ 25%]
tests\test_document_service.py ....                                      [ 25%]
tests\test_document_service_error_paths.py .........................     [ 26%]
tests\test_document_service_success_paths.py ..............              [ 27%]
tests\test_documents_api_errors.py ........                              [ 27%]
tests\test_documents_organization_error.py ...                           [ 27%]
tests\test_email_service.py .......                                      [ 28%]
tests\test_email_tasks.py ..                                             [ 28%]
tests\test_entitlement.py ...........................................    [ 30%]
tests\test_entitlement_service_complete.py ..................            [ 31%]
tests\test_event_models.py ...........                                   [ 32%]
tests\test_event_notification_service.py ..                              [ 32%]
tests\test_event_payment_api.py .......                                  [ 32%]
tests\test_event_payment_service.py ..........                           [ 33%]
tests\test_event_reminder_service.py ..                                  [ 33%]
tests\test_event_service.py ..............                               [ 34%]
tests\test_events_api_errors.py .......                                  [ 34%]
tests\test_evidence_runner.py .s..                                       [ 34%]
tests\test_financial_api.py ..................................           [ 36%]
tests\test_financial_api_errors.py ........                              [ 36%]
tests\test_financial_models_sync.py ..........                           [ 37%]
tests\test_financial_narrative_service.py ...........                    [ 38%]
tests\test_financial_ratios.py ...........................               [ 39%]
tests\test_financial_xero_integration.py s                               [ 39%]
tests\test_fpa_api.py ...                                                [ 39%]
tests\test_fpa_routes.py .......                                         [ 40%]
tests\test_invite_service.py ................                            [ 40%]
tests\test_isolation_guards.py ....                                      [ 41%]
tests\test_marketing_api_errors.py .........                             [ 41%]
tests\test_master_admin_api.py ..............                            [ 42%]
tests\test_master_admin_models.py .....ss..........ss..s.                [ 43%]
tests\test_master_admin_scope.py .......                                 [ 43%]
tests\test_master_admin_seed_service.py ..                               [ 44%]
tests\test_migration_idempotency.py s                                    [ 44%]
tests\test_models_financial_connection.py ......                         [ 44%]
tests\test_netsuite_integration.py ssssssssss                            [ 44%]
tests\test_notification_service.py ...............                       [ 45%]
tests\test_notifications_api.py ......                                   [ 46%]
tests\test_organization_service.py ............................          [ 47%]
tests\test_ownership.py ..                                               [ 47%]
tests\test_path_safety.py ....                                           [ 47%]
tests\test_permissions.py .....                                          [ 48%]
tests\test_pipeline_template_api.py ...                                  [ 48%]
tests\test_pipeline_template_api_errors.py .......                       [ 48%]
tests\test_pipeline_template_schemas.py ....                             [ 48%]
tests\test_pmi_integration.py .......                                    [ 49%]
tests\test_pmi_routes.py .........................                       [ 50%]
tests\test_pmi_service.py .................................              [ 52%]
tests\test_podcast_api.py .............................................. [ 54%]
........                                                                 [ 55%]
tests\test_podcast_feature_access.py .                                   [ 55%]
tests\test_podcast_service.py ...........                                [ 55%]
tests\test_quickbooks_integration.py sssssssss                           [ 56%]
tests\test_quickbooks_oauth_service_complete.py ........................ [ 57%]
...................                                                      [ 58%]
tests\test_quota_service.py .............................                [ 60%]
tests\test_rbac.py ..........                                            [ 60%]
tests\test_rbac_audit_service.py ..........                              [ 61%]
tests\test_rbac_imports.py ..                                            [ 61%]
tests\test_render_start_script.py ...                                    [ 61%]
tests\test_s3_storage_service.py sssssssssssssssssssss                   [ 62%]
tests\test_sage_integration.py sssssssss                                 [ 63%]
tests\test_sage_oauth_service.py ........................                [ 64%]
tests\test_security_utils.py ...........                                 [ 64%]
tests\test_seed_service.py ...                                           [ 65%]
tests\test_storage_factory.py .s..s                                      [ 65%]
tests\test_subscription.py .................                             [ 66%]
tests\test_subscription_core.py ..............                           [ 66%]
tests\test_subscription_error_paths.py ............ssss....              [ 68%]
tests\test_subscription_model.py .............                           [ 68%]
tests\test_subscription_service_edge_cases.py .......................... [ 70%]
..                                                                       [ 70%]
tests\test_task_automation.py .....                                      [ 70%]
tests\test_task_crud.py ......                                           [ 70%]
tests\test_tasks_api_complete.py ..............                          [ 71%]
tests\test_template_service.py ....................                      [ 72%]
tests\test_thumbnail_service.py ................                         [ 73%]
tests\test_user_service_helpers.py .............................         [ 74%]
tests\test_valuation_api.py ....................                         [ 76%]
tests\test_valuation_api_errors.py .............                         [ 76%]
tests\test_valuation_crud.py .................                           [ 77%]
tests\test_valuation_export_service.py ..........                        [ 78%]
tests\test_valuation_service.py ........................................ [ 80%]
..........                                                               [ 80%]
tests\test_voice_service.py .........                                    [ 81%]
tests\test_xero_integration.py sssssssss                                 [ 81%]
tests\test_xero_oauth_service.py ...........                             [ 82%]
tests\test_youtube_service.py ...                                        [ 82%]
tests\api\test_blog.py ................                                  [ 83%]
tests\api\test_blog_api.py ...........                                   [ 83%]
tests\api\test_campaigns.py .................                            [ 84%]
tests\api\test_dashboard_metrics.py ......                               [ 85%]
tests\api\test_document_sharing.py ........                              [ 85%]
tests\api\test_event_api.py ..........................                   [ 86%]
tests\api\test_marketing.py ....                                         [ 87%]
tests\api\test_templates.py ..............                               [ 87%]
tests\api\test_voice.py ....                                             [ 88%]
tests\api\test_webhooks.py ssssss                                        [ 88%]
tests\master_admin\test_models.py ............................           [ 89%]
tests\master_admin\test_schemas.py ..................................... [ 91%]
.                                                                        [ 91%]
tests\services\test_document_export_service.py ......................... [ 93%]
.....                                                                    [ 93%]
tests\services\test_gohighlevel_service.py ...                           [ 93%]
tests\services\test_netsuite_oauth_mocked.py ....................        [ 94%]
tests\services\test_netsuite_oauth_service_complete.py ................. [ 95%]
................                                                         [ 96%]
tests\services\test_quickbooks_oauth_mocked.py ....................      [ 97%]
tests\services\test_rbac_permissions.py .........sss..s                  [ 98%]
tests\services\test_sage_oauth_mocked.py ....................            [ 99%]
C:\Users\User\AppData\Local\Programs\Python\Python311\Lib\site-packages\coverage\inorout.py:521: CoverageWarning: Module backend/app was never imported. (module-not-imported); see https://coverage.readthedocs.io/en/7.11.0/messages.html#warning-module-not-imported
  self.warn(f"Module {pkg} was never imported.", slug="module-not-imported")
C:\Users\User\AppData\Local\Programs\Python\Python311\Lib\site-packages\coverage\control.py:946: CoverageWarning: No data was collected. (no-data-collected); see https://coverage.readthedocs.io/en/7.11.0/messages.html#warning-no-data-collected
  self._warn("No data was collected.", slug="no-data-collected")
C:\Users\User\AppData\Local\Programs\Python\Python311\Lib\site-packages\pytest_cov\plugin.py:363: CovReportWarning: Failed to generate report: No data to report.

  warnings.warn(CovReportWarning(message), stacklevel=1)
tests\test_migrations\test_user_foreign_keys.py ...sss.....              [100%]
WARNING: Failed to generate report: No data to report.



============================== warnings summary ===============================
..\..\..\..\Users\User\AppData\Local\Programs\Python\Python311\Lib\site-packages\pydantic\_internal\_config.py:291
..\..\..\..\Users\User\AppData\Local\Programs\Python\Python311\Lib\site-packages\pydantic\_internal\_config.py:291
..\..\..\..\Users\User\AppData\Local\Programs\Python\Python311\Lib\site-packages\pydantic\_internal\_config.py:291
..\..\..\..\Users\User\AppData\Local\Programs\Python\Python311\Lib\site-packages\pydantic\_internal\_config.py:291
..\..\..\..\Users\User\AppData\Local\Programs\Python\Python311\Lib\site-packages\pydantic\_internal\_config.py:291
..\..\..\..\Users\User\AppData\Local\Programs\Python\Python311\Lib\site-packages\pydantic\_internal\_config.py:291
  C:\Users\User\AppData\Local\Programs\Python\Python311\Lib\site-packages\pydantic\_internal\_config.py:291: PydanticDeprecatedSince20: Support for class-based `config` is deprecated, use ConfigDict instead. Deprecated in Pydantic V2.0 to be removed in V3.0. See Pydantic V2 Migration Guide at https://errors.pydantic.dev/2.8/migration/
    warnings.warn(DEPRECATION_MESSAGE, DeprecationWarning)

tests\test_netsuite_integration.py:30
  C:\Projects\ma-saas-platform\M-S-SaaS-apex-deliver\backend\tests\test_netsuite_integration.py:30: PytestUnknownMarkWarning: Unknown pytest.mark.integration - is this a typo?  You can register custom marks to avoid this warning - for details, see https://docs.pytest.org/en/stable/how-to/mark.html
    @pytest.mark.integration

tests\test_netsuite_integration.py:42
  C:\Projects\ma-saas-platform\M-S-SaaS-apex-deliver\backend\tests\test_netsuite_integration.py:42: PytestUnknownMarkWarning: Unknown pytest.mark.integration - is this a typo?  You can register custom marks to avoid this warning - for details, see https://docs.pytest.org/en/stable/how-to/mark.html
    @pytest.mark.integration

tests\test_netsuite_integration.py:59
  C:\Projects\ma-saas-platform\M-S-SaaS-apex-deliver\backend\tests\test_netsuite_integration.py:59: PytestUnknownMarkWarning: Unknown pytest.mark.integration - is this a typo?  You can register custom marks to avoid this warning - for details, see https://docs.pytest.org/en/stable/how-to/mark.html
    @pytest.mark.integration

tests\test_netsuite_integration.py:97
  C:\Projects\ma-saas-platform\M-S-SaaS-apex-deliver\backend\tests\test_netsuite_integration.py:97: PytestUnknownMarkWarning: Unknown pytest.mark.integration - is this a typo?  You can register custom marks to avoid this warning - for details, see https://docs.pytest.org/en/stable/how-to/mark.html
    @pytest.mark.integration

tests\test_netsuite_integration.py:114
  C:\Projects\ma-saas-platform\M-S-SaaS-apex-deliver\backend\tests\test_netsuite_integration.py:114: PytestUnknownMarkWarning: Unknown pytest.mark.integration - is this a typo?  You can register custom marks to avoid this warning - for details, see https://docs.pytest.org/en/stable/how-to/mark.html
    @pytest.mark.integration

tests\test_netsuite_integration.py:132
  C:\Projects\ma-saas-platform\M-S-SaaS-apex-deliver\backend\tests\test_netsuite_integration.py:132: PytestUnknownMarkWarning: Unknown pytest.mark.integration - is this a typo?  You can register custom marks to avoid this warning - for details, see https://docs.pytest.org/en/stable/how-to/mark.html
    @pytest.mark.integration

tests\test_netsuite_integration.py:153
  C:\Projects\ma-saas-platform\M-S-SaaS-apex-deliver\backend\tests\test_netsuite_integration.py:153: PytestUnknownMarkWarning: Unknown pytest.mark.integration - is this a typo?  You can register custom marks to avoid this warning - for details, see https://docs.pytest.org/en/stable/how-to/mark.html
    @pytest.mark.integration

tests\test_netsuite_integration.py:209
  C:\Projects\ma-saas-platform\M-S-SaaS-apex-deliver\backend\tests\test_netsuite_integration.py:209: PytestUnknownMarkWarning: Unknown pytest.mark.integration - is this a typo?  You can register custom marks to avoid this warning - for details, see https://docs.pytest.org/en/stable/how-to/mark.html
    @pytest.mark.integration

tests\test_netsuite_integration.py:229
  C:\Projects\ma-saas-platform\M-S-SaaS-apex-deliver\backend\tests\test_netsuite_integration.py:229: PytestUnknownMarkWarning: Unknown pytest.mark.integration - is this a typo?  You can register custom marks to avoid this warning - for details, see https://docs.pytest.org/en/stable/how-to/mark.html
    @pytest.mark.integration

tests\test_netsuite_integration.py:249
  C:\Projects\ma-saas-platform\M-S-SaaS-apex-deliver\backend\tests\test_netsuite_integration.py:249: PytestUnknownMarkWarning: Unknown pytest.mark.integration - is this a typo?  You can register custom marks to avoid this warning - for details, see https://docs.pytest.org/en/stable/how-to/mark.html
    @pytest.mark.integration

tests\test_quickbooks_integration.py:29
  C:\Projects\ma-saas-platform\M-S-SaaS-apex-deliver\backend\tests\test_quickbooks_integration.py:29: PytestUnknownMarkWarning: Unknown pytest.mark.integration - is this a typo?  You can register custom marks to avoid this warning - for details, see https://docs.pytest.org/en/stable/how-to/mark.html
    @pytest.mark.integration

tests\test_quickbooks_integration.py:49
  C:\Projects\ma-saas-platform\M-S-SaaS-apex-deliver\backend\tests\test_quickbooks_integration.py:49: PytestUnknownMarkWarning: Unknown pytest.mark.integration - is this a typo?  You can register custom marks to avoid this warning - for details, see https://docs.pytest.org/en/stable/how-to/mark.html
    @pytest.mark.integration

tests\test_quickbooks_integration.py:66
  C:\Projects\ma-saas-platform\M-S-SaaS-apex-deliver\backend\tests\test_quickbooks_integration.py:66: PytestUnknownMarkWarning: Unknown pytest.mark.integration - is this a typo?  You can register custom marks to avoid this warning - for details, see https://docs.pytest.org/en/stable/how-to/mark.html
    @pytest.mark.integration

tests\test_quickbooks_integration.py:104
  C:\Projects\ma-saas-platform\M-S-SaaS-apex-deliver\backend\tests\test_quickbooks_integration.py:104: PytestUnknownMarkWarning: Unknown pytest.mark.integration - is this a typo?  You can register custom marks to avoid this warning - for details, see https://docs.pytest.org/en/stable/how-to/mark.html
    @pytest.mark.integration

tests\test_quickbooks_integration.py:121
  C:\Projects\ma-saas-platform\M-S-SaaS-apex-deliver\backend\tests\test_quickbooks_integration.py:121: PytestUnknownMarkWarning: Unknown pytest.mark.integration - is this a typo?  You can register custom marks to avoid this warning - for details, see https://docs.pytest.org/en/stable/how-to/mark.html
    @pytest.mark.integration

tests\test_quickbooks_integration.py:143
  C:\Projects\ma-saas-platform\M-S-SaaS-apex-deliver\backend\tests\test_quickbooks_integration.py:143: PytestUnknownMarkWarning: Unknown pytest.mark.integration - is this a typo?  You can register custom marks to avoid this warning - for details, see https://docs.pytest.org/en/stable/how-to/mark.html
    @pytest.mark.integration

tests\test_quickbooks_integration.py:164
  C:\Projects\ma-saas-platform\M-S-SaaS-apex-deliver\backend\tests\test_quickbooks_integration.py:164: PytestUnknownMarkWarning: Unknown pytest.mark.integration - is this a typo?  You can register custom marks to avoid this warning - for details, see https://docs.pytest.org/en/stable/how-to/mark.html
    @pytest.mark.integration

tests\test_quickbooks_integration.py:219
  C:\Projects\ma-saas-platform\M-S-SaaS-apex-deliver\backend\tests\test_quickbooks_integration.py:219: PytestUnknownMarkWarning: Unknown pytest.mark.integration - is this a typo?  You can register custom marks to avoid this warning - for details, see https://docs.pytest.org/en/stable/how-to/mark.html
    @pytest.mark.integration

tests\test_quickbooks_integration.py:238
  C:\Projects\ma-saas-platform\M-S-SaaS-apex-deliver\backend\tests\test_quickbooks_integration.py:238: PytestUnknownMarkWarning: Unknown pytest.mark.integration - is this a typo?  You can register custom marks to avoid this warning - for details, see https://docs.pytest.org/en/stable/how-to/mark.html
    @pytest.mark.integration

tests\test_sage_integration.py:28
  C:\Projects\ma-saas-platform\M-S-SaaS-apex-deliver\backend\tests\test_sage_integration.py:28: PytestUnknownMarkWarning: Unknown pytest.mark.integration - is this a typo?  You can register custom marks to avoid this warning - for details, see https://docs.pytest.org/en/stable/how-to/mark.html
    @pytest.mark.integration

tests\test_sage_integration.py:40
  C:\Projects\ma-saas-platform\M-S-SaaS-apex-deliver\backend\tests\test_sage_integration.py:40: PytestUnknownMarkWarning: Unknown pytest.mark.integration - is this a typo?  You can register custom marks to avoid this warning - for details, see https://docs.pytest.org/en/stable/how-to/mark.html
    @pytest.mark.integration

tests\test_sage_integration.py:57
  C:\Projects\ma-saas-platform\M-S-SaaS-apex-deliver\backend\tests\test_sage_integration.py:57: PytestUnknownMarkWarning: Unknown pytest.mark.integration - is this a typo?  You can register custom marks to avoid this warning - for details, see https://docs.pytest.org/en/stable/how-to/mark.html
    @pytest.mark.integration

tests\test_sage_integration.py:95
  C:\Projects\ma-saas-platform\M-S-SaaS-apex-deliver\backend\tests\test_sage_integration.py:95: PytestUnknownMarkWarning: Unknown pytest.mark.integration - is this a typo?  You can register custom marks to avoid this warning - for details, see https://docs.pytest.org/en/stable/how-to/mark.html
    @pytest.mark.integration

tests\test_sage_integration.py:112
  C:\Projects\ma-saas-platform\M-S-SaaS-apex-deliver\backend\tests\test_sage_integration.py:112: PytestUnknownMarkWarning: Unknown pytest.mark.integration - is this a typo?  You can register custom marks to avoid this warning - for details, see https://docs.pytest.org/en/stable/how-to/mark.html
    @pytest.mark.integration

tests\test_sage_integration.py:130
  C:\Projects\ma-saas-platform\M-S-SaaS-apex-deliver\backend\tests\test_sage_integration.py:130: PytestUnknownMarkWarning: Unknown pytest.mark.integration - is this a typo?  You can register custom marks to avoid this warning - for details, see https://docs.pytest.org/en/stable/how-to/mark.html
    @pytest.mark.integration

tests\test_sage_integration.py:151
  C:\Projects\ma-saas-platform\M-S-SaaS-apex-deliver\backend\tests\test_sage_integration.py:151: PytestUnknownMarkWarning: Unknown pytest.mark.integration - is this a typo?  You can register custom marks to avoid this warning - for details, see https://docs.pytest.org/en/stable/how-to/mark.html
    @pytest.mark.integration

tests\test_sage_integration.py:206
  C:\Projects\ma-saas-platform\M-S-SaaS-apex-deliver\backend\tests\test_sage_integration.py:206: PytestUnknownMarkWarning: Unknown pytest.mark.integration - is this a typo?  You can register custom marks to avoid this warning - for details, see https://docs.pytest.org/en/stable/how-to/mark.html
    @pytest.mark.integration

tests\test_sage_integration.py:226
  C:\Projects\ma-saas-platform\M-S-SaaS-apex-deliver\backend\tests\test_sage_integration.py:226: PytestUnknownMarkWarning: Unknown pytest.mark.integration - is this a typo?  You can register custom marks to avoid this warning - for details, see https://docs.pytest.org/en/stable/how-to/mark.html
    @pytest.mark.integration

tests\test_xero_integration.py:30
  C:\Projects\ma-saas-platform\M-S-SaaS-apex-deliver\backend\tests\test_xero_integration.py:30: PytestUnknownMarkWarning: Unknown pytest.mark.integration - is this a typo?  You can register custom marks to avoid this warning - for details, see https://docs.pytest.org/en/stable/how-to/mark.html
    @pytest.mark.integration

tests\test_xero_integration.py:47
  C:\Projects\ma-saas-platform\M-S-SaaS-apex-deliver\backend\tests\test_xero_integration.py:47: PytestUnknownMarkWarning: Unknown pytest.mark.integration - is this a typo?  You can register custom marks to avoid this warning - for details, see https://docs.pytest.org/en/stable/how-to/mark.html
    @pytest.mark.integration

tests\test_xero_integration.py:63
  C:\Projects\ma-saas-platform\M-S-SaaS-apex-deliver\backend\tests\test_xero_integration.py:63: PytestUnknownMarkWarning: Unknown pytest.mark.integration - is this a typo?  You can register custom marks to avoid this warning - for details, see https://docs.pytest.org/en/stable/how-to/mark.html
    @pytest.mark.integration

tests\test_xero_integration.py:104
  C:\Projects\ma-saas-platform\M-S-SaaS-apex-deliver\backend\tests\test_xero_integration.py:104: PytestUnknownMarkWarning: Unknown pytest.mark.integration - is this a typo?  You can register custom marks to avoid this warning - for details, see https://docs.pytest.org/en/stable/how-to/mark.html
    @pytest.mark.integration

tests\test_xero_integration.py:136
  C:\Projects\ma-saas-platform\M-S-SaaS-apex-deliver\backend\tests\test_xero_integration.py:136: PytestUnknownMarkWarning: Unknown pytest.mark.integration - is this a typo?  You can register custom marks to avoid this warning - for details, see https://docs.pytest.org/en/stable/how-to/mark.html
    @pytest.mark.integration

tests\test_xero_integration.py:153
  C:\Projects\ma-saas-platform\M-S-SaaS-apex-deliver\backend\tests\test_xero_integration.py:153: PytestUnknownMarkWarning: Unknown pytest.mark.integration - is this a typo?  You can register custom marks to avoid this warning - for details, see https://docs.pytest.org/en/stable/how-to/mark.html
    @pytest.mark.integration

tests\test_xero_integration.py:175
  C:\Projects\ma-saas-platform\M-S-SaaS-apex-deliver\backend\tests\test_xero_integration.py:175: PytestUnknownMarkWarning: Unknown pytest.mark.integration - is this a typo?  You can register custom marks to avoid this warning - for details, see https://docs.pytest.org/en/stable/how-to/mark.html
    @pytest.mark.integration

tests\test_xero_integration.py:196
  C:\Projects\ma-saas-platform\M-S-SaaS-apex-deliver\backend\tests\test_xero_integration.py:196: PytestUnknownMarkWarning: Unknown pytest.mark.integration - is this a typo?  You can register custom marks to avoid this warning - for details, see https://docs.pytest.org/en/stable/how-to/mark.html
    @pytest.mark.integration

tests\test_xero_integration.py:284
  C:\Projects\ma-saas-platform\M-S-SaaS-apex-deliver\backend\tests\test_xero_integration.py:284: PytestUnknownMarkWarning: Unknown pytest.mark.integration - is this a typo?  You can register custom marks to avoid this warning - for details, see https://docs.pytest.org/en/stable/how-to/mark.html
    @pytest.mark.integration

backend/tests/test_billing_endpoints.py: 18 warnings
backend/tests/test_billing_simple.py: 3 warnings
backend/tests/test_blog_api_errors.py: 7 warnings
backend/tests/test_caching.py: 5 warnings
backend/tests/test_clerk_auth_complete.py: 26 warnings
backend/tests/test_community_api.py: 24 warnings
backend/tests/test_dashboard_api.py: 6 warnings
backend/tests/test_deal_endpoints.py: 25 warnings
backend/tests/test_deal_matching_api.py: 18 warnings
backend/tests/test_document_ai_and_versions.py: 7 warnings
backend/tests/test_document_endpoints.py: 44 warnings
backend/tests/test_document_endpoints_additional.py: 11 warnings
backend/tests/test_document_export_jobs_api.py: 4 warnings
backend/tests/test_document_generation_api.py: 24 warnings
backend/tests/test_document_generation_api_errors.py: 12 warnings
backend/tests/test_documents_api_errors.py: 8 warnings
backend/tests/test_documents_organization_error.py: 3 warnings
backend/tests/test_event_payment_api.py: 7 warnings
backend/tests/test_events_api_errors.py: 7 warnings
backend/tests/test_financial_api.py: 34 warnings
backend/tests/test_financial_api_errors.py: 8 warnings
backend/tests/test_fpa_api.py: 3 warnings
backend/tests/test_fpa_routes.py: 7 warnings
backend/tests/test_marketing_api_errors.py: 9 warnings
backend/tests/test_master_admin_api.py: 14 warnings
backend/tests/test_master_admin_scope.py: 6 warnings
backend/tests/test_notifications_api.py: 6 warnings
backend/tests/test_pipeline_template_api.py: 3 warnings
backend/tests/test_pipeline_template_api_errors.py: 7 warnings
backend/tests/test_pmi_routes.py: 25 warnings
backend/tests/test_podcast_api.py: 54 warnings
backend/tests/test_podcast_feature_access.py: 1 warning
backend/tests/test_subscription_error_paths.py: 16 warnings
backend/tests/test_task_crud.py: 6 warnings
backend/tests/test_tasks_api_complete.py: 14 warnings
backend/tests/test_valuation_api.py: 20 warnings
backend/tests/test_valuation_api_errors.py: 13 warnings
backend/tests/test_valuation_crud.py: 8 warnings
backend/tests/api/test_blog.py: 16 warnings
backend/tests/api/test_blog_api.py: 11 warnings
backend/tests/api/test_document_sharing.py: 8 warnings
backend/tests/api/test_event_api.py: 26 warnings
backend/tests/api/test_marketing.py: 4 warnings
  C:\Users\User\AppData\Local\Programs\Python\Python311\Lib\site-packages\httpx\_client.py:680: DeprecationWarning: The 'app' shortcut is now deprecated. Use the explicit style 'transport=WSGITransport(app=...)' instead.
    warnings.warn(message, DeprecationWarning)

backend/tests/test_clerk_auth_complete.py: 24 warnings
  C:\Users\User\AppData\Local\Programs\Python\Python311\Lib\site-packages\httpx\_content.py:202: DeprecationWarning: Use 'content=<...>' to upload raw bytes/text content.
    warnings.warn(message, DeprecationWarning)

backend/tests/api/test_campaigns.py: 17 warnings
backend/tests/api/test_dashboard_metrics.py: 6 warnings
backend/tests/api/test_templates.py: 14 warnings
backend/tests/api/test_voice.py: 4 warnings
backend/tests/api/test_webhooks.py: 6 warnings
  C:\Users\User\AppData\Local\Programs\Python\Python311\Lib\site-packages\httpx\_client.py:1426: DeprecationWarning: The 'app' shortcut is now deprecated. Use the explicit style 'transport=ASGITransport(app=...)' instead.
    warnings.warn(message, DeprecationWarning)

backend/tests/api/test_webhooks.py::TestCreateWebhook::test_create_webhook
backend/tests/api/test_webhooks.py::TestListWebhooks::test_list_webhooks
backend/tests/api/test_webhooks.py::TestGetWebhook::test_get_webhook
backend/tests/api/test_webhooks.py::TestUpdateWebhook::test_update_webhook
backend/tests/api/test_webhooks.py::TestDeleteWebhook::test_delete_webhook
backend/tests/api/test_webhooks.py::TestVoiceWebhook::test_handle_voice_webhook
  C:\Users\User\AppData\Local\Programs\Python\Python311\Lib\site-packages\_pytest\python.py:183: PytestUnhandledCoroutineWarning: async def functions are not natively supported and have been skipped.
  You need to install a suitable plugin for your async framework, for example:
    - anyio
    - pytest-asyncio
    - pytest-tornasync
    - pytest-trio
    - pytest-twisted
    warnings.warn(PytestUnhandledCoroutineWarning(msg.format(nodeid)))

backend/tests/services/test_gohighlevel_service.py::test_sync_contact_to_gohighlevel_success
  C:\Projects\ma-saas-platform\M-S-SaaS-apex-deliver\backend\app\services\gohighlevel_service.py:70: RuntimeWarning: coroutine 'AsyncMockMixin._execute_mock_call' was never awaited
    response.raise_for_status()
  Enable tracemalloc to get traceback where the object was allocated.
  See https://docs.pytest.org/en/stable/how-to/capture-warnings.html#resource-warnings for more info.

-- Docs: https://docs.pytest.org/en/stable/how-to/capture-warnings.html
=============================== tests coverage ================================
_______________ coverage: platform win32, python 3.11.9-final-0 _______________

=========================== short test summary info ===========================
SKIPPED [1] tests\test_campaign_schema_migration.py:212: Enum introspection only supported on PostgreSQL in tests
SKIPPED [1] tests\test_core_edge_cases.py:58: Database module uses lazy initialization; connection errors are handled at connection-time by SQLAlchemy engine, not in get_db()
SKIPPED [1] tests\test_evidence_runner.py:40: Script exists; skip RED test once implemented
SKIPPED [1] tests\test_financial_xero_integration.py:9: To be implemented in ratio engine phase
SKIPPED [1] tests\test_master_admin_models.py:134: SQLite doesn't enforce enum constraints - test with PostgreSQL
SKIPPED [1] tests\test_master_admin_models.py:148: SQLite doesn't enforce enum constraints - test with PostgreSQL
SKIPPED [1] tests\test_master_admin_models.py:335: SQLite doesn't enforce enum constraints - test with PostgreSQL
SKIPPED [1] tests\test_master_admin_models.py:348: SQLite doesn't enforce enum constraints - test with PostgreSQL
SKIPPED [1] tests\test_master_admin_models.py:405: SQLite doesn't enforce enum constraints - test with PostgreSQL
SKIPPED [1] tests\test_migration_idempotency.py:85: Docker daemon is not available on this host
SKIPPED [1] tests\test_netsuite_integration.py:30: NetSuite credentials not configured (set NETSUITE_CLIENT_ID, NETSUITE_CLIENT_SECRET, NETSUITE_ACCOUNT_ID)
SKIPPED [1] tests\test_netsuite_integration.py:42: NetSuite credentials not configured (set NETSUITE_CLIENT_ID, NETSUITE_CLIENT_SECRET, NETSUITE_ACCOUNT_ID)
SKIPPED [1] tests\test_netsuite_integration.py:59: NetSuite credentials not configured (set NETSUITE_CLIENT_ID, NETSUITE_CLIENT_SECRET, NETSUITE_ACCOUNT_ID)
SKIPPED [1] tests\test_netsuite_integration.py:97: NetSuite credentials not configured (set NETSUITE_CLIENT_ID, NETSUITE_CLIENT_SECRET, NETSUITE_ACCOUNT_ID)
SKIPPED [1] tests\test_netsuite_integration.py:114: NetSuite credentials not configured (set NETSUITE_CLIENT_ID, NETSUITE_CLIENT_SECRET, NETSUITE_ACCOUNT_ID)
SKIPPED [1] tests\test_netsuite_integration.py:132: NetSuite credentials not configured (set NETSUITE_CLIENT_ID, NETSUITE_CLIENT_SECRET, NETSUITE_ACCOUNT_ID)
SKIPPED [1] tests\test_netsuite_integration.py:153: NetSuite credentials not configured (set NETSUITE_CLIENT_ID, NETSUITE_CLIENT_SECRET, NETSUITE_ACCOUNT_ID)
SKIPPED [1] tests\test_netsuite_integration.py:209: NetSuite credentials not configured (set NETSUITE_CLIENT_ID, NETSUITE_CLIENT_SECRET, NETSUITE_ACCOUNT_ID)
SKIPPED [1] tests\test_netsuite_integration.py:229: NetSuite credentials not configured (set NETSUITE_CLIENT_ID, NETSUITE_CLIENT_SECRET, NETSUITE_ACCOUNT_ID)
SKIPPED [1] tests\test_netsuite_integration.py:249: Requires real NetSuite sandbox OAuth flow - manual test
SKIPPED [1] tests\test_quickbooks_integration.py:29: QuickBooks credentials not configured (set QUICKBOOKS_CLIENT_ID and QUICKBOOKS_CLIENT_SECRET)
SKIPPED [1] tests\test_quickbooks_integration.py:49: QuickBooks credentials not configured (set QUICKBOOKS_CLIENT_ID and QUICKBOOKS_CLIENT_SECRET)
SKIPPED [1] tests\test_quickbooks_integration.py:66: QuickBooks credentials not configured (set QUICKBOOKS_CLIENT_ID and QUICKBOOKS_CLIENT_SECRET)
SKIPPED [1] tests\test_quickbooks_integration.py:104: QuickBooks credentials not configured (set QUICKBOOKS_CLIENT_ID and QUICKBOOKS_CLIENT_SECRET)
SKIPPED [1] tests\test_quickbooks_integration.py:121: QuickBooks credentials not configured (set QUICKBOOKS_CLIENT_ID and QUICKBOOKS_CLIENT_SECRET)
SKIPPED [1] tests\test_quickbooks_integration.py:143: QuickBooks credentials not configured (set QUICKBOOKS_CLIENT_ID and QUICKBOOKS_CLIENT_SECRET)
SKIPPED [1] tests\test_quickbooks_integration.py:164: QuickBooks credentials not configured (set QUICKBOOKS_CLIENT_ID and QUICKBOOKS_CLIENT_SECRET)
SKIPPED [1] tests\test_quickbooks_integration.py:219: QuickBooks credentials not configured (set QUICKBOOKS_CLIENT_ID and QUICKBOOKS_CLIENT_SECRET)
SKIPPED [1] tests\test_quickbooks_integration.py:238: Requires real QuickBooks sandbox OAuth flow - manual test
SKIPPED [1] tests\test_s3_storage_service.py:32: boto3 not installed (optional S3/R2 storage dependency)
SKIPPED [1] tests\test_s3_storage_service.py:54: boto3 not installed (optional S3/R2 storage dependency)
SKIPPED [1] tests\test_s3_storage_service.py:68: boto3 not installed (optional S3/R2 storage dependency)
SKIPPED [1] tests\test_s3_storage_service.py:86: boto3 not installed (optional S3/R2 storage dependency)
SKIPPED [1] tests\test_s3_storage_service.py:109: boto3 not installed (optional S3/R2 storage dependency)
SKIPPED [1] tests\test_s3_storage_service.py:136: boto3 not installed (optional S3/R2 storage dependency)
SKIPPED [1] tests\test_s3_storage_service.py:164: boto3 not installed (optional S3/R2 storage dependency)
SKIPPED [1] tests\test_s3_storage_service.py:194: boto3 not installed (optional S3/R2 storage dependency)
SKIPPED [1] tests\test_s3_storage_service.py:219: boto3 not installed (optional S3/R2 storage dependency)
SKIPPED [1] tests\test_s3_storage_service.py:249: boto3 not installed (optional S3/R2 storage dependency)
SKIPPED [1] tests\test_s3_storage_service.py:273: boto3 not installed (optional S3/R2 storage dependency)
SKIPPED [1] tests\test_s3_storage_service.py:304: boto3 not installed (optional S3/R2 storage dependency)
SKIPPED [1] tests\test_s3_storage_service.py:330: boto3 not installed (optional S3/R2 storage dependency)
SKIPPED [1] tests\test_s3_storage_service.py:355: boto3 not installed (optional S3/R2 storage dependency)
SKIPPED [1] tests\test_s3_storage_service.py:381: boto3 not installed (optional S3/R2 storage dependency)
SKIPPED [1] tests\test_s3_storage_service.py:406: boto3 not installed (optional S3/R2 storage dependency)
SKIPPED [1] tests\test_s3_storage_service.py:433: boto3 not installed (optional S3/R2 storage dependency)
SKIPPED [1] tests\test_s3_storage_service.py:465: boto3 not installed (optional S3/R2 storage dependency)
SKIPPED [1] tests\test_s3_storage_service.py:497: boto3 not installed (optional S3/R2 storage dependency)
SKIPPED [1] tests\test_s3_storage_service.py:516: boto3 not installed (optional S3/R2 storage dependency)
SKIPPED [1] tests\test_s3_storage_service.py:535: boto3 not installed (optional S3/R2 storage dependency)
SKIPPED [1] tests\test_sage_integration.py:28: Sage credentials not configured (set SAGE_CLIENT_ID and SAGE_CLIENT_SECRET)
SKIPPED [1] tests\test_sage_integration.py:40: Sage credentials not configured (set SAGE_CLIENT_ID and SAGE_CLIENT_SECRET)
SKIPPED [1] tests\test_sage_integration.py:57: Sage credentials not configured (set SAGE_CLIENT_ID and SAGE_CLIENT_SECRET)
SKIPPED [1] tests\test_sage_integration.py:95: Sage credentials not configured (set SAGE_CLIENT_ID and SAGE_CLIENT_SECRET)
SKIPPED [1] tests\test_sage_integration.py:112: Sage credentials not configured (set SAGE_CLIENT_ID and SAGE_CLIENT_SECRET)
SKIPPED [1] tests\test_sage_integration.py:130: Sage credentials not configured (set SAGE_CLIENT_ID and SAGE_CLIENT_SECRET)
SKIPPED [1] tests\test_sage_integration.py:151: Sage credentials not configured (set SAGE_CLIENT_ID and SAGE_CLIENT_SECRET)
SKIPPED [1] tests\test_sage_integration.py:206: Sage credentials not configured (set SAGE_CLIENT_ID and SAGE_CLIENT_SECRET)
SKIPPED [1] tests\test_sage_integration.py:226: Requires real Sage sandbox OAuth flow - manual test
SKIPPED [1] tests\test_storage_factory.py:48: boto3 not installed - S3 storage optional
SKIPPED [1] tests\test_storage_factory.py:116: boto3 not installed - S3 storage optional
SKIPPED [1] tests\test_subscription_error_paths.py:373: Stripe module imported inside function - mocking complex, error handling already verified in code
SKIPPED [1] tests\test_subscription_error_paths.py:397: Stripe module imported inside function - mocking complex, error handling already verified in code
SKIPPED [1] tests\test_subscription_error_paths.py:425: Stripe module imported inside function - mocking complex, event routing already verified in code
SKIPPED [1] tests\test_subscription_error_paths.py:468: Stripe module imported inside function - mocking complex, exception handling already verified in code
SKIPPED [1] tests\test_xero_integration.py:30: Xero credentials not configured (set XERO_CLIENT_ID and XERO_CLIENT_SECRET)
SKIPPED [1] tests\test_xero_integration.py:47: Xero credentials not configured (set XERO_CLIENT_ID and XERO_CLIENT_SECRET)
SKIPPED [1] tests\test_xero_integration.py:63: Xero credentials not configured (set XERO_CLIENT_ID and XERO_CLIENT_SECRET)
SKIPPED [1] tests\test_xero_integration.py:104: Requires real Xero sandbox OAuth flow - manual test
SKIPPED [1] tests\test_xero_integration.py:136: Xero credentials not configured (set XERO_CLIENT_ID and XERO_CLIENT_SECRET)
SKIPPED [1] tests\test_xero_integration.py:153: Xero credentials not configured (set XERO_CLIENT_ID and XERO_CLIENT_SECRET)
SKIPPED [1] tests\test_xero_integration.py:175: Xero credentials not configured (set XERO_CLIENT_ID and XERO_CLIENT_SECRET)
SKIPPED [1] tests\test_xero_integration.py:196: Xero credentials not configured (set XERO_CLIENT_ID and XERO_CLIENT_SECRET)
SKIPPED [1] tests\test_xero_integration.py:284: Xero credentials not configured (set XERO_CLIENT_ID and XERO_CLIENT_SECRET)
SKIPPED [6] ..\..\..\..\Users\User\AppData\Local\Programs\Python\Python311\Lib\site-packages\_pytest\python.py:184: async def function and no async plugin installed (see warnings)
SKIPPED [1] tests\services\test_rbac_permissions.py:223: Auth dependency integration test - requires auth.py mocking
SKIPPED [1] tests\services\test_rbac_permissions.py:234: Auth dependency integration test - requires auth.py mocking
SKIPPED [1] tests\services\test_rbac_permissions.py:238: Auth dependency integration test - requires FastAPI request context
SKIPPED [1] tests\services\test_rbac_permissions.py:269: Entitlement service test - covered in test_entitlement.py
SKIPPED [1] tests\test_migrations\test_user_foreign_keys.py:150: SQLite doesn't enforce FK constraints by default - test requires PostgreSQL
SKIPPED [1] tests\test_migrations\test_user_foreign_keys.py:167: SQLite doesn't enforce FK constraints by default - test requires PostgreSQL
SKIPPED [1] tests\test_migrations\test_user_foreign_keys.py:189: SQLite doesn't enforce FK constraints by default - test requires PostgreSQL
========= 1798 passed, 87 skipped, 699 warnings in 872.14s (0:14:32) ==========
