============================= test session starts =============================
platform win32 -- Python 3.11.9, pytest-7.4.3, pluggy-1.6.0
rootdir: C:\Projects\ma-saas-platform\M-S-SaaS-apex-deliver
configfile: pytest.ini
plugins: anyio-3.7.1, asyncio-0.21.1, cov-4.1.0
asyncio: mode=Mode.STRICT
collected 75 items

tests\test_document_endpoints.py ....................................... [ 52%]
...                                                                      [ 56%]
tests\test_document_service.py ....                                      [ 61%]
tests\test_quota_service.py .............................                [100%]

============================== warnings summary ===============================
backend/tests/test_document_endpoints.py: 42 warnings
  C:\Projects\ma-saas-platform\M-S-SaaS-apex-deliver\backend\venv\Lib\site-packages\httpx\_client.py:680: DeprecationWarning: The 'app' shortcut is now deprecated. Use the explicit style 'transport=WSGITransport(app=...)' instead.
    warnings.warn(message, DeprecationWarning)

-- Docs: https://docs.pytest.org/en/stable/how-to/capture-warnings.html
====================== 75 passed, 42 warnings in 16.46s =======================
