{"meta": {"format": 3, "version": "7.11.0", "timestamp": "2025-10-29T10:30:58.493431", "branch_coverage": false, "show_contexts": false}, "files": {"app\\__init__.py": {"executed_lines": [1, 5], "summary": {"covered_lines": 1, "num_statements": 1, "percent_covered": 100.0, "percent_covered_display": "100", "missing_lines": 0, "excluded_lines": 0}, "missing_lines": [], "excluded_lines": [], "functions": {"": {"executed_lines": [1, 5], "summary": {"covered_lines": 1, "num_statements": 1, "percent_covered": 100.0, "percent_covered_display": "100", "missing_lines": 0, "excluded_lines": 0}, "missing_lines": [], "excluded_lines": []}}, "classes": {"": {"executed_lines": [1, 5], "summary": {"covered_lines": 1, "num_statements": 1, "percent_covered": 100.0, "percent_covered_display": "100", "missing_lines": 0, "excluded_lines": 0}, "missing_lines": [], "excluded_lines": []}}}, "app\\api\\__init__.py": {"executed_lines": [1, 2, 4, 5, 7, 8, 9, 10, 11, 12, 13, 14, 15, 16, 17, 18, 19], "summary": {"covered_lines": 16, "num_statements": 16, "percent_covered": 100.0, "percent_covered_display": "100", "missing_lines": 0, "excluded_lines": 0}, "missing_lines": [], "excluded_lines": [], "functions": {"": {"executed_lines": [1, 2, 4, 5, 7, 8, 9, 10, 11, 12, 13, 14, 15, 16, 17, 18, 19], "summary": {"covered_lines": 16, "num_statements": 16, "percent_covered": 100.0, "percent_covered_display": "100", "missing_lines": 0, "excluded_lines": 0}, "missing_lines": [], "excluded_lines": []}}, "classes": {"": {"executed_lines": [1, 2, 4, 5, 7, 8, 9, 10, 11, 12, 13, 14, 15, 16, 17, 18, 19], "summary": {"covered_lines": 16, "num_statements": 16, "percent_covered": 100.0, "percent_covered_display": "100", "missing_lines": 0, "excluded_lines": 0}, "missing_lines": [], "excluded_lines": []}}}, "app\\api\\admin\\__init__.py": {"executed_lines": [], "summary": {"covered_lines": 0, "num_statements": 11, "percent_covered": 0.0, "percent_covered_display": "0", "missing_lines": 11, "excluded_lines": 0}, "missing_lines": [13, 15, 16, 17, 18, 20, 23, 24, 25, 26, 28], "excluded_lines": [], "functions": {"": {"executed_lines": [], "summary": {"covered_lines": 0, "num_statements": 11, "percent_covered": 0.0, "percent_covered_display": "0", "missing_lines": 11, "excluded_lines": 0}, "missing_lines": [13, 15, 16, 17, 18, 20, 23, 24, 25, 26, 28], "excluded_lines": []}}, "classes": {"": {"executed_lines": [], "summary": {"covered_lines": 0, "num_statements": 11, "percent_covered": 0.0, "percent_covered_display": "0", "missing_lines": 11, "excluded_lines": 0}, "missing_lines": [13, 15, 16, 17, 18, 20, 23, 24, 25, 26, 28], "excluded_lines": []}}}, "app\\api\\admin\\dashboard.py": {"executed_lines": [], "summary": {"covered_lines": 0, "num_statements": 27, "percent_covered": 0.0, "percent_covered_display": "0", "missing_lines": 27, "excluded_lines": 0}, "missing_lines": [7, 8, 9, 10, 12, 13, 14, 15, 17, 20, 21, 36, 37, 38, 41, 43, 49, 56, 58, 65, 72, 76, 78, 79, 82, 83, 85], "excluded_lines": [], "functions": {"get_admin_dashboard": {"executed_lines": [], "summary": {"covered_lines": 0, "num_statements": 16, "percent_covered": 0.0, "percent_covered_display": "0", "missing_lines": 16, "excluded_lines": 0}, "missing_lines": [36, 37, 38, 41, 43, 49, 56, 58, 65, 72, 76, 78, 79, 82, 83, 85], "excluded_lines": []}, "": {"executed_lines": [], "summary": {"covered_lines": 0, "num_statements": 11, "percent_covered": 0.0, "percent_covered_display": "0", "missing_lines": 11, "excluded_lines": 0}, "missing_lines": [7, 8, 9, 10, 12, 13, 14, 15, 17, 20, 21], "excluded_lines": []}}, "classes": {"": {"executed_lines": [], "summary": {"covered_lines": 0, "num_statements": 27, "percent_covered": 0.0, "percent_covered_display": "0", "missing_lines": 27, "excluded_lines": 0}, "missing_lines": [7, 8, 9, 10, 12, 13, 14, 15, 17, 20, 21, 36, 37, 38, 41, 43, 49, 56, 58, 65, 72, 76, 78, 79, 82, 83, 85], "excluded_lines": []}}}, "app\\api\\admin\\organizations.py": {"executed_lines": [], "summary": {"covered_lines": 0, "num_statements": 45, "percent_covered": 0.0, "percent_covered_display": "0", "missing_lines": 45, "excluded_lines": 0}, "missing_lines": [7, 8, 9, 10, 11, 13, 14, 15, 16, 18, 21, 22, 38, 41, 42, 45, 46, 49, 50, 53, 64, 72, 73, 86, 88, 89, 92, 98, 108, 109, 123, 124, 125, 128, 129, 130, 132, 145, 153, 154, 168, 169, 170, 173, 180], "excluded_lines": [], "functions": {"list_organizations": {"executed_lines": [], "summary": {"covered_lines": 0, "num_statements": 9, "percent_covered": 0.0, "percent_covered_display": "0", "missing_lines": 9, "excluded_lines": 0}, "missing_lines": [38, 41, 42, 45, 46, 49, 50, 53, 64], "excluded_lines": []}, "get_organization_details": {"executed_lines": [], "summary": {"covered_lines": 0, "num_statements": 5, "percent_covered": 0.0, "percent_covered_display": "0", "missing_lines": 5, "excluded_lines": 0}, "missing_lines": [86, 88, 89, 92, 98], "excluded_lines": []}, "get_organization_users": {"executed_lines": [], "summary": {"covered_lines": 0, "num_statements": 8, "percent_covered": 0.0, "percent_covered_display": "0", "missing_lines": 8, "excluded_lines": 0}, "missing_lines": [123, 124, 125, 128, 129, 130, 132, 145], "excluded_lines": []}, "get_organization_metrics": {"executed_lines": [], "summary": {"covered_lines": 0, "num_statements": 5, "percent_covered": 0.0, "percent_covered_display": "0", "missing_lines": 5, "excluded_lines": 0}, "missing_lines": [168, 169, 170, 173, 180], "excluded_lines": []}, "": {"executed_lines": [], "summary": {"covered_lines": 0, "num_statements": 18, "percent_covered": 0.0, "percent_covered_display": "0", "missing_lines": 18, "excluded_lines": 0}, "missing_lines": [7, 8, 9, 10, 11, 13, 14, 15, 16, 18, 21, 22, 72, 73, 108, 109, 153, 154], "excluded_lines": []}}, "classes": {"": {"executed_lines": [], "summary": {"covered_lines": 0, "num_statements": 45, "percent_covered": 0.0, "percent_covered_display": "0", "missing_lines": 45, "excluded_lines": 0}, "missing_lines": [7, 8, 9, 10, 11, 13, 14, 15, 16, 18, 21, 22, 38, 41, 42, 45, 46, 49, 50, 53, 64, 72, 73, 86, 88, 89, 92, 98, 108, 109, 123, 124, 125, 128, 129, 130, 132, 145, 153, 154, 168, 169, 170, 173, 180], "excluded_lines": []}}}, "app\\api\\admin\\system.py": {"executed_lines": [], "summary": {"covered_lines": 0, "num_statements": 28, "percent_covered": 0.0, "percent_covered_display": "0", "missing_lines": 28, "excluded_lines": 0}, "missing_lines": [7, 8, 9, 11, 12, 13, 14, 16, 19, 20, 34, 37, 38, 40, 42, 43, 44, 47, 48, 51, 52, 54, 56, 57, 60, 64, 67, 74], "excluded_lines": [], "functions": {"get_system_health": {"executed_lines": [], "summary": {"covered_lines": 0, "num_statements": 18, "percent_covered": 0.0, "percent_covered_display": "0", "missing_lines": 18, "excluded_lines": 0}, "missing_lines": [34, 37, 38, 40, 42, 43, 44, 47, 48, 51, 52, 54, 56, 57, 60, 64, 67, 74], "excluded_lines": []}, "": {"executed_lines": [], "summary": {"covered_lines": 0, "num_statements": 10, "percent_covered": 0.0, "percent_covered_display": "0", "missing_lines": 10, "excluded_lines": 0}, "missing_lines": [7, 8, 9, 11, 12, 13, 14, 16, 19, 20], "excluded_lines": []}}, "classes": {"": {"executed_lines": [], "summary": {"covered_lines": 0, "num_statements": 28, "percent_covered": 0.0, "percent_covered_display": "0", "missing_lines": 28, "excluded_lines": 0}, "missing_lines": [7, 8, 9, 11, 12, 13, 14, 16, 19, 20, 34, 37, 38, 40, 42, 43, 44, 47, 48, 51, 52, 54, 56, 57, 60, 64, 67, 74], "excluded_lines": []}}}, "app\\api\\admin\\users.py": {"executed_lines": [], "summary": {"covered_lines": 0, "num_statements": 75, "percent_covered": 0.0, "percent_covered_display": "0", "missing_lines": 75, "excluded_lines": 0}, "missing_lines": [7, 8, 9, 10, 11, 12, 13, 15, 16, 17, 19, 22, 24, 25, 26, 29, 30, 48, 51, 52, 57, 60, 61, 64, 65, 68, 69, 72, 88, 96, 97, 110, 112, 113, 115, 130, 131, 150, 152, 153, 156, 158, 159, 160, 161, 165, 167, 168, 170, 171, 173, 175, 176, 178, 192, 193, 206, 208, 209, 211, 212, 215, 216, 218, 221, 222, 235, 237, 238, 240, 241, 244, 245, 246, 248], "excluded_lines": [], "functions": {"list_users": {"executed_lines": [], "summary": {"covered_lines": 0, "num_statements": 12, "percent_covered": 0.0, "percent_covered_display": "0", "missing_lines": 12, "excluded_lines": 0}, "missing_lines": [48, 51, 52, 57, 60, 61, 64, 65, 68, 69, 72, 88], "excluded_lines": []}, "get_user_details": {"executed_lines": [], "summary": {"covered_lines": 0, "num_statements": 4, "percent_covered": 0.0, "percent_covered_display": "0", "missing_lines": 4, "excluded_lines": 0}, "missing_lines": [110, 112, 113, 115], "excluded_lines": []}, "update_user": {"executed_lines": [], "summary": {"covered_lines": 0, "num_statements": 17, "percent_covered": 0.0, "percent_covered_display": "0", "missing_lines": 17, "excluded_lines": 0}, "missing_lines": [150, 152, 153, 156, 158, 159, 160, 161, 165, 167, 168, 170, 171, 173, 175, 176, 178], "excluded_lines": []}, "soft_delete_user": {"executed_lines": [], "summary": {"covered_lines": 0, "num_statements": 8, "percent_covered": 0.0, "percent_covered_display": "0", "missing_lines": 8, "excluded_lines": 0}, "missing_lines": [206, 208, 209, 211, 212, 215, 216, 218], "excluded_lines": []}, "restore_user": {"executed_lines": [], "summary": {"covered_lines": 0, "num_statements": 9, "percent_covered": 0.0, "percent_covered_display": "0", "missing_lines": 9, "excluded_lines": 0}, "missing_lines": [235, 237, 238, 240, 241, 244, 245, 246, 248], "excluded_lines": []}, "": {"executed_lines": [], "summary": {"covered_lines": 0, "num_statements": 25, "percent_covered": 0.0, "percent_covered_display": "0", "missing_lines": 25, "excluded_lines": 0}, "missing_lines": [7, 8, 9, 10, 11, 12, 13, 15, 16, 17, 19, 22, 24, 25, 26, 29, 30, 96, 97, 130, 131, 192, 193, 221, 222], "excluded_lines": []}}, "classes": {"UserUpdate": {"executed_lines": [], "summary": {"covered_lines": 0, "num_statements": 0, "percent_covered": 100.0, "percent_covered_display": "100", "missing_lines": 0, "excluded_lines": 0}, "missing_lines": [], "excluded_lines": []}, "": {"executed_lines": [], "summary": {"covered_lines": 0, "num_statements": 75, "percent_covered": 0.0, "percent_covered_display": "0", "missing_lines": 75, "excluded_lines": 0}, "missing_lines": [7, 8, 9, 10, 11, 12, 13, 15, 16, 17, 19, 22, 24, 25, 26, 29, 30, 48, 51, 52, 57, 60, 61, 64, 65, 68, 69, 72, 88, 96, 97, 110, 112, 113, 115, 130, 131, 150, 152, 153, 156, 158, 159, 160, 161, 165, 167, 168, 170, 171, 173, 175, 176, 178, 192, 193, 206, 208, 209, 211, 212, 215, 216, 218, 221, 222, 235, 237, 238, 240, 241, 244, 245, 246, 248], "excluded_lines": []}}}, "app\\api\\dependencies\\__init__.py": {"executed_lines": [0], "summary": {"covered_lines": 0, "num_statements": 0, "percent_covered": 100.0, "percent_covered_display": "100", "missing_lines": 0, "excluded_lines": 0}, "missing_lines": [], "excluded_lines": [], "functions": {"": {"executed_lines": [], "summary": {"covered_lines": 0, "num_statements": 0, "percent_covered": 100.0, "percent_covered_display": "100", "missing_lines": 0, "excluded_lines": 0}, "missing_lines": [], "excluded_lines": []}}, "classes": {"": {"executed_lines": [], "summary": {"covered_lines": 0, "num_statements": 0, "percent_covered": 100.0, "percent_covered_display": "100", "missing_lines": 0, "excluded_lines": 0}, "missing_lines": [], "excluded_lines": []}}}, "app\\api\\dependencies\\auth.py": {"executed_lines": [1, 2, 4, 5, 7, 8, 9, 11, 12, 13, 14, 15, 21, 23, 26, 32, 33, 35, 36, 37, 38, 40, 41, 42, 44, 45, 46, 48, 51, 66, 67, 71, 74, 91, 93, 94, 97, 98, 102, 104, 107, 126, 128, 129, 131, 132, 134, 135, 139, 141, 144, 172, 176, 181, 183, 187, 190, 191, 194, 197, 204, 215, 219, 221], "summary": {"covered_lines": 63, "num_statements": 63, "percent_covered": 100.0, "percent_covered_display": "100", "missing_lines": 0, "excluded_lines": 1}, "missing_lines": [], "excluded_lines": [145], "functions": {"get_current_user": {"executed_lines": [32, 33, 35, 36, 37, 38, 40, 41, 42, 44, 45, 46, 48], "summary": {"covered_lines": 13, "num_statements": 13, "percent_covered": 100.0, "percent_covered_display": "100", "missing_lines": 0, "excluded_lines": 0}, "missing_lines": [], "excluded_lines": []}, "get_current_admin_user": {"executed_lines": [66, 67, 71], "summary": {"covered_lines": 3, "num_statements": 3, "percent_covered": 100.0, "percent_covered_display": "100", "missing_lines": 0, "excluded_lines": 0}, "missing_lines": [], "excluded_lines": []}, "require_role": {"executed_lines": [91, 104], "summary": {"covered_lines": 2, "num_statements": 2, "percent_covered": 100.0, "percent_covered_display": "100", "missing_lines": 0, "excluded_lines": 0}, "missing_lines": [], "excluded_lines": []}, "require_role.role_checker": {"executed_lines": [93, 94, 97, 98, 102], "summary": {"covered_lines": 5, "num_statements": 5, "percent_covered": 100.0, "percent_covered_display": "100", "missing_lines": 0, "excluded_lines": 0}, "missing_lines": [], "excluded_lines": []}, "require_min_role": {"executed_lines": [126, 141], "summary": {"covered_lines": 2, "num_statements": 2, "percent_covered": 100.0, "percent_covered_display": "100", "missing_lines": 0, "excluded_lines": 0}, "missing_lines": [], "excluded_lines": []}, "require_min_role.permission_checker": {"executed_lines": [128, 129, 131, 132, 134, 135, 139], "summary": {"covered_lines": 7, "num_statements": 7, "percent_covered": 100.0, "percent_covered_display": "100", "missing_lines": 0, "excluded_lines": 0}, "missing_lines": [], "excluded_lines": []}, "require_feature": {"executed_lines": [172, 221], "summary": {"covered_lines": 2, "num_statements": 2, "percent_covered": 100.0, "percent_covered_display": "100", "missing_lines": 0, "excluded_lines": 1}, "missing_lines": [], "excluded_lines": [145]}, "require_feature.check_access": {"executed_lines": [176, 181, 183, 187, 190, 191, 194, 197, 204, 215, 219], "summary": {"covered_lines": 11, "num_statements": 11, "percent_covered": 100.0, "percent_covered_display": "100", "missing_lines": 0, "excluded_lines": 0}, "missing_lines": [], "excluded_lines": []}, "": {"executed_lines": [1, 2, 4, 5, 7, 8, 9, 11, 12, 13, 14, 15, 21, 23, 26, 51, 74, 107, 144], "summary": {"covered_lines": 18, "num_statements": 18, "percent_covered": 100.0, "percent_covered_display": "100", "missing_lines": 0, "excluded_lines": 0}, "missing_lines": [], "excluded_lines": []}}, "classes": {"": {"executed_lines": [1, 2, 4, 5, 7, 8, 9, 11, 12, 13, 14, 15, 21, 23, 26, 32, 33, 35, 36, 37, 38, 40, 41, 42, 44, 45, 46, 48, 51, 66, 67, 71, 74, 91, 93, 94, 97, 98, 102, 104, 107, 126, 128, 129, 131, 132, 134, 135, 139, 141, 144, 172, 176, 181, 183, 187, 190, 191, 194, 197, 204, 215, 219, 221], "summary": {"covered_lines": 63, "num_statements": 63, "percent_covered": 100.0, "percent_covered_display": "100", "missing_lines": 0, "excluded_lines": 1}, "missing_lines": [], "excluded_lines": [145]}}}, "app\\api\\dependencies\\rbac.py": {"executed_lines": [], "summary": {"covered_lines": 0, "num_statements": 2, "percent_covered": 0.0, "percent_covered_display": "0", "missing_lines": 2, "excluded_lines": 0}, "missing_lines": [7, 13], "excluded_lines": [], "functions": {"": {"executed_lines": [], "summary": {"covered_lines": 0, "num_statements": 2, "percent_covered": 0.0, "percent_covered_display": "0", "missing_lines": 2, "excluded_lines": 0}, "missing_lines": [7, 13], "excluded_lines": []}}, "classes": {"": {"executed_lines": [], "summary": {"covered_lines": 0, "num_statements": 2, "percent_covered": 0.0, "percent_covered_display": "0", "missing_lines": 2, "excluded_lines": 0}, "missing_lines": [7, 13], "excluded_lines": []}}}, "app\\api\\routes\\__init__.py": {"executed_lines": [1, 3, 5], "summary": {"covered_lines": 2, "num_statements": 2, "percent_covered": 100.0, "percent_covered_display": "100", "missing_lines": 0, "excluded_lines": 0}, "missing_lines": [], "excluded_lines": [], "functions": {"": {"executed_lines": [1, 3, 5], "summary": {"covered_lines": 2, "num_statements": 2, "percent_covered": 100.0, "percent_covered_display": "100", "missing_lines": 0, "excluded_lines": 0}, "missing_lines": [], "excluded_lines": []}}, "classes": {"": {"executed_lines": [1, 3, 5], "summary": {"covered_lines": 2, "num_statements": 2, "percent_covered": 100.0, "percent_covered_display": "100", "missing_lines": 0, "excluded_lines": 0}, "missing_lines": [], "excluded_lines": []}}}, "app\\api\\routes\\admin.py": {"executed_lines": [1, 11, 13, 14, 16, 17, 18, 19, 21, 22, 23, 24, 26, 33, 34, 35, 36, 37, 38, 41, 42, 43, 44, 45, 52, 53, 68, 69, 70, 73, 77, 81, 88, 90, 97, 105, 109, 111, 112, 115, 116, 118, 143, 144, 161, 164, 165, 166, 175, 178, 179, 181, 183, 203, 204, 214, 215, 218, 232, 233, 244, 245, 249, 251, 252, 256, 259, 262, 264, 265, 267, 278, 279, 289, 290, 293, 294, 296, 299, 300, 310, 311, 314, 315, 316, 318, 332, 333, 344, 347, 350, 351, 353, 355, 373, 374, 384, 385, 388, 399, 400, 410, 411, 414, 420, 434, 435, 445, 446, 449, 455, 467, 468, 477, 480, 481, 482, 487, 489], "summary": {"covered_lines": 116, "num_statements": 129, "percent_covered": 89.92248062015504, "percent_covered_display": "90", "missing_lines": 13, "excluded_lines": 0}, "missing_lines": [216, 246, 253, 254, 257, 260, 291, 312, 386, 412, 447, 483, 484], "excluded_lines": [], "functions": {"get_admin_dashboard": {"executed_lines": [68, 69, 70, 73, 77, 81, 88, 90, 97, 105, 109, 111, 112, 115, 116, 118], "summary": {"covered_lines": 16, "num_statements": 16, "percent_covered": 100.0, "percent_covered_display": "100", "missing_lines": 0, "excluded_lines": 0}, "missing_lines": [], "excluded_lines": []}, "list_users": {"executed_lines": [161, 164, 165, 166, 175, 178, 179, 181, 183], "summary": {"covered_lines": 9, "num_statements": 9, "percent_covered": 100.0, "percent_covered_display": "100", "missing_lines": 0, "excluded_lines": 0}, "missing_lines": [], "excluded_lines": []}, "get_user_details": {"executed_lines": [214, 215, 218], "summary": {"covered_lines": 3, "num_statements": 4, "percent_covered": 75.0, "percent_covered_display": "75", "missing_lines": 1, "excluded_lines": 0}, "missing_lines": [216], "excluded_lines": []}, "update_user": {"executed_lines": [244, 245, 249, 251, 252, 256, 259, 262, 264, 265, 267], "summary": {"covered_lines": 11, "num_statements": 16, "percent_covered": 68.75, "percent_covered_display": "69", "missing_lines": 5, "excluded_lines": 0}, "missing_lines": [246, 253, 254, 257, 260], "excluded_lines": []}, "delete_user": {"executed_lines": [289, 290, 293, 294, 296], "summary": {"covered_lines": 5, "num_statements": 6, "percent_covered": 83.33333333333333, "percent_covered_display": "83", "missing_lines": 1, "excluded_lines": 0}, "missing_lines": [291], "excluded_lines": []}, "restore_user": {"executed_lines": [310, 311, 314, 315, 316, 318], "summary": {"covered_lines": 6, "num_statements": 7, "percent_covered": 85.71428571428571, "percent_covered_display": "86", "missing_lines": 1, "excluded_lines": 0}, "missing_lines": [312], "excluded_lines": []}, "list_organizations": {"executed_lines": [344, 347, 350, 351, 353, 355], "summary": {"covered_lines": 6, "num_statements": 6, "percent_covered": 100.0, "percent_covered_display": "100", "missing_lines": 0, "excluded_lines": 0}, "missing_lines": [], "excluded_lines": []}, "get_organization_details": {"executed_lines": [384, 385, 388], "summary": {"covered_lines": 3, "num_statements": 4, "percent_covered": 75.0, "percent_covered_display": "75", "missing_lines": 1, "excluded_lines": 0}, "missing_lines": [386], "excluded_lines": []}, "get_organization_users": {"executed_lines": [410, 411, 414, 420], "summary": {"covered_lines": 4, "num_statements": 5, "percent_covered": 80.0, "percent_covered_display": "80", "missing_lines": 1, "excluded_lines": 0}, "missing_lines": [412], "excluded_lines": []}, "get_organization_metrics": {"executed_lines": [445, 446, 449, 455], "summary": {"covered_lines": 4, "num_statements": 5, "percent_covered": 80.0, "percent_covered_display": "80", "missing_lines": 1, "excluded_lines": 0}, "missing_lines": [447], "excluded_lines": []}, "get_system_health": {"executed_lines": [477, 480, 481, 482, 487, 489], "summary": {"covered_lines": 6, "num_statements": 8, "percent_covered": 75.0, "percent_covered_display": "75", "missing_lines": 2, "excluded_lines": 0}, "missing_lines": [483, 484], "excluded_lines": []}, "": {"executed_lines": [1, 11, 13, 14, 16, 17, 18, 19, 21, 22, 23, 24, 26, 33, 34, 35, 36, 37, 38, 41, 42, 43, 44, 45, 52, 53, 143, 144, 203, 204, 232, 233, 278, 279, 299, 300, 332, 333, 373, 374, 399, 400, 434, 435, 467, 468], "summary": {"covered_lines": 43, "num_statements": 43, "percent_covered": 100.0, "percent_covered_display": "100", "missing_lines": 0, "excluded_lines": 0}, "missing_lines": [], "excluded_lines": []}}, "classes": {"PaginatedResponse": {"executed_lines": [], "summary": {"covered_lines": 0, "num_statements": 0, "percent_covered": 100.0, "percent_covered_display": "100", "missing_lines": 0, "excluded_lines": 0}, "missing_lines": [], "excluded_lines": []}, "UserUpdate": {"executed_lines": [], "summary": {"covered_lines": 0, "num_statements": 0, "percent_covered": 100.0, "percent_covered_display": "100", "missing_lines": 0, "excluded_lines": 0}, "missing_lines": [], "excluded_lines": []}, "": {"executed_lines": [1, 11, 13, 14, 16, 17, 18, 19, 21, 22, 23, 24, 26, 33, 34, 35, 36, 37, 38, 41, 42, 43, 44, 45, 52, 53, 68, 69, 70, 73, 77, 81, 88, 90, 97, 105, 109, 111, 112, 115, 116, 118, 143, 144, 161, 164, 165, 166, 175, 178, 179, 181, 183, 203, 204, 214, 215, 218, 232, 233, 244, 245, 249, 251, 252, 256, 259, 262, 264, 265, 267, 278, 279, 289, 290, 293, 294, 296, 299, 300, 310, 311, 314, 315, 316, 318, 332, 333, 344, 347, 350, 351, 353, 355, 373, 374, 384, 385, 388, 399, 400, 410, 411, 414, 420, 434, 435, 445, 446, 449, 455, 467, 468, 477, 480, 481, 482, 487, 489], "summary": {"covered_lines": 116, "num_statements": 129, "percent_covered": 89.92248062015504, "percent_covered_display": "90", "missing_lines": 13, "excluded_lines": 0}, "missing_lines": [216, 246, 253, 254, 257, 260, 291, 312, 386, 412, 447, 483, 484], "excluded_lines": []}}}, "app\\api\\routes\\auth.py": {"executed_lines": [1, 2, 4, 6, 7, 8, 10, 13, 14, 17], "summary": {"covered_lines": 9, "num_statements": 9, "percent_covered": 100.0, "percent_covered_display": "100", "missing_lines": 0, "excluded_lines": 0}, "missing_lines": [], "excluded_lines": [], "functions": {"read_current_user": {"executed_lines": [17], "summary": {"covered_lines": 1, "num_statements": 1, "percent_covered": 100.0, "percent_covered_display": "100", "missing_lines": 0, "excluded_lines": 0}, "missing_lines": [], "excluded_lines": []}, "": {"executed_lines": [1, 2, 4, 6, 7, 8, 10, 13, 14], "summary": {"covered_lines": 8, "num_statements": 8, "percent_covered": 100.0, "percent_covered_display": "100", "missing_lines": 0, "excluded_lines": 0}, "missing_lines": [], "excluded_lines": []}}, "classes": {"": {"executed_lines": [1, 2, 4, 6, 7, 8, 10, 13, 14, 17], "summary": {"covered_lines": 9, "num_statements": 9, "percent_covered": 100.0, "percent_covered_display": "100", "missing_lines": 0, "excluded_lines": 0}, "missing_lines": [], "excluded_lines": []}}}, "app\\api\\routes\\dashboard.py": {"executed_lines": [1, 6, 8, 9, 11, 12, 13, 15, 16, 17, 19, 22, 23, 64, 65, 87, 88, 106, 107], "summary": {"covered_lines": 18, "num_statements": 25, "percent_covered": 72.0, "percent_covered_display": "72", "missing_lines": 7, "excluded_lines": 0}, "missing_lines": [37, 38, 39, 44, 81, 100, 119], "excluded_lines": [], "functions": {"get_dashboard_summary": {"executed_lines": [], "summary": {"covered_lines": 0, "num_statements": 4, "percent_covered": 0.0, "percent_covered_display": "0", "missing_lines": 4, "excluded_lines": 0}, "missing_lines": [37, 38, 39, 44], "excluded_lines": []}, "get_recent_activity": {"executed_lines": [], "summary": {"covered_lines": 0, "num_statements": 1, "percent_covered": 0.0, "percent_covered_display": "0", "missing_lines": 1, "excluded_lines": 0}, "missing_lines": [81], "excluded_lines": []}, "get_upcoming_tasks": {"executed_lines": [], "summary": {"covered_lines": 0, "num_statements": 1, "percent_covered": 0.0, "percent_covered_display": "0", "missing_lines": 1, "excluded_lines": 0}, "missing_lines": [100], "excluded_lines": []}, "get_financial_insights": {"executed_lines": [], "summary": {"covered_lines": 0, "num_statements": 1, "percent_covered": 0.0, "percent_covered_display": "0", "missing_lines": 1, "excluded_lines": 0}, "missing_lines": [119], "excluded_lines": []}, "": {"executed_lines": [1, 6, 8, 9, 11, 12, 13, 15, 16, 17, 19, 22, 23, 64, 65, 87, 88, 106, 107], "summary": {"covered_lines": 18, "num_statements": 18, "percent_covered": 100.0, "percent_covered_display": "100", "missing_lines": 0, "excluded_lines": 0}, "missing_lines": [], "excluded_lines": []}}, "classes": {"": {"executed_lines": [1, 6, 8, 9, 11, 12, 13, 15, 16, 17, 19, 22, 23, 64, 65, 87, 88, 106, 107], "summary": {"covered_lines": 18, "num_statements": 25, "percent_covered": 72.0, "percent_covered_display": "72", "missing_lines": 7, "excluded_lines": 0}, "missing_lines": [37, 38, 39, 44, 81, 100, 119], "excluded_lines": []}}}, "app\\api\\routes\\deal_matching.py": {"executed_lines": [1, 2, 4, 5, 6, 8, 9, 11, 12, 13, 14, 15, 16, 23, 26, 29, 30, 32, 35, 36, 42, 57, 58, 59, 60, 63, 64, 69, 75, 78, 79, 95, 96, 103, 108, 109, 111, 113, 121, 122, 123, 125, 126, 134, 135, 147, 160, 162, 165, 166, 172, 177, 178, 180, 186, 189, 190], "summary": {"covered_lines": 56, "num_statements": 61, "percent_covered": 91.80327868852459, "percent_covered_display": "92", "missing_lines": 5, "excluded_lines": 0}, "missing_lines": [31, 136, 137, 148, 158], "excluded_lines": [], "functions": {"_decimal": {"executed_lines": [30, 32], "summary": {"covered_lines": 2, "num_statements": 3, "percent_covered": 66.66666666666667, "percent_covered_display": "67", "missing_lines": 1, "excluded_lines": 0}, "missing_lines": [31], "excluded_lines": []}, "create_match_criteria": {"executed_lines": [42, 57, 58, 59, 60], "summary": {"covered_lines": 5, "num_statements": 5, "percent_covered": 100.0, "percent_covered_display": "100", "missing_lines": 0, "excluded_lines": 0}, "missing_lines": [], "excluded_lines": []}, "list_match_criteria": {"executed_lines": [69, 75], "summary": {"covered_lines": 2, "num_statements": 2, "percent_covered": 100.0, "percent_covered_display": "100", "missing_lines": 0, "excluded_lines": 0}, "missing_lines": [], "excluded_lines": []}, "_build_ad_hoc_criteria": {"executed_lines": [79], "summary": {"covered_lines": 1, "num_statements": 1, "percent_covered": 100.0, "percent_covered_display": "100", "missing_lines": 0, "excluded_lines": 0}, "missing_lines": [], "excluded_lines": []}, "find_matches_for_deal": {"executed_lines": [103, 108, 109, 111, 113, 121, 122, 123, 125, 126, 134, 135, 147, 160, 162], "summary": {"covered_lines": 15, "num_statements": 19, "percent_covered": 78.94736842105263, "percent_covered_display": "79", "missing_lines": 4, "excluded_lines": 0}, "missing_lines": [136, 137, 148, 158], "excluded_lines": []}, "list_deal_matches": {"executed_lines": [172, 177, 178, 180, 186], "summary": {"covered_lines": 5, "num_statements": 5, "percent_covered": 100.0, "percent_covered_display": "100", "missing_lines": 0, "excluded_lines": 0}, "missing_lines": [], "excluded_lines": []}, "_serialize_criteria": {"executed_lines": [190], "summary": {"covered_lines": 1, "num_statements": 1, "percent_covered": 100.0, "percent_covered_display": "100", "missing_lines": 0, "excluded_lines": 0}, "missing_lines": [], "excluded_lines": []}, "": {"executed_lines": [1, 2, 4, 5, 6, 8, 9, 11, 12, 13, 14, 15, 16, 23, 26, 29, 35, 36, 63, 64, 78, 95, 96, 165, 166, 189], "summary": {"covered_lines": 25, "num_statements": 25, "percent_covered": 100.0, "percent_covered_display": "100", "missing_lines": 0, "excluded_lines": 0}, "missing_lines": [], "excluded_lines": []}}, "classes": {"": {"executed_lines": [1, 2, 4, 5, 6, 8, 9, 11, 12, 13, 14, 15, 16, 23, 26, 29, 30, 32, 35, 36, 42, 57, 58, 59, 60, 63, 64, 69, 75, 78, 79, 95, 96, 103, 108, 109, 111, 113, 121, 122, 123, 125, 126, 134, 135, 147, 160, 162, 165, 166, 172, 177, 178, 180, 186, 189, 190], "summary": {"covered_lines": 56, "num_statements": 61, "percent_covered": 91.80327868852459, "percent_covered_display": "92", "missing_lines": 5, "excluded_lines": 0}, "missing_lines": [31, 136, 137, 148, 158], "excluded_lines": []}}}, "app\\api\\routes\\deals.py": {"executed_lines": [1, 2, 4, 6, 7, 9, 10, 11, 12, 13, 14, 16, 19, 20, 31, 32, 35, 36, 51, 62, 70, 71, 81, 82, 83, 87, 90, 91, 104, 105, 107, 108, 109, 117, 120, 123, 124, 149, 150, 162, 163, 165, 166, 167, 175, 176, 179, 180, 191, 196, 198, 199, 200, 208, 211], "summary": {"covered_lines": 54, "num_statements": 64, "percent_covered": 84.375, "percent_covered_display": "84", "missing_lines": 10, "excluded_lines": 0}, "missing_lines": [113, 131, 137, 138, 139, 140, 144, 146, 171, 204], "excluded_lines": [], "functions": {"create_deal": {"executed_lines": [31, 32], "summary": {"covered_lines": 2, "num_statements": 2, "percent_covered": 100.0, "percent_covered_display": "100", "missing_lines": 0, "excluded_lines": 0}, "missing_lines": [], "excluded_lines": []}, "list_deals": {"executed_lines": [51, 62], "summary": {"covered_lines": 2, "num_statements": 2, "percent_covered": 100.0, "percent_covered_display": "100", "missing_lines": 0, "excluded_lines": 0}, "missing_lines": [], "excluded_lines": []}, "get_deal": {"executed_lines": [81, 82, 83, 87], "summary": {"covered_lines": 4, "num_statements": 4, "percent_covered": 100.0, "percent_covered_display": "100", "missing_lines": 0, "excluded_lines": 0}, "missing_lines": [], "excluded_lines": []}, "update_deal": {"executed_lines": [104, 105, 107, 108, 109, 117, 120], "summary": {"covered_lines": 7, "num_statements": 8, "percent_covered": 87.5, "percent_covered_display": "88", "missing_lines": 1, "excluded_lines": 0}, "missing_lines": [113], "excluded_lines": []}, "update_deal_stage_endpoint": {"executed_lines": [], "summary": {"covered_lines": 0, "num_statements": 7, "percent_covered": 0.0, "percent_covered_display": "0", "missing_lines": 7, "excluded_lines": 0}, "missing_lines": [131, 137, 138, 139, 140, 144, 146], "excluded_lines": []}, "archive_deal": {"executed_lines": [162, 163, 165, 166, 167, 175, 176], "summary": {"covered_lines": 7, "num_statements": 8, "percent_covered": 87.5, "percent_covered_display": "88", "missing_lines": 1, "excluded_lines": 0}, "missing_lines": [171], "excluded_lines": []}, "restore_deal": {"executed_lines": [191, 196, 198, 199, 200, 208, 211], "summary": {"covered_lines": 7, "num_statements": 8, "percent_covered": 87.5, "percent_covered_display": "88", "missing_lines": 1, "excluded_lines": 0}, "missing_lines": [204], "excluded_lines": []}, "": {"executed_lines": [1, 2, 4, 6, 7, 9, 10, 11, 12, 13, 14, 16, 19, 20, 35, 36, 70, 71, 90, 91, 123, 124, 149, 150, 179, 180], "summary": {"covered_lines": 25, "num_statements": 25, "percent_covered": 100.0, "percent_covered_display": "100", "missing_lines": 0, "excluded_lines": 0}, "missing_lines": [], "excluded_lines": []}}, "classes": {"": {"executed_lines": [1, 2, 4, 6, 7, 9, 10, 11, 12, 13, 14, 16, 19, 20, 31, 32, 35, 36, 51, 62, 70, 71, 81, 82, 83, 87, 90, 91, 104, 105, 107, 108, 109, 117, 120, 123, 124, 149, 150, 162, 163, 165, 166, 167, 175, 176, 179, 180, 191, 196, 198, 199, 200, 208, 211], "summary": {"covered_lines": 54, "num_statements": 64, "percent_covered": 84.375, "percent_covered_display": "84", "missing_lines": 10, "excluded_lines": 0}, "missing_lines": [113, 131, 137, 138, 139, 140, 144, 146, 171, 204], "excluded_lines": []}}}, "app\\api\\routes\\documents.py": {"executed_lines": [1, 2, 4, 5, 6, 8, 18, 19, 21, 22, 23, 24, 40, 41, 43, 51, 52, 63, 64, 70, 75, 76, 94, 95, 106, 111, 112, 120, 121, 133, 138, 144, 150, 153, 154, 165, 170, 176, 177, 182, 183, 186, 191, 198, 205, 208, 209, 228, 229, 243, 244, 251, 252, 256, 257, 273, 282, 290, 299, 304, 312, 319, 323, 324, 327, 328, 371, 372, 412, 413, 424, 429, 435, 443, 450, 451, 463, 468, 474, 482, 483, 484, 495, 504, 511, 512, 545, 546, 579, 580, 593, 598, 604, 611, 617, 620, 621, 655, 656, 663, 678, 679, 691, 696, 699, 706, 712, 715, 716, 727, 732, 735, 736, 748, 755, 763, 764, 797, 798, 811, 813, 821, 823, 825, 830], "summary": {"covered_lines": 124, "num_statements": 171, "percent_covered": 72.51461988304094, "percent_covered_display": "73", "missing_lines": 47, "excluded_lines": 0}, "missing_lines": [71, 72, 86, 91, 117, 139, 171, 215, 253, 340, 345, 346, 351, 359, 368, 384, 389, 390, 395, 403, 409, 430, 469, 488, 489, 519, 524, 525, 530, 538, 553, 558, 559, 564, 571, 599, 632, 637, 638, 640, 647, 652, 697, 777, 779, 781, 788], "excluded_lines": [], "functions": {"create_folder": {"executed_lines": [63, 64, 70], "summary": {"covered_lines": 3, "num_statements": 5, "percent_covered": 60.0, "percent_covered_display": "60", "missing_lines": 2, "excluded_lines": 0}, "missing_lines": [71, 72], "excluded_lines": []}, "list_folders": {"executed_lines": [], "summary": {"covered_lines": 0, "num_statements": 2, "percent_covered": 0.0, "percent_covered_display": "0", "missing_lines": 2, "excluded_lines": 0}, "missing_lines": [86, 91], "excluded_lines": []}, "get_folder": {"executed_lines": [106, 111, 112], "summary": {"covered_lines": 3, "num_statements": 4, "percent_covered": 75.0, "percent_covered_display": "75", "missing_lines": 1, "excluded_lines": 0}, "missing_lines": [117], "excluded_lines": []}, "update_folder": {"executed_lines": [133, 138, 144, 150], "summary": {"covered_lines": 4, "num_statements": 5, "percent_covered": 80.0, "percent_covered_display": "80", "missing_lines": 1, "excluded_lines": 0}, "missing_lines": [139], "excluded_lines": []}, "delete_folder": {"executed_lines": [165, 170, 176, 177, 182, 183], "summary": {"covered_lines": 6, "num_statements": 7, "percent_covered": 85.71428571428571, "percent_covered_display": "86", "missing_lines": 1, "excluded_lines": 0}, "missing_lines": [171], "excluded_lines": []}, "grant_folder_permission": {"executed_lines": [198, 205], "summary": {"covered_lines": 2, "num_statements": 2, "percent_covered": 100.0, "percent_covered_display": "100", "missing_lines": 0, "excluded_lines": 0}, "missing_lines": [], "excluded_lines": []}, "list_folder_permissions": {"executed_lines": [], "summary": {"covered_lines": 0, "num_statements": 1, "percent_covered": 0.0, "percent_covered_display": "0", "missing_lines": 1, "excluded_lines": 0}, "missing_lines": [215], "excluded_lines": []}, "upload_document": {"executed_lines": [243, 244, 251, 252], "summary": {"covered_lines": 4, "num_statements": 5, "percent_covered": 80.0, "percent_covered_display": "80", "missing_lines": 1, "excluded_lines": 0}, "missing_lines": [253], "excluded_lines": []}, "list_documents": {"executed_lines": [273, 282, 290], "summary": {"covered_lines": 3, "num_statements": 3, "percent_covered": 100.0, "percent_covered_display": "100", "missing_lines": 0, "excluded_lines": 0}, "missing_lines": [], "excluded_lines": []}, "bulk_download_documents": {"executed_lines": [], "summary": {"covered_lines": 0, "num_statements": 4, "percent_covered": 0.0, "percent_covered_display": "0", "missing_lines": 4, "excluded_lines": 0}, "missing_lines": [777, 779, 781, 788], "excluded_lines": []}, "get_document": {"executed_lines": [], "summary": {"covered_lines": 0, "num_statements": 6, "percent_covered": 0.0, "percent_covered_display": "0", "missing_lines": 6, "excluded_lines": 0}, "missing_lines": [340, 345, 346, 351, 359, 368], "excluded_lines": []}, "update_document": {"executed_lines": [], "summary": {"covered_lines": 0, "num_statements": 6, "percent_covered": 0.0, "percent_covered_display": "0", "missing_lines": 6, "excluded_lines": 0}, "missing_lines": [384, 389, 390, 395, 403, 409], "excluded_lines": []}, "delete_document": {"executed_lines": [424, 429, 435, 443], "summary": {"covered_lines": 4, "num_statements": 5, "percent_covered": 80.0, "percent_covered_display": "80", "missing_lines": 1, "excluded_lines": 0}, "missing_lines": [430], "excluded_lines": []}, "download_document": {"executed_lines": [463, 468, 474, 482, 483, 484, 495, 504], "summary": {"covered_lines": 8, "num_statements": 11, "percent_covered": 72.72727272727273, "percent_covered_display": "73", "missing_lines": 3, "excluded_lines": 0}, "missing_lines": [469, 488, 489], "excluded_lines": []}, "archive_document_endpoint": {"executed_lines": [], "summary": {"covered_lines": 0, "num_statements": 5, "percent_covered": 0.0, "percent_covered_display": "0", "missing_lines": 5, "excluded_lines": 0}, "missing_lines": [519, 524, 525, 530, 538], "excluded_lines": []}, "restore_document_endpoint": {"executed_lines": [], "summary": {"covered_lines": 0, "num_statements": 5, "percent_covered": 0.0, "percent_covered_display": "0", "missing_lines": 5, "excluded_lines": 0}, "missing_lines": [553, 558, 559, 564, 571], "excluded_lines": []}, "grant_permission": {"executed_lines": [593, 598, 604, 611, 617], "summary": {"covered_lines": 5, "num_statements": 6, "percent_covered": 83.33333333333333, "percent_covered_display": "83", "missing_lines": 1, "excluded_lines": 0}, "missing_lines": [599], "excluded_lines": []}, "list_permissions": {"executed_lines": [], "summary": {"covered_lines": 0, "num_statements": 6, "percent_covered": 0.0, "percent_covered_display": "0", "missing_lines": 6, "excluded_lines": 0}, "missing_lines": [632, 637, 638, 640, 647, 652], "excluded_lines": []}, "revoke_document_permission": {"executed_lines": [663], "summary": {"covered_lines": 1, "num_statements": 1, "percent_covered": 100.0, "percent_covered_display": "100", "missing_lines": 0, "excluded_lines": 0}, "missing_lines": [], "excluded_lines": []}, "get_access_logs": {"executed_lines": [691, 696, 699, 706, 712], "summary": {"covered_lines": 5, "num_statements": 6, "percent_covered": 83.33333333333333, "percent_covered_display": "83", "missing_lines": 1, "excluded_lines": 0}, "missing_lines": [697], "excluded_lines": []}, "get_document_versions": {"executed_lines": [727, 732], "summary": {"covered_lines": 2, "num_statements": 2, "percent_covered": 100.0, "percent_covered_display": "100", "missing_lines": 0, "excluded_lines": 0}, "missing_lines": [], "excluded_lines": []}, "restore_document_version": {"executed_lines": [748, 755], "summary": {"covered_lines": 2, "num_statements": 2, "percent_covered": 100.0, "percent_covered_display": "100", "missing_lines": 0, "excluded_lines": 0}, "missing_lines": [], "excluded_lines": []}, "bulk_delete_documents": {"executed_lines": [811, 813, 821, 823, 825, 830], "summary": {"covered_lines": 6, "num_statements": 6, "percent_covered": 100.0, "percent_covered_display": "100", "missing_lines": 0, "excluded_lines": 0}, "missing_lines": [], "excluded_lines": []}, "": {"executed_lines": [1, 2, 4, 5, 6, 8, 18, 19, 21, 22, 23, 24, 40, 41, 43, 51, 52, 75, 76, 94, 95, 120, 121, 153, 154, 186, 191, 208, 209, 228, 229, 256, 257, 299, 304, 327, 328, 371, 372, 412, 413, 450, 451, 511, 512, 545, 546, 579, 580, 620, 621, 655, 656, 678, 679, 715, 716, 735, 736, 763, 764, 797, 798], "summary": {"covered_lines": 62, "num_statements": 62, "percent_covered": 100.0, "percent_covered_display": "100", "missing_lines": 0, "excluded_lines": 0}, "missing_lines": [], "excluded_lines": []}}, "classes": {"": {"executed_lines": [1, 2, 4, 5, 6, 8, 18, 19, 21, 22, 23, 24, 40, 41, 43, 51, 52, 63, 64, 70, 75, 76, 94, 95, 106, 111, 112, 120, 121, 133, 138, 144, 150, 153, 154, 165, 170, 176, 177, 182, 183, 186, 191, 198, 205, 208, 209, 228, 229, 243, 244, 251, 252, 256, 257, 273, 282, 290, 299, 304, 312, 319, 323, 324, 327, 328, 371, 372, 412, 413, 424, 429, 435, 443, 450, 451, 463, 468, 474, 482, 483, 484, 495, 504, 511, 512, 545, 546, 579, 580, 593, 598, 604, 611, 617, 620, 621, 655, 656, 663, 678, 679, 691, 696, 699, 706, 712, 715, 716, 727, 732, 735, 736, 748, 755, 763, 764, 797, 798, 811, 813, 821, 823, 825, 830], "summary": {"covered_lines": 124, "num_statements": 171, "percent_covered": 72.51461988304094, "percent_covered_display": "73", "missing_lines": 47, "excluded_lines": 0}, "missing_lines": [71, 72, 86, 91, 117, 139, 171, 215, 253, 340, 345, 346, 351, 359, 368, 384, 389, 390, 395, 403, 409, 430, 469, 488, 489, 519, 524, 525, 530, 538, 553, 558, 559, 564, 571, 599, 632, 637, 638, 640, 647, 652, 697, 777, 779, 781, 788], "excluded_lines": []}}}, "app\\api\\routes\\financial.py": {"executed_lines": [1, 6, 7, 8, 9, 11, 12, 13, 14, 20, 21, 26, 33, 34, 35, 36, 38, 41, 56, 82, 84, 85, 91, 98, 101, 104, 105, 106, 107, 110, 113, 121, 124, 138, 164, 166, 173, 181, 187, 198, 221, 223, 229, 235, 242, 245, 264, 285, 287, 293, 301, 312, 324, 345, 347, 348, 353, 360, 362, 365, 378, 404, 411, 413, 419, 426, 429, 441, 453, 474, 476, 482, 489, 495, 497, 498, 504, 506, 514, 526, 533, 535, 536, 541, 547, 550, 561, 571, 577, 579, 585, 591, 599, 602, 612, 619, 621, 627, 633, 636, 646, 653, 655, 661, 667, 676, 677, 682, 684, 692, 702, 709, 711, 717, 723, 725, 728, 744, 765, 767, 773, 780, 785, 787, 788, 793], "summary": {"covered_lines": 125, "num_statements": 151, "percent_covered": 82.78145695364239, "percent_covered_display": "83", "missing_lines": 26, "excluded_lines": 0}, "missing_lines": [92, 108, 167, 174, 224, 230, 288, 294, 354, 405, 414, 420, 477, 483, 542, 572, 580, 586, 622, 628, 656, 662, 712, 718, 768, 774], "excluded_lines": [], "functions": {"calculate_financial_ratios": {"executed_lines": [82, 84, 85, 91, 98, 101, 104, 105, 106, 107, 110, 113, 121], "summary": {"covered_lines": 13, "num_statements": 15, "percent_covered": 86.66666666666667, "percent_covered_display": "87", "missing_lines": 2, "excluded_lines": 0}, "missing_lines": [92, 108], "excluded_lines": []}, "get_financial_ratios": {"executed_lines": [164, 166, 173, 181], "summary": {"covered_lines": 4, "num_statements": 6, "percent_covered": 66.66666666666667, "percent_covered_display": "67", "missing_lines": 2, "excluded_lines": 0}, "missing_lines": [167, 174], "excluded_lines": []}, "get_financial_connections": {"executed_lines": [221, 223, 229, 235, 242], "summary": {"covered_lines": 5, "num_statements": 7, "percent_covered": 71.42857142857143, "percent_covered_display": "71", "missing_lines": 2, "excluded_lines": 0}, "missing_lines": [224, 230], "excluded_lines": []}, "get_financial_narrative": {"executed_lines": [285, 287, 293, 301], "summary": {"covered_lines": 4, "num_statements": 6, "percent_covered": 66.66666666666667, "percent_covered_display": "67", "missing_lines": 2, "excluded_lines": 0}, "missing_lines": [288, 294], "excluded_lines": []}, "connect_xero": {"executed_lines": [345, 347, 348, 353, 360, 362], "summary": {"covered_lines": 6, "num_statements": 7, "percent_covered": 85.71428571428571, "percent_covered_display": "86", "missing_lines": 1, "excluded_lines": 0}, "missing_lines": [354], "excluded_lines": []}, "xero_oauth_callback": {"executed_lines": [404, 411, 413, 419, 426, 429], "summary": {"covered_lines": 6, "num_statements": 9, "percent_covered": 66.66666666666667, "percent_covered_display": "67", "missing_lines": 3, "excluded_lines": 0}, "missing_lines": [405, 414, 420], "excluded_lines": []}, "sync_financial_data": {"executed_lines": [474, 476, 482, 489, 495, 497, 498, 504, 506], "summary": {"covered_lines": 9, "num_statements": 11, "percent_covered": 81.81818181818181, "percent_covered_display": "82", "missing_lines": 2, "excluded_lines": 0}, "missing_lines": [477, 483], "excluded_lines": []}, "connect_quickbooks": {"executed_lines": [533, 535, 536, 541, 547], "summary": {"covered_lines": 5, "num_statements": 6, "percent_covered": 83.33333333333333, "percent_covered_display": "83", "missing_lines": 1, "excluded_lines": 0}, "missing_lines": [542], "excluded_lines": []}, "quickbooks_oauth_callback": {"executed_lines": [571, 577, 579, 585, 591, 599], "summary": {"covered_lines": 6, "num_statements": 9, "percent_covered": 66.66666666666667, "percent_covered_display": "67", "missing_lines": 3, "excluded_lines": 0}, "missing_lines": [572, 580, 586], "excluded_lines": []}, "quickbooks_connection_status": {"executed_lines": [619, 621, 627, 633], "summary": {"covered_lines": 4, "num_statements": 6, "percent_covered": 66.66666666666667, "percent_covered_display": "67", "missing_lines": 2, "excluded_lines": 0}, "missing_lines": [622, 628], "excluded_lines": []}, "sync_quickbooks_financial_data": {"executed_lines": [653, 655, 661, 667, 676, 677, 682, 684], "summary": {"covered_lines": 8, "num_statements": 10, "percent_covered": 80.0, "percent_covered_display": "80", "missing_lines": 2, "excluded_lines": 0}, "missing_lines": [656, 662], "excluded_lines": []}, "disconnect_quickbooks_connection": {"executed_lines": [709, 711, 717, 723, 725], "summary": {"covered_lines": 5, "num_statements": 7, "percent_covered": 71.42857142857143, "percent_covered_display": "71", "missing_lines": 2, "excluded_lines": 0}, "missing_lines": [712, 718], "excluded_lines": []}, "get_readiness_score": {"executed_lines": [765, 767, 773, 780, 785, 787, 788, 793], "summary": {"covered_lines": 8, "num_statements": 10, "percent_covered": 80.0, "percent_covered_display": "80", "missing_lines": 2, "excluded_lines": 0}, "missing_lines": [768, 774], "excluded_lines": []}, "": {"executed_lines": [1, 6, 7, 8, 9, 11, 12, 13, 14, 20, 21, 26, 33, 34, 35, 36, 38, 41, 56, 124, 138, 187, 198, 245, 264, 312, 324, 365, 378, 441, 453, 514, 526, 550, 561, 602, 612, 636, 646, 692, 702, 728, 744], "summary": {"covered_lines": 42, "num_statements": 42, "percent_covered": 100.0, "percent_covered_display": "100", "missing_lines": 0, "excluded_lines": 0}, "missing_lines": [], "excluded_lines": []}}, "classes": {"": {"executed_lines": [1, 6, 7, 8, 9, 11, 12, 13, 14, 20, 21, 26, 33, 34, 35, 36, 38, 41, 56, 82, 84, 85, 91, 98, 101, 104, 105, 106, 107, 110, 113, 121, 124, 138, 164, 166, 173, 181, 187, 198, 221, 223, 229, 235, 242, 245, 264, 285, 287, 293, 301, 312, 324, 345, 347, 348, 353, 360, 362, 365, 378, 404, 411, 413, 419, 426, 429, 441, 453, 474, 476, 482, 489, 495, 497, 498, 504, 506, 514, 526, 533, 535, 536, 541, 547, 550, 561, 571, 577, 579, 585, 591, 599, 602, 612, 619, 621, 627, 633, 636, 646, 653, 655, 661, 667, 676, 677, 682, 684, 692, 702, 709, 711, 717, 723, 725, 728, 744, 765, 767, 773, 780, 785, 787, 788, 793], "summary": {"covered_lines": 125, "num_statements": 151, "percent_covered": 82.78145695364239, "percent_covered_display": "83", "missing_lines": 26, "excluded_lines": 0}, "missing_lines": [92, 108, 167, 174, 224, 230, 288, 294, 354, 405, 414, 420, 477, 483, 542, 572, 580, 586, 622, 628, 656, 662, 712, 718, 768, 774], "excluded_lines": []}}}, "app\\api\\routes\\podcasts.py": {"executed_lines": [1, 2, 4, 5, 6, 8, 9, 11, 12, 13, 14, 15, 21, 22, 28, 29, 31, 33, 36, 37, 43, 45, 46, 47, 48, 49, 50, 52, 53, 54, 55, 60, 66, 79, 89, 94, 101, 102, 103, 105, 106, 110, 111, 116, 128, 130, 133, 137, 144, 145, 146, 148, 149, 150, 151, 152, 153, 154, 155, 156, 157, 159, 162, 165, 166, 179, 183, 191, 197, 200, 204, 211, 216, 222, 223, 228, 230, 231, 240, 241, 243, 250, 253, 257, 276, 281, 282, 288, 294, 295, 296, 297, 303, 304, 305, 307, 314, 315, 318, 320, 321, 322, 329, 336, 342, 361, 365, 372, 377, 378, 382, 385, 389, 397, 398, 413, 416, 421, 428, 433, 434, 438], "summary": {"covered_lines": 121, "num_statements": 132, "percent_covered": 91.66666666666667, "percent_covered_display": "92", "missing_lines": 11, "excluded_lines": 2}, "missing_lines": [82, 167, 169, 217, 289, 308, 349, 350, 355, 407, 408], "excluded_lines": [173, 174], "functions": {"get_feature_access": {"executed_lines": [43, 45, 46, 47, 48, 49, 50, 52, 53, 54, 55, 60, 66], "summary": {"covered_lines": 13, "num_statements": 13, "percent_covered": 100.0, "percent_covered_display": "100", "missing_lines": 0, "excluded_lines": 0}, "missing_lines": [], "excluded_lines": []}, "get_quota_summary": {"executed_lines": [], "summary": {"covered_lines": 0, "num_statements": 1, "percent_covered": 0.0, "percent_covered_display": "0", "missing_lines": 1, "excluded_lines": 0}, "missing_lines": [82], "excluded_lines": []}, "create_podcast_episode": {"executed_lines": [101, 102, 103, 105, 106, 110, 111, 116, 128, 130], "summary": {"covered_lines": 10, "num_statements": 10, "percent_covered": 100.0, "percent_covered_display": "100", "missing_lines": 0, "excluded_lines": 0}, "missing_lines": [], "excluded_lines": []}, "get_podcast_usage_summary": {"executed_lines": [144, 145, 146, 148, 149, 150, 151, 152, 153, 154, 155, 156, 157, 159], "summary": {"covered_lines": 14, "num_statements": 14, "percent_covered": 100.0, "percent_covered_display": "100", "missing_lines": 0, "excluded_lines": 0}, "missing_lines": [], "excluded_lines": []}, "_increment_episode_usage": {"executed_lines": [165, 166], "summary": {"covered_lines": 2, "num_statements": 4, "percent_covered": 50.0, "percent_covered_display": "50", "missing_lines": 2, "excluded_lines": 2}, "missing_lines": [167, 169], "excluded_lines": [173, 174]}, "list_podcast_episodes": {"executed_lines": [191, 197], "summary": {"covered_lines": 2, "num_statements": 2, "percent_covered": 100.0, "percent_covered_display": "100", "missing_lines": 0, "excluded_lines": 0}, "missing_lines": [], "excluded_lines": []}, "publish_episode_to_youtube": {"executed_lines": [211, 216, 222, 223, 228, 230, 231, 240, 241, 243, 250], "summary": {"covered_lines": 11, "num_statements": 12, "percent_covered": 91.66666666666667, "percent_covered_display": "92", "missing_lines": 1, "excluded_lines": 0}, "missing_lines": [217], "excluded_lines": []}, "upload_audio_file": {"executed_lines": [276, 281, 282, 288, 294, 295, 296, 297, 303, 304, 305, 307, 314, 315, 318, 320, 321, 322, 329, 336, 342], "summary": {"covered_lines": 21, "num_statements": 26, "percent_covered": 80.76923076923077, "percent_covered_display": "81", "missing_lines": 5, "excluded_lines": 0}, "missing_lines": [289, 308, 349, 350, 355], "excluded_lines": []}, "get_podcast_episode": {"executed_lines": [372, 377, 378, 382], "summary": {"covered_lines": 4, "num_statements": 4, "percent_covered": 100.0, "percent_covered_display": "100", "missing_lines": 0, "excluded_lines": 0}, "missing_lines": [], "excluded_lines": []}, "update_podcast_episode": {"executed_lines": [397, 398, 413], "summary": {"covered_lines": 3, "num_statements": 5, "percent_covered": 60.0, "percent_covered_display": "60", "missing_lines": 2, "excluded_lines": 0}, "missing_lines": [407, 408], "excluded_lines": []}, "delete_podcast_episode": {"executed_lines": [428, 433, 434, 438], "summary": {"covered_lines": 4, "num_statements": 4, "percent_covered": 100.0, "percent_covered_display": "100", "missing_lines": 0, "excluded_lines": 0}, "missing_lines": [], "excluded_lines": []}, "": {"executed_lines": [1, 2, 4, 5, 6, 8, 9, 11, 12, 13, 14, 15, 21, 22, 28, 29, 31, 33, 36, 37, 79, 89, 94, 133, 137, 162, 179, 183, 200, 204, 253, 257, 361, 365, 385, 389, 416, 421], "summary": {"covered_lines": 37, "num_statements": 37, "percent_covered": 100.0, "percent_covered_display": "100", "missing_lines": 0, "excluded_lines": 0}, "missing_lines": [], "excluded_lines": []}}, "classes": {"": {"executed_lines": [1, 2, 4, 5, 6, 8, 9, 11, 12, 13, 14, 15, 21, 22, 28, 29, 31, 33, 36, 37, 43, 45, 46, 47, 48, 49, 50, 52, 53, 54, 55, 60, 66, 79, 89, 94, 101, 102, 103, 105, 106, 110, 111, 116, 128, 130, 133, 137, 144, 145, 146, 148, 149, 150, 151, 152, 153, 154, 155, 156, 157, 159, 162, 165, 166, 179, 183, 191, 197, 200, 204, 211, 216, 222, 223, 228, 230, 231, 240, 241, 243, 250, 253, 257, 276, 281, 282, 288, 294, 295, 296, 297, 303, 304, 305, 307, 314, 315, 318, 320, 321, 322, 329, 336, 342, 361, 365, 372, 377, 378, 382, 385, 389, 397, 398, 413, 416, 421, 428, 433, 434, 438], "summary": {"covered_lines": 121, "num_statements": 132, "percent_covered": 91.66666666666667, "percent_covered_display": "92", "missing_lines": 11, "excluded_lines": 2}, "missing_lines": [82, 167, 169, 217, 289, 308, 349, 350, 355, 407, 408], "excluded_lines": [173, 174]}}}, "app\\api\\routes\\subscriptions.py": {"executed_lines": [1, 10, 11, 13, 14, 15, 17, 18, 19, 20, 21, 22, 23, 24, 36, 38, 41, 42, 48, 49, 57, 64, 65, 70, 73, 74, 75, 78, 79, 146, 147, 153, 154, 160, 167, 168, 174, 175, 180, 181, 182, 187, 188, 207, 208], "summary": {"covered_lines": 44, "num_statements": 99, "percent_covered": 44.44444444444444, "percent_covered_display": "44", "missing_lines": 55, "excluded_lines": 0}, "missing_lines": [58, 59, 60, 61, 84, 87, 88, 89, 95, 97, 103, 105, 111, 112, 118, 119, 129, 135, 136, 137, 161, 162, 163, 164, 183, 184, 190, 191, 192, 204, 214, 215, 216, 217, 218, 219, 220, 221, 222, 223, 224, 225, 226, 227, 228, 229, 231, 232, 234, 235, 237, 238, 239, 240, 241], "excluded_lines": [], "functions": {"create_checkout_session": {"executed_lines": [48, 49, 57], "summary": {"covered_lines": 3, "num_statements": 7, "percent_covered": 42.857142857142854, "percent_covered_display": "43", "missing_lines": 4, "excluded_lines": 0}, "missing_lines": [58, 59, 60, 61], "excluded_lines": []}, "get_my_subscription": {"executed_lines": [70, 73, 74, 75], "summary": {"covered_lines": 4, "num_statements": 4, "percent_covered": 100.0, "percent_covered_display": "100", "missing_lines": 0, "excluded_lines": 0}, "missing_lines": [], "excluded_lines": []}, "get_billing_dashboard": {"executed_lines": [], "summary": {"covered_lines": 0, "num_statements": 16, "percent_covered": 0.0, "percent_covered_display": "0", "missing_lines": 16, "excluded_lines": 0}, "missing_lines": [84, 87, 88, 89, 95, 97, 103, 105, 111, 112, 118, 119, 129, 135, 136, 137], "excluded_lines": []}, "change_subscription_tier": {"executed_lines": [153, 154, 160], "summary": {"covered_lines": 3, "num_statements": 7, "percent_covered": 42.857142857142854, "percent_covered_display": "43", "missing_lines": 4, "excluded_lines": 0}, "missing_lines": [161, 162, 163, 164], "excluded_lines": []}, "cancel_my_subscription": {"executed_lines": [174, 175, 180, 181, 182], "summary": {"covered_lines": 5, "num_statements": 7, "percent_covered": 71.42857142857143, "percent_covered_display": "71", "missing_lines": 2, "excluded_lines": 0}, "missing_lines": [183, 184], "excluded_lines": []}, "get_all_tiers": {"executed_lines": [], "summary": {"covered_lines": 0, "num_statements": 4, "percent_covered": 0.0, "percent_covered_display": "0", "missing_lines": 4, "excluded_lines": 0}, "missing_lines": [190, 191, 192, 204], "excluded_lines": []}, "stripe_webhook": {"executed_lines": [], "summary": {"covered_lines": 0, "num_statements": 25, "percent_covered": 0.0, "percent_covered_display": "0", "missing_lines": 25, "excluded_lines": 0}, "missing_lines": [214, 215, 216, 217, 218, 219, 220, 221, 222, 223, 224, 225, 226, 227, 228, 229, 231, 232, 234, 235, 237, 238, 239, 240, 241], "excluded_lines": []}, "": {"executed_lines": [1, 10, 11, 13, 14, 15, 17, 18, 19, 20, 21, 22, 23, 24, 36, 38, 41, 42, 64, 65, 78, 79, 146, 147, 167, 168, 187, 188, 207, 208], "summary": {"covered_lines": 29, "num_statements": 29, "percent_covered": 100.0, "percent_covered_display": "100", "missing_lines": 0, "excluded_lines": 0}, "missing_lines": [], "excluded_lines": []}}, "classes": {"": {"executed_lines": [1, 10, 11, 13, 14, 15, 17, 18, 19, 20, 21, 22, 23, 24, 36, 38, 41, 42, 48, 49, 57, 64, 65, 70, 73, 74, 75, 78, 79, 146, 147, 153, 154, 160, 167, 168, 174, 175, 180, 181, 182, 187, 188, 207, 208], "summary": {"covered_lines": 44, "num_statements": 99, "percent_covered": 44.44444444444444, "percent_covered_display": "44", "missing_lines": 55, "excluded_lines": 0}, "missing_lines": [58, 59, 60, 61, 84, 87, 88, 89, 95, 97, 103, 105, 111, 112, 118, 119, 129, 135, 136, 137, 161, 162, 163, 164, 183, 184, 190, 191, 192, 204, 214, 215, 216, 217, 218, 219, 220, 221, 222, 223, 224, 225, 226, 227, 228, 229, 231, 232, 234, 235, 237, 238, 239, 240, 241], "excluded_lines": []}}}, "app\\api\\routes\\tasks.py": {"executed_lines": [1, 2, 3, 5, 6, 7, 8, 20, 21, 23, 26, 32, 38, 45, 48, 53, 58, 63, 66, 71, 78, 84, 85, 87, 88, 91, 96, 102, 108, 111, 112, 115, 121, 127, 133, 144, 149, 172, 178, 184, 189, 192, 199, 202, 207, 220, 225, 232, 237, 238, 241, 251, 252, 257, 258, 264, 273, 276, 281, 286, 291], "summary": {"covered_lines": 61, "num_statements": 69, "percent_covered": 88.40579710144928, "percent_covered_display": "88", "missing_lines": 8, "excluded_lines": 0}, "missing_lines": [109, 154, 158, 190, 212, 217, 239, 271], "excluded_lines": [], "functions": {"create_task_endpoint": {"executed_lines": [38, 45], "summary": {"covered_lines": 2, "num_statements": 2, "percent_covered": 100.0, "percent_covered_display": "100", "missing_lines": 0, "excluded_lines": 0}, "missing_lines": [], "excluded_lines": []}, "list_tasks_endpoint": {"executed_lines": [58, 63], "summary": {"covered_lines": 2, "num_statements": 2, "percent_covered": 100.0, "percent_covered_display": "100", "missing_lines": 0, "excluded_lines": 0}, "missing_lines": [], "excluded_lines": []}, "update_task_endpoint": {"executed_lines": [78, 84, 85, 87, 88], "summary": {"covered_lines": 5, "num_statements": 5, "percent_covered": 100.0, "percent_covered_display": "100", "missing_lines": 0, "excluded_lines": 0}, "missing_lines": [], "excluded_lines": []}, "delete_task_endpoint": {"executed_lines": [102, 108, 111, 112], "summary": {"covered_lines": 4, "num_statements": 5, "percent_covered": 80.0, "percent_covered_display": "80", "missing_lines": 1, "excluded_lines": 0}, "missing_lines": [109], "excluded_lines": []}, "create_task_template": {"executed_lines": [127, 133], "summary": {"covered_lines": 2, "num_statements": 2, "percent_covered": 100.0, "percent_covered_display": "100", "missing_lines": 0, "excluded_lines": 0}, "missing_lines": [], "excluded_lines": []}, "list_task_templates": {"executed_lines": [], "summary": {"covered_lines": 0, "num_statements": 2, "percent_covered": 0.0, "percent_covered_display": "0", "missing_lines": 2, "excluded_lines": 0}, "missing_lines": [154, 158], "excluded_lines": []}, "create_automation_rule": {"executed_lines": [184, 189, 192, 199], "summary": {"covered_lines": 4, "num_statements": 5, "percent_covered": 80.0, "percent_covered_display": "80", "missing_lines": 1, "excluded_lines": 0}, "missing_lines": [190], "excluded_lines": []}, "list_automation_rules": {"executed_lines": [], "summary": {"covered_lines": 0, "num_statements": 2, "percent_covered": 0.0, "percent_covered_display": "0", "missing_lines": 2, "excluded_lines": 0}, "missing_lines": [212, 217], "excluded_lines": []}, "run_automation_rule": {"executed_lines": [232, 237, 238, 241, 251, 252, 257, 258, 264, 273], "summary": {"covered_lines": 10, "num_statements": 12, "percent_covered": 83.33333333333333, "percent_covered_display": "83", "missing_lines": 2, "excluded_lines": 0}, "missing_lines": [239, 271], "excluded_lines": []}, "list_automation_logs": {"executed_lines": [286, 291], "summary": {"covered_lines": 2, "num_statements": 2, "percent_covered": 100.0, "percent_covered_display": "100", "missing_lines": 0, "excluded_lines": 0}, "missing_lines": [], "excluded_lines": []}, "": {"executed_lines": [1, 2, 3, 5, 6, 7, 8, 20, 21, 23, 26, 32, 48, 53, 66, 71, 91, 96, 115, 121, 144, 149, 172, 178, 202, 207, 220, 225, 276, 281], "summary": {"covered_lines": 30, "num_statements": 30, "percent_covered": 100.0, "percent_covered_display": "100", "missing_lines": 0, "excluded_lines": 0}, "missing_lines": [], "excluded_lines": []}}, "classes": {"": {"executed_lines": [1, 2, 3, 5, 6, 7, 8, 20, 21, 23, 26, 32, 38, 45, 48, 53, 58, 63, 66, 71, 78, 84, 85, 87, 88, 91, 96, 102, 108, 111, 112, 115, 121, 127, 133, 144, 149, 172, 178, 184, 189, 192, 199, 202, 207, 220, 225, 232, 237, 238, 241, 251, 252, 257, 258, 264, 273, 276, 281, 286, 291], "summary": {"covered_lines": 61, "num_statements": 69, "percent_covered": 88.40579710144928, "percent_covered_display": "88", "missing_lines": 8, "excluded_lines": 0}, "missing_lines": [109, 154, 158, 190, 212, 217, 239, 271], "excluded_lines": []}}}, "app\\api\\routes\\valuation.py": {"executed_lines": [1, 3, 5, 7, 8, 10, 11, 12, 13, 14, 29, 31, 34, 35, 38, 39, 40, 41, 42, 45, 46, 47, 50, 51, 65, 66, 72, 73, 80, 83, 84, 85, 87, 89, 92, 93, 99, 100, 101, 104, 105, 112, 113, 114, 120, 123, 124, 130, 131, 132, 139, 140, 155, 156, 163, 164, 165, 171, 174, 175, 190, 191, 198, 199, 200, 206, 209, 210, 225, 226, 233, 234, 235, 243, 246, 247, 262, 263, 282, 283, 300, 301, 328, 329, 336, 337, 338, 348, 351, 352, 359, 360, 368, 374], "summary": {"covered_lines": 93, "num_statements": 120, "percent_covered": 77.5, "percent_covered_display": "78", "missing_lines": 27, "excluded_lines": 2}, "missing_lines": [56, 57, 62, 86, 88, 146, 147, 148, 181, 182, 183, 216, 217, 218, 253, 254, 255, 271, 272, 273, 290, 291, 292, 307, 308, 313, 322], "excluded_lines": [345, 346], "functions": {"_error": {"executed_lines": [35], "summary": {"covered_lines": 1, "num_statements": 1, "percent_covered": 100.0, "percent_covered_display": "100", "missing_lines": 0, "excluded_lines": 0}, "missing_lines": [], "excluded_lines": []}, "_ensure_deal_access": {"executed_lines": [39, 40, 41, 42], "summary": {"covered_lines": 4, "num_statements": 4, "percent_covered": 100.0, "percent_covered_display": "100", "missing_lines": 0, "excluded_lines": 0}, "missing_lines": [], "excluded_lines": []}, "_require_growth_user": {"executed_lines": [46, 47], "summary": {"covered_lines": 2, "num_statements": 2, "percent_covered": 100.0, "percent_covered_display": "100", "missing_lines": 0, "excluded_lines": 0}, "missing_lines": [], "excluded_lines": []}, "list_valuations": {"executed_lines": [], "summary": {"covered_lines": 0, "num_statements": 3, "percent_covered": 0.0, "percent_covered_display": "0", "missing_lines": 3, "excluded_lines": 0}, "missing_lines": [56, 57, 62], "excluded_lines": []}, "create_valuation": {"executed_lines": [72, 73, 80], "summary": {"covered_lines": 3, "num_statements": 3, "percent_covered": 100.0, "percent_covered_display": "100", "missing_lines": 0, "excluded_lines": 0}, "missing_lines": [], "excluded_lines": []}, "_get_valuation": {"executed_lines": [84, 85, 87, 89], "summary": {"covered_lines": 4, "num_statements": 6, "percent_covered": 66.66666666666667, "percent_covered_display": "67", "missing_lines": 2, "excluded_lines": 0}, "missing_lines": [86, 88], "excluded_lines": []}, "get_valuation": {"executed_lines": [99, 100, 101], "summary": {"covered_lines": 3, "num_statements": 3, "percent_covered": 100.0, "percent_covered_display": "100", "missing_lines": 0, "excluded_lines": 0}, "missing_lines": [], "excluded_lines": []}, "update_valuation": {"executed_lines": [112, 113, 114, 120], "summary": {"covered_lines": 4, "num_statements": 4, "percent_covered": 100.0, "percent_covered_display": "100", "missing_lines": 0, "excluded_lines": 0}, "missing_lines": [], "excluded_lines": []}, "delete_valuation": {"executed_lines": [130, 131, 132], "summary": {"covered_lines": 3, "num_statements": 3, "percent_covered": 100.0, "percent_covered_display": "100", "missing_lines": 0, "excluded_lines": 0}, "missing_lines": [], "excluded_lines": []}, "list_comparables": {"executed_lines": [], "summary": {"covered_lines": 0, "num_statements": 3, "percent_covered": 0.0, "percent_covered_display": "0", "missing_lines": 3, "excluded_lines": 0}, "missing_lines": [146, 147, 148], "excluded_lines": []}, "add_comparable_company": {"executed_lines": [163, 164, 165, 171], "summary": {"covered_lines": 4, "num_statements": 4, "percent_covered": 100.0, "percent_covered_display": "100", "missing_lines": 0, "excluded_lines": 0}, "missing_lines": [], "excluded_lines": []}, "list_precedent_transactions": {"executed_lines": [], "summary": {"covered_lines": 0, "num_statements": 3, "percent_covered": 0.0, "percent_covered_display": "0", "missing_lines": 3, "excluded_lines": 0}, "missing_lines": [181, 182, 183], "excluded_lines": []}, "add_precedent_transaction": {"executed_lines": [198, 199, 200, 206], "summary": {"covered_lines": 4, "num_statements": 4, "percent_covered": 100.0, "percent_covered_display": "100", "missing_lines": 0, "excluded_lines": 0}, "missing_lines": [], "excluded_lines": []}, "list_scenarios": {"executed_lines": [], "summary": {"covered_lines": 0, "num_statements": 3, "percent_covered": 0.0, "percent_covered_display": "0", "missing_lines": 3, "excluded_lines": 0}, "missing_lines": [216, 217, 218], "excluded_lines": []}, "create_scenario": {"executed_lines": [233, 234, 235, 243], "summary": {"covered_lines": 4, "num_statements": 4, "percent_covered": 100.0, "percent_covered_display": "100", "missing_lines": 0, "excluded_lines": 0}, "missing_lines": [], "excluded_lines": []}, "get_scenario_summary": {"executed_lines": [], "summary": {"covered_lines": 0, "num_statements": 3, "percent_covered": 0.0, "percent_covered_display": "0", "missing_lines": 3, "excluded_lines": 0}, "missing_lines": [253, 254, 255], "excluded_lines": []}, "get_comparable_summary": {"executed_lines": [], "summary": {"covered_lines": 0, "num_statements": 3, "percent_covered": 0.0, "percent_covered_display": "0", "missing_lines": 3, "excluded_lines": 0}, "missing_lines": [271, 272, 273], "excluded_lines": []}, "get_transaction_summary": {"executed_lines": [], "summary": {"covered_lines": 0, "num_statements": 3, "percent_covered": 0.0, "percent_covered_display": "0", "missing_lines": 3, "excluded_lines": 0}, "missing_lines": [290, 291, 292], "excluded_lines": []}, "get_valuation_summary": {"executed_lines": [], "summary": {"covered_lines": 0, "num_statements": 4, "percent_covered": 0.0, "percent_covered_display": "0", "missing_lines": 4, "excluded_lines": 0}, "missing_lines": [307, 308, 313, 322], "excluded_lines": []}, "run_monte_carlo": {"executed_lines": [336, 337, 338, 348], "summary": {"covered_lines": 4, "num_statements": 4, "percent_covered": 100.0, "percent_covered_display": "100", "missing_lines": 0, "excluded_lines": 2}, "missing_lines": [], "excluded_lines": [345, 346]}, "trigger_export": {"executed_lines": [359, 360, 368, 374], "summary": {"covered_lines": 4, "num_statements": 4, "percent_covered": 100.0, "percent_covered_display": "100", "missing_lines": 0, "excluded_lines": 0}, "missing_lines": [], "excluded_lines": []}, "": {"executed_lines": [1, 3, 5, 7, 8, 10, 11, 12, 13, 14, 29, 31, 34, 38, 45, 50, 51, 65, 66, 83, 92, 93, 104, 105, 123, 124, 139, 140, 155, 156, 174, 175, 190, 191, 209, 210, 225, 226, 246, 247, 262, 263, 282, 283, 300, 301, 328, 329, 351, 352], "summary": {"covered_lines": 49, "num_statements": 49, "percent_covered": 100.0, "percent_covered_display": "100", "missing_lines": 0, "excluded_lines": 0}, "missing_lines": [], "excluded_lines": []}}, "classes": {"": {"executed_lines": [1, 3, 5, 7, 8, 10, 11, 12, 13, 14, 29, 31, 34, 35, 38, 39, 40, 41, 42, 45, 46, 47, 50, 51, 65, 66, 72, 73, 80, 83, 84, 85, 87, 89, 92, 93, 99, 100, 101, 104, 105, 112, 113, 114, 120, 123, 124, 130, 131, 132, 139, 140, 155, 156, 163, 164, 165, 171, 174, 175, 190, 191, 198, 199, 200, 206, 209, 210, 225, 226, 233, 234, 235, 243, 246, 247, 262, 263, 282, 283, 300, 301, 328, 329, 336, 337, 338, 348, 351, 352, 359, 360, 368, 374], "summary": {"covered_lines": 93, "num_statements": 120, "percent_covered": 77.5, "percent_covered_display": "78", "missing_lines": 27, "excluded_lines": 2}, "missing_lines": [56, 57, 62, 86, 88, 146, 147, 148, 181, 182, 183, 216, 217, 218, 253, 254, 255, 271, 272, 273, 290, 291, 292, 307, 308, 313, 322], "excluded_lines": [345, 346]}}}, "app\\api\\webhooks\\__init__.py": {"executed_lines": [0], "summary": {"covered_lines": 0, "num_statements": 0, "percent_covered": 100.0, "percent_covered_display": "100", "missing_lines": 0, "excluded_lines": 0}, "missing_lines": [], "excluded_lines": [], "functions": {"": {"executed_lines": [], "summary": {"covered_lines": 0, "num_statements": 0, "percent_covered": 100.0, "percent_covered_display": "100", "missing_lines": 0, "excluded_lines": 0}, "missing_lines": [], "excluded_lines": []}}, "classes": {"": {"executed_lines": [], "summary": {"covered_lines": 0, "num_statements": 0, "percent_covered": 100.0, "percent_covered_display": "100", "missing_lines": 0, "excluded_lines": 0}, "missing_lines": [], "excluded_lines": []}}}, "app\\api\\webhooks\\clerk.py": {"executed_lines": [1, 2, 4, 5, 7, 8, 10, 11, 12, 13, 15, 18, 19, 21, 22, 23, 24, 27, 28, 29, 30, 31, 33, 34, 35, 37, 38, 39, 40, 42, 43, 44, 45, 46, 47, 48, 50, 51, 52, 53, 57, 58, 59, 60, 63, 64, 65, 66, 72], "summary": {"covered_lines": 48, "num_statements": 52, "percent_covered": 92.3076923076923, "percent_covered_display": "92", "missing_lines": 4, "excluded_lines": 0}, "missing_lines": [20, 54, 55, 61], "excluded_lines": [], "functions": {"_parse_datetime": {"executed_lines": [19, 21, 22, 23, 24], "summary": {"covered_lines": 5, "num_statements": 6, "percent_covered": 83.33333333333333, "percent_covered_display": "83", "missing_lines": 1, "excluded_lines": 0}, "missing_lines": [20], "excluded_lines": []}, "handle_clerk_webhook": {"executed_lines": [29, 30, 31, 33, 34, 35, 37, 38, 39, 40, 42, 43, 44, 45, 46, 47, 48, 50, 51, 52, 53, 57, 58, 59, 60, 63, 64, 65, 66, 72], "summary": {"covered_lines": 30, "num_statements": 33, "percent_covered": 90.9090909090909, "percent_covered_display": "91", "missing_lines": 3, "excluded_lines": 0}, "missing_lines": [54, 55, 61], "excluded_lines": []}, "": {"executed_lines": [1, 2, 4, 5, 7, 8, 10, 11, 12, 13, 15, 18, 27, 28], "summary": {"covered_lines": 13, "num_statements": 13, "percent_covered": 100.0, "percent_covered_display": "100", "missing_lines": 0, "excluded_lines": 0}, "missing_lines": [], "excluded_lines": []}}, "classes": {"": {"executed_lines": [1, 2, 4, 5, 7, 8, 10, 11, 12, 13, 15, 18, 19, 21, 22, 23, 24, 27, 28, 29, 30, 31, 33, 34, 35, 37, 38, 39, 40, 42, 43, 44, 45, 46, 47, 48, 50, 51, 52, 53, 57, 58, 59, 60, 63, 64, 65, 66, 72], "summary": {"covered_lines": 48, "num_statements": 52, "percent_covered": 92.3076923076923, "percent_covered_display": "92", "missing_lines": 4, "excluded_lines": 0}, "missing_lines": [20, 54, 55, 61], "excluded_lines": []}}}, "app\\core\\__init__.py": {"executed_lines": [1], "summary": {"covered_lines": 0, "num_statements": 0, "percent_covered": 100.0, "percent_covered_display": "100", "missing_lines": 0, "excluded_lines": 0}, "missing_lines": [], "excluded_lines": [], "functions": {"": {"executed_lines": [1], "summary": {"covered_lines": 0, "num_statements": 0, "percent_covered": 100.0, "percent_covered_display": "100", "missing_lines": 0, "excluded_lines": 0}, "missing_lines": [], "excluded_lines": []}}, "classes": {"": {"executed_lines": [1], "summary": {"covered_lines": 0, "num_statements": 0, "percent_covered": 100.0, "percent_covered_display": "100", "missing_lines": 0, "excluded_lines": 0}, "missing_lines": [], "excluded_lines": []}}}, "app\\core\\config.py": {"executed_lines": [1, 2, 3, 5, 6, 9, 10, 12, 14, 15, 16, 19, 22, 23, 24, 25, 28, 29, 30, 33, 35, 36, 38, 39, 40, 43, 44, 47, 48, 49, 50, 53, 54, 56, 59], "summary": {"covered_lines": 33, "num_statements": 33, "percent_covered": 100.0, "percent_covered_display": "100", "missing_lines": 0, "excluded_lines": 0}, "missing_lines": [], "excluded_lines": [], "functions": {"Settings.parse_cors_origins": {"executed_lines": [38, 39, 40], "summary": {"covered_lines": 3, "num_statements": 3, "percent_covered": 100.0, "percent_covered_display": "100", "missing_lines": 0, "excluded_lines": 0}, "missing_lines": [], "excluded_lines": []}, "get_settings": {"executed_lines": [56], "summary": {"covered_lines": 1, "num_statements": 1, "percent_covered": 100.0, "percent_covered_display": "100", "missing_lines": 0, "excluded_lines": 0}, "missing_lines": [], "excluded_lines": []}, "": {"executed_lines": [1, 2, 3, 5, 6, 9, 10, 12, 14, 15, 16, 19, 22, 23, 24, 25, 28, 29, 30, 33, 35, 36, 43, 44, 47, 48, 49, 50, 53, 54, 59], "summary": {"covered_lines": 29, "num_statements": 29, "percent_covered": 100.0, "percent_covered_display": "100", "missing_lines": 0, "excluded_lines": 0}, "missing_lines": [], "excluded_lines": []}}, "classes": {"Settings": {"executed_lines": [38, 39, 40], "summary": {"covered_lines": 3, "num_statements": 3, "percent_covered": 100.0, "percent_covered_display": "100", "missing_lines": 0, "excluded_lines": 0}, "missing_lines": [], "excluded_lines": []}, "": {"executed_lines": [1, 2, 3, 5, 6, 9, 10, 12, 14, 15, 16, 19, 22, 23, 24, 25, 28, 29, 30, 33, 35, 36, 43, 44, 47, 48, 49, 50, 53, 54, 56, 59], "summary": {"covered_lines": 30, "num_statements": 30, "percent_covered": 100.0, "percent_covered_display": "100", "missing_lines": 0, "excluded_lines": 0}, "missing_lines": [], "excluded_lines": []}}}, "app\\core\\database.py": {"executed_lines": [1, 2, 4, 6, 7, 9, 10, 13, 14, 17, 30, 44, 50, 52], "summary": {"covered_lines": 13, "num_statements": 30, "percent_covered": 43.333333333333336, "percent_covered_display": "43", "missing_lines": 17, "excluded_lines": 0}, "missing_lines": [23, 24, 25, 26, 27, 32, 33, 34, 35, 36, 37, 38, 39, 41, 46, 47, 53], "excluded_lines": [], "functions": {"init_engine": {"executed_lines": [], "summary": {"covered_lines": 0, "num_statements": 5, "percent_covered": 0.0, "percent_covered_display": "0", "missing_lines": 5, "excluded_lines": 0}, "missing_lines": [23, 24, 25, 26, 27], "excluded_lines": []}, "get_db": {"executed_lines": [], "summary": {"covered_lines": 0, "num_statements": 9, "percent_covered": 0.0, "percent_covered_display": "0", "missing_lines": 9, "excluded_lines": 0}, "missing_lines": [32, 33, 34, 35, 36, 37, 38, 39, 41], "excluded_lines": []}, "init_db": {"executed_lines": [], "summary": {"covered_lines": 0, "num_statements": 2, "percent_covered": 0.0, "percent_covered_display": "0", "missing_lines": 2, "excluded_lines": 0}, "missing_lines": [46, 47], "excluded_lines": []}, "close_db": {"executed_lines": [52], "summary": {"covered_lines": 1, "num_statements": 2, "percent_covered": 50.0, "percent_covered_display": "50", "missing_lines": 1, "excluded_lines": 0}, "missing_lines": [53], "excluded_lines": []}, "": {"executed_lines": [1, 2, 4, 6, 7, 9, 10, 13, 14, 17, 30, 44, 50], "summary": {"covered_lines": 12, "num_statements": 12, "percent_covered": 100.0, "percent_covered_display": "100", "missing_lines": 0, "excluded_lines": 0}, "missing_lines": [], "excluded_lines": []}}, "classes": {"": {"executed_lines": [1, 2, 4, 6, 7, 9, 10, 13, 14, 17, 30, 44, 50, 52], "summary": {"covered_lines": 13, "num_statements": 30, "percent_covered": 43.333333333333336, "percent_covered_display": "43", "missing_lines": 17, "excluded_lines": 0}, "missing_lines": [23, 24, 25, 26, 27, 32, 33, 34, 35, 36, 37, 38, 39, 41, 46, 47, 53], "excluded_lines": []}}}, "app\\core\\security.py": {"executed_lines": [1, 2, 4, 5, 6, 8, 9, 11, 14, 15, 17, 18, 21, 24, 25, 26, 28, 29, 30, 33, 36, 37, 40, 41, 42, 43], "summary": {"covered_lines": 22, "num_statements": 23, "percent_covered": 95.65217391304348, "percent_covered_display": "96", "missing_lines": 1, "excluded_lines": 2}, "missing_lines": [38], "excluded_lines": [42, 43], "functions": {"AuthError.__init__": {"executed_lines": [18], "summary": {"covered_lines": 1, "num_statements": 1, "percent_covered": 100.0, "percent_covered_display": "100", "missing_lines": 0, "excluded_lines": 0}, "missing_lines": [], "excluded_lines": []}, "verify_webhook_signature": {"executed_lines": [24, 25, 26, 28, 29, 30], "summary": {"covered_lines": 6, "num_statements": 6, "percent_covered": 100.0, "percent_covered_display": "100", "missing_lines": 0, "excluded_lines": 0}, "missing_lines": [], "excluded_lines": []}, "decode_clerk_jwt": {"executed_lines": [36, 37, 40, 41, 42, 43], "summary": {"covered_lines": 4, "num_statements": 5, "percent_covered": 80.0, "percent_covered_display": "80", "missing_lines": 1, "excluded_lines": 2}, "missing_lines": [38], "excluded_lines": [42, 43]}, "": {"executed_lines": [1, 2, 4, 5, 6, 8, 9, 11, 14, 15, 17, 21, 33], "summary": {"covered_lines": 11, "num_statements": 11, "percent_covered": 100.0, "percent_covered_display": "100", "missing_lines": 0, "excluded_lines": 0}, "missing_lines": [], "excluded_lines": []}}, "classes": {"AuthError": {"executed_lines": [18], "summary": {"covered_lines": 1, "num_statements": 1, "percent_covered": 100.0, "percent_covered_display": "100", "missing_lines": 0, "excluded_lines": 0}, "missing_lines": [], "excluded_lines": []}, "": {"executed_lines": [1, 2, 4, 5, 6, 8, 9, 11, 14, 15, 17, 21, 24, 25, 26, 28, 29, 30, 33, 36, 37, 40, 41, 42, 43], "summary": {"covered_lines": 21, "num_statements": 22, "percent_covered": 95.45454545454545, "percent_covered_display": "95", "missing_lines": 1, "excluded_lines": 2}, "missing_lines": [38], "excluded_lines": [42, 43]}}}, "app\\core\\subscription.py": {"executed_lines": [1, 6, 7, 8, 9, 11, 13, 15, 18, 19, 21, 22, 23, 24, 26, 28, 31, 37, 40, 41, 43, 48, 49, 52, 78, 79, 80, 81, 82, 83, 85, 88, 89, 90, 93, 94, 95, 98, 99, 100, 102, 103, 109, 114, 116, 117, 121, 126], "summary": {"covered_lines": 45, "num_statements": 52, "percent_covered": 86.53846153846153, "percent_covered_display": "87", "missing_lines": 7, "excluded_lines": 0}, "missing_lines": [29, 140, 141, 142, 143, 145, 146], "excluded_lines": [], "functions": {"SubscriptionTier.__lt__": {"executed_lines": [28, 31, 37], "summary": {"covered_lines": 3, "num_statements": 4, "percent_covered": 75.0, "percent_covered_display": "75", "missing_lines": 1, "excluded_lines": 0}, "missing_lines": [29], "excluded_lines": []}, "get_organization_tier": {"executed_lines": [78, 79, 80, 81, 82, 83, 85, 88, 89, 90, 93, 94, 95, 98, 99, 100, 102, 103, 109, 114, 116, 117, 121], "summary": {"covered_lines": 23, "num_statements": 23, "percent_covered": 100.0, "percent_covered_display": "100", "missing_lines": 0, "excluded_lines": 0}, "missing_lines": [], "excluded_lines": []}, "clear_tier_cache": {"executed_lines": [], "summary": {"covered_lines": 0, "num_statements": 6, "percent_covered": 0.0, "percent_covered_display": "0", "missing_lines": 6, "excluded_lines": 0}, "missing_lines": [140, 141, 142, 143, 145, 146], "excluded_lines": []}, "": {"executed_lines": [1, 6, 7, 8, 9, 11, 13, 15, 18, 19, 21, 22, 23, 24, 26, 40, 41, 43, 48, 49, 52, 126], "summary": {"covered_lines": 19, "num_statements": 19, "percent_covered": 100.0, "percent_covered_display": "100", "missing_lines": 0, "excluded_lines": 0}, "missing_lines": [], "excluded_lines": []}}, "classes": {"SubscriptionTier": {"executed_lines": [28, 31, 37], "summary": {"covered_lines": 3, "num_statements": 4, "percent_covered": 75.0, "percent_covered_display": "75", "missing_lines": 1, "excluded_lines": 0}, "missing_lines": [29], "excluded_lines": []}, "ClerkAPIError": {"executed_lines": [], "summary": {"covered_lines": 0, "num_statements": 0, "percent_covered": 100.0, "percent_covered_display": "100", "missing_lines": 0, "excluded_lines": 0}, "missing_lines": [], "excluded_lines": []}, "": {"executed_lines": [1, 6, 7, 8, 9, 11, 13, 15, 18, 19, 21, 22, 23, 24, 26, 40, 41, 43, 48, 49, 52, 78, 79, 80, 81, 82, 83, 85, 88, 89, 90, 93, 94, 95, 98, 99, 100, 102, 103, 109, 114, 116, 117, 121, 126], "summary": {"covered_lines": 42, "num_statements": 48, "percent_covered": 87.5, "percent_covered_display": "88", "missing_lines": 6, "excluded_lines": 0}, "missing_lines": [140, 141, 142, 143, 145, 146], "excluded_lines": []}}}, "app\\db\\__init__.py": {"executed_lines": [0], "summary": {"covered_lines": 0, "num_statements": 0, "percent_covered": 100.0, "percent_covered_display": "100", "missing_lines": 0, "excluded_lines": 0}, "missing_lines": [], "excluded_lines": [], "functions": {"": {"executed_lines": [], "summary": {"covered_lines": 0, "num_statements": 0, "percent_covered": 100.0, "percent_covered_display": "100", "missing_lines": 0, "excluded_lines": 0}, "missing_lines": [], "excluded_lines": []}}, "classes": {"": {"executed_lines": [], "summary": {"covered_lin
[...]
ed_lines": []}, "calculate_precedent_multiples._implied": {"executed_lines": [664, 665, 666], "summary": {"covered_lines": 3, "num_statements": 3, "percent_covered": 100.0, "percent_covered_display": "100", "missing_lines": 0, "excluded_lines": 0}, "missing_lines": [], "excluded_lines": []}, "calculate_precedent_multiples._summary": {"executed_lines": [669, 670, 683, 684, 685, 686, 692, 693, 694, 696], "summary": {"covered_lines": 10, "num_statements": 10, "percent_covered": 100.0, "percent_covered_display": "100", "missing_lines": 0, "excluded_lines": 0}, "missing_lines": [], "excluded_lines": []}, "list_precedent_transactions": {"executed_lines": [723], "summary": {"covered_lines": 1, "num_statements": 1, "percent_covered": 100.0, "percent_covered_display": "100", "missing_lines": 0, "excluded_lines": 0}, "missing_lines": [], "excluded_lines": []}, "generate_tornado_chart_data": {"executed_lines": [737, 738, 739, 740, 741, 743, 744, 754, 755], "summary": {"covered_lines": 9, "num_statements": 10, "percent_covered": 90.0, "percent_covered_display": "90", "missing_lines": 1, "excluded_lines": 0}, "missing_lines": [742], "excluded_lines": []}, "run_monte_carlo_simulation": {"executed_lines": [766, 769, 770, 772, 773, 774, 775, 783, 786, 799, 800, 801, 802, 804], "summary": {"covered_lines": 14, "num_statements": 15, "percent_covered": 93.33333333333333, "percent_covered_display": "93", "missing_lines": 1, "excluded_lines": 0}, "missing_lines": [767], "excluded_lines": []}, "run_monte_carlo_simulation._percentile": {"executed_lines": [787, 789, 790, 791, 792, 793, 795, 796, 797], "summary": {"covered_lines": 9, "num_statements": 11, "percent_covered": 81.81818181818181, "percent_covered_display": "82", "missing_lines": 2, "excluded_lines": 0}, "missing_lines": [788, 794], "excluded_lines": []}, "log_export_event": {"executed_lines": [827, 828, 831, 832, 834, 838, 839, 840, 842, 852, 853, 854, 855], "summary": {"covered_lines": 13, "num_statements": 14, "percent_covered": 92.85714285714286, "percent_covered_display": "93", "missing_lines": 1, "excluded_lines": 0}, "missing_lines": [829], "excluded_lines": []}, "trigger_export_task": {"executed_lines": [865, 866], "summary": {"covered_lines": 2, "num_statements": 2, "percent_covered": 100.0, "percent_covered_display": "100", "missing_lines": 0, "excluded_lines": 0}, "missing_lines": [], "excluded_lines": []}, "": {"executed_lines": [1, 13, 15, 16, 17, 18, 19, 20, 21, 23, 24, 26, 27, 28, 29, 30, 37, 41, 44, 57, 82, 97, 115, 154, 188, 210, 245, 285, 299, 304, 315, 340, 365, 390, 417, 431, 442, 473, 496, 521, 535, 616, 717, 731, 758, 816, 858, 876], "summary": {"covered_lines": 47, "num_statements": 47, "percent_covered": 100.0, "percent_covered_display": "100", "missing_lines": 0, "excluded_lines": 0}, "missing_lines": [], "excluded_lines": []}}, "classes": {"": {"executed_lines": [1, 13, 15, 16, 17, 18, 19, 20, 21, 23, 24, 26, 27, 28, 29, 30, 37, 41, 44, 54, 57, 71, 72, 74, 76, 77, 79, 82, 89, 90, 92, 93, 94, 97, 110, 115, 123, 124, 126, 128, 129, 130, 136, 137, 139, 140, 147, 148, 150, 151, 154, 163, 165, 166, 167, 168, 173, 179, 180, 185, 188, 189, 198, 199, 200, 202, 203, 210, 228, 230, 231, 232, 233, 238, 239, 240, 242, 245, 263, 278, 279, 280, 281, 282, 285, 299, 304, 307, 315, 322, 325, 328, 329, 330, 332, 334, 335, 336, 337, 340, 343, 346, 348, 354, 360, 361, 362, 365, 376, 384, 385, 386, 387, 390, 401, 411, 412, 413, 414, 417, 423, 431, 432, 434, 435, 436, 437, 439, 442, 448, 454, 455, 457, 458, 460, 466, 473, 482, 490, 491, 492, 493, 496, 506, 515, 516, 517, 518, 521, 527, 535, 543, 550, 551, 552, 554, 555, 557, 558, 559, 560, 561, 562, 563, 564, 565, 567, 568, 569, 582, 583, 584, 585, 586, 592, 593, 594, 595, 597, 610, 616, 626, 627, 630, 637, 638, 639, 641, 642, 643, 646, 647, 648, 650, 651, 652, 653, 655, 656, 658, 660, 661, 663, 664, 665, 666, 668, 669, 670, 683, 684, 685, 686, 692, 693, 694, 696, 709, 711, 717, 723, 731, 737, 738, 739, 740, 741, 743, 744, 754, 755, 758, 766, 769, 770, 772, 773, 774, 775, 783, 786, 787, 789, 790, 791, 792, 793, 795, 796, 797, 799, 800, 801, 802, 804, 816, 827, 828, 831, 832, 834, 838, 839, 840, 842, 852, 853, 854, 855, 858, 865, 866, 876], "summary": {"covered_lines": 272, "num_statements": 288, "percent_covered": 94.44444444444444, "percent_covered_display": "94", "missing_lines": 16, "excluded_lines": 0}, "missing_lines": [207, 291, 300, 301, 326, 347, 433, 438, 459, 628, 644, 742, 767, 788, 794, 829], "excluded_lines": []}}}, "app\\services\\xero_oauth_service.py": {"executed_lines": [1, 8, 9, 10, 11, 12, 13, 14, 16, 17, 18, 22, 23, 29, 31, 32, 34, 35, 36, 37, 38, 41, 191, 192, 194, 203, 214, 222, 228, 237, 238, 239, 244, 259, 260, 262, 263, 266, 269, 270, 271, 273, 282, 288, 311, 312, 314, 318, 321, 323, 327, 330, 333, 340, 354, 367, 368, 369, 371, 374, 389, 392, 394, 397, 399, 402, 403, 404, 405, 406, 408, 409, 411, 413, 415, 416, 417, 420, 434, 437, 439, 444, 446, 448, 451, 452, 459, 460, 461, 467, 468, 470, 473, 485, 486, 489, 498, 499, 500, 502, 503, 504, 505, 506, 509, 510, 515, 516, 517, 518, 519, 520, 521, 522, 523, 524, 527, 539, 540, 541, 543, 550, 558, 564, 566, 567, 568, 571, 582, 588, 590, 591, 596], "summary": {"covered_lines": 131, "num_statements": 202, "percent_covered": 64.85148514851485, "percent_covered_display": "65", "missing_lines": 71, "excluded_lines": 0}, "missing_lines": [24, 25, 26, 27, 28, 42, 52, 54, 55, 56, 61, 62, 68, 73, 75, 79, 81, 91, 94, 99, 106, 116, 117, 120, 123, 133, 143, 146, 148, 154, 171, 172, 175, 176, 179, 180, 184, 187, 196, 205, 216, 224, 229, 230, 231, 232, 233, 234, 235, 241, 315, 324, 342, 343, 344, 345, 346, 347, 348, 349, 350, 351, 395, 440, 463, 464, 511, 512, 545, 546, 547], "excluded_lines": [], "functions": {"RealXeroClient.__init__": {"executed_lines": [], "summary": {"covered_lines": 0, "num_statements": 6, "percent_covered": 0.0, "percent_covered_display": "0", "missing_lines": 6, "excluded_lines": 0}, "missing_lines": [54, 55, 56, 61, 62, 68], "excluded_lines": []}, "RealXeroClient._get_api_client": {"executed_lines": [], "summary": {"covered_lines": 0, "num_statements": 2, "percent_covered": 0.0, "percent_covered_display": "0", "missing_lines": 2, "excluded_lines": 0}, "missing_lines": [75, 79], "excluded_lines": []}, "RealXeroClient.exchange_code_for_token": {"executed_lines": [], "summary": {"covered_lines": 0, "num_statements": 3, "percent_covered": 0.0, "percent_covered_display": "0", "missing_lines": 3, "excluded_lines": 0}, "missing_lines": [91, 94, 99], "excluded_lines": []}, "RealXeroClient.get_connections": {"executed_lines": [], "summary": {"covered_lines": 0, "num_statements": 4, "percent_covered": 0.0, "percent_covered_display": "0", "missing_lines": 4, "excluded_lines": 0}, "missing_lines": [116, 117, 120, 123], "excluded_lines": []}, "RealXeroClient.refresh_access_token": {"executed_lines": [], "summary": {"covered_lines": 0, "num_statements": 3, "percent_covered": 0.0, "percent_covered_display": "0", "missing_lines": 3, "excluded_lines": 0}, "missing_lines": [143, 146, 148], "excluded_lines": []}, "RealXeroClient.get_report": {"executed_lines": [], "summary": {"covered_lines": 0, "num_statements": 8, "percent_covered": 0.0, "percent_covered_display": "0", "missing_lines": 8, "excluded_lines": 0}, "missing_lines": [171, 172, 175, 176, 179, 180, 184, 187], "excluded_lines": []}, "MockXeroClient.exchange_code_for_token": {"executed_lines": [], "summary": {"covered_lines": 0, "num_statements": 1, "percent_covered": 0.0, "percent_covered_display": "0", "missing_lines": 1, "excluded_lines": 0}, "missing_lines": [196], "excluded_lines": []}, "MockXeroClient.get_connections": {"executed_lines": [], "summary": {"covered_lines": 0, "num_statements": 1, "percent_covered": 0.0, "percent_covered_display": "0", "missing_lines": 1, "excluded_lines": 0}, "missing_lines": [205], "excluded_lines": []}, "MockXeroClient.refresh_access_token": {"executed_lines": [], "summary": {"covered_lines": 0, "num_statements": 1, "percent_covered": 0.0, "percent_covered_display": "0", "missing_lines": 1, "excluded_lines": 0}, "missing_lines": [216], "excluded_lines": []}, "MockXeroClient.get_report": {"executed_lines": [], "summary": {"covered_lines": 0, "num_statements": 1, "percent_covered": 0.0, "percent_covered_display": "0", "missing_lines": 1, "excluded_lines": 0}, "missing_lines": [224], "excluded_lines": []}, "initiate_xero_oauth": {"executed_lines": [259, 260, 262, 263, 266, 269, 270, 271, 273, 282], "summary": {"covered_lines": 10, "num_statements": 10, "percent_covered": 100.0, "percent_covered_display": "100", "missing_lines": 0, "excluded_lines": 0}, "missing_lines": [], "excluded_lines": []}, "handle_xero_callback": {"executed_lines": [311, 312, 314, 318, 321, 323, 327, 330, 333, 340, 354, 367, 368, 369, 371], "summary": {"covered_lines": 15, "num_statements": 27, "percent_covered": 55.55555555555556, "percent_covered_display": "56", "missing_lines": 12, "excluded_lines": 0}, "missing_lines": [315, 324, 342, 343, 344, 345, 346, 347, 348, 349, 350, 351], "excluded_lines": []}, "refresh_xero_token": {"executed_lines": [389, 392, 394, 397, 399, 402, 403, 404, 405, 406, 408, 409, 411, 413, 415, 416, 417], "summary": {"covered_lines": 17, "num_statements": 18, "percent_covered": 94.44444444444444, "percent_covered_display": "94", "missing_lines": 1, "excluded_lines": 0}, "missing_lines": [395], "excluded_lines": []}, "fetch_xero_statements": {"executed_lines": [434, 437, 439, 444, 446, 448, 451, 452, 459, 460, 461, 467, 468, 470], "summary": {"covered_lines": 14, "num_statements": 17, "percent_covered": 82.3529411764706, "percent_covered_display": "82", "missing_lines": 3, "excluded_lines": 0}, "missing_lines": [440, 463, 464], "excluded_lines": []}, "_parse_xero_balance_sheet": {"executed_lines": [485, 486, 489, 498, 499, 500, 502, 503, 504, 505, 506, 509, 510, 515, 516, 517, 518, 519, 520, 521, 522, 523, 524, 527, 539, 540, 541, 543], "summary": {"covered_lines": 28, "num_statements": 33, "percent_covered": 84.84848484848484, "percent_covered_display": "85", "missing_lines": 5, "excluded_lines": 0}, "missing_lines": [511, 512, 545, 546, 547], "excluded_lines": []}, "disconnect_xero": {"executed_lines": [558, 564, 566, 567, 568], "summary": {"covered_lines": 5, "num_statements": 5, "percent_covered": 100.0, "percent_covered_display": "100", "missing_lines": 0, "excluded_lines": 0}, "missing_lines": [], "excluded_lines": []}, "get_xero_connection_status": {"executed_lines": [582, 588, 590, 591, 596], "summary": {"covered_lines": 5, "num_statements": 5, "percent_covered": 100.0, "percent_covered_display": "100", "missing_lines": 0, "excluded_lines": 0}, "missing_lines": [], "excluded_lines": []}, "": {"executed_lines": [1, 8, 9, 10, 11, 12, 13, 14, 16, 17, 18, 22, 23, 29, 31, 32, 34, 35, 36, 37, 38, 41, 191, 192, 194, 203, 214, 222, 228, 237, 238, 239, 244, 288, 374, 420, 473, 550, 571], "summary": {"covered_lines": 37, "num_statements": 57, "percent_covered": 64.91228070175438, "percent_covered_display": "65", "missing_lines": 20, "excluded_lines": 0}, "missing_lines": [24, 25, 26, 27, 28, 42, 52, 73, 81, 106, 133, 154, 229, 230, 231, 232, 233, 234, 235, 241], "excluded_lines": []}}, "classes": {"RealXeroClient": {"executed_lines": [], "summary": {"covered_lines": 0, "num_statements": 26, "percent_covered": 0.0, "percent_covered_display": "0", "missing_lines": 26, "excluded_lines": 0}, "missing_lines": [54, 55, 56, 61, 62, 68, 75, 79, 91, 94, 99, 116, 117, 120, 123, 143, 146, 148, 171, 172, 175, 176, 179, 180, 184, 187], "excluded_lines": []}, "MockXeroClient": {"executed_lines": [], "summary": {"covered_lines": 0, "num_statements": 4, "percent_covered": 0.0, "percent_covered_display": "0", "missing_lines": 4, "excluded_lines": 0}, "missing_lines": [196, 205, 216, 224], "excluded_lines": []}, "": {"executed_lines": [1, 8, 9, 10, 11, 12, 13, 14, 16, 17, 18, 22, 23, 29, 31, 32, 34, 35, 36, 37, 38, 41, 191, 192, 194, 203, 214, 222, 228, 237, 238, 239, 244, 259, 260, 262, 263, 266, 269, 270, 271, 273, 282, 288, 311, 312, 314, 318, 321, 323, 327, 330, 333, 340, 354, 367, 368, 369, 371, 374, 389, 392, 394, 397, 399, 402, 403, 404, 405, 406, 408, 409, 411, 413, 415, 416, 417, 420, 434, 437, 439, 444, 446, 448, 451, 452, 459, 460, 461, 467, 468, 470, 473, 485, 486, 489, 498, 499, 500, 502, 503, 504, 505, 506, 509, 510, 515, 516, 517, 518, 519, 520, 521, 522, 523, 524, 527, 539, 540, 541, 543, 550, 558, 564, 566, 567, 568, 571, 582, 588, 590, 591, 596], "summary": {"covered_lines": 131, "num_statements": 172, "percent_covered": 76.16279069767442, "percent_covered_display": "76", "missing_lines": 41, "excluded_lines": 0}, "missing_lines": [24, 25, 26, 27, 28, 42, 52, 73, 81, 106, 133, 154, 229, 230, 231, 232, 233, 234, 235, 241, 315, 324, 342, 343, 344, 345, 346, 347, 348, 349, 350, 351, 395, 440, 463, 464, 511, 512, 545, 546, 547], "excluded_lines": []}}}, "app\\services\\youtube_service.py": {"executed_lines": [1, 2, 4, 5, 6, 7, 8, 10, 11, 13, 14, 15, 17, 18, 20, 23, 24, 25, 27, 28, 29, 32, 53, 54, 55, 56, 60, 61, 63, 64, 78, 79, 80, 83, 87, 90, 91, 92, 97, 98, 101, 113, 116, 118, 121, 124, 125, 126, 130], "summary": {"covered_lines": 40, "num_statements": 46, "percent_covered": 86.95652173913044, "percent_covered_display": "87", "missing_lines": 6, "excluded_lines": 9}, "missing_lines": [12, 81, 109, 110, 117, 127], "excluded_lines": [13, 14, 15, 97, 98, 104, 105, 125, 126], "functions": {"upload_video": {"executed_lines": [53, 54, 55, 56, 60, 61, 63, 64, 78, 79, 80, 83, 87], "summary": {"covered_lines": 13, "num_statements": 14, "percent_covered": 92.85714285714286, "percent_covered_display": "93", "missing_lines": 1, "excluded_lines": 0}, "missing_lines": [81], "excluded_lines": []}, "_coerce_payload": {"executed_lines": [91, 92, 97, 98], "summary": {"covered_lines": 2, "num_statements": 2, "percent_covered": 100.0, "percent_covered_display": "100", "missing_lines": 0, "excluded_lines": 2}, "missing_lines": [], "excluded_lines": [97, 98]}, "_youtube_client": {"executed_lines": [], "summary": {"covered_lines": 0, "num_statements": 2, "percent_covered": 0.0, "percent_covered_display": "0", "missing_lines": 2, "excluded_lines": 2}, "missing_lines": [109, 110], "excluded_lines": [104, 105]}, "_ensure_coroutine": {"executed_lines": [116, 118], "summary": {"covered_lines": 2, "num_statements": 3, "percent_covered": 66.66666666666667, "percent_covered_display": "67", "missing_lines": 1, "excluded_lines": 0}, "missing_lines": [117], "excluded_lines": []}, "_media_upload": {"executed_lines": [124, 125, 126], "summary": {"covered_lines": 1, "num_statements": 2, "percent_covered": 50.0, "percent_covered_display": "50", "missing_lines": 1, "excluded_lines": 2}, "missing_lines": [127], "excluded_lines": [125, 126]}, "": {"executed_lines": [1, 2, 4, 5, 6, 7, 8, 10, 11, 13, 14, 15, 17, 18, 20, 23, 24, 25, 27, 28, 29, 32, 90, 101, 113, 121, 130], "summary": {"covered_lines": 22, "num_statements": 23, "percent_covered": 95.65217391304348, "percent_covered_display": "96", "missing_lines": 1, "excluded_lines": 3}, "missing_lines": [12], "excluded_lines": [13, 14, 15]}}, "classes": {"VideoUpload": {"executed_lines": [], "summary": {"covered_lines": 0, "num_statements": 0, "percent_covered": 100.0, "percent_covered_display": "100", "missing_lines": 0, "excluded_lines": 0}, "missing_lines": [], "excluded_lines": []}, "": {"executed_lines": [1, 2, 4, 5, 6, 7, 8, 10, 11, 13, 14, 15, 17, 18, 20, 23, 24, 25, 27, 28, 29, 32, 53, 54, 55, 56, 60, 61, 63, 64, 78, 79, 80, 83, 87, 90, 91, 92, 97, 98, 101, 113, 116, 118, 121, 124, 125, 126, 130], "summary": {"covered_lines": 40, "num_statements": 46, "percent_covered": 86.95652173913044, "percent_covered_display": "87", "missing_lines": 6, "excluded_lines": 9}, "missing_lines": [12, 81, 109, 110, 117, 127], "excluded_lines": [13, 14, 15, 97, 98, 104, 105, 125, 126]}}}, "app\\tasks\\__init__.py": {"executed_lines": [1, 3, 5], "summary": {"covered_lines": 2, "num_statements": 2, "percent_covered": 100.0, "percent_covered_display": "100", "missing_lines": 0, "excluded_lines": 0}, "missing_lines": [], "excluded_lines": [], "functions": {"": {"executed_lines": [1, 3, 5], "summary": {"covered_lines": 2, "num_statements": 2, "percent_covered": 100.0, "percent_covered_display": "100", "missing_lines": 0, "excluded_lines": 0}, "missing_lines": [], "excluded_lines": []}}, "classes": {"": {"executed_lines": [1, 3, 5], "summary": {"covered_lines": 2, "num_statements": 2, "percent_covered": 100.0, "percent_covered_display": "100", "missing_lines": 0, "excluded_lines": 0}, "missing_lines": [], "excluded_lines": []}}}, "app\\tasks\\task_automation.py": {"executed_lines": [1, 3, 5, 7, 9, 10, 22, 23, 26, 27], "summary": {"covered_lines": 9, "num_statements": 25, "percent_covered": 36.0, "percent_covered_display": "36", "missing_lines": 16, "excluded_lines": 12}, "missing_lines": [28, 29, 30, 31, 32, 33, 34, 35, 36, 37, 38, 39, 40, 41, 47, 52], "excluded_lines": [11, 12, 14, 15, 16, 17, 18, 19, 20, 48, 49, 50], "functions": {"enqueue_manual_rule_run": {"executed_lines": [], "summary": {"covered_lines": 0, "num_statements": 16, "percent_covered": 0.0, "percent_covered_display": "0", "missing_lines": 16, "excluded_lines": 3}, "missing_lines": [28, 29, 30, 31, 32, 33, 34, 35, 36, 37, 38, 39, 40, 41, 47, 52], "excluded_lines": [48, 49, 50]}, "": {"executed_lines": [1, 3, 5, 7, 9, 10, 22, 23, 26, 27], "summary": {"covered_lines": 9, "num_statements": 9, "percent_covered": 100.0, "percent_covered_display": "100", "missing_lines": 0, "excluded_lines": 9}, "missing_lines": [], "excluded_lines": [11, 12, 14, 15, 16, 17, 18, 19, 20]}}, "classes": {"": {"executed_lines": [1, 3, 5, 7, 9, 10, 22, 23, 26, 27], "summary": {"covered_lines": 9, "num_statements": 25, "percent_covered": 36.0, "percent_covered_display": "36", "missing_lines": 16, "excluded_lines": 12}, "missing_lines": [28, 29, 30, 31, 32, 33, 34, 35, 36, 37, 38, 39, 40, 41, 47, 52], "excluded_lines": [11, 12, 14, 15, 16, 17, 18, 19, 20, 48, 49, 50]}}}, "app\\utils\\__init__.py": {"executed_lines": [1], "summary": {"covered_lines": 0, "num_statements": 0, "percent_covered": 100.0, "percent_covered_display": "100", "missing_lines": 0, "excluded_lines": 0}, "missing_lines": [], "excluded_lines": [], "functions": {"": {"executed_lines": [1], "summary": {"covered_lines": 0, "num_statements": 0, "percent_covered": 100.0, "percent_covered_display": "100", "missing_lines": 0, "excluded_lines": 0}, "missing_lines": [], "excluded_lines": []}}, "classes": {"": {"executed_lines": [1], "summary": {"covered_lines": 0, "num_statements": 0, "percent_covered": 100.0, "percent_covered_display": "100", "missing_lines": 0, "excluded_lines": 0}, "missing_lines": [], "excluded_lines": []}}}, "app\\utils\\datetime.py": {"executed_lines": [1, 2, 4, 7, 10], "summary": {"covered_lines": 4, "num_statements": 4, "percent_covered": 100.0, "percent_covered_display": "100", "missing_lines": 0, "excluded_lines": 0}, "missing_lines": [], "excluded_lines": [], "functions": {"utc_now": {"executed_lines": [10], "summary": {"covered_lines": 1, "num_statements": 1, "percent_covered": 100.0, "percent_covered_display": "100", "missing_lines": 0, "excluded_lines": 0}, "missing_lines": [], "excluded_lines": []}, "": {"executed_lines": [1, 2, 4, 7], "summary": {"covered_lines": 3, "num_statements": 3, "percent_covered": 100.0, "percent_covered_display": "100", "missing_lines": 0, "excluded_lines": 0}, "missing_lines": [], "excluded_lines": []}}, "classes": {"": {"executed_lines": [1, 2, 4, 7, 10], "summary": {"covered_lines": 4, "num_statements": 4, "percent_covered": 100.0, "percent_covered_display": "100", "missing_lines": 0, "excluded_lines": 0}, "missing_lines": [], "excluded_lines": []}}}}, "totals": {"covered_lines": 4805, "num_statements": 6130, "percent_covered": 78.38499184339315, "percent_covered_display": "78", "missing_lines": 1325, "excluded_lines": 81}}