{"meta": {"format": 3, "version": "7.11.0", "timestamp": "2025-11-01T06:55:00.051887", "branch_coverage": false, "show_contexts": false}, "files": {"app\\__init__.py": {"executed_lines": [1, 5], "summary": {"covered_lines": 1, "num_statements": 1, "percent_covered": 100.0, "percent_covered_display": "100", "missing_lines": 0, "excluded_lines": 0}, "missing_lines": [], "excluded_lines": [], "functions": {"": {"executed_lines": [1, 5], "summary": {"covered_lines": 1, "num_statements": 1, "percent_covered": 100.0, "percent_covered_display": "100", "missing_lines": 0, "excluded_lines": 0}, "missing_lines": [], "excluded_lines": []}}, "classes": {"": {"executed_lines": [1, 5], "summary": {"covered_lines": 1, "num_statements": 1, "percent_covered": 100.0, "percent_covered_display": "100", "missing_lines": 0, "excluded_lines": 0}, "missing_lines": [], "excluded_lines": []}}}, "app\\api\\__init__.py": {"executed_lines": [1, 2, 4, 5, 7, 8, 9, 10, 11, 12, 13, 14, 15, 16, 17, 18, 19, 20, 21, 22], "summary": {"covered_lines": 19, "num_statements": 19, "percent_covered": 100.0, "percent_covered_display": "100", "missing_lines": 0, "excluded_lines": 0}, "missing_lines": [], "excluded_lines": [], "functions": {"": {"executed_lines": [1, 2, 4, 5, 7, 8, 9, 10, 11, 12, 13, 14, 15, 16, 17, 18, 19, 20, 21, 22], "summary": {"covered_lines": 19, "num_statements": 19, "percent_covered": 100.0, "percent_covered_display": "100", "missing_lines": 0, "excluded_lines": 0}, "missing_lines": [], "excluded_lines": []}}, "classes": {"": {"executed_lines": [1, 2, 4, 5, 7, 8, 9, 10, 11, 12, 13, 14, 15, 16, 17, 18, 19, 20, 21, 22], "summary": {"covered_lines": 19, "num_statements": 19, "percent_covered": 100.0, "percent_covered_display": "100", "missing_lines": 0, "excluded_lines": 0}, "missing_lines": [], "excluded_lines": []}}}, "app\\api\\dependencies\\__init__.py": {"executed_lines": [0], "summary": {"covered_lines": 0, "num_statements": 0, "percent_covered": 100.0, "percent_covered_display": "100", "missing_lines": 0, "excluded_lines": 0}, "missing_lines": [], "excluded_lines": [], "functions": {"": {"executed_lines": [], "summary": {"covered_lines": 0, "num_statements": 0, "percent_covered": 100.0, "percent_covered_display": "100", "missing_lines": 0, "excluded_lines": 0}, "missing_lines": [], "excluded_lines": []}}, "classes": {"": {"executed_lines": [], "summary": {"covered_lines": 0, "num_statements": 0, "percent_covered": 100.0, "percent_covered_display": "100", "missing_lines": 0, "excluded_lines": 0}, "missing_lines": [], "excluded_lines": []}}}, "app\\api\\dependencies\\auth.py": {"executed_lines": [1, 2, 4, 5, 7, 8, 9, 11, 12, 13, 14, 15, 21, 23, 26, 32, 33, 35, 36, 37, 38, 40, 41, 42, 44, 45, 46, 48, 51, 66, 67, 71, 74, 91, 93, 94, 97, 98, 102, 104, 107, 126, 128, 129, 131, 132, 134, 135, 139, 141, 144, 172, 176, 181, 183, 187, 190, 191, 194, 197, 204, 215, 219, 221], "summary": {"covered_lines": 63, "num_statements": 63, "percent_covered": 100.0, "percent_covered_display": "100", "missing_lines": 0, "excluded_lines": 1}, "missing_lines": [], "excluded_lines": [145], "functions": {"get_current_user": {"executed_lines": [32, 33, 35, 36, 37, 38, 40, 41, 42, 44, 45, 46, 48], "summary": {"covered_lines": 13, "num_statements": 13, "percent_covered": 100.0, "percent_covered_display": "100", "missing_lines": 0, "excluded_lines": 0}, "missing_lines": [], "excluded_lines": []}, "get_current_admin_user": {"executed_lines": [66, 67, 71], "summary": {"covered_lines": 3, "num_statements": 3, "percent_covered": 100.0, "percent_covered_display": "100", "missing_lines": 0, "excluded_lines": 0}, "missing_lines": [], "excluded_lines": []}, "require_role": {"executed_lines": [91, 104], "summary": {"covered_lines": 2, "num_statements": 2, "percent_covered": 100.0, "percent_covered_display": "100", "missing_lines": 0, "excluded_lines": 0}, "missing_lines": [], "excluded_lines": []}, "require_role.role_checker": {"executed_lines": [93, 94, 97, 98, 102], "summary": {"covered_lines": 5, "num_statements": 5, "percent_covered": 100.0, "percent_covered_display": "100", "missing_lines": 0, "excluded_lines": 0}, "missing_lines": [], "excluded_lines": []}, "require_min_role": {"executed_lines": [126, 141], "summary": {"covered_lines": 2, "num_statements": 2, "percent_covered": 100.0, "percent_covered_display": "100", "missing_lines": 0, "excluded_lines": 0}, "missing_lines": [], "excluded_lines": []}, "require_min_role.permission_checker": {"executed_lines": [128, 129, 131, 132, 134, 135, 139], "summary": {"covered_lines": 7, "num_statements": 7, "percent_covered": 100.0, "percent_covered_display": "100", "missing_lines": 0, "excluded_lines": 0}, "missing_lines": [], "excluded_lines": []}, "require_feature": {"executed_lines": [172, 221], "summary": {"covered_lines": 2, "num_statements": 2, "percent_covered": 100.0, "percent_covered_display": "100", "missing_lines": 0, "excluded_lines": 1}, "missing_lines": [], "excluded_lines": [145]}, "require_feature.check_access": {"executed_lines": [176, 181, 183, 187, 190, 191, 194, 197, 204, 215, 219], "summary": {"covered_lines": 11, "num_statements": 11, "percent_covered": 100.0, "percent_covered_display": "100", "missing_lines": 0, "excluded_lines": 0}, "missing_lines": [], "excluded_lines": []}, "": {"executed_lines": [1, 2, 4, 5, 7, 8, 9, 11, 12, 13, 14, 15, 21, 23, 26, 51, 74, 107, 144], "summary": {"covered_lines": 18, "num_statements": 18, "percent_covered": 100.0, "percent_covered_display": "100", "missing_lines": 0, "excluded_lines": 0}, "missing_lines": [], "excluded_lines": []}}, "classes": {"": {"executed_lines": [1, 2, 4, 5, 7, 8, 9, 11, 12, 13, 14, 15, 21, 23, 26, 32, 33, 35, 36, 37, 38, 40, 41, 42, 44, 45, 46, 48, 51, 66, 67, 71, 74, 91, 93, 94, 97, 98, 102, 104, 107, 126, 128, 129, 131, 132, 134, 135, 139, 141, 144, 172, 176, 181, 183, 187, 190, 191, 194, 197, 204, 215, 219, 221], "summary": {"covered_lines": 63, "num_statements": 63, "percent_covered": 100.0, "percent_covered_display": "100", "missing_lines": 0, "excluded_lines": 1}, "missing_lines": [], "excluded_lines": [145]}}}, "app\\api\\dependencies\\rbac.py": {"executed_lines": [], "summary": {"covered_lines": 0, "num_statements": 2, "percent_covered": 0.0, "percent_covered_display": "0", "missing_lines": 2, "excluded_lines": 0}, "missing_lines": [7, 13], "excluded_lines": [], "functions": {"": {"executed_lines": [], "summary": {"covered_lines": 0, "num_statements": 2, "percent_covered": 0.0, "percent_covered_display": "0", "missing_lines": 2, "excluded_lines": 0}, "missing_lines": [7, 13], "excluded_lines": []}}, "classes": {"": {"executed_lines": [], "summary": {"covered_lines": 0, "num_statements": 2, "percent_covered": 0.0, "percent_covered_display": "0", "missing_lines": 2, "excluded_lines": 0}, "missing_lines": [7, 13], "excluded_lines": []}}}, "app\\api\\routes\\__init__.py": {"executed_lines": [1, 3, 7], "summary": {"covered_lines": 2, "num_statements": 2, "percent_covered": 100.0, "percent_covered_display": "100", "missing_lines": 0, "excluded_lines": 0}, "missing_lines": [], "excluded_lines": [], "functions": {"": {"executed_lines": [1, 3, 7], "summary": {"covered_lines": 2, "num_statements": 2, "percent_covered": 100.0, "percent_covered_display": "100", "missing_lines": 0, "excluded_lines": 0}, "missing_lines": [], "excluded_lines": []}}, "classes": {"": {"executed_lines": [1, 3, 7], "summary": {"covered_lines": 2, "num_statements": 2, "percent_covered": 100.0, "percent_covered_display": "100", "missing_lines": 0, "excluded_lines": 0}, "missing_lines": [], "excluded_lines": []}}}, "app\\api\\routes\\admin.py": {"executed_lines": [1, 11, 13, 14, 16, 17, 18, 19, 21, 22, 23, 24, 26, 33, 34, 35, 36, 37, 38, 41, 42, 43, 44, 45, 52, 53, 68, 69, 70, 73, 77, 81, 88, 90, 97, 105, 109, 111, 112, 115, 116, 118, 143, 144, 161, 164, 165, 166, 175, 178, 179, 181, 183, 203, 204, 214, 215, 216, 218, 232, 233, 244, 245, 249, 251, 252, 253, 254, 256, 257, 259, 260, 262, 264, 265, 267, 278, 279, 289, 290, 293, 294, 296, 299, 300, 310, 311, 314, 315, 316, 318, 332, 333, 344, 347, 350, 351, 353, 355, 373, 374, 384, 385, 388, 399, 400, 410, 411, 414, 420, 434, 435, 445, 446, 449, 455, 467, 468, 477, 480, 481, 482, 487, 489], "summary": {"covered_lines": 121, "num_statements": 129, "percent_covered": 93.7984496124031, "percent_covered_display": "94", "missing_lines": 8, "excluded_lines": 0}, "missing_lines": [246, 291, 312, 386, 412, 447, 483, 484], "excluded_lines": [], "functions": {"get_admin_dashboard": {"executed_lines": [68, 69, 70, 73, 77, 81, 88, 90, 97, 105, 109, 111, 112, 115, 116, 118], "summary": {"covered_lines": 16, "num_statements": 16, "percent_covered": 100.0, "percent_covered_display": "100", "missing_lines": 0, "excluded_lines": 0}, "missing_lines": [], "excluded_lines": []}, "list_users": {"executed_lines": [161, 164, 165, 166, 175, 178, 179, 181, 183], "summary": {"covered_lines": 9, "num_statements": 9, "percent_covered": 100.0, "percent_covered_display": "100", "missing_lines": 0, "excluded_lines": 0}, "missing_lines": [], "excluded_lines": []}, "get_user_details": {"executed_lines": [214, 215, 216, 218], "summary": {"covered_lines": 4, "num_statements": 4, "percent_covered": 100.0, "percent_covered_display": "100", "missing_lines": 0, "excluded_lines": 0}, "missing_lines": [], "excluded_lines": []}, "update_user": {"executed_lines": [244, 245, 249, 251, 252, 253, 254, 256, 257, 259, 260, 262, 264, 265, 267], "summary": {"covered_lines": 15, "num_statements": 16, "percent_covered": 93.75, "percent_covered_display": "94", "missing_lines": 1, "excluded_lines": 0}, "missing_lines": [246], "excluded_lines": []}, "delete_user": {"executed_lines": [289, 290, 293, 294, 296], "summary": {"covered_lines": 5, "num_statements": 6, "percent_covered": 83.33333333333333, "percent_covered_display": "83", "missing_lines": 1, "excluded_lines": 0}, "missing_lines": [291], "excluded_lines": []}, "restore_user": {"executed_lines": [310, 311, 314, 315, 316, 318], "summary": {"covered_lines": 6, "num_statements": 7, "percent_covered": 85.71428571428571, "percent_covered_display": "86", "missing_lines": 1, "excluded_lines": 0}, "missing_lines": [312], "excluded_lines": []}, "list_organizations": {"executed_lines": [344, 347, 350, 351, 353, 355], "summary": {"covered_lines": 6, "num_statements": 6, "percent_covered": 100.0, "percent_covered_display": "100", "missing_lines": 0, "excluded_lines": 0}, "missing_lines": [], "excluded_lines": []}, "get_organization_details": {"executed_lines": [384, 385, 388], "summary": {"covered_lines": 3, "num_statements": 4, "percent_covered": 75.0, "percent_covered_display": "75", "missing_lines": 1, "excluded_lines": 0}, "missing_lines": [386], "excluded_lines": []}, "get_organization_users": {"executed_lines": [410, 411, 414, 420], "summary": {"covered_lines": 4, "num_statements": 5, "percent_covered": 80.0, "percent_covered_display": "80", "missing_lines": 1, "excluded_lines": 0}, "missing_lines": [412], "excluded_lines": []}, "get_organization_metrics": {"executed_lines": [445, 446, 449, 455], "summary": {"covered_lines": 4, "num_statements": 5, "percent_covered": 80.0, "percent_covered_display": "80", "missing_lines": 1, "excluded_lines": 0}, "missing_lines": [447], "excluded_lines": []}, "get_system_health": {"executed_lines": [477, 480, 481, 482, 487, 489], "summary": {"covered_lines": 6, "num_statements": 8, "percent_covered": 75.0, "percent_covered_display": "75", "missing_lines": 2, "excluded_lines": 0}, "missing_lines": [483, 484], "excluded_lines": []}, "": {"executed_lines": [1, 11, 13, 14, 16, 17, 18, 19, 21, 22, 23, 24, 26, 33, 34, 35, 36, 37, 38, 41, 42, 43, 44, 45, 52, 53, 143, 144, 203, 204, 232, 233, 278, 279, 299, 300, 332, 333, 373, 374, 399, 400, 434, 435, 467, 468], "summary": {"covered_lines": 43, "num_statements": 43, "percent_covered": 100.0, "percent_covered_display": "100", "missing_lines": 0, "excluded_lines": 0}, "missing_lines": [], "excluded_lines": []}}, "classes": {"PaginatedResponse": {"executed_lines": [], "summary": {"covered_lines": 0, "num_statements": 0, "percent_covered": 100.0, "percent_covered_display": "100", "missing_lines": 0, "excluded_lines": 0}, "missing_lines": [], "excluded_lines": []}, "UserUpdate": {"executed_lines": [], "summary": {"covered_lines": 0, "num_statements": 0, "percent_covered": 100.0, "percent_covered_display": "100", "missing_lines": 0, "excluded_lines": 0}, "missing_lines": [], "excluded_lines": []}, "": {"executed_lines": [1, 11, 13, 14, 16, 17, 18, 19, 21, 22, 23, 24, 26, 33, 34, 35, 36, 37, 38, 41, 42, 43, 44, 45, 52, 53, 68, 69, 70, 73, 77, 81, 88, 90, 97, 105, 109, 111, 112, 115, 116, 118, 143, 144, 161, 164, 165, 166, 175, 178, 179, 181, 183, 203, 204, 214, 215, 216, 218, 232, 233, 244, 245, 249, 251, 252, 253, 254, 256, 257, 259, 260, 262, 264, 265, 267, 278, 279, 289, 290, 293, 294, 296, 299, 300, 310, 311, 314, 315, 316, 318, 332, 333, 344, 347, 350, 351, 353, 355, 373, 374, 384, 385, 388, 399, 400, 410, 411, 414, 420, 434, 435, 445, 446, 449, 455, 467, 468, 477, 480, 481, 482, 487, 489], "summary": {"covered_lines": 121, "num_statements": 129, "percent_covered": 93.7984496124031, "percent_covered_display": "94", "missing_lines": 8, "excluded_lines": 0}, "missing_lines": [246, 291, 312, 386, 412, 447, 483, 484], "excluded_lines": []}}}, "app\\api\\routes\\auth.py": {"executed_lines": [1, 2, 4, 6, 7, 8, 10, 13, 14, 17], "summary": {"covered_lines": 9, "num_statements": 9, "percent_covered": 100.0, "percent_covered_display": "100", "missing_lines": 0, "excluded_lines": 0}, "missing_lines": [], "excluded_lines": [], "functions": {"read_current_user": {"executed_lines": [17], "summary": {"covered_lines": 1, "num_statements": 1, "percent_covered": 100.0, "percent_covered_display": "100", "missing_lines": 0, "excluded_lines": 0}, "missing_lines": [], "excluded_lines": []}, "": {"executed_lines": [1, 2, 4, 6, 7, 8, 10, 13, 14], "summary": {"covered_lines": 8, "num_statements": 8, "percent_covered": 100.0, "percent_covered_display": "100", "missing_lines": 0, "excluded_lines": 0}, "missing_lines": [], "excluded_lines": []}}, "classes": {"": {"executed_lines": [1, 2, 4, 6, 7, 8, 10, 13, 14, 17], "summary": {"covered_lines": 9, "num_statements": 9, "percent_covered": 100.0, "percent_covered_display": "100", "missing_lines": 0, "excluded_lines": 0}, "missing_lines": [], "excluded_lines": []}}}, "app\\api\\routes\\blog.py": {"executed_lines": [1, 3, 4, 5, 6, 8, 9, 10, 12, 15, 16, 17, 18, 19, 20, 21, 22, 23, 24, 25, 26, 27, 28, 29, 30, 31, 32, 34, 35, 38, 39, 56, 59, 60, 63, 64, 67, 68, 69, 78, 81, 83, 84, 86, 109, 110, 119, 120, 121, 123, 124, 126, 146, 147, 149, 150, 151, 152], "summary": {"covered_lines": 56, "num_statements": 56, "percent_covered": 100.0, "percent_covered_display": "100", "missing_lines": 0, "excluded_lines": 0}, "missing_lines": [], "excluded_lines": [], "functions": {"list_blog_posts": {"executed_lines": [56, 59, 60, 63, 64, 67, 68, 69, 78, 81, 83, 84, 86], "summary": {"covered_lines": 13, "num_statements": 13, "percent_covered": 100.0, "percent_covered_display": "100", "missing_lines": 0, "excluded_lines": 0}, "missing_lines": [], "excluded_lines": []}, "get_blog_post_by_slug": {"executed_lines": [119, 120, 121, 123, 124, 126], "summary": {"covered_lines": 6, "num_statements": 6, "percent_covered": 100.0, "percent_covered_display": "100", "missing_lines": 0, "excluded_lines": 0}, "missing_lines": [], "excluded_lines": []}, "list_categories": {"executed_lines": [149, 150, 151, 152], "summary": {"covered_lines": 4, "num_statements": 4, "percent_covered": 100.0, "percent_covered_display": "100", "missing_lines": 0, "excluded_lines": 0}, "missing_lines": [], "excluded_lines": []}, "": {"executed_lines": [1, 3, 4, 5, 6, 8, 9, 10, 12, 15, 16, 17, 18, 19, 20, 21, 22, 23, 24, 25, 26, 27, 28, 29, 30, 31, 32, 34, 35, 38, 39, 109, 110, 146, 147], "summary": {"covered_lines": 33, "num_statements": 33, "percent_covered": 100.0, "percent_covered_display": "100", "missing_lines": 0, "excluded_lines": 0}, "missing_lines": [], "excluded_lines": []}}, "classes": {"BlogPostResponse": {"executed_lines": [], "summary": {"covered_lines": 0, "num_statements": 0, "percent_covered": 100.0, "percent_covered_display": "100", "missing_lines": 0, "excluded_lines": 0}, "missing_lines": [], "excluded_lines": []}, "BlogPostResponse.Config": {"executed_lines": [], "summary": {"covered_lines": 0, "num_statements": 0, "percent_covered": 100.0, "percent_covered_display": "100", "missing_lines": 0, "excluded_lines": 0}, "missing_lines": [], "excluded_lines": []}, "": {"executed_lines": [1, 3, 4, 5, 6, 8, 9, 10, 12, 15, 16, 17, 18, 19, 20, 21, 22, 23, 24, 25, 26, 27, 28, 29, 30, 31, 32, 34, 35, 38, 39, 56, 59, 60, 63, 64, 67, 68, 69, 78, 81, 83, 84, 86, 109, 110, 119, 120, 121, 123, 124, 126, 146, 147, 149, 150, 151, 152], "summary": {"covered_lines": 56, "num_statements": 56, "percent_covered": 100.0, "percent_covered_display": "100", "missing_lines": 0, "excluded_lines": 0}, "missing_lines": [], "excluded_lines": []}}}, "app\\api\\routes\\dashboard.py": {"executed_lines": [1, 6, 8, 9, 11, 12, 13, 15, 16, 17, 19, 22, 23, 64, 65, 87, 88, 106, 107], "summary": {"covered_lines": 18, "num_statements": 25, "percent_covered": 72.0, "percent_covered_display": "72", "missing_lines": 7, "excluded_lines": 0}, "missing_lines": [37, 38, 39, 44, 81, 100, 119], "excluded_lines": [], "functions": {"get_dashboard_summary": {"executed_lines": [], "summary": {"covered_lines": 0, "num_statements": 4, "percent_covered": 0.0, "percent_covered_display": "0", "missing_lines": 4, "excluded_lines": 0}, "missing_lines": [37, 38, 39, 44], "excluded_lines": []}, "get_recent_activity": {"executed_lines": [], "summary": {"covered_lines": 0, "num_statements": 1, "percent_covered": 0.0, "percent_covered_display": "0", "missing_lines": 1, "excluded_lines": 0}, "missing_lines": [81], "excluded_lines": []}, "get_upcoming_tasks": {"executed_lines": [], "summary": {"covered_lines": 0, "num_statements": 1, "percent_covered": 0.0, "percent_covered_display": "0", "missing_lines": 1, "excluded_lines": 0}, "missing_lines": [100], "excluded_lines": []}, "get_financial_insights": {"executed_lines": [], "summary": {"covered_lines": 0, "num_statements": 1, "percent_covered": 0.0, "percent_covered_display": "0", "missing_lines": 1, "excluded_lines": 0}, "missing_lines": [119], "excluded_lines": []}, "": {"executed_lines": [1, 6, 8, 9, 11, 12, 13, 15, 16, 17, 19, 22, 23, 64, 65, 87, 88, 106, 107], "summary": {"covered_lines": 18, "num_statements": 18, "percent_covered": 100.0, "percent_covered_display": "100", "missing_lines": 0, "excluded_lines": 0}, "missing_lines": [], "excluded_lines": []}}, "classes": {"": {"executed_lines": [1, 6, 8, 9, 11, 12, 13, 15, 16, 17, 19, 22, 23, 64, 65, 87, 88, 106, 107], "summary": {"covered_lines": 18, "num_statements": 25, "percent_covered": 72.0, "percent_covered_display": "72", "missing_lines": 7, "excluded_lines": 0}, "missing_lines": [37, 38, 39, 44, 81, 100, 119], "excluded_lines": []}}}, "app\\api\\routes\\deal_matching.py": {"executed_lines": [1, 2, 4, 5, 6, 8, 9, 11, 12, 13, 14, 15, 16, 25, 28, 31, 32, 34, 37, 38, 44, 59, 60, 61, 62, 65, 66, 71, 77, 80, 81, 97, 98, 105, 110, 111, 113, 115, 123, 124, 125, 127, 128, 136, 137, 149, 162, 164, 167, 168, 174, 179, 180, 182, 188, 191, 192, 209, 210, 218, 223, 224, 227, 234, 237, 238, 239, 240, 241, 242, 244, 245, 247], "summary": {"covered_lines": 72, "num_statements": 77, "percent_covered": 93.50649350649351, "percent_covered_display": "94", "missing_lines": 5, "excluded_lines": 0}, "missing_lines": [33, 138, 139, 150, 160], "excluded_lines": [], "functions": {"_decimal": {"executed_lines": [32, 34], "summary": {"covered_lines": 2, "num_statements": 3, "percent_covered": 66.66666666666667, "percent_covered_display": "67", "missing_lines": 1, "excluded_lines": 0}, "missing_lines": [33], "excluded_lines": []}, "create_match_criteria": {"executed_lines": [44, 59, 60, 61, 62], "summary": {"covered_lines": 5, "num_statements": 5, "percent_covered": 100.0, "percent_covered_display": "100", "missing_lines": 0, "excluded_lines": 0}, "missing_lines": [], "excluded_lines": []}, "list_match_criteria": {"executed_lines": [71, 77], "summary": {"covered_lines": 2, "num_statements": 2, "percent_covered": 100.0, "percent_covered_display": "100", "missing_lines": 0, "excluded_lines": 0}, "missing_lines": [], "excluded_lines": []}, "_build_ad_hoc_criteria": {"executed_lines": [81], "summary": {"covered_lines": 1, "num_statements": 1, "percent_covered": 100.0, "percent_covered_display": "100", "missing_lines": 0, "excluded_lines": 0}, "missing_lines": [], "excluded_lines": []}, "find_matches_for_deal": {"executed_lines": [105, 110, 111, 113, 115, 123, 124, 125, 127, 128, 136, 137, 149, 162, 164], "summary": {"covered_lines": 15, "num_statements": 19, "percent_covered": 78.94736842105263, "percent_covered_display": "79", "missing_lines": 4, "excluded_lines": 0}, "missing_lines": [138, 139, 150, 160], "excluded_lines": []}, "list_deal_matches": {"executed_lines": [174, 179, 180, 182, 188], "summary": {"covered_lines": 5, "num_statements": 5, "percent_covered": 100.0, "percent_covered_display": "100", "missing_lines": 0, "excluded_lines": 0}, "missing_lines": [], "excluded_lines": []}, "_serialize_criteria": {"executed_lines": [192], "summary": {"covered_lines": 1, "num_statements": 1, "percent_covered": 100.0, "percent_covered_display": "100", "missing_lines": 0, "excluded_lines": 0}, "missing_lines": [], "excluded_lines": []}, "record_match_action": {"executed_lines": [218, 223, 224, 227, 234, 237, 238, 239, 240, 241, 242, 244, 245, 247], "summary": {"covered_lines": 14, "num_statements": 14, "percent_covered": 100.0, "percent_covered_display": "100", "missing_lines": 0, "excluded_lines": 0}, "missing_lines": [], "excluded_lines": []}, "": {"executed_lines": [1, 2, 4, 5, 6, 8, 9, 11, 12, 13, 14, 15, 16, 25, 28, 31, 37, 38, 65, 66, 80, 97, 98, 167, 168, 191, 209, 210], "summary": {"covered_lines": 27, "num_statements": 27, "percent_covered": 100.0, "percent_covered_display": "100", "missing_lines": 0, "excluded_lines": 0}, "missing_lines": [], "excluded_lines": []}}, "classes": {"": {"executed_lines": [1, 2, 4, 5, 6, 8, 9, 11, 12, 13, 14, 15, 16, 25, 28, 31, 32, 34, 37, 38, 44, 59, 60, 61, 62, 65, 66, 71, 77, 80, 81, 97, 98, 105, 110, 111, 113, 115, 123, 124, 125, 127, 128, 136, 137, 149, 162, 164, 167, 168, 174, 179, 180, 182, 188, 191, 192, 209, 210, 218, 223, 224, 227, 234, 237, 238, 239, 240, 241, 242, 244, 245, 247], "summary": {"covered_lines": 72, "num_statements": 77, "percent_covered": 93.50649350649351, "percent_covered_display": "94", "missing_lines": 5, "excluded_lines": 0}, "missing_lines": [33, 138, 139, 150, 160], "excluded_lines": []}}}, "app\\api\\routes\\deals.py": {"executed_lines": [1, 2, 4, 6, 7, 9, 10, 11, 12, 13, 14, 16, 19, 20, 31, 32, 35, 36, 51, 62, 70, 71, 81, 82, 83, 87, 90, 91, 104, 105, 107, 108, 109, 117, 120, 123, 124, 149, 150, 162, 163, 165, 166, 167, 175, 176, 179, 180, 191, 196, 198, 199, 200, 208, 211], "summary": {"covered_lines": 54, "num_statements": 64, "percent_covered": 84.375, "percent_covered_display": "84", "missing_lines": 10, "excluded_lines": 0}, "missing_lines": [113, 131, 137, 138, 139, 140, 144, 146, 171, 204], "excluded_lines": [], "functions": {"create_deal": {"executed_lines": [31, 32], "summary": {"covered_lines": 2, "num_statements": 2, "percent_covered": 100.0, "percent_covered_display": "100", "missing_lines": 0, "excluded_lines": 0}, "missing_lines": [], "excluded_lines": []}, "list_deals": {"executed_lines": [51, 62], "summary": {"covered_lines": 2, "num_statements": 2, "percent_covered": 100.0, "percent_covered_display": "100", "missing_lines": 0, "excluded_lines": 0}, "missing_lines": [], "excluded_lines": []}, "get_deal": {"executed_lines": [81, 82, 83, 87], "summary": {"covered_lines": 4, "num_statements": 4, "percent_covered": 100.0, "percent_covered_display": "100", "missing_lines": 0, "excluded_lines": 0}, "missing_lines": [], "excluded_lines": []}, "update_deal": {"executed_lines": [104, 105, 107, 108, 109, 117, 120], "summary": {"covered_lines": 7, "num_statements": 8, "percent_covered": 87.5, "percent_covered_display": "88", "missing_lines": 1, "excluded_lines": 0}, "missing_lines": [113], "excluded_lines": []}, "update_deal_stage_endpoint": {"executed_lines": [], "summary": {"covered_lines": 0, "num_statements": 7, "percent_covered": 0.0, "percent_covered_display": "0", "missing_lines": 7, "excluded_lines": 0}, "missing_lines": [131, 137, 138, 139, 140, 144, 146], "excluded_lines": []}, "archive_deal": {"executed_lines": [162, 163, 165, 166, 167, 175, 176], "summary": {"covered_lines": 7, "num_statements": 8, "percent_covered": 87.5, "percent_covered_display": "88", "missing_lines": 1, "excluded_lines": 0}, "missing_lines": [171], "excluded_lines": []}, "restore_deal": {"executed_lines": [191, 196, 198, 199, 200, 208, 211], "summary": {"covered_lines": 7, "num_statements": 8, "percent_covered": 87.5, "percent_covered_display": "88", "missing_lines": 1, "excluded_lines": 0}, "missing_lines": [204], "excluded_lines": []}, "": {"executed_lines": [1, 2, 4, 6, 7, 9, 10, 11, 12, 13, 14, 16, 19, 20, 35, 36, 70, 71, 90, 91, 123, 124, 149, 150, 179, 180], "summary": {"covered_lines": 25, "num_statements": 25, "percent_covered": 100.0, "percent_covered_display": "100", "missing_lines": 0, "excluded_lines": 0}, "missing_lines": [], "excluded_lines": []}}, "classes": {"": {"executed_lines": [1, 2, 4, 6, 7, 9, 10, 11, 12, 13, 14, 16, 19, 20, 31, 32, 35, 36, 51, 62, 70, 71, 81, 82, 83, 87, 90, 91, 104, 105, 107, 108, 109, 117, 120, 123, 124, 149, 150, 162, 163, 165, 166, 167, 175, 176, 179, 180, 191, 196, 198, 199, 200, 208, 211], "summary": {"covered_lines": 54, "num_statements": 64, "percent_covered": 84.375, "percent_covered_display": "84", "missing_lines": 10, "excluded_lines": 0}, "missing_lines": [113, 131, 137, 138, 139, 140, 144, 146, 171, 204], "excluded_lines": []}}}, "app\\api\\routes\\documents.py": {"executed_lines": [1, 2, 4, 5, 6, 8, 18, 19, 21, 22, 23, 24, 40, 41, 43, 51, 52, 63, 64, 70, 75, 76, 94, 95, 106, 111, 112, 120, 121, 133, 138, 144, 150, 153, 154, 165, 170, 176, 177, 182, 183, 186, 191, 198, 205, 208, 212, 219, 228, 229, 248, 249, 263, 264, 271, 272, 276, 277, 293, 302, 310, 319, 324, 332, 339, 343, 344, 347, 348, 391, 392, 432, 433, 444, 449, 455, 463, 470, 471, 483, 488, 494, 502, 503, 504, 515, 524, 531, 532, 565, 566, 599, 600, 613, 618, 624, 631, 637, 640, 641, 675, 676, 683, 698, 699, 711, 716, 719, 726, 732, 735, 736, 747, 752, 755, 756, 768, 775, 783, 784, 817, 818, 831, 833, 841, 843, 845, 850], "summary": {"covered_lines": 127, "num_statements": 174, "percent_covered": 72.98850574712644, "percent_covered_display": "73", "missing_lines": 47, "excluded_lines": 0}, "missing_lines": [71, 72, 86, 91, 117, 139, 171, 235, 273, 360, 365, 366, 371, 379, 388, 404, 409, 410, 415, 423, 429, 450, 489, 508, 509, 539, 544, 545, 550, 558, 573, 578, 579, 584, 591, 619, 652, 657, 658, 660, 667, 672, 717, 797, 799, 801, 808], "excluded_lines": [], "functions": {"create_folder": {"executed_lines": [63, 64, 70], "summary": {"covered_lines": 3, "num_statements": 5, "percent_covered": 60.0, "percent_covered_display": "60", "missing_lines": 2, "excluded_lines": 0}, "missing_lines": [71, 72], "excluded_lines": []}, "list_folders": {"executed_lines": [], "summary": {"covered_lines": 0, "num_statements": 2, "percent_covered": 0.0, "percent_covered_display": "0", "missing_lines": 2, "excluded_lines": 0}, "missing_lines": [86, 91], "excluded_lines": []}, "get_folder": {"executed_lines": [106, 111, 112], "summary": {"covered_lines": 3, "num_statements": 4, "percent_covered": 75.0, "percent_covered_display": "75", "missing_lines": 1, "excluded_lines": 0}, "missing_lines": [117], "excluded_lines": []}, "update_folder": {"executed_lines": [133, 138, 144, 150], "summary": {"covered_lines": 4, "num_statements": 5, "percent_covered": 80.0, "percent_covered_display": "80", "missing_lines": 1, "excluded_lines": 0}, "missing_lines": [139], "excluded_lines": []}, "delete_folder": {"executed_lines": [165, 170, 176, 177, 182, 183], "summary": {"covered_lines": 6, "num_statements": 7, "percent_covered": 85.71428571428571, "percent_covered_display": "86", "missing_lines": 1, "excluded_lines": 0}, "missing_lines": [171], "excluded_lines": []}, "grant_folder_permission": {"executed_lines": [198, 205], "summary": {"covered_lines": 2, "num_statements": 2, "percent_covered": 100.0, "percent_covered_display": "100", "missing_lines": 0, "excluded_lines": 0}, "missing_lines": [], "excluded_lines": []}, "revoke_folder_permission": {"executed_lines": [219], "summary": {"covered_lines": 1, "num_statements": 1, "percent_covered": 100.0, "percent_covered_display": "100", "missing_lines": 0, "excluded_lines": 0}, "missing_lines": [], "excluded_lines": []}, "list_folder_permissions": {"executed_lines": [], "summary": {"covered_lines": 0, "num_statements": 1, "percent_covered": 0.0, "percent_covered_display": "0", "missing_lines": 1, "excluded_lines": 0}, "missing_lines": [235], "excluded_lines": []}, "upload_document": {"executed_lines": [263, 264, 271, 272], "summary": {"covered_lines": 4, "num_statements": 5, "percent_covered": 80.0, "percent_covered_display": "80", "missing_lines": 1, "excluded_lines": 0}, "missing_lines": [273], "excluded_lines": []}, "list_documents": {"executed_lines": [293, 302, 310], "summary": {"covered_lines": 3, "num_statements": 3, "percent_covered": 100.0, "percent_covered_display": "100", "missing_lines": 0, "excluded_lines": 0}, "missing_lines": [], "excluded_lines": []}, "bulk_download_documents": {"executed_lines": [], "summary": {"covered_lines": 0, "num_statements": 4, "percent_covered": 0.0, "percent_covered_display": "0", "missing_lines": 4, "excluded_lines": 0}, "missing_lines": [797, 799, 801, 808], "excluded_lines": []}, "get_document": {"executed_lines": [], "summary": {"covered_lines": 0, "num_statements": 6, "percent_covered": 0.0, "percent_covered_display": "0", "missing_lines": 6, "excluded_lines": 0}, "missing_lines": [360, 365, 366, 371, 379, 388], "excluded_lines": []}, "update_document": {"executed_lines": [], "summary": {"covered_lines": 0, "num_statements": 6, "percent_covered": 0.0, "percent_covered_display": "0", "missing_lines": 6, "excluded_lines": 0}, "missing_lines": [404, 409, 410, 415, 423, 429], "excluded_lines": []}, "delete_document": {"executed_lines": [444, 449, 455, 463], "summary": {"covered_lines": 4, "num_statements": 5, "percent_covered": 80.0, "percent_covered_display": "80", "missing_lines": 1, "excluded_lines": 0}, "missing_lines": [450], "excluded_lines": []}, "download_document": {"executed_lines": [483, 488, 494, 502, 503, 504, 515, 524], "summary": {"covered_lines": 8, "num_statements": 11, "percent_covered": 72.72727272727273, "percent_covered_display": "73", "missing_lines": 3, "excluded_lines": 0}, "missing_lines": [489, 508, 509], "excluded_lines": []}, "archive_document_endpoint": {"executed_lines": [], "summary": {"covered_lines": 0, "num_statements": 5, "percent_covered": 0.0, "percent_covered_display": "0", "missing_lines": 5, "excluded_lines": 0}, "missing_lines": [539, 544, 545, 550, 558], "excluded_lines": []}, "restore_document_endpoint": {"executed_lines": [], "summary": {"covered_lines": 0, "num_statements": 5, "percent_covered": 0.0, "percent_covered_display": "0", "missing_lines": 5, "excluded_lines": 0}, "missing_lines": [573, 578, 579, 584, 591], "excluded_lines": []}, "grant_permission": {"executed_lines": [613, 618, 624, 631, 637], "summary": {"covered_lines": 5, "num_statements": 6, "percent_covered": 83.33333333333333, "percent_covered_display": "83", "missing_lines": 1, "excluded_lines": 0}, "missing_lines": [619], "excluded_lines": []}, "list_permissions": {"executed_lines": [], "summary": {"covered_lines": 0, "num_statements": 6, "percent_covered": 0.0, "percent_covered_display": "0", "missing_lines": 6, "excluded_lines": 0}, "missing_lines": [652, 657, 658, 660, 667, 672], "excluded_lines": []}, "revoke_document_permission": {"executed_lines": [683], "summary": {"covered_lines": 1, "num_statements": 1, "percent_covered": 100.0, "percent_covered_display": "100", "missing_lines": 0, "excluded_lines": 0}, "missing_lines": [], "excluded_lines": []}, "get_access_logs": {"executed_lines": [711, 716, 719, 726, 732], "summary": {"covered_lines": 5, "num_statements": 6, "percent_covered": 83.33333333333333, "percent_covered_display": "83", "missing_lines": 1, "excluded_lines": 0}, "missing_lines": [717], "excluded_lines": []}, "get_document_versions": {"executed_lines": [747, 752], "summary": {"covered_lines": 2, "num_statements": 2, "percent_covered": 100.0, "percent_covered_display": "100", "missing_lines": 0, "excluded_lines": 0}, "missing_lines": [], "excluded_lines": []}, "restore_document_version": {"executed_lines": [768, 775], "summary": {"covered_lines": 2, "num_statements": 2, "percent_covered": 100.0, "percent_covered_display": "100", "missing_lines": 0, "excluded_lines": 0}, "missing_lines": [], "excluded_lines": []}, "bulk_delete_documents": {"executed_lines": [831, 833, 841, 843, 845, 850], "summary": {"covered_lines": 6, "num_statements": 6, "percent_covered": 100.0, "percent_covered_display": "100", "missing_lines": 0, "excluded_lines": 0}, "missing_lines": [], "excluded_lines": []}, "": {"executed_lines": [1, 2, 4, 5, 6, 8, 18, 19, 21, 22, 23, 24, 40, 41, 43, 51, 52, 75, 76, 94, 95, 120, 121, 153, 154, 186, 191, 208, 212, 228, 229, 248, 249, 276, 277, 319, 324, 347, 348, 391, 392, 432, 433, 470, 471, 531, 532, 565, 566, 599, 600, 640, 641, 675, 676, 698, 699, 735, 736, 755, 756, 783, 784, 817, 818], "summary": {"covered_lines": 64, "num_statements": 64, "percent_covered": 100.0, "percent_covered_display": "100", "missing_lines": 0, "excluded_lines": 0}, "missing_lines": [], "excluded_lines": []}}, "classes": {"": {"executed_lines": [1, 2, 4, 5, 6, 8, 18, 19, 21, 22, 23, 24, 40, 41, 43, 51, 52, 63, 64, 70, 75, 76, 94, 95, 106, 111, 112, 120, 121, 133, 138, 144, 150, 153, 154, 165, 170, 176, 177, 182, 183, 186, 191, 198, 205, 208, 212, 219, 228, 229, 248, 249, 263, 264, 271, 272, 276, 277, 293, 302, 310, 319, 324, 332, 339, 343, 344, 347, 348, 391, 392, 432, 433, 444, 449, 455, 463, 470, 471, 483, 488, 494, 502, 503, 504, 515, 524, 531, 532, 565, 566, 599, 600, 613, 618, 624, 631, 637, 640, 641, 675, 676, 683, 698, 699, 711, 716, 719, 726, 732, 735, 736, 747, 752, 755, 756, 768, 775, 783, 784, 817, 818, 831, 833, 841, 843, 845, 850], "summary": {"covered_lines": 127, "num_statements": 174, "percent_covered": 72.98850574712644, "percent_covered_display": "73", "missing_lines": 47, "excluded_lines": 0}, "missing_lines": [71, 72, 86, 91, 117, 139, 171, 235, 273, 360, 365, 366, 371, 379, 388, 404, 409, 410, 415, 423, 429, 450, 489, 508, 509, 539, 544, 545, 550, 558, 573, 578, 579, 584, 591, 619, 652, 657, 658, 660, 667, 672, 717, 797, 799, 801, 808], "excluded_lines": []}}}, "app\\api\\routes\\financial.py": {"executed_lines": [1, 6, 7, 8, 9, 11, 12, 13, 14, 20, 21, 26, 33, 34, 35, 36, 38, 41, 56, 82, 84, 85, 91, 98, 101, 104, 105, 106, 107, 110, 113, 121, 124, 138, 164, 166, 173, 181, 187, 198, 221, 223, 229, 235, 242, 245, 264, 285, 287, 293, 301, 312, 324, 345, 347, 348, 353, 360, 362, 365, 378, 404, 411, 413, 419, 426, 429, 441, 453, 474, 476, 482, 489, 495, 497, 498, 504, 506, 514, 526, 533, 535, 536, 541, 547, 550, 561, 571, 577, 579, 585, 591, 599, 602, 612, 619, 621, 627, 633, 636, 646, 653, 655, 661, 667, 676, 677, 682, 684, 692, 702, 709, 711, 717, 723, 725, 728, 744, 765, 767, 773, 780, 785, 787, 788, 793], "summary": {"covered_lines": 125, "num_statements": 151, "percent_covered": 82.78145695364239, "percent_covered_display": "83", "missing_lines": 26, "excluded_lines": 0}, "missing_lines": [92, 108, 167, 174, 224, 230, 288, 294, 354, 405, 414, 420, 477, 483, 542, 572, 580, 586, 622, 628, 656, 662, 712, 718, 768, 774], "excluded_lines": [], "functions": {"calculate_financial_ratios": {"executed_lines": [82, 84, 85, 91, 98, 101, 104, 105, 106, 107, 110, 113, 121], "summary": {"covered_lines": 13, "num_statements": 15, "percent_covered": 86.66666666666667, "percent_covered_display": "87", "missing_lines": 2, "excluded_lines": 0}, "missing_lines": [92, 108], "excluded_lines": []}, "get_financial_ratios": {"executed_lines": [164, 166, 173, 181], "summary": {"covered_lines": 4, "num_statements": 6, "percent_covered": 66.66666666666667, "percent_covered_display": "67", "missing_lines": 2, "excluded_lines": 0}, "missing_lines": [167, 174], "excluded_lines": []}, "get_financial_connections": {"executed_lines": [221, 223, 229, 235, 242], "summary": {"covered_lines": 5, "num_statements": 7, "percent_covered": 71.42857142857143, "percent_covered_display": "71", "missing_lines": 2, "excluded_lines": 0}, "missing_lines": [224, 230], "excluded_lines": []}, "get_financial_narrative": {"executed_lines": [285, 287, 293, 301], "summary": {"covered_lines": 4, "num_statements": 6, "percent_covered": 66.66666666666667, "percent_covered_display": "67", "missing_lines": 2, "excluded_lines": 0}, "missing_lines": [288, 294], "excluded_lines": []}, "connect_xero": {"executed_lines": [345, 347, 348, 353, 360, 362], "summary": {"covered_lines": 6, "num_statements": 7, "percent_covered": 85.71428571428571, "percent_covered_display": "86", "missing_lines": 1, "excluded_lines": 0}, "missing_lines": [354], "excluded_lines": []}, "xero_oauth_callback": {"executed_lines": [404, 411, 413, 419, 426, 429], "summary": {"covered_lines": 6, "num_statements": 9, "percent_covered": 66.66666666666667, "percent_covered_display": "67", "missing_lines": 3, "excluded_lines": 0}, "missing_lines": [405, 414, 420], "excluded_lines": []}, "sync_financial_data": {"executed_lines": [474, 476, 482, 489, 495, 497, 498, 504, 506], "summary": {"covered_lines": 9, "num_statements": 11, "percent_covered": 81.81818181818181, "percent_covered_display": "82", "missing_lines": 2, "excluded_lines": 0}, "missing_lines": [477, 483], "excluded_lines": []}, "connect_quickbooks": {"executed_lines": [533, 535, 536, 541, 547], "summary": {"covered_lines": 5, "num_statements": 6, "percent_covered": 83.33333333333333, "percent_covered_display": "83", "missing_lines": 1, "excluded_lines": 0}, "missing_lines": [542], "excluded_lines": []}, "quickbooks_oauth_callback": {"executed_lines": [571, 577, 579, 585, 591, 599], "summary": {"covered_lines": 6, "num_statements": 9, "percent_covered": 66.66666666666667, "percent_covered_display": "67", "missing_lines": 3, "excluded_lines": 0}, "missing_lines": [572, 580, 586], "excluded_lines": []}, "quickbooks_connection_status": {"executed_lines": [619, 621, 627, 633], "summary": {"covered_lines": 4, "num_statements": 6, "percent_covered": 66.66666666666667, "percent_covered_display": "67", "missing_lines": 2, "excluded_lines": 0}, "missing_lines": [622, 628], "excluded_lines": []}, "sync_quickbooks_financial_data": {"executed_lines": [653, 655, 661, 667, 676, 677, 682, 684], "summary": {"covered_lines": 8, "num_statements": 10, "percent_covered": 80.0, "percent_covered_display": "80", "missing_lines": 2, "excluded_lines": 0}, "missing_lines": [656, 662], "excluded_lines": []}, "disconnect_quickbooks_connection": {"executed_lines": [709, 711, 717, 723, 725], "summary": {"covered_lines": 5, "num_statements": 7, "percent_covered": 71.42857142857143, "percent_covered_display": "71", "missing_lines": 2, "excluded_lines": 0}, "missing_lines": [712, 718], "excluded_lines": []}, "get_readiness_score": {"executed_lines": [765, 767, 773, 780, 785, 787, 788, 793], "summary": {"covered_lines": 8, "num_statements": 10, "percent_covered": 80.0, "percent_covered_display": "80", "missing_lines": 2, "excluded_lines": 0}, "missing_lines": [768, 774], "excluded_lines": []}, "": {"executed_lines": [1, 6, 7, 8, 9, 11, 12, 13, 14, 20, 21, 26, 33, 34, 35, 36, 38, 41, 56, 124, 138, 187, 198, 245, 264, 312, 324, 365, 378, 441, 453, 514, 526, 550, 561, 602, 612, 636, 646, 692, 702, 728, 744], "summary": {"covered_lines": 42, "num_statements": 42, "percent_covered": 100.0, "percent_covered_display": "100", "missing_lines": 0, "excluded_lines": 0}, "missing_lines": [], "excluded_lines": []}}, "classes": {"": {"executed_lines": [1, 6, 7, 8, 9, 11, 12, 13, 14, 20, 21, 26, 33, 34, 35, 36, 38, 41, 56, 82, 84, 85, 91, 98, 101, 104, 105, 106, 107, 110, 113, 121, 124, 138, 164, 166, 173, 181, 187, 198, 221, 223, 229, 235, 242, 245, 264, 285, 287, 293, 301, 312, 324, 345, 347, 348, 353, 360, 362, 365, 378, 404, 411, 413, 419, 426, 429, 441, 453, 474, 476, 482, 489, 495, 497, 498, 504, 506, 514, 526, 533, 535, 536, 541, 547, 550, 561, 571, 577, 579, 585, 591, 599, 602, 612, 619, 621, 627, 633, 636, 646, 653, 655, 661, 667, 676, 677, 682, 684, 692, 702, 709, 711, 717, 723, 725, 728, 744, 765, 767, 773, 780, 785, 787, 788, 793], "summary": {"covered_lines": 125, "num_statements": 151, "percent_covered": 82.78145695364239, "percent_covered_display": "83", "missing_lines": 26, "excluded_lines": 0}, "missing_lines": [92, 108, 167, 174, 224, 230, 288, 294, 354, 405, 414, 420, 477, 483, 542, 572, 580, 586, 622, 628, 656, 662, 712, 718, 768, 774], "excluded_lines": []}}}, "app\\api\\routes\\marketing.py": {"executed_lines": [1, 3, 4, 5, 6, 7, 8, 10, 11, 12, 13, 15, 17, 20, 21, 22, 23, 24, 25, 26, 29, 30, 31, 32, 33, 36, 37, 38, 39, 42, 43, 44, 45, 48, 51, 58, 88, 89, 98, 100, 101, 104, 105, 119, 121, 130, 131, 132, 135, 143, 158, 159, 165, 166, 172, 173, 174, 175, 181, 185, 186, 187, 193], "summary": {"covered_lines": 58, "num_statements": 69, "percent_covered": 84.05797101449275, "percent_covered_display": "84", "missing_lines": 11, "excluded_lines": 0}, "missing_lines": [52, 56, 99, 149, 150, 151, 152, 198, 199, 200, 201], "excluded_lines": [], "functions": {"send_contact_notification": {"executed_lines": [51, 58, 88, 89, 98, 100, 101], "summary": {"covered_lines": 7, "num_statements": 10, "percent_covered": 70.0, "percent_covered_display": "70", "missing_lines": 3, "excluded_lines": 0}, "missing_lines": [52, 56, 99], "excluded_lines": []}, "submit_contact_form": {"executed_lines": [119, 121, 130, 131, 132, 135, 143], "summary": {"covered_lines": 7, "num_statements": 11, "percent_covered": 63.63636363636363, "percent_covered_display": "64", "missing_lines": 4, "excluded_lines": 0}, "missing_lines": [149, 150, 151, 152], "excluded_lines": []}, "subscribe_newsletter": {"executed_lines": [165, 166, 172, 173, 174, 175, 181, 185, 186, 187, 193], "summary": {"covered_lines": 11, "num_statements": 15, "percent_covered": 73.33333333333333, "percent_covered_display": "73", "missing_lines": 4, "excluded_lines": 0}, "missing_lines": [198, 199, 200, 201], "excluded_lines": []}, "": {"executed_lines": [1, 3, 4, 5, 6, 7, 8, 10, 11, 12, 13, 15, 17, 20, 21, 22, 23, 24, 25, 26, 29, 30, 31, 32, 33, 36, 37, 38, 39, 42, 43, 44, 45, 48, 104, 105, 158, 159], "summary": {"covered_lines": 33, "num_statements": 33, "percent_covered": 100.0, "percent_covered_display": "100", "missing_lines": 0, "excluded_lines": 0}, "missing_lines": [], "excluded_lines": []}}, "classes": {"ContactRequest": {"executed_lines": [], "summary": {"covered_lines": 0, "num_statements": 0, "percent_covered": 100.0, "percent_covered_display": "100", "missing_lines": 0, "excluded_lines": 0}, "missing_lines": [], "excluded_lines": []}, "ContactResponse": {"executed_lines": [], "summary": {"covered_lines": 0, "num_statements": 0, "percent_covered": 100.0, "percent_covered_display": "100", "missing_lines": 0, "excluded_lines": 0}, "missing_lines": [], "excluded_lines": []}, "SubscribeRequest": {"executed_lines": [], "summary": {"covered_lines": 0, "num_statements": 0, "percent_covered": 100.0, "percent_covered_display": "100", "missing_lines": 0, "excluded_lines": 0}, "missing_lines": [], "excluded_lines": []}, "SubscribeResponse": {"executed_lines": [], "summary": {"covered_lines": 0, "num_statements": 0, "percent_covered": 100.0, "percent_covered_display": "100", "missing_lines": 0, "excluded_lines": 0}, "missing_lines": [], "excluded_lines": []}, "": {"executed_lines": [1, 3, 4, 5, 6, 7, 8, 10, 11, 12, 13, 15, 17, 20, 21, 22, 23, 24, 25, 26, 29, 30, 31, 32, 33, 36, 37, 38, 39, 42, 43, 44, 45, 48, 51, 58, 88, 89, 98, 100, 101, 104, 105, 119, 121, 130, 131, 132, 135, 143, 158, 159, 165, 166, 172, 173, 174, 175, 181, 185, 186, 187, 193], "summary": {"covered_lines": 58, "num_statements": 69, "percent_covered": 84.05797101449275, "percent_covered_display": "84", "missing_lines": 11, "excluded_lines": 0}, "missing_lines": [52, 56, 99, 149, 150, 151, 152, 198, 199, 200, 201], "excluded_lines": []}}}, "app\\api\\routes\\master_admin.py": {"executed_lines": [1, 2, 4, 5, 7, 8, 10, 11, 12, 13, 24, 75, 77, 84, 85, 103, 104, 129, 130, 148, 149, 168, 169, 196, 197, 213, 214, 246, 247, 264, 265, 287, 288, 312, 313, 332, 333, 350, 351, 366, 367, 384, 385, 399, 400, 418, 419, 452, 453, 467, 468, 481, 482, 505, 506, 521, 522, 542, 543, 557, 558, 588, 589, 606, 607, 629, 630, 652, 653, 667, 668, 696, 697, 714, 715, 742, 743, 755, 756, 784, 785, 802, 803, 823, 824, 843, 844, 867, 868, 880, 881, 907, 908, 925, 926, 946, 947, 966, 967, 979, 980, 1008, 1009, 1026, 1027, 1047, 1048, 1071, 1072, 1084, 1085, 1115, 1116, 1133, 1134, 1154, 1155, 1174, 1175, 1198, 1199, 1211, 1212, 1240, 1241, 1258, 1259, 1279, 1280, 1299, 1300], "summary": {"covered_lines": 130, "num_statements": 341, "percent_covered": 38.12316715542522, "percent_covered_display": "38", "missing_lines": 211, "excluded_lines": 0}, "missing_lines": [95, 96, 116, 119, 120, 125, 126, 139, 140, 141, 145, 159, 160, 161, 165, 181, 182, 183, 188, 189, 209, 210, 228, 238, 255, 256, 257, 261, 276, 277, 278, 283, 284, 298, 299, 300, 305, 322, 323, 324, 325, 329, 341, 342, 343, 347, 362, 363, 376, 377, 395, 396, 409, 410, 411, 415, 431, 432, 433, 438, 439, 444, 445, 463, 464, 477, 478, 490, 491, 492, 497, 498, 517, 518, 532, 535, 553, 554, 571, 580, 597, 598, 599, 603, 618, 619, 620, 625, 626, 638, 639, 640, 645, 663, 664, 680, 688, 705, 706, 707, 711, 726, 727, 728, 733, 734, 751, 752, 767, 776, 793, 794, 795, 799, 812, 813, 814, 819, 820, 832, 833, 834, 839, 840, 852, 853, 854, 859, 860, 876, 877, 891, 899, 916, 917, 918, 922, 935, 936, 937, 942, 943, 955, 956, 957, 962, 963, 975, 976, 991, 1000, 1017, 1018, 1019, 1023, 1036, 1037, 1038, 1043, 1044, 1056, 1057, 1058, 1063, 1064, 1080, 1081, 1097, 1107, 1124, 1125, 1126, 1130, 1143, 1144, 1145, 1150, 1151, 1163, 1164, 1165, 1170, 1171, 1183, 1184, 1185, 1190, 1191, 1207, 1208, 1223, 1232, 1249, 1250, 1251, 1255, 1268, 1269, 1270, 1275, 1276, 1288, 1289, 1290, 1295, 1296, 1309, 1310, 1311, 1316, 1323], "excluded_lines": [], "functions": {"get_dashboard_stats": {"executed_lines": [], "summary": {"covered_lines": 0, "num_statements": 2, "percent_covered": 0.0, "percent_covered_display": "0", "missing_lines": 2, "excluded_lines": 0}, "missing_lines": [95, 96], "excluded_lines": []}, "create_goal": {"executed_lines": [], "summary": {"covered_lines": 0, "num_statements": 5, "percent_covered": 0.0, "percent_covered_display": "0", "missing_lines": 5, "excluded_lines": 0}, "missing_lines": [116, 119, 120, 125, 126], "excluded_lines": []}, "get_current_week_goal": {"executed_lines": [], "summary": {"covered_lines": 0, "num_statements": 4, "percent_covered": 0.0, "percent_covered_display": "0", "missing_lines": 4, "excluded_lines": 0}, "missing_lines": [139, 140, 141, 145], "excluded_lines": []}, "get_goal_by_week": {"executed_lines": [], "summary": {"covered_lines": 0, "num_statements": 4, "percent_covered": 0.0, "percent_covered_display": "0", "missing_lines": 4, "excluded_lines": 0}, "missing_lines": [159, 160, 161, 165], "excluded_lines": []}, "update_goal": {"executed_lines": [], "summary": {"covered_lines": 0, "num_statements": 5, "percent_covered": 0.0, "percent_covered_display": "0", "missing_lines": 5, "excluded_lines": 0}, "missing_lines": [181, 182, 183, 188, 189], "excluded_lines": []}, "create_activity": {"executed_lines": [], "summary": {"covered_lines": 0, "num_statements": 2, "percent_covered": 0.0, "percent_covered_display": "0", "missing_lines": 2, "excluded_lines": 0}, "missing_lines": [209, 210], "excluded_lines": []}, "list_activities": {"executed_lines": [], "summary": {"covered_lines": 0, "num_statements": 2, "percent_covered": 0.0, "percent_covered_display": "0", "missing_lines": 2, "excluded_lines": 0}, "missing_lines": [228, 238], "excluded_lines": []}, "get_activity": {"executed_lines": [], "summary": {"covered_lines": 0, "num_statements": 4, "percent_covered": 0.0, "percent_covered_display": "0", "missing_lines": 4, "excluded_lines": 0}, "missing_lines": [255, 256, 257, 261], "excluded_lines": []}, "update_activity": {"executed_lines": [], "summary": {"covered_lines": 0, "num_statements": 5, "percent_covered": 0.0, "percent_covered_display": "0", "missing_lines": 5, "excluded_lines": 0}, "missing_lines": [276, 277, 278, 283, 284], "excluded_lines": []}, "delete_activity": {"executed_lines": [], "summary": {"covered_lines": 0, "num_statements": 4, "percent_covered": 0.0, "percent_covered_display": "0", "missing_lines": 4, "excluded_lines": 0}, "missing_lines": [298, 299, 300, 305], "excluded_lines": []}, "get_today_score": {"executed_lines": [], "summary": {"covered_lines": 0, "num_statements": 5, "percent_covered": 0.0, "percent_covered_display": "0", "missing_lines": 5, "excluded_lines": 0}, "missing_lines": [322, 323, 324, 325, 329], "excluded_lines": []}, "get_score_by_date": {"executed_lines": [], "summary": {"covered_lines": 0, "num_statements": 4, "percent_covered": 0.0, "percent_covered_display": "0", "missing_lines": 4, "excluded_lines": 0}, "missing_lines": [341, 342, 343, 347], "excluded_lines": []}, "get_weekly_scores": {"executed_lines": [], "summary": {"covered_lines": 0, "num_statements": 2, "percent_covered": 0.0, "percent_covered_display": "0", "missing_lines": 2, "excluded_lines": 0}, "missing_lines": [362, 363], "excluded_lines": []}, "get_current_streak": {"executed_lines": [], "summary": {"covered_lines": 0, "num_statements": 2, "percent_covered": 0.0, "percent_covered_display": "0", "missing_lines": 2, "excluded_lines": 0}, "missing_lines": [376, 377], "excluded_lines": []}, "create_focus_session": {"executed_lines": [], "summary": {"covered_lines": 0, "num_statements": 2, "percent_covered": 0.0, "percent_covered_display": "0", "missing_lines": 2, "excluded_lines": 0}, "missing_lines": [395, 396], "excluded_lines": []}, "get_active_focus_session": {"executed_lines": [], "summary": {"covered_lines": 0, "num_statements": 4, "percent_covered": 0.0, "percent_covered_display": "0", "missing_lines": 4, "excluded_lines": 0}, "missing_lines": [409, 410, 411, 415], "excluded_lines": []}, "complete_focus_session": {"executed_lines": [], "summary": {"covered_lines": 0, "num_statements": 7, "percent_covered": 0.0, "percent_covered_display": "0", "missing_lines": 7, "excluded_lines": 0}, "missing_lines": [431, 432, 433, 438, 439, 444, 445], "excluded_lines": []}, "create_nudge": {"executed_lines": [], "summary": {"covered_lines": 0, "num_statements": 2, "percent_covered": 0.0, "percent_covered_display": "0", "missing_lines": 2, "excluded_lines": 0}, "missing_lines": [463, 464], "excluded_lines": []}, "get_unread_nudges": {"executed_lines": [], "summary": {"covered_lines": 0, "num_statements": 2, "percent_covered": 0.0, "percent_covered_display": "0", "missing_lines": 2, "excluded_lines": 0}, "missing_lines": [477, 478], "excluded_lines": []}, "mark_nudge_as_read": {"executed_lines": [], "summary": {"covered_lines": 0, "num_statements": 5, "percent_covered": 0.0, "percent_covered_display": "0", "missing_lines": 5, "excluded_lines": 0}, "missing_lines": [490, 491, 492, 497, 498], "excluded_lines": []}, "create_meeting_template": {"executed_lines": [], "summary": {"covered_lines": 0, "num_statements": 2, "percent_covered": 0.0, "percent_covered_display": "0", "missing_lines": 2, "excluded_lines": 0}, "missing_lines": [517, 518], "excluded_lines": []}, "get_meeting_templates_by_type": {"executed_lines": [], "summary": {"covered_lines": 0, "num_statements": 2, "percent_covered": 0.0, "percent_covered_display": "0", "missing_lines": 2, "excluded_lines": 0}, "missing_lines": [532, 535], "excluded_lines": []}, "create_prospect": {"executed_lines": [], "summary": {"covered_lines": 0, "num_statements": 2, "percent_covered": 0.0, "percent_covered_display": "0", "missing_lines": 2, "excluded_lines": 0}, "missing_lines": [553, 554], "excluded_lines": []}, "list_prospects": {"executed_lines": [], "summary": {"covered_lines": 0, "num_statements": 2, "percent_covered": 0.0, "percent_covered_display": "0", "missing_lines": 2, "excluded_lines": 0}, "missing_lines": [571, 580], "excluded_lines": []}, "get_prospect": {"executed_lines": [], "summary": {"covered_lines": 0, "num_statements": 4, "percent_covered": 0.0, "percent_covered_display": "0", "missing_lines": 4, "excluded_lines": 0}, "missing_lines": [597, 598, 599, 603], "excluded_lines": []}, "update_prospect": {"executed_lines": [], "summary": {"covered_lines": 0, "num_statements": 5, "percent_covered": 0.0, "percent_covered_display": "0", "missing_lines": 5, "excluded_lines": 0}, "missing_lines": [618, 619, 620, 625, 626], "excluded_lines": []}, "delete_prospect": {"executed_lines": [], "summary": {"covered_lines": 0, "num_statements": 4, "percent_covered": 0.0, "percent_covered_display": "0", "missing_lines": 4, "excluded_lines": 0}, "missing_lines": [638, 639, 640, 645], "excluded_lines": []}, "create_deal": {"executed_lines": [], "summary": {"covered_lines": 0, "num_statements": 2, "percent_covered": 0.0, "percent_covered_display": "0", "missing_lines": 2, "excluded_lines": 0}, "missing_lines": [663, 664], "excluded_lines": []}, "list_deals": {"executed_lines": [], "summary": {"covered_lines": 0, "num_statements": 2, "percent_covered": 0.0, "percent_covered_display": "0", "missing_lines": 2, "excluded_lines": 0}, "missing_lines": [680, 688], "excluded_lines": []}, "get_deal": {"executed_lines": [], "summary": {"covered_lines": 0, "num_statements": 4, "percent_covered": 0.0, "percent_covered_display": "0", "missing_lines": 4, "excluded_lines": 0}, "missing_lines": [705, 706, 707, 711], "excluded_lines": []}, "update_deal": {"executed_lines": [], "summary": {"covered_lines": 0, "num_statements": 5, "percent_covered": 0.0, "percent_covered_display": "0", "missing_lines": 5, "excluded_lines": 0}, "missing_lines": [726, 727, 728, 733, 734], "excluded_lines": []}, "create_campaign": {"executed_lines": [], "summary": {"covered_lines": 0, "num_statements": 2, "percent_covered": 0.0, "percent_covered_display": "0", "missing_lines": 2, "excluded_lines": 0}, "missing_lines": [751, 752], "excluded_lines": []}, "list_campaigns": {"executed_lines": [], "summary": {"covered_lines": 0, "num_statements": 2, "percent_covered": 0.0, "percent_covered_display": "0", "missing_lines": 2, "excluded_lines": 0}, "missing_lines": [767, 776], "excluded_lines": []}, "get_campaign": {"executed_lines": [], "summary": {"covered_lines": 0, "num_statements": 4, "percent_covered": 0.0, "percent_covered_display": "0", "missing_lines": 4, "excluded_lines": 0}, "missing_lines": [793, 794, 795, 799], "excluded_lines": []}, "update_campaign": {"executed_lines": [], "summary": {"covered_lines": 0, "num_statements": 5, "percent_covered": 0.0, "percent_covered_display": "0", "missing_lines": 5, "excluded_lines": 0}, "missing_lines": [812, 813, 814, 819, 820], "excluded_lines": []}, "delete_campaign": {"executed_lines": [], "summary": {"covered_lines": 0, "num_statements": 5, "percent_covered": 0.0, "percent_covered_display": "0", "missing_lines": 5, "excluded_lines": 0}, "missing_lines": [832, 833, 834, 839, 840], "excluded_lines": []}, "send_campaign": {"executed_lines": [], "summary": {"covered_lines": 0, "num_statements": 5, "percent_covered": 0.0, "percent_covered_display": "0", "missing_lines": 5, "excluded_lines": 0}, "missing_lines": [852, 853, 854, 859, 860], "excluded_lines": []}, "create_content_script": {"executed_lines": [], "summary": {"covered_lines": 0, "num_statements": 2, "percent_covered": 0.0, "percent_covered_display": "0", "missing_lines": 2, "excluded_lines": 0}, "missing_lines": [876, 877], "excluded_lines": []}, "list_content_scripts": {"executed_lines": [], "summary": {"covered_lines": 0, "num_statements": 2, "percent_covered": 0.0, "percent_covered_display": "0", "missing_lines": 2, "excluded_lines": 0}, "missing_lines": [891, 899], "excluded_lines": []}, "get_content_script": {"executed_lines": [], "summary": {"covered_lines": 0, "num_statements": 4, "percent_covered": 0.0, "percent_covered_display": "0", "missing_lines": 4, "excluded_lines": 0}, "missing_lines": [916, 917, 918, 922], "excluded_lines": []}, "update_content_script": {"executed_lines": [], "summary": {"covered_lines": 0, "num_statements": 5, "percent_covered": 0.0, "percent_covered_display": "0", "missing_lines": 5, "excluded_lines": 0}, "missing_lines": [935, 936, 937, 942, 943], "excluded_lines": []}, "delete_content_script": {"executed_lines": [], "summary": {"covered_lines": 0, "num_statements": 5, "percent_covered": 0.0, "percent_covered_display": "0", "missing_lines": 5, "excluded_lines": 0}, "missing_lines": [955, 956, 957, 962, 963], "excluded_lines": []}, "create_content_piece": {"executed_lines": [], "summary": {"covered_lines": 0, "num_statements": 2, "percent_covered": 0.0, "percent_covered_display": "0", "missing_lines": 2, "excluded_lines": 0}, "missing_lines": [975, 976], "excluded_lines": []}, "list_content_pieces": {"executed_lines": [], "summary": {"covered_lines": 0, "num_statements": 2, "percent_covered": 0.0, "percent_covered_display": "0", "missing_lines": 2, "excluded_lines": 0}, "missing_lines": [991, 1000], "excluded_lines": []}, "get_content_piece": {"executed_lines": [], "summary": {"covered_lines": 0, "num_statements": 4, "percent_covered": 0.0, "percent_covered_display": "0", "missing_lines": 4, "excluded_lines": 0}, "missing_lines": [1017, 1018, 1019, 1023], "excluded_lines": []}, "update_content_piece": {"executed_lines": [], "summary": {"covered_lines": 0, "num_statements": 5, "percent_covered": 0.0, "percent_covered_display": "0", "missing_lines": 5, "excluded_lines": 0}, "missing_lines": [1036, 1037, 1038, 1043, 1044], "excluded_lines": []}, "delete_content_piece": {"executed_lines": [], "summary": {"covered_lines": 0, "num_statements": 5, "percent_covered": 0.0, "percent_covered_display": "0", "missing_lines": 5, "excluded_lines": 0}, "missing_lines": [1056, 1057, 1058, 1063, 1064], "excluded_lines": []}, "create_lead_capture": {"executed_lines": [], "summary": {"covered_lines": 0, "num_statements": 2, "percent_covered": 0.0, "percent_covered_display": "0", "missing_lines": 2, "excluded_lines": 0}, "missing_lines": [1080, 1081], "excluded_lines": []}, "list_lead_captures": {"executed_lines": [], "summary": {"covered_lines": 0, "num_statements": 2, "percent_covered": 0.0, "percent_covered_display": "0", "missing_lines": 2, "excluded_lines": 0}, "missing_lines": [1097, 1107], "excluded_lines": []}, "get_lead_capture": {"executed_lines": [], "summary": {"covered_lines": 0, "num_statements": 4, "percent_covered": 0.0, "percent_covered_display": "0", "missing_lines": 4, "excluded_lines": 0}, "missing_lines": [1124, 1125, 1126, 1130], "excluded_lines": []}, "update_lead_capture": {"executed_lines": [], "summary": {"covered_lines": 0, "num_statements": 5, "percent_covered": 0.0, "percent_covered_display": "0", "missing_lines": 5, "excluded_lines": 0}, "missing_lines": [1143, 1144, 1145, 1150, 1151], "excluded_lines": []}, "delete_lead_capture": {"executed_lines": [], "summary": {"covered_lines": 0, "num_statements": 5, "percent_covered": 0.0, "percent_covered_display": "0", "missing_lines": 5, "excluded_lines": 0}, "missing_lines": [1163, 1164, 1165, 1170, 1171], "excluded_lines": []}, "sync_lead_to_gohighlevel": {"executed_lines": [], "summary": {"covered_lines": 0, "num_statements": 5, "percent_covered": 0.0, "percent_covered_display": "0", "missing_lines": 5, "excluded_lines": 0}, "missing_lines": [1183, 1184, 1185, 1190, 1191], "excluded_lines": []}, "create_collateral": {"executed_lines": [], "summary": {"covered_lines": 0, "num_statements": 2, "percent_covered": 0.0, "percent_covered_display": "0", "missing_lines": 2, "excluded_lines": 0}, "missing_lines": [1207, 1208], "excluded_lines": []}, "list_collateral": {"executed_lines": [], "summary": {"covered_lines": 0, "num_statements": 2, "percent_covered": 0.0, "percent_covered_display": "0", "missing_lines": 2, "excluded_lines": 0}, "missing_lines": [1223, 1232], "excluded_lines": []}, "get_collateral": {"executed_lines": [], "summary": {"covered_lines": 0, "num_statements": 4, "percent_covered": 0.0, "percent_covered_display": "0", "missing_lines": 4, "excluded_lines": 0}, "missing_lines": [1249, 1250, 1251, 1255], "excluded_lines": []}, "update_collateral": {"executed_lines": [], "summary": {"covered_lines": 0, "num_statements": 5, "percent_covered": 0.0, "percent_covered_display": "0", "missing_lines": 5, "excluded_lines": 0}, "missing_lines": [1268, 1269, 1270, 1275, 1276], "excluded_lines": []}, "delete_collateral": {"executed_lines": [], "summary": {"covered_lines": 0, "num_statements": 5, "percent_covered": 0.0, "percent_covered_display": "0", "missing_lines": 5, "excluded_lines": 0}, "missing_lines": [1288, 1289, 1290, 1295, 1296], "excluded_lines": []}, "track_collateral_usage_endpoint": {"executed_lines": [], "summary": {"covered_lines": 0, "num_statements": 5, "percent_covered": 0.0, "percent_covered_display": "0", "missing_lines": 5, "excluded_lines": 0}, "missing_lines": [1309, 1310, 1311, 1316, 1323], "excluded_lines": []}, "": {"executed_lines": [1, 2, 4, 5, 7, 8, 10, 11, 12, 13, 24, 75, 77, 84, 85, 103, 104, 129, 130, 148, 149, 168, 169, 196, 197, 213, 214, 246, 247, 264, 265, 287, 288, 312, 313, 332, 333, 350, 351, 366, 367, 384, 385, 399, 400, 418, 419, 452, 453, 467, 468, 481, 482, 505, 506, 521, 522, 542, 543, 557, 558, 588, 589, 606, 607, 629, 630, 652, 653, 667, 668, 696, 697, 714, 715, 742, 743, 755, 756, 784, 785, 802, 803, 823, 824, 843, 844, 867, 868, 880, 881, 907, 908, 925, 926, 946, 947, 966, 967, 979, 980, 1008, 1009, 1026, 1027, 1047, 1048, 1071, 1072, 1084, 1085, 1115, 1116, 1133, 1134, 1154, 1155, 1174, 1175, 1198, 1199, 1211, 1212, 1240, 1241, 1258, 1259, 1279, 1280, 1299, 1300], "summary": {"covered_lines": 130, "num_statements": 130, "percent_covered": 100.0, "percent_covered_display": "100", "missing_lines": 0, "excluded_lines": 0}, "missing_lines": [], "excluded_lines": []}}, "classes": {"": {"executed_lines": [1, 2, 4, 5, 7, 8, 10, 11, 12, 13, 24, 75, 77, 84, 85, 103, 104, 129, 130, 148, 149, 168, 169, 196, 197, 213, 214, 246, 247, 264, 265, 287, 288, 312, 313, 332, 333, 350, 351, 366, 367, 384, 385, 399, 400, 418, 419, 452, 453, 467, 468, 481, 482, 505, 506, 521, 522, 542, 543, 557, 558, 588, 589, 606, 607, 629, 630, 652, 653, 667, 668, 696, 697, 714, 715, 742, 743, 755, 756, 784, 785, 802, 803, 823, 824, 843, 844, 867, 868, 880, 881, 907, 908, 925, 926, 946, 947, 966, 967, 979, 980, 1008, 1009, 1026, 1027, 1047, 1048, 1071, 1072, 1084, 1085, 1115, 1116, 1133, 1134, 1154, 1155, 1174, 1175, 1198, 1199, 1211, 1212, 1240, 1241, 1258, 1259, 1279, 1280, 1299, 1300], "summary": {"covered_lines": 130, "num_statements": 341, "percent_covered": 38.12316715542522, "percent_covered_display": "38", "missing_lines": 211, "excluded_lines": 0}, "missing_lines": [95, 96, 116, 119, 120, 125, 126, 139, 140, 141, 145, 159, 160, 161, 165, 181, 182, 183, 188, 189, 209, 210, 228, 238, 255, 256, 257, 261, 276, 277, 278, 283, 284, 298, 299, 300, 305, 322, 323, 324, 325, 329, 341, 342, 343, 347, 362, 363, 376, 377, 395, 396, 409, 410, 411, 415, 431, 432, 433, 438, 439, 444, 445, 463, 464, 477, 478, 490, 491, 492, 497, 498, 517, 518, 532, 535, 553, 554, 571, 580, 597, 598, 599, 603, 618, 619, 620, 625, 626, 638, 639, 640, 645, 663, 664, 680, 688, 705, 706, 707, 711, 726, 727, 728, 733, 734, 751, 752, 767, 776, 793, 794, 795, 799, 812, 813, 814, 819, 820, 832, 833, 834, 839, 840, 852, 853, 854, 859, 860, 876, 877, 891, 899, 916, 917, 918, 922, 935, 936, 937, 942, 943, 955, 956, 957, 962, 963, 975, 976, 991, 1000, 1017, 1018, 1019, 1023, 1036, 1037, 1038, 1043, 1044, 1056, 1057, 1058, 1063, 1064, 1080, 1081, 1097, 1107, 1124, 1125, 1126, 1130, 1143, 1144, 1145, 1150, 1151, 1163, 1164, 1165, 1170, 1171, 1183, 1184, 1185, 1190, 1191, 1207, 1208, 1223, 1232, 1249, 1250, 1251, 1255, 1268, 1269, 1270, 1275, 1276, 1288, 1289, 1290, 1295, 1296, 1309, 1310, 1311, 1316, 1323], "excluded_lines": []}}}, "app\\api\\routes\\podcasts.py": {"executed_lines": [1, 2, 4, 5, 6, 7, 9, 10, 12, 13, 14, 15, 16, 23, 24, 30, 31, 33, 35, 38, 138, 160, 161, 163, 165, 166, 169, 171, 181, 182, 183, 193, 196, 197, 203, 205, 206, 207, 208, 209, 210, 212, 213, 214, 215, 220, 226, 239, 249, 254, 261, 262, 263, 265, 266, 270, 271, 276, 288, 290, 293, 297, 304, 305, 306, 308, 309, 310, 311, 312, 313, 314, 315, 316, 317, 319, 322, 325, 326, 339, 343, 351, 357, 360, 364, 371, 376, 382, 383, 388, 390, 391, 400, 401, 403, 410, 413, 417, 436, 441, 442, 448, 454, 455, 456, 457, 463, 464, 465, 467, 474, 475, 478, 480, 481, 482, 489, 496, 502, 521, 525, 544, 549, 556, 562, 563, 564, 565, 571, 572, 573, 575, 582, 583, 586, 588, 589, 590, 597, 598, 599, 605, 606, 608, 611, 612, 614, 621, 627, 647, 651, 669, 674, 681, 682, 687, 688, 690, 698, 707, 708, 712, 713, 716, 717, 721, 727, 728, 734, 742, 748, 750, 757, 758, 763, 769, 773, 784, 789, 796, 797, 803, 812, 816, 827, 832, 839, 848, 849, 850, 852, 853, 854, 857, 858, 859, 860, 862, 863, 867, 870, 879, 883, 900, 905, 912, 913, 919, 920, 927, 934, 940, 957, 961, 968, 973, 974, 978, 981, 985, 993, 994, 1009, 1012, 1017, 1024, 1029, 1030, 1034], "summary": {"covered_lines": 226, "num_statements": 306, "percent_covered": 73.85620915032679, "percent_covered_display": "74", "missing_lines": 80, "excluded_lines": 4}, "missing_lines": [51, 52, 54, 57, 58, 59, 60, 62, 65, 69, 71, 72, 73, 76, 79, 80, 82, 84, 85, 87, 89, 90, 93, 100, 102, 104, 106, 107, 108, 111, 112, 117, 118, 119, 121, 123, 125, 127, 128, 129, 130, 131, 132, 133, 134, 135, 178, 179, 184, 185, 186, 187, 188, 189, 242, 327, 329, 377, 449, 468, 509, 510, 515, 550, 557, 576, 635, 636, 641, 675, 699, 790, 833, 840, 906, 945, 946, 951, 1003, 1004], "excluded_lines": [333, 334, 605, 606], "functions": {"transcribe_audio": {"executed_lines": [], "summary": {"covered_lines": 0, "num_statements": 46, "percent_covered": 0.0, "percent_covered_display": "0", "missing_lines": 46, "excluded_lines": 0}, "missing_lines": [51, 52, 54, 57, 58, 59, 60, 62, 65, 69, 71, 72, 73, 76, 79, 80, 82, 84, 85, 87, 89, 90, 93, 100, 102, 104, 106, 107, 108, 111, 112, 117, 118, 119, 121, 123, 125, 127, 128, 129, 130, 131, 132, 133, 134, 135], "excluded_lines": []}, "_generate_thumbnail_impl": {"executed_lines": [160, 161, 163, 165, 166, 169, 171, 181, 182, 183], "summary": {"covered_lines": 10, "num_statements": 18, "percent_covered": 55.55555555555556, "percent_covered_display": "56", "missing_lines": 8, "excluded_lines": 0}, "missing_lines": [178, 179, 184, 185, 186, 187, 188, 189], "excluded_lines": []}, "get_feature_access": {"executed_lines": [203, 205, 206, 207, 208, 209, 210, 212, 213, 214, 215, 220, 226], "summary": {"covered_lines": 13, "num_statements": 13, "percent_covered": 100.0, "percent_covered_display": "100", "missing_lines": 0, "excluded_lines": 0}, "missing_lines": [], "excluded_lines": []}, "get_quota_summary": {"executed_lines": [], "summary": {"covered_lines": 0, "num_statements": 1, "percent_covered": 0.0, "percent_covered_display": "0", "missing_lines": 1, "excluded_lines": 0}, "missing_lines": [242], "excluded_lines": []}, "create_podcast_episode": {"executed_lines": [261, 262, 263, 265, 266, 270, 271, 276, 288, 290], "summary": {"covered_lines": 10, "num_statements": 10, "percent_covered": 100.0, "percent_covered_display": "100", "missing_lines": 0, "excluded_lines": 0}, "missing_lines": [], "excluded_lines": []}, "get_podcast_usage_summary": {"executed_lines": [304, 305, 306, 308, 309, 310, 311, 312, 313, 314, 315, 316, 317, 319], "summary": {"covered_lines": 14, "num_statements": 14, "percent_covered": 100.0, "percent_covered_display": "100", "missing_lines": 0, "excluded_lines": 0}, "missing_lines": [], "excluded_lines": []}, "_increment_episode_usage": {"executed_lines": [325, 326], "summary": {"covered_lines": 2, "num_statements": 4, "percent_covered": 50.0, "percent_covered_display": "50", "missing_lines": 2, "excluded_lines": 2}, "missing_lines": [327, 329], "excluded_lines": [333, 334]}, "list_podcast_episodes": {"executed_lines": [351, 357], "summary": {"covered_lines": 2, "num_statements": 2, "percent_covered": 100.0, "percent_covered_display": "100", "missing_lines": 0, "excluded_lines": 0}, "missing_lines": [], "excluded_lines": []}, "publish_episode_to_youtube": {"executed_lines": [371, 376, 382, 383, 388, 390, 391, 400, 401, 403, 410], "summary": {"covered_lines": 11, "num_statements": 12, "percent_covered": 91.66666666666667, "percent_covered_display": "92", "missing_lines": 1, "excluded_lines": 0}, "missing_lines": [377], "excluded_lines": []}, "upload_audio_file": {"executed_lines": [436, 441, 442, 448, 454, 455, 456, 457, 463, 464, 465, 467, 474, 475, 478, 480, 481, 482, 489, 496, 502], "summary": {"covered_lines": 21, "num_statements": 26, "percent_covered": 80.76923076923077, "percent_covered_display": "81", "missing_lines": 5, "excluded_lines": 0}, "missing_lines": [449, 468, 509, 510, 515], "excluded_lines": []}, "upload_video_file": {"executed_lines": [544, 549, 556, 562, 563, 564, 565, 571, 572, 573, 575, 582, 583, 586, 588, 589, 590, 597, 598, 599, 605, 606, 608, 611, 612, 614, 621, 627], "summary": {"covered_lines": 26, "num_statements": 32, "percent_covered": 81.25, "percent_covered_display": "81", "missing_lines": 6, "excluded_lines": 2}, "missing_lines": [550, 557, 576, 635, 636, 641], "excluded_lines": [605, 606]}, "transcribe_episode_audio": {"executed_lines": [669, 674, 681, 682, 687, 688, 690, 698, 707, 708, 712, 713, 716, 717, 721, 727, 728, 734, 742, 748, 750, 757, 758, 763], "summary": {"covered_lines": 24, "num_statements": 26, "percent_covered": 92.3076923076923, "percent_covered_display": "92", "missing_lines": 2, "excluded_lines": 0}, "missing_lines": [675, 699], "excluded_lines": []}, "download_transcript_txt": {"executed_lines": [784, 789, 796, 797, 803], "summary": {"covered_lines": 5, "num_statements": 6, "percent_covered": 83.33333333333333, "percent_covered_display": "83", "missing_lines": 1, "excluded_lines": 0}, "missing_lines": [790], "excluded_lines": []}, "download_transcript_srt": {"executed_lines": [827, 832, 839, 848, 849, 850, 852, 853, 854, 857, 858, 859, 860, 862, 863, 867, 870], "summary": {"covered_lines": 17, "num_statements": 19, "percent_covered": 89.47368421052632, "percent_covered_display": "89", "missing_lines": 2, "excluded_lines": 0}, "missing_lines": [833, 840], "excluded_lines": []}, "generate_episode_thumbnail": {"executed_lines": [900, 905, 912, 913, 919, 920, 927, 934, 940], "summary": {"covered_lines": 9, "num_statements": 13, "percent_covered": 69.23076923076923, "percent_covered_display": "69", "missing_lines": 4, "excluded_lines": 0}, "missing_lines": [906, 945, 946, 951], "excluded_lines": []}, "get_podcast_episode": {"executed_lines": [968, 973, 974, 978], "summary": {"covered_lines": 4, "num_statements": 4, "percent_covered": 100.0, "percent_covered_display": "100", "missing_lines": 0, "excluded_lines": 0}, "missing_lines": [], "excluded_lines": []}, "update_podcast_episode": {"executed_lines": [993, 994, 1009], "summary": {"covered_lines": 3, "num_statements": 5, "percent_covered": 60.0, "percent_covered_display": "60", "missing_lines": 2, "excluded_lines": 0}, "missing_lines": [1003, 1004], "excluded_lines": []}, "delete_podcast_episode": {"executed_lines": [1024, 1029, 1030, 1034], "summary": {"covered_lines": 4, "num_statements": 4, "percent_covered": 100.0, "percent_covered_display": "100", "missing_lines": 0, "excluded_lines": 0}, "missing_lines": [], "excluded_lines": []}, "": {"executed_lines": [1, 2, 4, 5, 6, 7, 9, 10, 12, 13, 14, 15, 16, 23, 24, 30, 31, 33, 35, 38, 138, 193, 196, 197, 239, 249, 254, 293, 297, 322, 339, 343, 360, 364, 413, 417, 521, 525, 647, 651, 769, 773, 812, 816, 879, 883, 957, 961, 981, 985, 1012, 1017], "summary": {"covered_lines": 51, "num_statements": 51, "percent_covered": 100.0, "percent_covered_display": "100", "missing_lines": 0, "excluded_lines": 0}, "missing_lines": [], "excluded_lines": []}}, "classes": {"": {"executed_lines": [1, 2, 4, 5, 6, 7, 9, 10, 12, 13, 14, 15, 16, 23, 24, 30, 31, 33, 35, 38, 138, 160, 161, 163, 165, 166, 169, 171, 181, 182, 183, 193, 196, 197, 203, 205, 206, 207, 208, 209, 210, 212, 213, 214, 215, 220, 226, 239, 249, 254, 261, 262, 263, 265, 266, 270, 271, 276, 288, 290, 293, 297, 304, 305, 306, 308, 309, 310, 311, 312, 313, 314, 315, 316, 317, 319, 322, 325, 326, 339, 343, 351, 357, 360, 364, 371, 376, 382, 383, 388, 390, 391, 400, 401, 403, 410, 413, 417, 436, 441, 442, 448, 454, 455, 456, 457, 463, 464, 465, 467, 474, 475, 478, 480, 481, 482, 489, 496, 502, 521, 525, 544, 549, 556, 562, 563, 564, 565, 571, 572, 573, 575, 582, 583, 586, 588, 589, 590, 597, 598, 599, 605, 606, 608, 611, 612, 614, 621, 627, 647, 651, 669, 674, 681, 682, 687, 688, 690, 698, 707, 708, 712, 713, 716, 717, 721, 727, 728, 734, 742, 748, 750, 757, 758, 763, 769, 773, 784, 789, 796, 797, 803, 812, 816, 827, 832, 839, 848, 849, 850, 852, 853, 854, 857, 858, 859, 860, 862, 863, 867, 870, 879, 883, 900, 905, 912, 913, 919, 920, 927, 934, 940, 957, 961, 968, 973, 974, 978, 981, 985, 993, 994, 1009, 1012, 1017, 1024, 1029, 1030, 1034], "summary": {"covered_lines": 226, "num_statements": 306, "percent_covered": 73.85620915032679, "percent_covered_display": "74", "missing_lines": 80, "excluded_lines": 4}, "missing_lines": [51, 52, 54, 57, 58, 59, 60, 62, 65, 69, 71, 72, 73, 76, 79, 80, 82, 84, 85, 87, 89, 90, 93, 100, 102, 104, 106, 107, 108, 111, 112, 117, 118, 119, 121, 123, 125, 127, 128, 129, 130, 131, 132, 133, 134, 135, 178, 179, 184, 185, 186, 187, 188, 189, 242, 327, 329, 377, 449, 468, 509, 510, 515, 550, 557, 576, 635, 636, 641, 675, 699, 790, 833, 840, 906, 945, 946, 951, 1003, 1004], "excluded_lines": [333, 334, 605, 606]}}}, "app\\api\\routes\\subscriptions.py": {"executed_lines": [1, 10, 11, 13, 14, 15, 17, 18, 19, 20, 21, 22, 23, 24, 36, 38, 41, 42, 48, 49, 57, 58, 60, 61, 64, 65, 70, 73, 74, 75, 78, 79, 84, 87, 88, 89, 95, 97, 103, 105, 111, 112, 118, 119, 129, 135, 136, 137, 146, 147, 153, 154, 160, 161, 162, 163, 164, 167, 168, 174, 175, 180, 181, 182, 183, 184, 187, 188, 190, 191, 192, 204, 207, 208, 214, 215, 216, 217, 218, 219, 220, 221, 222, 225, 226, 227, 228, 229, 231, 234, 237, 239, 240, 241], "summary": {"covered_lines": 93, "num_statements": 99, "percent_covered": 93.93939393939394, "percent_covered_display": "94", "missing_lines": 6, "excluded_lines": 0}, "missing_lines": [59, 223, 224, 232, 235, 238], "excluded_lines": [], "functions": {"create_checkout_session": {"executed_lines": [48, 49, 57, 58, 60, 61], "summary": {"covered_lines": 6, "num_statements": 7, "percent_covered": 85.71428571428571, "percent_covered_display": "86", "missing_lines": 1, "excluded_lines": 0}, "missing_lines": [59], "excluded_lines": []}, "get_my_subscription": {"executed_lines": [70, 73, 74, 75], "summary": {"covered_lines": 4, "num_statements": 4, "percent_covered": 100.0, "percent_covered_display": "100", "missing_lines": 0, "excluded_lines": 0}, "missing_lines": [], "excluded_lines": []}, "get_billing_dashboard": {"executed_lines": [84, 87, 88, 89, 95, 97, 103, 105, 111, 112, 118, 119, 129, 135, 136, 137], "summary": {"covered_lines": 16, "num_statements": 16, "percent_covered": 100.0, "percent_covered_display": "100", "missing_lines": 0, "excluded_lines": 0}, "missing_lines": [], "excluded_lines": []}, "change_subscription_tier": {"executed_lines": [153, 154, 160, 161, 162, 163, 164], "summary": {"covered_lines": 7, "num_statements": 7, "percent_covered": 100.0, "percent_covered_display": "100", "missing_lines": 0, "excluded_lines": 0}, "missing_lines": [], "excluded_lines": []}, "cancel_my_subscription": {"executed_lines": [174, 175, 180, 181, 182, 183, 184], "summary": {"covered_lines": 7, "num_statements": 7, "percent_covered": 100.0, "percent_covered_display": "100", "missing_lines": 0, "excluded_lines": 0}, "missing_lines": [], "excluded_lines": []}, "get_all_tiers": {"executed_lines": [190, 191, 192, 204], "summary": {"covered_lines": 4, "num_statements": 4, "percent_covered": 100.0, "percent_covered_display": "100", "missing_lines": 0, "excluded_lines": 0}, "missing_lines": [], "excluded_lines": []}, "stripe_webhook": {"executed_lines": [214, 215, 216, 217, 218, 219, 220, 221, 222, 225, 226, 227, 228, 229, 231, 234, 237, 239, 240, 241], "summary": {"covered_lines": 20, "num_statements": 25, "percent_covered": 80.0, "percent_covered_display": "80", "missing_lines": 5, "excluded_lines": 0}, "missing_lines": [223, 224, 232, 235, 238], "excluded_lines": []}, "": {"executed_lines": [1, 10, 11, 13, 14, 15, 17, 18, 19, 20, 21, 22, 23, 24, 36, 38, 41, 42, 64, 65, 78, 79, 146, 147, 167, 168, 187, 188, 207, 208], "summary": {"covered_lines": 29, "num_statements": 29, "percent_covered": 100.0, "percent_covered_display": "100", "missing_lines": 0, "excluded_lines": 0}, "missing_lines": [], "excluded_lines": []}}, "classes": {"": {"executed_lines": [1, 10, 11, 13, 14, 15, 17, 18, 19, 20, 21, 22, 23, 24, 36, 38, 41, 42, 48, 49, 57, 58, 60, 61, 64, 65, 70, 73, 74, 75, 78, 79, 84, 87, 88, 89, 95, 97, 103, 105, 111, 112, 118, 119, 129, 135, 136, 137, 146, 147, 153, 154, 160, 161, 162, 163, 164, 167, 168, 174, 175, 180, 181, 182, 183, 184, 187, 188, 190, 191, 192, 204, 207, 208, 214, 215, 216, 217, 218, 219, 220, 221, 222, 225, 226, 227, 228, 229, 231, 234, 237, 239, 240, 241], "summary": {"covered_lines": 93, "num_statements": 99, "percent_covered": 93.93939393939394, "percent_covered_display": "94", "missing_lines": 6, "excluded_lines": 0}, "missing_lines": [59, 223, 224, 232, 235, 238], "excluded_lines": []}}}, "app\\api\\routes\\tasks.py": {"executed_lines": [1, 2, 3, 5, 6, 7, 8, 20, 21, 23, 26, 32, 38, 45, 48, 53, 58, 63, 66, 71, 78, 84, 85, 87, 88, 91, 96, 102, 108, 111, 112, 115, 121, 127, 133, 144, 149, 172, 178, 184, 189, 192, 199, 202, 207, 220, 225, 232, 237, 238, 241, 251, 252, 257, 258, 264, 273, 276, 281, 286, 291], "summary": {"covered_lines": 61, "num_statements": 69, "percent_covered": 88.40579710144928, "percent_covered_display": "88", "missing_lines": 8, "excluded_lines": 0}, "missing_lines": [109, 154, 158, 190, 212, 217, 239, 271], "excluded_lines": [], "functions": {"create_task_endpoint": {"executed_lines": [38, 45], "summary": {"covered_lines": 2, "num_statements": 2, "percent_covered": 100.0, "percent_covered_display": "100", "missing_lines": 0, "excluded_lines": 0}, "missing_lines": [], "excluded_lines": []}, "list_tasks_endpoint": {"executed_lines": [58, 63], "summary": {"covered_lines": 2, "num_statements": 2, "percent_covered": 100.0, "percent_covered_display": "100", "missing_lines": 0, "excluded_lines": 0}, "missing_lines": [], "excluded_lines": []}, "update_task_endpoint": {"executed_lines": [78, 84, 85, 87, 88], "summary": {"covered_lines": 5, "num_statements": 5, "percent_covered": 100.0, "percent_covered_display": "100", "missing_lines": 0, "excluded_lines": 0}, "missing_lines": [], "excluded_lines": []}, "delete_task_endpoint": {"executed_lines": [102, 108, 111, 112], 
[...]
: 100.0, "percent_covered_display": "100", "missing_lines": 0, "excluded_lines": 0}, "missing_lines": [], "excluded_lines": []}, "list_precedent_transactions": {"executed_lines": [723], "summary": {"covered_lines": 1, "num_statements": 1, "percent_covered": 100.0, "percent_covered_display": "100", "missing_lines": 0, "excluded_lines": 0}, "missing_lines": [], "excluded_lines": []}, "generate_tornado_chart_data": {"executed_lines": [737, 738, 739, 740, 741, 743, 744, 754, 755], "summary": {"covered_lines": 9, "num_statements": 10, "percent_covered": 90.0, "percent_covered_display": "90", "missing_lines": 1, "excluded_lines": 0}, "missing_lines": [742], "excluded_lines": []}, "run_monte_carlo_simulation": {"executed_lines": [766, 769, 770, 772, 773, 774, 775, 783, 786, 799, 800, 801, 802, 804], "summary": {"covered_lines": 14, "num_statements": 15, "percent_covered": 93.33333333333333, "percent_covered_display": "93", "missing_lines": 1, "excluded_lines": 0}, "missing_lines": [767], "excluded_lines": []}, "run_monte_carlo_simulation._percentile": {"executed_lines": [787, 789, 790, 791, 792, 793, 795, 796, 797], "summary": {"covered_lines": 9, "num_statements": 11, "percent_covered": 81.81818181818181, "percent_covered_display": "82", "missing_lines": 2, "excluded_lines": 0}, "missing_lines": [788, 794], "excluded_lines": []}, "log_export_event": {"executed_lines": [827, 828, 831, 832, 834, 838, 839, 840, 842, 852, 853, 854, 855], "summary": {"covered_lines": 13, "num_statements": 14, "percent_covered": 92.85714285714286, "percent_covered_display": "93", "missing_lines": 1, "excluded_lines": 0}, "missing_lines": [829], "excluded_lines": []}, "trigger_export_task": {"executed_lines": [865, 866], "summary": {"covered_lines": 2, "num_statements": 2, "percent_covered": 100.0, "percent_covered_display": "100", "missing_lines": 0, "excluded_lines": 0}, "missing_lines": [], "excluded_lines": []}, "": {"executed_lines": [1, 13, 15, 16, 17, 18, 19, 20, 21, 23, 24, 26, 27, 28, 29, 30, 37, 41, 44, 57, 82, 97, 115, 154, 188, 210, 245, 285, 299, 304, 315, 340, 365, 390, 417, 431, 442, 473, 496, 521, 535, 616, 717, 731, 758, 816, 858, 876], "summary": {"covered_lines": 47, "num_statements": 47, "percent_covered": 100.0, "percent_covered_display": "100", "missing_lines": 0, "excluded_lines": 0}, "missing_lines": [], "excluded_lines": []}}, "classes": {"": {"executed_lines": [1, 13, 15, 16, 17, 18, 19, 20, 21, 23, 24, 26, 27, 28, 29, 30, 37, 41, 44, 54, 57, 71, 72, 74, 76, 77, 79, 82, 89, 90, 92, 93, 94, 97, 110, 115, 123, 124, 126, 128, 129, 130, 136, 137, 139, 140, 147, 148, 150, 151, 154, 163, 165, 166, 167, 168, 173, 179, 180, 185, 188, 189, 198, 199, 200, 202, 203, 210, 228, 230, 231, 232, 233, 238, 239, 240, 242, 245, 263, 278, 279, 280, 281, 282, 285, 299, 304, 307, 315, 322, 325, 328, 329, 330, 332, 334, 335, 336, 337, 340, 343, 346, 348, 354, 360, 361, 362, 365, 376, 384, 385, 386, 387, 390, 401, 411, 412, 413, 414, 417, 423, 431, 432, 434, 435, 436, 437, 439, 442, 448, 454, 455, 457, 458, 460, 466, 473, 482, 490, 491, 492, 493, 496, 506, 515, 516, 517, 518, 521, 527, 535, 543, 550, 551, 552, 554, 555, 557, 558, 559, 560, 561, 562, 563, 564, 565, 567, 568, 569, 582, 583, 584, 585, 586, 592, 593, 594, 595, 597, 610, 616, 626, 627, 630, 637, 638, 639, 641, 642, 643, 646, 647, 648, 650, 651, 652, 653, 655, 656, 658, 660, 661, 663, 664, 665, 666, 668, 669, 670, 683, 684, 685, 686, 692, 693, 694, 696, 709, 711, 717, 723, 731, 737, 738, 739, 740, 741, 743, 744, 754, 755, 758, 766, 769, 770, 772, 773, 774, 775, 783, 786, 787, 789, 790, 791, 792, 793, 795, 796, 797, 799, 800, 801, 802, 804, 816, 827, 828, 831, 832, 834, 838, 839, 840, 842, 852, 853, 854, 855, 858, 865, 866, 876], "summary": {"covered_lines": 272, "num_statements": 288, "percent_covered": 94.44444444444444, "percent_covered_display": "94", "missing_lines": 16, "excluded_lines": 0}, "missing_lines": [207, 291, 300, 301, 326, 347, 433, 438, 459, 628, 644, 742, 767, 788, 794, 829], "excluded_lines": []}}}, "app\\services\\xero_oauth_service.py": {"executed_lines": [1, 8, 9, 10, 11, 12, 13, 14, 16, 17, 18, 22, 23, 29, 31, 32, 34, 35, 36, 37, 38, 41, 191, 192, 194, 203, 214, 222, 228, 237, 238, 239, 244, 259, 260, 262, 263, 266, 269, 270, 271, 273, 282, 288, 311, 312, 314, 318, 321, 323, 327, 330, 333, 340, 354, 367, 368, 369, 371, 374, 389, 392, 394, 397, 399, 402, 403, 404, 405, 406, 408, 409, 411, 413, 415, 416, 417, 420, 434, 437, 439, 444, 445, 448, 449, 451, 453, 455, 458, 459, 466, 467, 468, 474, 475, 477, 480, 492, 493, 496, 505, 506, 507, 509, 510, 511, 512, 513, 516, 517, 522, 523, 524, 525, 526, 527, 528, 529, 530, 531, 534, 546, 547, 548, 550, 557, 565, 571, 573, 574, 575, 578, 589, 595, 597, 598, 603], "summary": {"covered_lines": 135, "num_statements": 206, "percent_covered": 65.53398058252426, "percent_covered_display": "66", "missing_lines": 71, "excluded_lines": 0}, "missing_lines": [24, 25, 26, 27, 28, 42, 52, 54, 55, 56, 61, 62, 68, 73, 75, 79, 81, 91, 94, 99, 106, 116, 117, 120, 123, 133, 143, 146, 148, 154, 171, 172, 175, 176, 179, 180, 184, 187, 196, 205, 216, 224, 229, 230, 231, 232, 233, 234, 235, 241, 315, 324, 342, 343, 344, 345, 346, 347, 348, 349, 350, 351, 395, 440, 470, 471, 518, 519, 552, 553, 554], "excluded_lines": [], "functions": {"RealXeroClient.__init__": {"executed_lines": [], "summary": {"covered_lines": 0, "num_statements": 6, "percent_covered": 0.0, "percent_covered_display": "0", "missing_lines": 6, "excluded_lines": 0}, "missing_lines": [54, 55, 56, 61, 62, 68], "excluded_lines": []}, "RealXeroClient._get_api_client": {"executed_lines": [], "summary": {"covered_lines": 0, "num_statements": 2, "percent_covered": 0.0, "percent_covered_display": "0", "missing_lines": 2, "excluded_lines": 0}, "missing_lines": [75, 79], "excluded_lines": []}, "RealXeroClient.exchange_code_for_token": {"executed_lines": [], "summary": {"covered_lines": 0, "num_statements": 3, "percent_covered": 0.0, "percent_covered_display": "0", "missing_lines": 3, "excluded_lines": 0}, "missing_lines": [91, 94, 99], "excluded_lines": []}, "RealXeroClient.get_connections": {"executed_lines": [], "summary": {"covered_lines": 0, "num_statements": 4, "percent_covered": 0.0, "percent_covered_display": "0", "missing_lines": 4, "excluded_lines": 0}, "missing_lines": [116, 117, 120, 123], "excluded_lines": []}, "RealXeroClient.refresh_access_token": {"executed_lines": [], "summary": {"covered_lines": 0, "num_statements": 3, "percent_covered": 0.0, "percent_covered_display": "0", "missing_lines": 3, "excluded_lines": 0}, "missing_lines": [143, 146, 148], "excluded_lines": []}, "RealXeroClient.get_report": {"executed_lines": [], "summary": {"covered_lines": 0, "num_statements": 8, "percent_covered": 0.0, "percent_covered_display": "0", "missing_lines": 8, "excluded_lines": 0}, "missing_lines": [171, 172, 175, 176, 179, 180, 184, 187], "excluded_lines": []}, "MockXeroClient.exchange_code_for_token": {"executed_lines": [], "summary": {"covered_lines": 0, "num_statements": 1, "percent_covered": 0.0, "percent_covered_display": "0", "missing_lines": 1, "excluded_lines": 0}, "missing_lines": [196], "excluded_lines": []}, "MockXeroClient.get_connections": {"executed_lines": [], "summary": {"covered_lines": 0, "num_statements": 1, "percent_covered": 0.0, "percent_covered_display": "0", "missing_lines": 1, "excluded_lines": 0}, "missing_lines": [205], "excluded_lines": []}, "MockXeroClient.refresh_access_token": {"executed_lines": [], "summary": {"covered_lines": 0, "num_statements": 1, "percent_covered": 0.0, "percent_covered_display": "0", "missing_lines": 1, "excluded_lines": 0}, "missing_lines": [216], "excluded_lines": []}, "MockXeroClient.get_report": {"executed_lines": [], "summary": {"covered_lines": 0, "num_statements": 1, "percent_covered": 0.0, "percent_covered_display": "0", "missing_lines": 1, "excluded_lines": 0}, "missing_lines": [224], "excluded_lines": []}, "initiate_xero_oauth": {"executed_lines": [259, 260, 262, 263, 266, 269, 270, 271, 273, 282], "summary": {"covered_lines": 10, "num_statements": 10, "percent_covered": 100.0, "percent_covered_display": "100", "missing_lines": 0, "excluded_lines": 0}, "missing_lines": [], "excluded_lines": []}, "handle_xero_callback": {"executed_lines": [311, 312, 314, 318, 321, 323, 327, 330, 333, 340, 354, 367, 368, 369, 371], "summary": {"covered_lines": 15, "num_statements": 27, "percent_covered": 55.55555555555556, "percent_covered_display": "56", "missing_lines": 12, "excluded_lines": 0}, "missing_lines": [315, 324, 342, 343, 344, 345, 346, 347, 348, 349, 350, 351], "excluded_lines": []}, "refresh_xero_token": {"executed_lines": [389, 392, 394, 397, 399, 402, 403, 404, 405, 406, 408, 409, 411, 413, 415, 416, 417], "summary": {"covered_lines": 17, "num_statements": 18, "percent_covered": 94.44444444444444, "percent_covered_display": "94", "missing_lines": 1, "excluded_lines": 0}, "missing_lines": [395], "excluded_lines": []}, "fetch_xero_statements": {"executed_lines": [434, 437, 439, 444, 445, 448, 449, 451, 453, 455, 458, 459, 466, 467, 468, 474, 475, 477], "summary": {"covered_lines": 18, "num_statements": 21, "percent_covered": 85.71428571428571, "percent_covered_display": "86", "missing_lines": 3, "excluded_lines": 0}, "missing_lines": [440, 470, 471], "excluded_lines": []}, "_parse_xero_balance_sheet": {"executed_lines": [492, 493, 496, 505, 506, 507, 509, 510, 511, 512, 513, 516, 517, 522, 523, 524, 525, 526, 527, 528, 529, 530, 531, 534, 546, 547, 548, 550], "summary": {"covered_lines": 28, "num_statements": 33, "percent_covered": 84.84848484848484, "percent_covered_display": "85", "missing_lines": 5, "excluded_lines": 0}, "missing_lines": [518, 519, 552, 553, 554], "excluded_lines": []}, "disconnect_xero": {"executed_lines": [565, 571, 573, 574, 575], "summary": {"covered_lines": 5, "num_statements": 5, "percent_covered": 100.0, "percent_covered_display": "100", "missing_lines": 0, "excluded_lines": 0}, "missing_lines": [], "excluded_lines": []}, "get_xero_connection_status": {"executed_lines": [589, 595, 597, 598, 603], "summary": {"covered_lines": 5, "num_statements": 5, "percent_covered": 100.0, "percent_covered_display": "100", "missing_lines": 0, "excluded_lines": 0}, "missing_lines": [], "excluded_lines": []}, "": {"executed_lines": [1, 8, 9, 10, 11, 12, 13, 14, 16, 17, 18, 22, 23, 29, 31, 32, 34, 35, 36, 37, 38, 41, 191, 192, 194, 203, 214, 222, 228, 237, 238, 239, 244, 288, 374, 420, 480, 557, 578], "summary": {"covered_lines": 37, "num_statements": 57, "percent_covered": 64.91228070175438, "percent_covered_display": "65", "missing_lines": 20, "excluded_lines": 0}, "missing_lines": [24, 25, 26, 27, 28, 42, 52, 73, 81, 106, 133, 154, 229, 230, 231, 232, 233, 234, 235, 241], "excluded_lines": []}}, "classes": {"RealXeroClient": {"executed_lines": [], "summary": {"covered_lines": 0, "num_statements": 26, "percent_covered": 0.0, "percent_covered_display": "0", "missing_lines": 26, "excluded_lines": 0}, "missing_lines": [54, 55, 56, 61, 62, 68, 75, 79, 91, 94, 99, 116, 117, 120, 123, 143, 146, 148, 171, 172, 175, 176, 179, 180, 184, 187], "excluded_lines": []}, "MockXeroClient": {"executed_lines": [], "summary": {"covered_lines": 0, "num_statements": 4, "percent_covered": 0.0, "percent_covered_display": "0", "missing_lines": 4, "excluded_lines": 0}, "missing_lines": [196, 205, 216, 224], "excluded_lines": []}, "": {"executed_lines": [1, 8, 9, 10, 11, 12, 13, 14, 16, 17, 18, 22, 23, 29, 31, 32, 34, 35, 36, 37, 38, 41, 191, 192, 194, 203, 214, 222, 228, 237, 238, 239, 244, 259, 260, 262, 263, 266, 269, 270, 271, 273, 282, 288, 311, 312, 314, 318, 321, 323, 327, 330, 333, 340, 354, 367, 368, 369, 371, 374, 389, 392, 394, 397, 399, 402, 403, 404, 405, 406, 408, 409, 411, 413, 415, 416, 417, 420, 434, 437, 439, 444, 445, 448, 449, 451, 453, 455, 458, 459, 466, 467, 468, 474, 475, 477, 480, 492, 493, 496, 505, 506, 507, 509, 510, 511, 512, 513, 516, 517, 522, 523, 524, 525, 526, 527, 528, 529, 530, 531, 534, 546, 547, 548, 550, 557, 565, 571, 573, 574, 575, 578, 589, 595, 597, 598, 603], "summary": {"covered_lines": 135, "num_statements": 176, "percent_covered": 76.70454545454545, "percent_covered_display": "77", "missing_lines": 41, "excluded_lines": 0}, "missing_lines": [24, 25, 26, 27, 28, 42, 52, 73, 81, 106, 133, 154, 229, 230, 231, 232, 233, 234, 235, 241, 315, 324, 342, 343, 344, 345, 346, 347, 348, 349, 350, 351, 395, 440, 470, 471, 518, 519, 552, 553, 554], "excluded_lines": []}}}, "app\\services\\youtube_service.py": {"executed_lines": [1, 2, 4, 5, 6, 7, 8, 10, 11, 13, 14, 15, 17, 18, 20, 23, 24, 25, 27, 28, 29, 32, 53, 54, 55, 56, 60, 61, 63, 64, 71, 82, 83, 84, 87, 91, 94, 95, 96, 101, 102, 105, 117, 120, 122, 125, 128, 129, 130, 134, 137], "summary": {"covered_lines": 42, "num_statements": 57, "percent_covered": 73.6842105263158, "percent_covered_display": "74", "missing_lines": 15, "excluded_lines": 9}, "missing_lines": [12, 85, 113, 114, 121, 131, 146, 151, 152, 154, 155, 157, 159, 160, 162], "excluded_lines": [13, 14, 15, 101, 102, 108, 109, 129, 130], "functions": {"upload_video": {"executed_lines": [53, 54, 55, 56, 60, 61, 63, 64, 71, 82, 83, 84, 87, 91], "summary": {"covered_lines": 14, "num_statements": 15, "percent_covered": 93.33333333333333, "percent_covered_display": "93", "missing_lines": 1, "excluded_lines": 0}, "missing_lines": [85], "excluded_lines": []}, "_coerce_payload": {"executed_lines": [95, 96, 101, 102], "summary": {"covered_lines": 2, "num_statements": 2, "percent_covered": 100.0, "percent_covered_display": "100", "missing_lines": 0, "excluded_lines": 2}, "missing_lines": [], "excluded_lines": [101, 102]}, "_youtube_client": {"executed_lines": [], "summary": {"covered_lines": 0, "num_statements": 2, "percent_covered": 0.0, "percent_covered_display": "0", "missing_lines": 2, "excluded_lines": 2}, "missing_lines": [113, 114], "excluded_lines": [108, 109]}, "_ensure_coroutine": {"executed_lines": [120, 122], "summary": {"covered_lines": 2, "num_statements": 3, "percent_covered": 66.66666666666667, "percent_covered_display": "67", "missing_lines": 1, "excluded_lines": 0}, "missing_lines": [121], "excluded_lines": []}, "_media_upload": {"executed_lines": [128, 129, 130], "summary": {"covered_lines": 1, "num_statements": 2, "percent_covered": 50.0, "percent_covered_display": "50", "missing_lines": 1, "excluded_lines": 2}, "missing_lines": [131], "excluded_lines": [129, 130]}, "generate_video_metadata": {"executed_lines": [], "summary": {"covered_lines": 0, "num_statements": 9, "percent_covered": 0.0, "percent_covered_display": "0", "missing_lines": 9, "excluded_lines": 0}, "missing_lines": [146, 151, 152, 154, 155, 157, 159, 160, 162], "excluded_lines": []}, "": {"executed_lines": [1, 2, 4, 5, 6, 7, 8, 10, 11, 13, 14, 15, 17, 18, 20, 23, 24, 25, 27, 28, 29, 32, 94, 105, 117, 125, 134, 137], "summary": {"covered_lines": 23, "num_statements": 24, "percent_covered": 95.83333333333333, "percent_covered_display": "96", "missing_lines": 1, "excluded_lines": 3}, "missing_lines": [12], "excluded_lines": [13, 14, 15]}}, "classes": {"VideoUpload": {"executed_lines": [], "summary": {"covered_lines": 0, "num_statements": 0, "percent_covered": 100.0, "percent_covered_display": "100", "missing_lines": 0, "excluded_lines": 0}, "missing_lines": [], "excluded_lines": []}, "": {"executed_lines": [1, 2, 4, 5, 6, 7, 8, 10, 11, 13, 14, 15, 17, 18, 20, 23, 24, 25, 27, 28, 29, 32, 53, 54, 55, 56, 60, 61, 63, 64, 71, 82, 83, 84, 87, 91, 94, 95, 96, 101, 102, 105, 117, 120, 122, 125, 128, 129, 130, 134, 137], "summary": {"covered_lines": 42, "num_statements": 57, "percent_covered": 73.6842105263158, "percent_covered_display": "74", "missing_lines": 15, "excluded_lines": 9}, "missing_lines": [12, 85, 113, 114, 121, 131, 146, 151, 152, 154, 155, 157, 159, 160, 162], "excluded_lines": [13, 14, 15, 101, 102, 108, 109, 129, 130]}}}, "app\\tasks\\__init__.py": {"executed_lines": [1, 3, 5], "summary": {"covered_lines": 2, "num_statements": 2, "percent_covered": 100.0, "percent_covered_display": "100", "missing_lines": 0, "excluded_lines": 0}, "missing_lines": [], "excluded_lines": [], "functions": {"": {"executed_lines": [1, 3, 5], "summary": {"covered_lines": 2, "num_statements": 2, "percent_covered": 100.0, "percent_covered_display": "100", "missing_lines": 0, "excluded_lines": 0}, "missing_lines": [], "excluded_lines": []}}, "classes": {"": {"executed_lines": [1, 3, 5], "summary": {"covered_lines": 2, "num_statements": 2, "percent_covered": 100.0, "percent_covered_display": "100", "missing_lines": 0, "excluded_lines": 0}, "missing_lines": [], "excluded_lines": []}}}, "app\\tasks\\task_automation.py": {"executed_lines": [1, 3, 5, 7, 9, 10, 22, 23, 26, 27], "summary": {"covered_lines": 9, "num_statements": 25, "percent_covered": 36.0, "percent_covered_display": "36", "missing_lines": 16, "excluded_lines": 12}, "missing_lines": [28, 29, 30, 31, 32, 33, 34, 35, 36, 37, 38, 39, 40, 41, 47, 52], "excluded_lines": [11, 12, 14, 15, 16, 17, 18, 19, 20, 48, 49, 50], "functions": {"enqueue_manual_rule_run": {"executed_lines": [], "summary": {"covered_lines": 0, "num_statements": 16, "percent_covered": 0.0, "percent_covered_display": "0", "missing_lines": 16, "excluded_lines": 3}, "missing_lines": [28, 29, 30, 31, 32, 33, 34, 35, 36, 37, 38, 39, 40, 41, 47, 52], "excluded_lines": [48, 49, 50]}, "": {"executed_lines": [1, 3, 5, 7, 9, 10, 22, 23, 26, 27], "summary": {"covered_lines": 9, "num_statements": 9, "percent_covered": 100.0, "percent_covered_display": "100", "missing_lines": 0, "excluded_lines": 9}, "missing_lines": [], "excluded_lines": [11, 12, 14, 15, 16, 17, 18, 19, 20]}}, "classes": {"": {"executed_lines": [1, 3, 5, 7, 9, 10, 22, 23, 26, 27], "summary": {"covered_lines": 9, "num_statements": 25, "percent_covered": 36.0, "percent_covered_display": "36", "missing_lines": 16, "excluded_lines": 12}, "missing_lines": [28, 29, 30, 31, 32, 33, 34, 35, 36, 37, 38, 39, 40, 41, 47, 52], "excluded_lines": [11, 12, 14, 15, 16, 17, 18, 19, 20, 48, 49, 50]}}}, "app\\utils\\__init__.py": {"executed_lines": [1], "summary": {"covered_lines": 0, "num_statements": 0, "percent_covered": 100.0, "percent_covered_display": "100", "missing_lines": 0, "excluded_lines": 0}, "missing_lines": [], "excluded_lines": [], "functions": {"": {"executed_lines": [1], "summary": {"covered_lines": 0, "num_statements": 0, "percent_covered": 100.0, "percent_covered_display": "100", "missing_lines": 0, "excluded_lines": 0}, "missing_lines": [], "excluded_lines": []}}, "classes": {"": {"executed_lines": [1], "summary": {"covered_lines": 0, "num_statements": 0, "percent_covered": 100.0, "percent_covered_display": "100", "missing_lines": 0, "excluded_lines": 0}, "missing_lines": [], "excluded_lines": []}}}, "app\\utils\\datetime.py": {"executed_lines": [1, 2, 4, 7, 10], "summary": {"covered_lines": 4, "num_statements": 4, "percent_covered": 100.0, "percent_covered_display": "100", "missing_lines": 0, "excluded_lines": 0}, "missing_lines": [], "excluded_lines": [], "functions": {"utc_now": {"executed_lines": [10], "summary": {"covered_lines": 1, "num_statements": 1, "percent_covered": 100.0, "percent_covered_display": "100", "missing_lines": 0, "excluded_lines": 0}, "missing_lines": [], "excluded_lines": []}, "": {"executed_lines": [1, 2, 4, 7], "summary": {"covered_lines": 3, "num_statements": 3, "percent_covered": 100.0, "percent_covered_display": "100", "missing_lines": 0, "excluded_lines": 0}, "missing_lines": [], "excluded_lines": []}}, "classes": {"": {"executed_lines": [1, 2, 4, 7, 10], "summary": {"covered_lines": 4, "num_statements": 4, "percent_covered": 100.0, "percent_covered_display": "100", "missing_lines": 0, "excluded_lines": 0}, "missing_lines": [], "excluded_lines": []}}}}, "totals": {"covered_lines": 6356, "num_statements": 8252, "percent_covered": 77.02375181774116, "percent_covered_display": "77", "missing_lines": 1896, "excluded_lines": 96}}